{"level":"error","message":"updateUserImage/undefined error: User not found","method":"PUT","path":"updateUserImage/undefined","stack":"No additional details provided.","status":404,"timestamp":"2024-08-14 07:37:15"}
{"level":"error","message":"updateUserImage/undefined error: User not found","method":"PUT","path":"updateUserImage/undefined","stack":"No additional details provided.","status":404,"timestamp":"2024-08-14 07:52:49"}
{"level":"error","message":"updateUserImage/undefined error: User not found","method":"PUT","path":"updateUserImage/undefined","stack":"No additional details provided.","status":404,"timestamp":"2024-08-14 08:00:24"}
{"level":"error","message":"loginUser error: Invalid credentials","method":"POST","path":"loginUser","stack":"Failed login attempt for user: masteradmin from IP: ::ffff:127.0.0.1","status":401,"timestamp":"2024-08-14 08:23:12"}
{"level":"error","message":"loginUser error: Invalid credentials","method":"POST","path":"loginUser","stack":"Failed login attempt for user: masteradmin from IP: ::ffff:127.0.0.1","status":401,"timestamp":"2024-08-14 08:23:18"}
{"level":"error","message":"loginUser error: Invalid credentials","method":"POST","path":"loginUser","stack":"Failed login attempt for user: masteradmin from IP: ::ffff:127.0.0.1","status":401,"timestamp":"2024-08-14 08:32:33"}
{"level":"error","message":"loginUser error: Invalid credentials","method":"POST","path":"loginUser","stack":"Failed login attempt for user: masteradmin from IP: ::ffff:127.0.0.1","status":401,"timestamp":"2024-08-14 09:29:20"}
{"level":"error","message":"loginUser error: Invalid credentials","method":"POST","path":"loginUser","stack":"Failed login attempt for user: masteradmin from IP: ::ffff:127.0.0.1","status":401,"timestamp":"2024-08-14 09:29:28"}
{"level":"error","message":"undefined_path error: The token is invalid: jwt expired","path":"undefined_path","stack":"No additional details provided.","status":403,"timestamp":"2024-08-14 09:54:11"}
{"level":"error","message":"undefined_path error: The token is invalid: jwt expired","path":"undefined_path","stack":"No additional details provided.","status":403,"timestamp":"2024-08-14 09:54:23"}
{"level":"error","message":"undefined_path error: The token is invalid: jwt malformed","path":"undefined_path","stack":"No additional details provided.","status":403,"timestamp":"2024-08-14 09:54:41"}
{"level":"error","message":"undefined_path error: Authorization header is missing","path":"undefined_path","stack":"No additional details provided.","status":403,"timestamp":"2024-08-14 12:21:17"}
{"level":"error","message":"updateProfileImage/667e79acb5dce5f01d125a71 error: User not found","method":"PUT","path":"updateProfileImage/667e79acb5dce5f01d125a71","stack":"No additional details provided.","status":404,"timestamp":"2024-08-14 12:53:28"}
{"level":"error","message":"undefined_path error: Authorization header is missing","path":"undefined_path","stack":"No additional details provided.","status":403,"timestamp":"2024-08-14 12:56:14"}
{"level":"error","message":"undefined_path error: Authorization header is missing","path":"undefined_path","stack":"No additional details provided.","status":403,"timestamp":"2024-08-14 12:56:32"}
{"level":"error","message":"undefined_path error: Authorization header is missing","path":"undefined_path","stack":"No additional details provided.","status":403,"timestamp":"2024-08-14 13:32:10"}
{"level":"error","message":"undefined_path error: Authorization header is missing","path":"undefined_path","stack":"No additional details provided.","status":403,"timestamp":"2024-08-14 13:37:01"}
{"level":"error","message":"updateProfileImage/undefined error: User not found","method":"PUT","path":"updateProfileImage/undefined","stack":"No additional details provided.","status":404,"timestamp":"2024-08-14 15:15:43"}
{"level":"error","message":"updateProfileImage/undefined error: User not found","method":"PUT","path":"updateProfileImage/undefined","stack":"No additional details provided.","status":404,"timestamp":"2024-08-14 15:19:43"}
{"level":"error","message":"Error creating audit log:  API Path is required for audit logging.","stack":"Error: API Path is required for audit logging.\n    at logAudit (C:\\Users\\Javier\\Documents\\proyectos\\ecommerce\\back\\helpers\\logAuditHelper.js:24:19)\n    at updateUser (C:\\Users\\Javier\\Documents\\proyectos\\ecommerce\\back\\controllers\\UserController.js:494:15)\n    at process.processTicksAndRejections (node:internal/process/task_queues:95:5)","timestamp":"2024-08-14 16:05:06"}
{"_message":"AuditLog validation failed","errors":{"alertLevel":{"kind":"enum","message":"`info` is not a valid enum value for path `alertLevel`.","name":"ValidatorError","path":"alertLevel","properties":{"enumValues":["Critical","High","Medium","Low"],"message":"`info` is not a valid enum value for path `alertLevel`.","path":"alertLevel","type":"enum","value":"info"},"value":"info"}},"level":"error","message":"Error creating audit log:  AuditLog validation failed: alertLevel: `info` is not a valid enum value for path `alertLevel`.","stack":"ValidationError: AuditLog validation failed: alertLevel: `info` is not a valid enum value for path `alertLevel`.\n    at Document.invalidate (C:\\Users\\Javier\\Documents\\proyectos\\ecommerce\\back\\node_modules\\mongoose\\lib\\document.js:3200:32)\n    at C:\\Users\\Javier\\Documents\\proyectos\\ecommerce\\back\\node_modules\\mongoose\\lib\\document.js:2993:17\n    at C:\\Users\\Javier\\Documents\\proyectos\\ecommerce\\back\\node_modules\\mongoose\\lib\\schemaType.js:1370:9\n    at process.processTicksAndRejections (node:internal/process/task_queues:77:11)","timestamp":"2024-08-14 16:10:30"}
{"level":"error","message":"undefined_path error: Unauthorized access","path":"undefined_path","stack":"No additional details provided.","status":403,"timestamp":"2024-08-14 16:28:43"}
{"level":"error","message":"undefined_path error: Unauthorized access","path":"undefined_path","stack":"No additional details provided.","status":403,"timestamp":"2024-08-14 16:29:02"}
{"level":"error","message":"change-password error: Current password and new password are required.","method":"POST","path":"change-password","stack":"No additional details provided.","status":400,"timestamp":"2024-08-14 17:50:20"}
{"level":"error","message":"change-password error: User not found.","method":"POST","path":"change-password","stack":"No additional details provided.","status":404,"timestamp":"2024-08-14 17:51:14"}
{"level":"error","message":"change-password error: User not found.","method":"POST","path":"change-password","stack":"No additional details provided.","status":404,"timestamp":"2024-08-14 17:51:54"}
{"level":"error","message":"change-password error: notificationService is not defined","method":"POST","path":"change-password","stack":"Contact support.","status":500,"timestamp":"2024-08-14 17:55:14"}
{"level":"error","message":"change-password error: Current password is incorrect.","method":"POST","path":"change-password","stack":"No additional details provided.","status":400,"timestamp":"2024-08-14 18:20:16"}
{"level":"error","message":"undefined_path error: The token is invalid: jwt expired","path":"undefined_path","stack":"No additional details provided.","status":403,"timestamp":"2024-08-14 20:18:52"}
{"level":"error","message":"undefined_path error: The token is invalid: jwt malformed","path":"undefined_path","stack":"No additional details provided.","status":403,"timestamp":"2024-08-14 20:19:13"}
{"level":"error","message":"undefined_path error: Unauthorized access","path":"undefined_path","stack":"No additional details provided.","status":403,"timestamp":"2024-08-14 20:24:58"}
{"level":"error","message":"resetPassword/undefined error: \"newPassword\" is required","method":"POST","path":"resetPassword/undefined","stack":"No additional details provided.","status":400,"timestamp":"2024-08-14 20:25:15"}
{"level":"error","message":"undefined_path error: Unauthorized access","path":"undefined_path","stack":"No additional details provided.","status":403,"timestamp":"2024-08-14 20:57:10"}
{"level":"error","message":"undefined_path error: Unauthorized access","path":"undefined_path","stack":"No additional details provided.","status":403,"timestamp":"2024-08-14 20:57:17"}
{"level":"error","message":"undefined_path error: Unauthorized access","path":"undefined_path","stack":"No additional details provided.","status":403,"timestamp":"2024-08-14 21:07:52"}
{"level":"error","message":"undefined_path error: Unauthorized access","path":"undefined_path","stack":"No additional details provided.","status":403,"timestamp":"2024-08-14 21:09:40"}
{"level":"error","message":"undefined_path error: Unauthorized access","path":"undefined_path","stack":"No additional details provided.","status":403,"timestamp":"2024-08-14 21:09:56"}
{"level":"error","message":"undefined_path error: Unauthorized access","path":"undefined_path","stack":"No additional details provided.","status":403,"timestamp":"2024-08-14 21:11:12"}
{"level":"error","message":"undefined_path error: Unauthorized access","path":"undefined_path","stack":"No additional details provided.","status":403,"timestamp":"2024-08-14 21:13:41"}
{"level":"error","message":"undefined_path error: Unauthorized access","path":"undefined_path","stack":"No additional details provided.","status":403,"timestamp":"2024-08-14 21:24:41"}
{"level":"error","message":"undefined_path error: Unauthorized access","path":"undefined_path","stack":"No additional details provided.","status":403,"timestamp":"2024-08-14 21:25:50"}
{"level":"error","message":"undefined_path error: Unauthorized access","path":"undefined_path","stack":"No additional details provided.","status":403,"timestamp":"2024-08-14 21:28:17"}
{"level":"error","message":"undefined_path error: Unauthorized access","path":"undefined_path","stack":"No additional details provided.","status":403,"timestamp":"2024-08-14 21:29:27"}
{"level":"error","message":"undefined_path error: Unauthorized access","path":"undefined_path","stack":"No additional details provided.","status":403,"timestamp":"2024-08-14 21:29:31"}
{"level":"error","message":"undefined_path error: Unauthorized access","path":"undefined_path","stack":"No additional details provided.","status":403,"timestamp":"2024-08-14 22:12:28"}
{"level":"error","message":"undefined_path error: Unauthorized access","path":"undefined_path","stack":"No additional details provided.","status":403,"timestamp":"2024-08-14 22:12:33"}
{"level":"error","message":"undefined_path error: Unauthorized access","path":"undefined_path","stack":"No additional details provided.","status":403,"timestamp":"2024-08-14 22:16:18"}
{"level":"error","message":"undefined_path error: Unauthorized access","path":"undefined_path","stack":"No additional details provided.","status":403,"timestamp":"2024-08-14 22:16:46"}
{"level":"error","message":"undefined_path error: Unauthorized access","path":"undefined_path","stack":"No additional details provided.","status":403,"timestamp":"2024-08-14 22:17:15"}
{"level":"error","message":"undefined_path error: Unauthorized access","path":"undefined_path","stack":"No additional details provided.","status":403,"timestamp":"2024-08-14 22:17:22"}
{"level":"error","message":"undefined_path error: Unauthorized access","path":"undefined_path","stack":"No additional details provided.","status":403,"timestamp":"2024-08-14 22:17:28"}
{"level":"error","message":"updateProfileImage/undefined error: User not found","method":"PUT","path":"updateProfileImage/undefined","stack":"No additional details provided.","status":404,"timestamp":"2024-08-14 22:17:53"}
{"level":"error","message":"undefined_path error: Unauthorized access","path":"undefined_path","stack":"No additional details provided.","status":403,"timestamp":"2024-08-14 22:18:29"}
{"level":"error","message":"undefined_path error: Unauthorized access","path":"undefined_path","stack":"No additional details provided.","status":403,"timestamp":"2024-08-14 22:20:27"}
{"level":"error","message":"undefined_path error: Unauthorized access","path":"undefined_path","stack":"No additional details provided.","status":403,"timestamp":"2024-08-14 22:20:40"}
{"level":"error","message":"updateProfileImage/undefined error: User not found","method":"PUT","path":"updateProfileImage/undefined","stack":"No additional details provided.","status":404,"timestamp":"2024-08-14 22:20:54"}
