{"level":"info","message":"API Success: createUser","method":"POST","path":"createUser","status":200,"timestamp":"2024-06-27 09:33:34"}
{"level":"info","message":"API Success: createUser","method":"POST","path":"createUser","status":200,"timestamp":"2024-06-27 09:43:13"}
{"level":"info","message":"User retrieved: randomUser","timestamp":"2024-06-27 09:45:15"}
{"level":"info","message":"API Success: getUser","method":"GET","path":"getUser","status":200,"timestamp":"2024-06-27 09:45:15"}
{"level":"info","message":"User retrieved: randomUser","timestamp":"2024-06-27 09:45:15"}
{"level":"info","message":"API Success: getUser","method":"GET","path":"getUser","status":200,"timestamp":"2024-06-27 09:45:15"}
{"level":"info","message":"API Success: createUser","method":"POST","path":"createUser","status":200,"timestamp":"2024-06-27 09:53:04"}
{"level":"info","message":"API Success: loginUser","method":"POST","path":"loginUser","status":200,"timestamp":"2024-06-27 09:54:30"}
{"level":"info","message":"User retrieved: randomUser","timestamp":"2024-06-27 09:54:31"}
{"level":"info","message":"API Success: getUser","method":"GET","path":"getUser","status":200,"timestamp":"2024-06-27 09:54:31"}
{"level":"info","message":"User retrieved: randomUser","timestamp":"2024-06-27 09:54:31"}
{"level":"info","message":"API Success: getUser","method":"GET","path":"getUser","status":200,"timestamp":"2024-06-27 09:54:31"}
{"level":"info","message":"API Success: loginUser","method":"POST","path":"loginUser","status":200,"timestamp":"2024-06-27 09:55:11"}
{"level":"info","message":"User retrieved: randomUser","timestamp":"2024-06-27 09:55:11"}
{"level":"info","message":"API Success: getUser","method":"GET","path":"getUser","status":200,"timestamp":"2024-06-27 09:55:11"}
{"level":"info","message":"User retrieved: randomUser","timestamp":"2024-06-27 09:55:12"}
{"level":"info","message":"API Success: getUser","method":"GET","path":"getUser","status":200,"timestamp":"2024-06-27 09:55:12"}
{"level":"info","message":"User retrieved: randomUser","timestamp":"2024-06-27 10:01:54"}
{"level":"info","message":"API Success: getUser","method":"GET","path":"getUser","status":200,"timestamp":"2024-06-27 10:01:55"}
{"level":"info","message":"User retrieved: randomUser","timestamp":"2024-06-27 10:01:56"}
{"level":"info","message":"API Success: getUser","method":"GET","path":"getUser","status":200,"timestamp":"2024-06-27 10:01:56"}
{"level":"info","message":"API Success: loginUser","method":"POST","path":"loginUser","status":200,"timestamp":"2024-06-27 10:02:08"}
{"level":"info","message":"User retrieved: masteradmin","timestamp":"2024-06-27 10:02:11"}
{"level":"info","message":"API Success: getUser","method":"GET","path":"getUser","status":200,"timestamp":"2024-06-27 10:02:11"}
{"level":"info","message":"User retrieved: masteradmin","timestamp":"2024-06-27 10:02:14"}
{"level":"info","message":"API Success: getUser","method":"GET","path":"getUser","status":200,"timestamp":"2024-06-27 10:02:14"}
{"level":"info","message":"API Success: loginUser","method":"POST","path":"loginUser","status":200,"timestamp":"2024-06-27 10:02:36"}
{"level":"info","message":"User retrieved: randomUser","timestamp":"2024-06-27 10:02:37"}
{"level":"info","message":"API Success: getUser","method":"GET","path":"getUser","status":200,"timestamp":"2024-06-27 10:02:37"}
{"level":"info","message":"User retrieved: randomUser","timestamp":"2024-06-27 10:02:39"}
{"level":"info","message":"API Success: getUser","method":"GET","path":"getUser","status":200,"timestamp":"2024-06-27 10:02:39"}
{"level":"info","message":"API Success: loginUser","method":"POST","path":"loginUser","status":200,"timestamp":"2024-06-27 10:04:43"}
{"level":"info","message":"User retrieved: masteradmin","timestamp":"2024-06-27 10:04:47"}
{"level":"info","message":"API Success: getUser","method":"GET","path":"getUser","status":200,"timestamp":"2024-06-27 10:04:47"}
{"level":"info","message":"User retrieved: masteradmin","timestamp":"2024-06-27 10:04:47"}
{"level":"info","message":"API Success: getUser","method":"GET","path":"getUser","status":200,"timestamp":"2024-06-27 10:04:47"}
{"level":"info","message":"API Success: createUser","method":"POST","path":"createUser","status":200,"timestamp":"2024-06-27 10:06:13"}
{"level":"info","message":"User retrieved: masteradmin","timestamp":"2024-06-27 10:07:20"}
{"level":"info","message":"API Success: getUser","method":"GET","path":"getUser","status":200,"timestamp":"2024-06-27 10:07:20"}
{"level":"info","message":"User retrieved: masteradmin","timestamp":"2024-06-27 10:07:20"}
{"level":"info","message":"API Success: getUser","method":"GET","path":"getUser","status":200,"timestamp":"2024-06-27 10:07:20"}
{"level":"info","message":"User retrieved: masteradmin","timestamp":"2024-06-27 10:16:40"}
{"level":"info","message":"API Success: getUser","method":"GET","path":"getUser","status":200,"timestamp":"2024-06-27 10:16:40"}
{"level":"info","message":"User retrieved: masteradmin","timestamp":"2024-06-27 10:16:47"}
{"level":"info","message":"API Success: getUser","method":"GET","path":"getUser","status":200,"timestamp":"2024-06-27 10:16:48"}
{"level":"info","message":"User retrieved: masteradmin","timestamp":"2024-06-27 10:17:54"}
{"level":"info","message":"API Success: getUser","method":"GET","path":"getUser","status":200,"timestamp":"2024-06-27 10:17:55"}
{"level":"info","message":"User retrieved: masteradmin","timestamp":"2024-06-27 10:17:55"}
{"level":"info","message":"API Success: getUser","method":"GET","path":"getUser","status":200,"timestamp":"2024-06-27 10:17:56"}
{"level":"info","message":"API Success: loginUser","method":"POST","path":"loginUser","status":200,"timestamp":"2024-06-27 10:21:01"}
{"level":"info","message":"User retrieved: masteradmin","timestamp":"2024-06-27 10:21:01"}
{"level":"info","message":"API Success: getUser","method":"GET","path":"getUser","status":200,"timestamp":"2024-06-27 10:21:01"}
{"level":"info","message":"User retrieved: masteradmin","timestamp":"2024-06-27 10:21:01"}
{"level":"info","message":"API Success: getUser","method":"GET","path":"getUser","status":200,"timestamp":"2024-06-27 10:21:01"}
{"level":"info","message":"API Success: createUser","method":"POST","path":"createUser","status":200,"timestamp":"2024-06-27 10:22:32"}
{"level":"info","message":"User retrieved: masteradmin","timestamp":"2024-06-27 10:22:41"}
{"level":"info","message":"API Success: getUser","method":"GET","path":"getUser","status":200,"timestamp":"2024-06-27 10:22:41"}
{"level":"info","message":"User retrieved: masteradmin","timestamp":"2024-06-27 10:22:41"}
{"level":"info","message":"API Success: getUser","method":"GET","path":"getUser","status":200,"timestamp":"2024-06-27 10:22:41"}
{"level":"info","message":"API Success: createUser","method":"POST","path":"createUser","status":200,"timestamp":"2024-06-27 10:23:31"}
{"level":"info","message":"API Success: loginUser","method":"POST","path":"loginUser","status":200,"timestamp":"2024-06-27 10:23:45"}
{"level":"info","message":"User retrieved: masteradmin","timestamp":"2024-06-27 10:23:45"}
{"level":"info","message":"API Success: getUser","method":"GET","path":"getUser","status":200,"timestamp":"2024-06-27 10:23:45"}
{"level":"info","message":"User retrieved: masteradmin","timestamp":"2024-06-27 10:23:45"}
{"level":"info","message":"API Success: getUser","method":"GET","path":"getUser","status":200,"timestamp":"2024-06-27 10:23:45"}
{"level":"info","message":"User retrieved: masteradmin","timestamp":"2024-06-27 10:45:04"}
{"level":"info","message":"API Success: getUser","method":"GET","path":"getUser","status":200,"timestamp":"2024-06-27 10:45:04"}
{"level":"info","message":"User retrieved: masteradmin","timestamp":"2024-06-27 10:45:04"}
{"level":"info","message":"API Success: getUser","method":"GET","path":"getUser","status":200,"timestamp":"2024-06-27 10:45:04"}
{"level":"info","message":"API Success: loginUser","method":"POST","path":"loginUser","status":200,"timestamp":"2024-06-27 10:45:16"}
{"level":"info","message":"User retrieved: masteradmin","timestamp":"2024-06-27 10:45:16"}
{"level":"info","message":"API Success: getUser","method":"GET","path":"getUser","status":200,"timestamp":"2024-06-27 10:45:16"}
{"level":"info","message":"User retrieved: masteradmin","timestamp":"2024-06-27 10:45:16"}
{"level":"info","message":"API Success: getUser","method":"GET","path":"getUser","status":200,"timestamp":"2024-06-27 10:45:16"}
{"level":"warn","message":"Login attempt for not verified account: randomUser from IP: ::ffff:127.0.0.1","timestamp":"2024-06-27 10:45:27"}
{"level":"error","message":"loginUser error: Account not verified. Please check your email for activation link.","method":"POST","path":"loginUser","stack":"Login attempt for not verified account: randomUser from IP: ::ffff:127.0.0.1","status":403,"timestamp":"2024-06-27 10:45:27"}
{"level":"error","message":"auth/google error: Cannot read properties of null (reading '_id')","method":"POST","path":"auth/google","stack":"Contact support.","status":500,"timestamp":"2024-06-27 10:45:36"}
{"level":"error","message":"auth/google error: Cannot read properties of null (reading '_id')","method":"POST","path":"auth/google","stack":"Contact support.","status":500,"timestamp":"2024-06-27 10:45:46"}
{"level":"info","message":"API Success: loginUser","method":"POST","path":"loginUser","status":200,"timestamp":"2024-06-27 10:52:06"}
{"level":"info","message":"User retrieved: masteradmin","timestamp":"2024-06-27 10:52:07"}
{"level":"info","message":"API Success: getUser","method":"GET","path":"getUser","status":200,"timestamp":"2024-06-27 10:52:07"}
{"level":"info","message":"User retrieved: masteradmin","timestamp":"2024-06-27 10:52:07"}
{"level":"info","message":"API Success: getUser","method":"GET","path":"getUser","status":200,"timestamp":"2024-06-27 10:52:07"}
{"level":"info","message":"New Google user registered: gennarobarret","timestamp":"2024-06-27 10:52:25"}
{"level":"info","message":"API Success: auth/google","method":"POST","path":"auth/google","status":200,"timestamp":"2024-06-27 10:52:25"}
{"level":"info","message":"User retrieved: gennarobarret","timestamp":"2024-06-27 10:52:26"}
{"level":"info","message":"API Success: getUser","method":"GET","path":"getUser","status":200,"timestamp":"2024-06-27 10:52:26"}
{"level":"info","message":"User retrieved: gennarobarret","timestamp":"2024-06-27 10:52:26"}
{"level":"info","message":"API Success: getUser","method":"GET","path":"getUser","status":200,"timestamp":"2024-06-27 10:52:26"}
{"level":"info","message":"API Success: loginUser","method":"POST","path":"loginUser","status":200,"timestamp":"2024-06-27 10:53:42"}
{"level":"info","message":"User retrieved: masteradmin","timestamp":"2024-06-27 10:53:44"}
{"level":"info","message":"API Success: getUser","method":"GET","path":"getUser","status":200,"timestamp":"2024-06-27 10:53:44"}
{"level":"info","message":"User retrieved: masteradmin","timestamp":"2024-06-27 10:53:44"}
{"level":"info","message":"API Success: getUser","method":"GET","path":"getUser","status":200,"timestamp":"2024-06-27 10:53:44"}
{"level":"info","message":"API Success: createUser","method":"POST","path":"createUser","status":200,"timestamp":"2024-06-27 10:54:11"}
{"level":"info","message":"API Success: loginUser","method":"POST","path":"loginUser","status":200,"timestamp":"2024-06-27 10:54:20"}
{"level":"info","message":"User retrieved: masteradmin","timestamp":"2024-06-27 10:54:20"}
{"level":"info","message":"API Success: getUser","method":"GET","path":"getUser","status":200,"timestamp":"2024-06-27 10:54:20"}
{"level":"info","message":"User retrieved: masteradmin","timestamp":"2024-06-27 10:54:20"}
{"level":"info","message":"API Success: getUser","method":"GET","path":"getUser","status":200,"timestamp":"2024-06-27 10:54:20"}
{"level":"info","message":"User retrieved: masteradmin","timestamp":"2024-06-27 10:56:11"}
{"level":"info","message":"API Success: getUser","method":"GET","path":"getUser","status":200,"timestamp":"2024-06-27 10:56:11"}
{"level":"info","message":"User retrieved: masteradmin","timestamp":"2024-06-27 10:56:12"}
{"level":"info","message":"API Success: getUser","method":"GET","path":"getUser","status":200,"timestamp":"2024-06-27 10:56:12"}
{"level":"info","message":"API Success: loginUser","method":"POST","path":"loginUser","status":200,"timestamp":"2024-06-27 10:56:44"}
{"level":"info","message":"User retrieved: masteradmin","timestamp":"2024-06-27 10:56:44"}
{"level":"info","message":"API Success: getUser","method":"GET","path":"getUser","status":200,"timestamp":"2024-06-27 10:56:44"}
{"level":"info","message":"User retrieved: masteradmin","timestamp":"2024-06-27 10:56:44"}
{"level":"info","message":"API Success: getUser","method":"GET","path":"getUser","status":200,"timestamp":"2024-06-27 10:56:44"}
{"level":"info","message":"API Success: loginUser","method":"POST","path":"loginUser","status":200,"timestamp":"2024-06-27 10:57:00"}
{"level":"info","message":"User retrieved: masteradmin","timestamp":"2024-06-27 10:57:00"}
{"level":"info","message":"API Success: getUser","method":"GET","path":"getUser","status":200,"timestamp":"2024-06-27 10:57:00"}
{"level":"info","message":"User retrieved: masteradmin","timestamp":"2024-06-27 10:57:00"}
{"level":"info","message":"API Success: getUser","method":"GET","path":"getUser","status":200,"timestamp":"2024-06-27 10:57:00"}
{"level":"info","message":"API Success: loginUser","method":"POST","path":"loginUser","status":200,"timestamp":"2024-06-27 11:04:03"}
{"level":"info","message":"User retrieved: masteradmin","timestamp":"2024-06-27 11:04:03"}
{"level":"info","message":"API Success: getUser","method":"GET","path":"getUser","status":200,"timestamp":"2024-06-27 11:04:03"}
{"level":"info","message":"User retrieved: masteradmin","timestamp":"2024-06-27 11:04:03"}
{"level":"info","message":"API Success: getUser","method":"GET","path":"getUser","status":200,"timestamp":"2024-06-27 11:04:03"}
{"level":"info","message":"API Success: notifications","method":"GET","path":"notifications","status":200,"timestamp":"2024-06-27 11:06:18"}
{"level":"info","message":"API Success: loginUser","method":"POST","path":"loginUser","status":200,"timestamp":"2024-06-27 11:07:19"}
{"level":"info","message":"User retrieved: masteradmin","timestamp":"2024-06-27 11:07:19"}
{"level":"info","message":"API Success: getUser","method":"GET","path":"getUser","status":200,"timestamp":"2024-06-27 11:07:19"}
{"level":"info","message":"User retrieved: masteradmin","timestamp":"2024-06-27 11:07:19"}
{"level":"info","message":"API Success: getUser","method":"GET","path":"getUser","status":200,"timestamp":"2024-06-27 11:07:19"}
{"level":"info","message":"API Success: alerts","method":"GET","path":"alerts","status":200,"timestamp":"2024-06-27 11:14:37"}
{"level":"info","message":"User retrieved: masteradmin","timestamp":"2024-06-27 11:14:40"}
{"level":"info","message":"API Success: getUser","method":"GET","path":"getUser","status":200,"timestamp":"2024-06-27 11:14:40"}
{"level":"info","message":"User retrieved: masteradmin","timestamp":"2024-06-27 11:14:40"}
{"level":"info","message":"API Success: getUser","method":"GET","path":"getUser","status":200,"timestamp":"2024-06-27 11:14:40"}
{"level":"info","message":"API Success: loginUser","method":"POST","path":"loginUser","status":200,"timestamp":"2024-06-27 11:14:54"}
{"level":"info","message":"User retrieved: masteradmin","timestamp":"2024-06-27 11:14:55"}
{"level":"info","message":"API Success: getUser","method":"GET","path":"getUser","status":200,"timestamp":"2024-06-27 11:14:55"}
{"level":"info","message":"User retrieved: masteradmin","timestamp":"2024-06-27 11:14:55"}
{"level":"info","message":"API Success: getUser","method":"GET","path":"getUser","status":200,"timestamp":"2024-06-27 11:14:55"}
{"level":"info","message":"API Success: alerts","method":"GET","path":"alerts","status":200,"timestamp":"2024-06-27 11:16:23"}
{"level":"info","message":"User retrieved: masteradmin","timestamp":"2024-06-27 11:18:45"}
{"level":"info","message":"API Success: getUser","method":"GET","path":"getUser","status":200,"timestamp":"2024-06-27 11:18:45"}
{"level":"info","message":"User retrieved: masteradmin","timestamp":"2024-06-27 11:18:45"}
{"level":"info","message":"API Success: getUser","method":"GET","path":"getUser","status":200,"timestamp":"2024-06-27 11:18:45"}
{"level":"info","message":"User retrieved: masteradmin","timestamp":"2024-06-27 11:45:41"}
{"level":"info","message":"API Success: getUser","method":"GET","path":"getUser","status":200,"timestamp":"2024-06-27 11:45:41"}
{"level":"info","message":"User retrieved: masteradmin","timestamp":"2024-06-27 11:45:41"}
{"level":"info","message":"API Success: getUser","method":"GET","path":"getUser","status":200,"timestamp":"2024-06-27 11:45:41"}
{"level":"info","message":"API Success: notifications","method":"GET","path":"notifications","status":200,"timestamp":"2024-06-27 11:47:11"}
{"level":"info","message":"User retrieved: masteradmin","timestamp":"2024-06-27 11:47:11"}
{"level":"info","message":"API Success: getUser","method":"GET","path":"getUser","status":200,"timestamp":"2024-06-27 11:47:11"}
{"level":"info","message":"User retrieved: masteradmin","timestamp":"2024-06-27 11:47:11"}
{"level":"info","message":"API Success: getUser","method":"GET","path":"getUser","status":200,"timestamp":"2024-06-27 11:47:11"}
{"level":"info","message":"API Success: notifications","method":"GET","path":"notifications","status":200,"timestamp":"2024-06-27 11:49:08"}
{"level":"info","message":"User retrieved: masteradmin","timestamp":"2024-06-27 11:49:09"}
{"level":"info","message":"API Success: getUser","method":"GET","path":"getUser","status":200,"timestamp":"2024-06-27 11:49:09"}
{"level":"info","message":"User retrieved: masteradmin","timestamp":"2024-06-27 11:49:09"}
{"level":"info","message":"API Success: getUser","method":"GET","path":"getUser","status":200,"timestamp":"2024-06-27 11:49:09"}
{"level":"info","message":"API Success: loginUser","method":"POST","path":"loginUser","status":200,"timestamp":"2024-06-27 11:49:31"}
{"level":"info","message":"User retrieved: masteradmin","timestamp":"2024-06-27 11:49:31"}
{"level":"info","message":"API Success: getUser","method":"GET","path":"getUser","status":200,"timestamp":"2024-06-27 11:49:31"}
{"level":"info","message":"API Success: notifications","method":"GET","path":"notifications","status":200,"timestamp":"2024-06-27 11:49:31"}
{"level":"info","message":"User retrieved: masteradmin","timestamp":"2024-06-27 11:49:31"}
{"level":"info","message":"API Success: getUser","method":"GET","path":"getUser","status":200,"timestamp":"2024-06-27 11:49:31"}
{"level":"info","message":"API Success: loginUser","method":"POST","path":"loginUser","status":200,"timestamp":"2024-06-27 11:50:57"}
{"level":"info","message":"API Success: notifications","method":"GET","path":"notifications","status":200,"timestamp":"2024-06-27 11:50:57"}
{"level":"info","message":"User retrieved: masteradmin","timestamp":"2024-06-27 11:50:57"}
{"level":"info","message":"API Success: getUser","method":"GET","path":"getUser","status":200,"timestamp":"2024-06-27 11:50:57"}
{"level":"info","message":"User retrieved: masteradmin","timestamp":"2024-06-27 11:50:58"}
{"level":"info","message":"API Success: getUser","method":"GET","path":"getUser","status":200,"timestamp":"2024-06-27 11:50:58"}
{"level":"info","message":"API Success: notifications","method":"GET","path":"notifications","status":200,"timestamp":"2024-06-27 11:53:27"}
{"level":"info","message":"API Success: loginUser","method":"POST","path":"loginUser","status":200,"timestamp":"2024-06-27 11:55:49"}
{"level":"info","message":"User retrieved: masteradmin","timestamp":"2024-06-27 11:55:49"}
{"level":"info","message":"API Success: getUser","method":"GET","path":"getUser","status":200,"timestamp":"2024-06-27 11:55:49"}
{"level":"info","message":"API Success: notifications","method":"GET","path":"notifications","status":200,"timestamp":"2024-06-27 11:55:49"}
{"level":"info","message":"User retrieved: masteradmin","timestamp":"2024-06-27 11:55:49"}
{"level":"info","message":"API Success: getUser","method":"GET","path":"getUser","status":200,"timestamp":"2024-06-27 11:55:49"}
{"level":"info","message":"API Success: /notifications","method":"GET","path":"/notifications","status":200,"timestamp":"2024-06-27 11:59:51"}
{"level":"info","message":"User retrieved: masteradmin","timestamp":"2024-06-27 11:59:51"}
{"level":"info","message":"API Success: getUser","method":"GET","path":"getUser","status":200,"timestamp":"2024-06-27 11:59:51"}
{"level":"info","message":"User retrieved: masteradmin","timestamp":"2024-06-27 11:59:51"}
{"level":"info","message":"API Success: getUser","method":"GET","path":"getUser","status":200,"timestamp":"2024-06-27 11:59:51"}
{"level":"info","message":"API Success: /notifications","method":"GET","path":"/notifications","status":200,"timestamp":"2024-06-27 12:03:02"}
{"level":"info","message":"User retrieved: masteradmin","timestamp":"2024-06-27 12:03:03"}
{"level":"info","message":"API Success: getUser","method":"GET","path":"getUser","status":200,"timestamp":"2024-06-27 12:03:03"}
{"level":"info","message":"User retrieved: masteradmin","timestamp":"2024-06-27 12:03:03"}
{"level":"info","message":"API Success: getUser","method":"GET","path":"getUser","status":200,"timestamp":"2024-06-27 12:03:03"}
{"level":"info","message":"API Success: loginUser","method":"POST","path":"loginUser","status":200,"timestamp":"2024-06-27 12:03:28"}
{"level":"info","message":"User retrieved: masteradmin","timestamp":"2024-06-27 12:03:28"}
{"level":"info","message":"API Success: getUser","method":"GET","path":"getUser","status":200,"timestamp":"2024-06-27 12:03:28"}
{"level":"info","message":"API Success: /notifications","method":"GET","path":"/notifications","status":200,"timestamp":"2024-06-27 12:03:28"}
{"level":"info","message":"User retrieved: masteradmin","timestamp":"2024-06-27 12:03:28"}
{"level":"info","message":"API Success: getUser","method":"GET","path":"getUser","status":200,"timestamp":"2024-06-27 12:03:28"}
{"level":"info","message":"API Success: /notifications","method":"GET","path":"/notifications","status":200,"timestamp":"2024-06-27 12:06:54"}
{"level":"info","message":"User retrieved: masteradmin","timestamp":"2024-06-27 12:06:54"}
{"level":"info","message":"API Success: getUser","method":"GET","path":"getUser","status":200,"timestamp":"2024-06-27 12:06:54"}
{"level":"info","message":"User retrieved: masteradmin","timestamp":"2024-06-27 12:06:55"}
{"level":"info","message":"API Success: getUser","method":"GET","path":"getUser","status":200,"timestamp":"2024-06-27 12:06:55"}
{"level":"info","message":"API Success: loginUser","method":"POST","path":"loginUser","status":200,"timestamp":"2024-06-27 12:07:00"}
{"level":"info","message":"API Success: /notifications","method":"GET","path":"/notifications","status":200,"timestamp":"2024-06-27 12:07:01"}
{"level":"info","message":"User retrieved: masteradmin","timestamp":"2024-06-27 12:07:01"}
{"level":"info","message":"API Success: getUser","method":"GET","path":"getUser","status":200,"timestamp":"2024-06-27 12:07:01"}
{"level":"info","message":"User retrieved: masteradmin","timestamp":"2024-06-27 12:07:01"}
{"level":"info","message":"API Success: getUser","method":"GET","path":"getUser","status":200,"timestamp":"2024-06-27 12:07:01"}
{"level":"error","message":"undefined_path error: The token is invalid: jwt expired","path":"undefined_path","stack":"No additional details provided.","status":403,"timestamp":"2024-06-27 12:07:22"}
{"level":"info","message":"API Success: createUser","method":"POST","path":"createUser","status":200,"timestamp":"2024-06-27 12:07:45"}
{"level":"info","message":"API Success: loginUser","method":"POST","path":"loginUser","status":200,"timestamp":"2024-06-27 12:07:59"}
{"level":"info","message":"User retrieved: masteradmin","timestamp":"2024-06-27 12:07:59"}
{"level":"info","message":"API Success: getUser","method":"GET","path":"getUser","status":200,"timestamp":"2024-06-27 12:07:59"}
{"level":"info","message":"API Success: /notifications","method":"GET","path":"/notifications","status":200,"timestamp":"2024-06-27 12:08:00"}
{"level":"info","message":"User retrieved: masteradmin","timestamp":"2024-06-27 12:08:00"}
{"level":"info","message":"API Success: getUser","method":"GET","path":"getUser","status":200,"timestamp":"2024-06-27 12:08:00"}
{"level":"info","message":"API Success: notifications","method":"GET","path":"notifications","status":200,"timestamp":"2024-06-27 12:08:26"}
{"level":"info","message":"API Success: /notifications","method":"GET","path":"/notifications","status":200,"timestamp":"2024-06-27 12:10:39"}
{"level":"info","message":"User retrieved: masteradmin","timestamp":"2024-06-27 12:10:39"}
{"level":"info","message":"API Success: getUser","method":"GET","path":"getUser","status":200,"timestamp":"2024-06-27 12:10:39"}
{"level":"info","message":"User retrieved: masteradmin","timestamp":"2024-06-27 12:10:39"}
{"level":"info","message":"API Success: getUser","method":"GET","path":"getUser","status":200,"timestamp":"2024-06-27 12:10:39"}
{"level":"info","message":"API Success: loginUser","method":"POST","path":"loginUser","status":200,"timestamp":"2024-06-27 12:10:59"}
{"level":"info","message":"User retrieved: masteradmin","timestamp":"2024-06-27 12:10:59"}
{"level":"info","message":"API Success: getUser","method":"GET","path":"getUser","status":200,"timestamp":"2024-06-27 12:10:59"}
{"level":"info","message":"API Success: /notifications","method":"GET","path":"/notifications","status":200,"timestamp":"2024-06-27 12:10:59"}
{"level":"info","message":"User retrieved: masteradmin","timestamp":"2024-06-27 12:11:00"}
{"level":"info","message":"API Success: getUser","method":"GET","path":"getUser","status":200,"timestamp":"2024-06-27 12:11:00"}
{"level":"info","message":"API Success: createUser","method":"POST","path":"createUser","status":200,"timestamp":"2024-06-27 12:11:41"}
{"level":"info","message":"API Success: /notifications","method":"GET","path":"/notifications","status":200,"timestamp":"2024-06-27 12:12:26"}
{"level":"info","message":"User retrieved: masteradmin","timestamp":"2024-06-27 12:12:27"}
{"level":"info","message":"API Success: getUser","method":"GET","path":"getUser","status":200,"timestamp":"2024-06-27 12:12:27"}
{"level":"info","message":"User retrieved: masteradmin","timestamp":"2024-06-27 12:12:27"}
{"level":"info","message":"API Success: getUser","method":"GET","path":"getUser","status":200,"timestamp":"2024-06-27 12:12:27"}
{"level":"info","message":"User retrieved: masteradmin","timestamp":"2024-06-27 12:13:01"}
{"level":"info","message":"API Success: getUser","method":"GET","path":"getUser","status":200,"timestamp":"2024-06-27 12:13:01"}
{"level":"info","message":"API Success: /notifications","method":"GET","path":"/notifications","status":200,"timestamp":"2024-06-27 12:13:01"}
{"level":"info","message":"User retrieved: masteradmin","timestamp":"2024-06-27 12:13:01"}
{"level":"info","message":"API Success: getUser","method":"GET","path":"getUser","status":200,"timestamp":"2024-06-27 12:13:01"}
{"level":"info","message":"API Success: createUser","method":"POST","path":"createUser","status":200,"timestamp":"2024-06-27 12:13:27"}
{"level":"info","message":"API Success: loginUser","method":"POST","path":"loginUser","status":200,"timestamp":"2024-06-27 12:13:37"}
{"level":"info","message":"User retrieved: masteradmin","timestamp":"2024-06-27 12:13:37"}
{"level":"info","message":"API Success: getUser","method":"GET","path":"getUser","status":200,"timestamp":"2024-06-27 12:13:37"}
{"level":"info","message":"API Success: /notifications","method":"GET","path":"/notifications","status":200,"timestamp":"2024-06-27 12:13:37"}
{"level":"info","message":"User retrieved: masteradmin","timestamp":"2024-06-27 12:13:37"}
{"level":"info","message":"API Success: getUser","method":"GET","path":"getUser","status":200,"timestamp":"2024-06-27 12:13:37"}
{"level":"info","message":"API Success: /notifications","method":"GET","path":"/notifications","status":200,"timestamp":"2024-06-27 12:19:19"}
{"level":"info","message":"User retrieved: masteradmin","timestamp":"2024-06-27 12:19:19"}
{"level":"info","message":"API Success: getUser","method":"GET","path":"getUser","status":200,"timestamp":"2024-06-27 12:19:19"}
{"level":"info","message":"User retrieved: masteradmin","timestamp":"2024-06-27 12:19:20"}
{"level":"info","message":"API Success: getUser","method":"GET","path":"getUser","status":200,"timestamp":"2024-06-27 12:19:20"}
{"level":"info","message":"API Success: createUser","method":"POST","path":"createUser","status":200,"timestamp":"2024-06-27 12:19:24"}
{"level":"info","message":"API Success: /notifications","method":"GET","path":"/notifications","status":200,"timestamp":"2024-06-27 12:50:35"}
{"level":"info","message":"User retrieved: masteradmin","timestamp":"2024-06-27 12:50:35"}
{"level":"info","message":"API Success: getUser","method":"GET","path":"getUser","status":200,"timestamp":"2024-06-27 12:50:35"}
{"level":"info","message":"User retrieved: masteradmin","timestamp":"2024-06-27 12:50:35"}
{"level":"info","message":"API Success: getUser","method":"GET","path":"getUser","status":200,"timestamp":"2024-06-27 12:50:35"}
{"level":"info","message":"API Success: /notifications","method":"GET","path":"/notifications","status":200,"timestamp":"2024-06-27 12:51:05"}
{"level":"info","message":"User retrieved: masteradmin","timestamp":"2024-06-27 12:51:05"}
{"level":"info","message":"API Success: getUser","method":"GET","path":"getUser","status":200,"timestamp":"2024-06-27 12:51:05"}
{"level":"info","message":"User retrieved: masteradmin","timestamp":"2024-06-27 12:51:05"}
{"level":"info","message":"API Success: getUser","method":"GET","path":"getUser","status":200,"timestamp":"2024-06-27 12:51:05"}
{"level":"info","message":"API Success: createUser","method":"POST","path":"createUser","status":200,"timestamp":"2024-06-27 12:51:19"}
{"level":"info","message":"API Success: /notifications","method":"GET","path":"/notifications","status":200,"timestamp":"2024-06-27 12:51:31"}
{"level":"info","message":"User retrieved: masteradmin","timestamp":"2024-06-27 12:51:31"}
{"level":"info","message":"API Success: getUser","method":"GET","path":"getUser","status":200,"timestamp":"2024-06-27 12:51:31"}
{"level":"info","message":"User retrieved: masteradmin","timestamp":"2024-06-27 12:51:31"}
{"level":"info","message":"API Success: getUser","method":"GET","path":"getUser","status":200,"timestamp":"2024-06-27 12:51:31"}
{"level":"info","message":"API Success: notifications","method":"GET","path":"notifications","status":200,"timestamp":"2024-06-27 12:57:49"}
{"level":"info","message":"User retrieved: masteradmin","timestamp":"2024-06-27 12:57:49"}
{"level":"info","message":"API Success: getUser","method":"GET","path":"getUser","status":200,"timestamp":"2024-06-27 12:57:49"}
{"level":"info","message":"User retrieved: masteradmin","timestamp":"2024-06-27 12:57:50"}
{"level":"info","message":"API Success: getUser","method":"GET","path":"getUser","status":200,"timestamp":"2024-06-27 12:57:50"}
{"level":"info","message":"API Success: notifications","method":"GET","path":"notifications","status":200,"timestamp":"2024-06-27 12:58:34"}
{"level":"info","message":"User retrieved: masteradmin","timestamp":"2024-06-27 12:58:34"}
{"level":"info","message":"API Success: getUser","method":"GET","path":"getUser","status":200,"timestamp":"2024-06-27 12:58:34"}
{"level":"info","message":"User retrieved: masteradmin","timestamp":"2024-06-27 12:58:34"}
{"level":"info","message":"API Success: getUser","method":"GET","path":"getUser","status":200,"timestamp":"2024-06-27 12:58:34"}
{"level":"info","message":"API Success: createUser","method":"POST","path":"createUser","status":200,"timestamp":"2024-06-27 12:59:01"}
{"level":"info","message":"User retrieved: masteradmin","timestamp":"2024-06-27 12:59:36"}
{"level":"info","message":"API Success: getUser","method":"GET","path":"getUser","status":200,"timestamp":"2024-06-27 12:59:36"}
{"level":"info","message":"API Success: notifications","method":"GET","path":"notifications","status":200,"timestamp":"2024-06-27 12:59:36"}
{"level":"info","message":"User retrieved: masteradmin","timestamp":"2024-06-27 12:59:36"}
{"level":"info","message":"API Success: getUser","method":"GET","path":"getUser","status":200,"timestamp":"2024-06-27 12:59:36"}
{"level":"info","message":"API Success: loginUser","method":"POST","path":"loginUser","status":200,"timestamp":"2024-06-27 13:02:46"}
{"level":"info","message":"User retrieved: masteradmin","timestamp":"2024-06-27 13:02:47"}
{"level":"info","message":"API Success: getUser","method":"GET","path":"getUser","status":200,"timestamp":"2024-06-27 13:02:47"}
{"level":"info","message":"API Success: notifications","method":"GET","path":"notifications","status":200,"timestamp":"2024-06-27 13:02:47"}
{"level":"info","message":"User retrieved: masteradmin","timestamp":"2024-06-27 13:02:47"}
{"level":"info","message":"API Success: getUser","method":"GET","path":"getUser","status":200,"timestamp":"2024-06-27 13:02:47"}
{"level":"info","message":"API Success: createUser","method":"POST","path":"createUser","status":200,"timestamp":"2024-06-27 13:03:03"}
{"level":"info","message":"User retrieved: masteradmin","timestamp":"2024-06-27 13:09:05"}
{"level":"info","message":"API Success: getUser","method":"GET","path":"getUser","status":200,"timestamp":"2024-06-27 13:09:05"}
{"level":"info","message":"API Success: notifications","method":"GET","path":"notifications","status":200,"timestamp":"2024-06-27 13:09:05"}
{"level":"info","message":"User retrieved: masteradmin","timestamp":"2024-06-27 13:09:05"}
{"level":"info","message":"API Success: getUser","method":"GET","path":"getUser","status":200,"timestamp":"2024-06-27 13:09:05"}
{"level":"info","message":"API Success: loginUser","method":"POST","path":"loginUser","status":200,"timestamp":"2024-06-27 13:09:30"}
{"level":"info","message":"User retrieved: masteradmin","timestamp":"2024-06-27 13:09:30"}
{"level":"info","message":"API Success: getUser","method":"GET","path":"getUser","status":200,"timestamp":"2024-06-27 13:09:30"}
{"level":"info","message":"API Success: notifications","method":"GET","path":"notifications","status":200,"timestamp":"2024-06-27 13:09:30"}
{"level":"info","message":"User retrieved: masteradmin","timestamp":"2024-06-27 13:09:30"}
{"level":"info","message":"API Success: getUser","method":"GET","path":"getUser","status":200,"timestamp":"2024-06-27 13:09:30"}
{"level":"info","message":"API Success: createUser","method":"POST","path":"createUser","status":200,"timestamp":"2024-06-27 13:09:53"}
{"level":"info","message":"API Success: notifications","method":"GET","path":"notifications","status":200,"timestamp":"2024-06-27 13:13:36"}
{"level":"info","message":"User retrieved: masteradmin","timestamp":"2024-06-27 13:13:36"}
{"level":"info","message":"API Success: getUser","method":"GET","path":"getUser","status":200,"timestamp":"2024-06-27 13:13:36"}
{"level":"info","message":"User retrieved: masteradmin","timestamp":"2024-06-27 13:13:36"}
{"level":"info","message":"API Success: getUser","method":"GET","path":"getUser","status":200,"timestamp":"2024-06-27 13:13:36"}
{"level":"info","message":"API Success: createUser","method":"POST","path":"createUser","status":200,"timestamp":"2024-06-27 13:13:54"}
