{"level":"info","message":"API Success: uploadProfileImage/66c6fd499c1b824a73317ebf","method":"POST","path":"uploadProfileImage/66c6fd499c1b824a73317ebf","status":200,"timestamp":"2024-08-23 08:48:32"}
{"level":"info","message":"API Success: uploadProfileImage/66c6fd499c1b824a73317ebf","method":"POST","path":"uploadProfileImage/66c6fd499c1b824a73317ebf","status":200,"timestamp":"2024-08-23 08:48:34"}
{"level":"info","message":"API Success: uploadProfileImage/66c6fd499c1b824a73317ebf","method":"POST","path":"uploadProfileImage/66c6fd499c1b824a73317ebf","status":200,"timestamp":"2024-08-23 08:50:58"}
{"level":"info","message":"API Success: uploadProfileImage/66c6fd499c1b824a73317ebf","method":"POST","path":"uploadProfileImage/66c6fd499c1b824a73317ebf","status":200,"timestamp":"2024-08-23 08:54:34"}
{"level":"info","message":"API Success: deleteUserProfileImage/66c6fd499c1b824a73317ebf","method":"DELETE","path":"deleteUserProfileImage/66c6fd499c1b824a73317ebf","status":200,"timestamp":"2024-08-23 08:54:38"}
{"level":"info","message":"API Success: uploadProfileImage/66c6fd499c1b824a73317ebf","method":"POST","path":"uploadProfileImage/66c6fd499c1b824a73317ebf","status":200,"timestamp":"2024-08-23 08:58:22"}
{"level":"info","message":"API Success: uploadProfileImage/66c6fd499c1b824a73317ebf","method":"POST","path":"uploadProfileImage/66c6fd499c1b824a73317ebf","status":200,"timestamp":"2024-08-23 08:58:22"}
{"level":"info","message":"API Success: uploadProfileImage/66c6fd499c1b824a73317ebf","method":"POST","path":"uploadProfileImage/66c6fd499c1b824a73317ebf","status":200,"timestamp":"2024-08-23 08:58:23"}
{"level":"info","message":"New Google user registered: gennarobarret","timestamp":"2024-08-23 09:00:05"}
{"level":"info","message":"API Success: auth/google","method":"POST","path":"auth/google","status":200,"timestamp":"2024-08-23 09:00:05"}
{"level":"info","message":"User retrieved: gennarobarret","timestamp":"2024-08-23 09:00:05"}
{"level":"info","message":"API Success: getUser","method":"GET","path":"getUser","status":200,"timestamp":"2024-08-23 09:00:05"}
{"level":"info","message":"API Success: notifications","method":"GET","path":"notifications","status":200,"timestamp":"2024-08-23 09:00:06"}
{"level":"info","message":"User retrieved: gennarobarret","timestamp":"2024-08-23 09:00:06"}
{"level":"info","message":"API Success: getUser","method":"GET","path":"getUser","status":200,"timestamp":"2024-08-23 09:00:06"}
{"level":"info","message":"User retrieved: gennarobarret","timestamp":"2024-08-23 09:00:11"}
{"level":"info","message":"API Success: getUser","method":"GET","path":"getUser","status":200,"timestamp":"2024-08-23 09:00:11"}
{"level":"error","message":"undefined_path error: Unauthorized access","path":"undefined_path","stack":"No additional details provided.","status":403,"timestamp":"2024-08-23 09:00:11"}
{"level":"info","message":"API Success: loginUser","method":"POST","path":"loginUser","status":200,"timestamp":"2024-08-23 09:00:41"}
{"level":"info","message":"User retrieved: masteradmin","timestamp":"2024-08-23 09:00:41"}
{"level":"info","message":"API Success: getUser","method":"GET","path":"getUser","status":200,"timestamp":"2024-08-23 09:00:41"}
{"level":"error","message":"getUserProfileImage/66c6fd499c1b824a73317ebf-1724396303292.png error: Cast to ObjectId failed for value \"66c6fd499c1b824a73317ebf-1724396303292.png\" (type string) at path \"_id\" for model \"User\"","method":"GET","path":"getUserProfileImage/66c6fd499c1b824a73317ebf-1724396303292.png","stack":"Contact support.","status":500,"timestamp":"2024-08-23 09:00:41"}
{"level":"info","message":"API Success: notifications","method":"GET","path":"notifications","status":200,"timestamp":"2024-08-23 09:00:41"}
{"level":"error","message":"getUserProfileImage/66c6fd499c1b824a73317ebf-1724396303292.png error: Cast to ObjectId failed for value \"66c6fd499c1b824a73317ebf-1724396303292.png\" (type string) at path \"_id\" for model \"User\"","method":"GET","path":"getUserProfileImage/66c6fd499c1b824a73317ebf-1724396303292.png","stack":"Contact support.","status":500,"timestamp":"2024-08-23 09:00:42"}
{"level":"error","message":"getUserProfileImage/66c6fd499c1b824a73317ebf-1724396303292.png error: Cast to ObjectId failed for value \"66c6fd499c1b824a73317ebf-1724396303292.png\" (type string) at path \"_id\" for model \"User\"","method":"GET","path":"getUserProfileImage/66c6fd499c1b824a73317ebf-1724396303292.png","stack":"Contact support.","status":500,"timestamp":"2024-08-23 09:00:42"}
{"level":"error","message":"getUserProfileImage/66c6fd499c1b824a73317ebf-1724396303292.png error: Cast to ObjectId failed for value \"66c6fd499c1b824a73317ebf-1724396303292.png\" (type string) at path \"_id\" for model \"User\"","method":"GET","path":"getUserProfileImage/66c6fd499c1b824a73317ebf-1724396303292.png","stack":"Contact support.","status":500,"timestamp":"2024-08-23 09:00:42"}
{"level":"info","message":"User retrieved: masteradmin","timestamp":"2024-08-23 09:00:42"}
{"level":"info","message":"API Success: getUser","method":"GET","path":"getUser","status":200,"timestamp":"2024-08-23 09:00:42"}
{"level":"info","message":"User retrieved: masteradmin","timestamp":"2024-08-23 09:00:49"}
{"level":"info","message":"API Success: getUser","method":"GET","path":"getUser","status":200,"timestamp":"2024-08-23 09:00:49"}
{"level":"info","message":"API Success: countries","method":"GET","path":"countries","status":200,"timestamp":"2024-08-23 09:00:49"}
{"level":"error","message":"getUserProfileImage/66c6fd499c1b824a73317ebf-1724396303292.png error: Cast to ObjectId failed for value \"66c6fd499c1b824a73317ebf-1724396303292.png\" (type string) at path \"_id\" for model \"User\"","method":"GET","path":"getUserProfileImage/66c6fd499c1b824a73317ebf-1724396303292.png","stack":"Contact support.","status":500,"timestamp":"2024-08-23 09:00:49"}
{"level":"error","message":"getUserProfileImage/66c6fd499c1b824a73317ebf-1724396303292.png error: Cast to ObjectId failed for value \"66c6fd499c1b824a73317ebf-1724396303292.png\" (type string) at path \"_id\" for model \"User\"","method":"GET","path":"getUserProfileImage/66c6fd499c1b824a73317ebf-1724396303292.png","stack":"Contact support.","status":500,"timestamp":"2024-08-23 09:00:49"}
{"level":"info","message":"User retrieved: masteradmin","timestamp":"2024-08-23 09:02:40"}
{"level":"info","message":"API Success: getUser","method":"GET","path":"getUser","status":200,"timestamp":"2024-08-23 09:02:40"}
{"level":"info","message":"API Success: notifications","method":"GET","path":"notifications","status":200,"timestamp":"2024-08-23 09:02:40"}
{"level":"info","message":"User retrieved: masteradmin","timestamp":"2024-08-23 09:02:40"}
{"level":"info","message":"API Success: getUser","method":"GET","path":"getUser","status":200,"timestamp":"2024-08-23 09:02:40"}
{"level":"error","message":"getUserProfileImage/66c6fd499c1b824a73317ebf-1724396303292.png error: Cast to ObjectId failed for value \"66c6fd499c1b824a73317ebf-1724396303292.png\" (type string) at path \"_id\" for model \"User\"","method":"GET","path":"getUserProfileImage/66c6fd499c1b824a73317ebf-1724396303292.png","stack":"Contact support.","status":500,"timestamp":"2024-08-23 09:02:40"}
{"level":"error","message":"getUserProfileImage/66c6fd499c1b824a73317ebf-1724396303292.png error: Cast to ObjectId failed for value \"66c6fd499c1b824a73317ebf-1724396303292.png\" (type string) at path \"_id\" for model \"User\"","method":"GET","path":"getUserProfileImage/66c6fd499c1b824a73317ebf-1724396303292.png","stack":"Contact support.","status":500,"timestamp":"2024-08-23 09:02:40"}
{"level":"error","message":"getUserProfileImage/66c6fd499c1b824a73317ebf-1724396303292.png error: Cast to ObjectId failed for value \"66c6fd499c1b824a73317ebf-1724396303292.png\" (type string) at path \"_id\" for model \"User\"","method":"GET","path":"getUserProfileImage/66c6fd499c1b824a73317ebf-1724396303292.png","stack":"Contact support.","status":500,"timestamp":"2024-08-23 09:02:40"}
{"level":"error","message":"getUserProfileImage/66c6fd499c1b824a73317ebf-1724396303292.png error: Cast to ObjectId failed for value \"66c6fd499c1b824a73317ebf-1724396303292.png\" (type string) at path \"_id\" for model \"User\"","method":"GET","path":"getUserProfileImage/66c6fd499c1b824a73317ebf-1724396303292.png","stack":"Contact support.","status":500,"timestamp":"2024-08-23 09:02:40"}
{"level":"info","message":"API Success: countries","method":"GET","path":"countries","status":200,"timestamp":"2024-08-23 09:02:40"}
{"level":"info","message":"API Success: notifications","method":"GET","path":"notifications","status":200,"timestamp":"2024-08-23 09:03:46"}
{"level":"info","message":"User retrieved: masteradmin","timestamp":"2024-08-23 09:03:46"}
{"level":"info","message":"API Success: getUser","method":"GET","path":"getUser","status":200,"timestamp":"2024-08-23 09:03:46"}
{"level":"info","message":"User retrieved: masteradmin","timestamp":"2024-08-23 09:03:46"}
{"level":"info","message":"API Success: getUser","method":"GET","path":"getUser","status":200,"timestamp":"2024-08-23 09:03:46"}
{"level":"error","message":"getUserProfileImage/66c6fd499c1b824a73317ebf-1724396303292.png error: Cast to ObjectId failed for value \"66c6fd499c1b824a73317ebf-1724396303292.png\" (type string) at path \"_id\" for model \"User\"","method":"GET","path":"getUserProfileImage/66c6fd499c1b824a73317ebf-1724396303292.png","stack":"Contact support.","status":500,"timestamp":"2024-08-23 09:03:46"}
{"level":"error","message":"getUserProfileImage/66c6fd499c1b824a73317ebf-1724396303292.png error: Cast to ObjectId failed for value \"66c6fd499c1b824a73317ebf-1724396303292.png\" (type string) at path \"_id\" for model \"User\"","method":"GET","path":"getUserProfileImage/66c6fd499c1b824a73317ebf-1724396303292.png","stack":"Contact support.","status":500,"timestamp":"2024-08-23 09:03:47"}
{"level":"error","message":"getUserProfileImage/66c6fd499c1b824a73317ebf-1724396303292.png error: Cast to ObjectId failed for value \"66c6fd499c1b824a73317ebf-1724396303292.png\" (type string) at path \"_id\" for model \"User\"","method":"GET","path":"getUserProfileImage/66c6fd499c1b824a73317ebf-1724396303292.png","stack":"Contact support.","status":500,"timestamp":"2024-08-23 09:03:47"}
{"level":"error","message":"getUserProfileImage/66c6fd499c1b824a73317ebf-1724396303292.png error: Cast to ObjectId failed for value \"66c6fd499c1b824a73317ebf-1724396303292.png\" (type string) at path \"_id\" for model \"User\"","method":"GET","path":"getUserProfileImage/66c6fd499c1b824a73317ebf-1724396303292.png","stack":"Contact support.","status":500,"timestamp":"2024-08-23 09:03:47"}
{"level":"info","message":"API Success: countries","method":"GET","path":"countries","status":200,"timestamp":"2024-08-23 09:03:47"}
{"level":"error","message":"getUserProfileImage/66c6fd499c1b824a73317ebf-1724396303292.png error: Cast to ObjectId failed for value \"66c6fd499c1b824a73317ebf-1724396303292.png\" (type string) at path \"_id\" for model \"User\"","method":"GET","path":"getUserProfileImage/66c6fd499c1b824a73317ebf-1724396303292.png","stack":"Contact support.","status":500,"timestamp":"2024-08-23 09:07:14"}
{"level":"error","message":"getUserProfileImage/66c6fd499c1b824a73317ebf-1724396303292.png error: Cast to ObjectId failed for value \"66c6fd499c1b824a73317ebf-1724396303292.png\" (type string) at path \"_id\" for model \"User\"","method":"GET","path":"getUserProfileImage/66c6fd499c1b824a73317ebf-1724396303292.png","stack":"Contact support.","status":500,"timestamp":"2024-08-23 09:07:14"}
{"level":"info","message":"API Success: notifications","method":"GET","path":"notifications","status":200,"timestamp":"2024-08-23 09:24:58"}
{"level":"info","message":"User retrieved: masteradmin","timestamp":"2024-08-23 09:24:58"}
{"level":"info","message":"API Success: getUser","method":"GET","path":"getUser","status":200,"timestamp":"2024-08-23 09:24:58"}
{"level":"info","message":"User retrieved: masteradmin","timestamp":"2024-08-23 09:24:58"}
{"level":"info","message":"API Success: getUser","method":"GET","path":"getUser","status":200,"timestamp":"2024-08-23 09:24:58"}
{"level":"error","message":"getUserProfileImage/undefined error: Cast to ObjectId failed for value \"undefined\" (type string) at path \"_id\" for model \"User\"","method":"GET","path":"getUserProfileImage/undefined","stack":"Contact support.","status":500,"timestamp":"2024-08-23 09:24:58"}
{"level":"error","message":"getUserProfileImage/undefined error: Cast to ObjectId failed for value \"undefined\" (type string) at path \"_id\" for model \"User\"","method":"GET","path":"getUserProfileImage/undefined","stack":"Contact support.","status":500,"timestamp":"2024-08-23 09:24:59"}
{"level":"error","message":"getUserProfileImage/undefined error: Cast to ObjectId failed for value \"undefined\" (type string) at path \"_id\" for model \"User\"","method":"GET","path":"getUserProfileImage/undefined","stack":"Contact support.","status":500,"timestamp":"2024-08-23 09:24:59"}
{"level":"info","message":"API Success: countries","method":"GET","path":"countries","status":200,"timestamp":"2024-08-23 09:24:59"}
{"level":"error","message":"getUserProfileImage/undefined error: Cast to ObjectId failed for value \"undefined\" (type string) at path \"_id\" for model \"User\"","method":"GET","path":"getUserProfileImage/undefined","stack":"Contact support.","status":500,"timestamp":"2024-08-23 09:24:59"}
{"level":"info","message":"API Success: loginUser","method":"POST","path":"loginUser","status":200,"timestamp":"2024-08-23 09:25:59"}
{"level":"info","message":"User retrieved: masteradmin","timestamp":"2024-08-23 09:26:00"}
{"level":"info","message":"API Success: getUser","method":"GET","path":"getUser","status":200,"timestamp":"2024-08-23 09:26:00"}
{"level":"error","message":"getUserProfileImage/undefined error: Cast to ObjectId failed for value \"undefined\" (type string) at path \"_id\" for model \"User\"","method":"GET","path":"getUserProfileImage/undefined","stack":"Contact support.","status":500,"timestamp":"2024-08-23 09:26:00"}
{"level":"info","message":"API Success: notifications","method":"GET","path":"notifications","status":200,"timestamp":"2024-08-23 09:26:00"}
{"level":"error","message":"getUserProfileImage/undefined error: Cast to ObjectId failed for value \"undefined\" (type string) at path \"_id\" for model \"User\"","method":"GET","path":"getUserProfileImage/undefined","stack":"Contact support.","status":500,"timestamp":"2024-08-23 09:26:00"}
{"level":"info","message":"User retrieved: masteradmin","timestamp":"2024-08-23 09:26:00"}
{"level":"info","message":"API Success: getUser","method":"GET","path":"getUser","status":200,"timestamp":"2024-08-23 09:26:00"}
{"level":"error","message":"getUserProfileImage/undefined error: Cast to ObjectId failed for value \"undefined\" (type string) at path \"_id\" for model \"User\"","method":"GET","path":"getUserProfileImage/undefined","stack":"Contact support.","status":500,"timestamp":"2024-08-23 09:26:00"}
{"level":"error","message":"getUserProfileImage/undefined error: Cast to ObjectId failed for value \"undefined\" (type string) at path \"_id\" for model \"User\"","method":"GET","path":"getUserProfileImage/undefined","stack":"Contact support.","status":500,"timestamp":"2024-08-23 09:26:00"}
{"level":"info","message":"User retrieved: masteradmin","timestamp":"2024-08-23 09:26:02"}
{"level":"info","message":"API Success: getUser","method":"GET","path":"getUser","status":200,"timestamp":"2024-08-23 09:26:02"}
{"level":"info","message":"API Success: notifications","method":"GET","path":"notifications","status":200,"timestamp":"2024-08-23 09:26:40"}
{"level":"info","message":"User retrieved: masteradmin","timestamp":"2024-08-23 09:26:41"}
{"level":"info","message":"API Success: getUser","method":"GET","path":"getUser","status":200,"timestamp":"2024-08-23 09:26:41"}
{"level":"error","message":"getUserProfileImage/undefined error: Cast to ObjectId failed for value \"undefined\" (type string) at path \"_id\" for model \"User\"","method":"GET","path":"getUserProfileImage/undefined","stack":"Contact support.","status":500,"timestamp":"2024-08-23 09:26:41"}
{"level":"info","message":"User retrieved: masteradmin","timestamp":"2024-08-23 09:26:41"}
{"level":"info","message":"API Success: getUser","method":"GET","path":"getUser","status":200,"timestamp":"2024-08-23 09:26:41"}
{"level":"error","message":"getUserProfileImage/undefined error: Cast to ObjectId failed for value \"undefined\" (type string) at path \"_id\" for model \"User\"","method":"GET","path":"getUserProfileImage/undefined","stack":"Contact support.","status":500,"timestamp":"2024-08-23 09:26:41"}
{"level":"error","message":"getUserProfileImage/undefined error: Cast to ObjectId failed for value \"undefined\" (type string) at path \"_id\" for model \"User\"","method":"GET","path":"getUserProfileImage/undefined","stack":"Contact support.","status":500,"timestamp":"2024-08-23 09:26:41"}
{"level":"error","message":"getUserProfileImage/undefined error: Cast to ObjectId failed for value \"undefined\" (type string) at path \"_id\" for model \"User\"","method":"GET","path":"getUserProfileImage/undefined","stack":"Contact support.","status":500,"timestamp":"2024-08-23 09:26:41"}
{"level":"info","message":"API Success: countries","method":"GET","path":"countries","status":200,"timestamp":"2024-08-23 09:26:41"}
{"level":"info","message":"API Success: notifications","method":"GET","path":"notifications","status":200,"timestamp":"2024-08-23 09:26:43"}
{"level":"info","message":"User retrieved: masteradmin","timestamp":"2024-08-23 09:26:43"}
{"level":"info","message":"API Success: getUser","method":"GET","path":"getUser","status":200,"timestamp":"2024-08-23 09:26:43"}
{"level":"error","message":"getUserProfileImage/undefined error: Cast to ObjectId failed for value \"undefined\" (type string) at path \"_id\" for model \"User\"","method":"GET","path":"getUserProfileImage/undefined","stack":"Contact support.","status":500,"timestamp":"2024-08-23 09:26:43"}
{"level":"error","message":"getUserProfileImage/undefined error: Cast to ObjectId failed for value \"undefined\" (type string) at path \"_id\" for model \"User\"","method":"GET","path":"getUserProfileImage/undefined","stack":"Contact support.","status":500,"timestamp":"2024-08-23 09:26:43"}
{"level":"info","message":"User retrieved: masteradmin","timestamp":"2024-08-23 09:26:43"}
{"level":"info","message":"API Success: getUser","method":"GET","path":"getUser","status":200,"timestamp":"2024-08-23 09:26:43"}
{"level":"error","message":"getUserProfileImage/undefined error: Cast to ObjectId failed for value \"undefined\" (type string) at path \"_id\" for model \"User\"","method":"GET","path":"getUserProfileImage/undefined","stack":"Contact support.","status":500,"timestamp":"2024-08-23 09:26:43"}
{"level":"error","message":"getUserProfileImage/undefined error: Cast to ObjectId failed for value \"undefined\" (type string) at path \"_id\" for model \"User\"","method":"GET","path":"getUserProfileImage/undefined","stack":"Contact support.","status":500,"timestamp":"2024-08-23 09:26:43"}
{"level":"info","message":"API Success: countries","method":"GET","path":"countries","status":200,"timestamp":"2024-08-23 09:26:44"}
{"level":"info","message":"API Success: notifications","method":"GET","path":"notifications","status":200,"timestamp":"2024-08-23 09:28:57"}
{"level":"info","message":"User retrieved: masteradmin","timestamp":"2024-08-23 09:28:57"}
{"level":"info","message":"API Success: getUser","method":"GET","path":"getUser","status":200,"timestamp":"2024-08-23 09:28:57"}
{"level":"error","message":"getUserProfileImage/undefined error: Cast to ObjectId failed for value \"undefined\" (type string) at path \"_id\" for model \"User\"","method":"GET","path":"getUserProfileImage/undefined","stack":"Contact support.","status":500,"timestamp":"2024-08-23 09:28:58"}
{"level":"info","message":"User retrieved: masteradmin","timestamp":"2024-08-23 09:28:58"}
{"level":"info","message":"API Success: getUser","method":"GET","path":"getUser","status":200,"timestamp":"2024-08-23 09:28:58"}
{"level":"error","message":"getUserProfileImage/undefined error: Cast to ObjectId failed for value \"undefined\" (type string) at path \"_id\" for model \"User\"","method":"GET","path":"getUserProfileImage/undefined","stack":"Contact support.","status":500,"timestamp":"2024-08-23 09:28:58"}
{"level":"error","message":"getUserProfileImage/undefined error: Cast to ObjectId failed for value \"undefined\" (type string) at path \"_id\" for model \"User\"","method":"GET","path":"getUserProfileImage/undefined","stack":"Contact support.","status":500,"timestamp":"2024-08-23 09:28:58"}
{"level":"error","message":"getUserProfileImage/undefined error: Cast to ObjectId failed for value \"undefined\" (type string) at path \"_id\" for model \"User\"","method":"GET","path":"getUserProfileImage/undefined","stack":"Contact support.","status":500,"timestamp":"2024-08-23 09:28:58"}
{"level":"info","message":"API Success: countries","method":"GET","path":"countries","status":200,"timestamp":"2024-08-23 09:28:58"}
{"level":"info","message":"User retrieved: masteradmin","timestamp":"2024-08-23 09:29:33"}
{"level":"info","message":"API Success: getUser","method":"GET","path":"getUser","status":200,"timestamp":"2024-08-23 09:29:33"}
{"level":"info","message":"API Success: notifications","method":"GET","path":"notifications","status":200,"timestamp":"2024-08-23 09:29:33"}
{"level":"info","message":"User retrieved: masteradmin","timestamp":"2024-08-23 09:29:33"}
{"level":"info","message":"API Success: getUser","method":"GET","path":"getUser","status":200,"timestamp":"2024-08-23 09:29:33"}
{"level":"error","message":"getUserProfileImage/undefined error: Cast to ObjectId failed for value \"undefined\" (type string) at path \"_id\" for model \"User\"","method":"GET","path":"getUserProfileImage/undefined","stack":"Contact support.","status":500,"timestamp":"2024-08-23 09:29:33"}
{"level":"error","message":"getUserProfileImage/undefined error: Cast to ObjectId failed for value \"undefined\" (type string) at path \"_id\" for model \"User\"","method":"GET","path":"getUserProfileImage/undefined","stack":"Contact support.","status":500,"timestamp":"2024-08-23 09:29:33"}
{"level":"error","message":"getUserProfileImage/undefined error: Cast to ObjectId failed for value \"undefined\" (type string) at path \"_id\" for model \"User\"","method":"GET","path":"getUserProfileImage/undefined","stack":"Contact support.","status":500,"timestamp":"2024-08-23 09:29:33"}
{"level":"error","message":"getUserProfileImage/undefined error: Cast to ObjectId failed for value \"undefined\" (type string) at path \"_id\" for model \"User\"","method":"GET","path":"getUserProfileImage/undefined","stack":"Contact support.","status":500,"timestamp":"2024-08-23 09:29:33"}
{"level":"info","message":"API Success: countries","method":"GET","path":"countries","status":200,"timestamp":"2024-08-23 09:29:33"}
{"level":"info","message":"API Success: notifications","method":"GET","path":"notifications","status":200,"timestamp":"2024-08-23 09:30:45"}
{"level":"info","message":"User retrieved: masteradmin","timestamp":"2024-08-23 09:30:45"}
{"level":"info","message":"API Success: getUser","method":"GET","path":"getUser","status":200,"timestamp":"2024-08-23 09:30:46"}
{"level":"error","message":"getUserProfileImage/undefined error: Cast to ObjectId failed for value \"undefined\" (type string) at path \"_id\" for model \"User\"","method":"GET","path":"getUserProfileImage/undefined","stack":"Contact support.","status":500,"timestamp":"2024-08-23 09:30:46"}
{"level":"info","message":"User retrieved: masteradmin","timestamp":"2024-08-23 09:30:46"}
{"level":"info","message":"API Success: getUser","method":"GET","path":"getUser","status":200,"timestamp":"2024-08-23 09:30:46"}
{"level":"error","message":"getUserProfileImage/undefined error: Cast to ObjectId failed for value \"undefined\" (type string) at path \"_id\" for model \"User\"","method":"GET","path":"getUserProfileImage/undefined","stack":"Contact support.","status":500,"timestamp":"2024-08-23 09:30:46"}
{"level":"error","message":"getUserProfileImage/undefined error: Cast to ObjectId failed for value \"undefined\" (type string) at path \"_id\" for model \"User\"","method":"GET","path":"getUserProfileImage/undefined","stack":"Contact support.","status":500,"timestamp":"2024-08-23 09:30:46"}
{"level":"error","message":"getUserProfileImage/undefined error: Cast to ObjectId failed for value \"undefined\" (type string) at path \"_id\" for model \"User\"","method":"GET","path":"getUserProfileImage/undefined","stack":"Contact support.","status":500,"timestamp":"2024-08-23 09:30:47"}
{"level":"info","message":"API Success: countries","method":"GET","path":"countries","status":200,"timestamp":"2024-08-23 09:30:47"}
{"level":"info","message":"API Success: notifications","method":"GET","path":"notifications","status":200,"timestamp":"2024-08-23 09:30:54"}
{"level":"info","message":"User retrieved: masteradmin","timestamp":"2024-08-23 09:30:54"}
{"level":"info","message":"API Success: getUser","method":"GET","path":"getUser","status":200,"timestamp":"2024-08-23 09:30:54"}
{"level":"error","message":"getUserProfileImage/undefined error: Cast to ObjectId failed for value \"undefined\" (type string) at path \"_id\" for model \"User\"","method":"GET","path":"getUserProfileImage/undefined","stack":"Contact support.","status":500,"timestamp":"2024-08-23 09:30:55"}
{"level":"info","message":"User retrieved: masteradmin","timestamp":"2024-08-23 09:30:55"}
{"level":"info","message":"API Success: getUser","method":"GET","path":"getUser","status":200,"timestamp":"2024-08-23 09:30:55"}
{"level":"error","message":"getUserProfileImage/undefined error: Cast to ObjectId failed for value \"undefined\" (type string) at path \"_id\" for model \"User\"","method":"GET","path":"getUserProfileImage/undefined","stack":"Contact support.","status":500,"timestamp":"2024-08-23 09:30:55"}
{"level":"error","message":"getUserProfileImage/undefined error: Cast to ObjectId failed for value \"undefined\" (type string) at path \"_id\" for model \"User\"","method":"GET","path":"getUserProfileImage/undefined","stack":"Contact support.","status":500,"timestamp":"2024-08-23 09:30:55"}
{"level":"error","message":"getUserProfileImage/undefined error: Cast to ObjectId failed for value \"undefined\" (type string) at path \"_id\" for model \"User\"","method":"GET","path":"getUserProfileImage/undefined","stack":"Contact support.","status":500,"timestamp":"2024-08-23 09:30:55"}
{"level":"info","message":"API Success: countries","method":"GET","path":"countries","status":200,"timestamp":"2024-08-23 09:30:55"}
{"level":"info","message":"API Success: notifications","method":"GET","path":"notifications","status":200,"timestamp":"2024-08-23 09:32:52"}
{"level":"info","message":"User retrieved: masteradmin","timestamp":"2024-08-23 09:32:52"}
{"level":"info","message":"API Success: getUser","method":"GET","path":"getUser","status":200,"timestamp":"2024-08-23 09:32:52"}
{"level":"error","message":"getUserProfileImage/undefined error: Cast to ObjectId failed for value \"undefined\" (type string) at path \"_id\" for model \"User\"","method":"GET","path":"getUserProfileImage/undefined","stack":"Contact support.","status":500,"timestamp":"2024-08-23 09:32:52"}
{"level":"error","message":"getUserProfileImage/undefined error: Cast to ObjectId failed for value \"undefined\" (type string) at path \"_id\" for model \"User\"","method":"GET","path":"getUserProfileImage/undefined","stack":"Contact support.","status":500,"timestamp":"2024-08-23 09:32:52"}
{"level":"info","message":"User retrieved: masteradmin","timestamp":"2024-08-23 09:32:52"}
{"level":"info","message":"API Success: getUser","method":"GET","path":"getUser","status":200,"timestamp":"2024-08-23 09:32:52"}
{"level":"error","message":"getUserProfileImage/undefined error: Cast to ObjectId failed for value \"undefined\" (type string) at path \"_id\" for model \"User\"","method":"GET","path":"getUserProfileImage/undefined","stack":"Contact support.","status":500,"timestamp":"2024-08-23 09:32:52"}
{"level":"error","message":"getUserProfileImage/undefined error: Cast to ObjectId failed for value \"undefined\" (type string) at path \"_id\" for model \"User\"","method":"GET","path":"getUserProfileImage/undefined","stack":"Contact support.","status":500,"timestamp":"2024-08-23 09:32:52"}
{"level":"info","message":"API Success: countries","method":"GET","path":"countries","status":200,"timestamp":"2024-08-23 09:32:53"}
{"level":"info","message":"API Success: notifications","method":"GET","path":"notifications","status":200,"timestamp":"2024-08-23 09:33:18"}
{"level":"info","message":"User retrieved: masteradmin","timestamp":"2024-08-23 09:33:18"}
{"level":"info","message":"API Success: getUser","method":"GET","path":"getUser","status":200,"timestamp":"2024-08-23 09:33:18"}
{"level":"error","message":"getUserProfileImage/undefined error: Cast to ObjectId failed for value \"undefined\" (type string) at path \"_id\" for model \"User\"","method":"GET","path":"getUserProfileImage/undefined","stack":"Contact support.","status":500,"timestamp":"2024-08-23 09:33:19"}
{"level":"error","message":"getUserProfileImage/undefined error: Cast to ObjectId failed for value \"undefined\" (type string) at path \"_id\" for model \"User\"","method":"GET","path":"getUserProfileImage/undefined","stack":"Contact support.","status":500,"timestamp":"2024-08-23 09:33:19"}
{"level":"error","message":"getUserProfileImage/undefined error: Cast to ObjectId failed for value \"undefined\" (type string) at path \"_id\" for model \"User\"","method":"GET","path":"getUserProfileImage/undefined","stack":"Contact support.","status":500,"timestamp":"2024-08-23 09:33:19"}
{"level":"error","message":"getUserProfileImage/undefined error: Cast to ObjectId failed for value \"undefined\" (type string) at path \"_id\" for model \"User\"","method":"GET","path":"getUserProfileImage/undefined","stack":"Contact support.","status":500,"timestamp":"2024-08-23 09:33:19"}
{"level":"info","message":"API Success: notifications","method":"GET","path":"notifications","status":200,"timestamp":"2024-08-23 09:33:31"}
{"level":"info","message":"User retrieved: masteradmin","timestamp":"2024-08-23 09:33:31"}
{"level":"info","message":"API Success: getUser","method":"GET","path":"getUser","status":200,"timestamp":"2024-08-23 09:33:31"}
{"level":"error","message":"getUserProfileImage/undefined error: Cast to ObjectId failed for value \"undefined\" (type string) at path \"_id\" for model \"User\"","method":"GET","path":"getUserProfileImage/undefined","stack":"Contact support.","status":500,"timestamp":"2024-08-23 09:33:31"}
{"level":"error","message":"getUserProfileImage/undefined error: Cast to ObjectId failed for value \"undefined\" (type string) at path \"_id\" for model \"User\"","method":"GET","path":"getUserProfileImage/undefined","stack":"Contact support.","status":500,"timestamp":"2024-08-23 09:33:32"}
{"level":"error","message":"getUserProfileImage/undefined error: Cast to ObjectId failed for value \"undefined\" (type string) at path \"_id\" for model \"User\"","method":"GET","path":"getUserProfileImage/undefined","stack":"Contact support.","status":500,"timestamp":"2024-08-23 09:33:32"}
{"level":"error","message":"getUserProfileImage/undefined error: Cast to ObjectId failed for value \"undefined\" (type string) at path \"_id\" for model \"User\"","method":"GET","path":"getUserProfileImage/undefined","stack":"Contact support.","status":500,"timestamp":"2024-08-23 09:33:32"}
{"level":"info","message":"API Success: notifications","method":"GET","path":"notifications","status":200,"timestamp":"2024-08-23 09:35:57"}
{"level":"info","message":"User retrieved: masteradmin","timestamp":"2024-08-23 09:35:58"}
{"level":"info","message":"API Success: getUser","method":"GET","path":"getUser","status":200,"timestamp":"2024-08-23 09:35:58"}
{"level":"error","message":"getUserProfileImage/undefined error: Cast to ObjectId failed for value \"undefined\" (type string) at path \"_id\" for model \"User\"","method":"GET","path":"getUserProfileImage/undefined","stack":"Contact support.","status":500,"timestamp":"2024-08-23 09:35:58"}
{"level":"error","message":"getUserProfileImage/undefined error: Cast to ObjectId failed for value \"undefined\" (type string) at path \"_id\" for model \"User\"","method":"GET","path":"getUserProfileImage/undefined","stack":"Contact support.","status":500,"timestamp":"2024-08-23 09:35:58"}
{"level":"info","message":"API Success: notifications","method":"GET","path":"notifications","status":200,"timestamp":"2024-08-23 09:37:36"}
{"level":"info","message":"User retrieved: masteradmin","timestamp":"2024-08-23 09:37:36"}
{"level":"info","message":"API Success: getUser","method":"GET","path":"getUser","status":200,"timestamp":"2024-08-23 09:37:36"}
{"level":"error","message":"getUserProfileImage/undefined error: Cast to ObjectId failed for value \"undefined\" (type string) at path \"_id\" for model \"User\"","method":"GET","path":"getUserProfileImage/undefined","stack":"Contact support.","status":500,"timestamp":"2024-08-23 09:37:36"}
{"level":"error","message":"getUserProfileImage/undefined error: Cast to ObjectId failed for value \"undefined\" (type string) at path \"_id\" for model \"User\"","method":"GET","path":"getUserProfileImage/undefined","stack":"Contact support.","status":500,"timestamp":"2024-08-23 09:37:36"}
{"level":"info","message":"API Success: notifications","method":"GET","path":"notifications","status":200,"timestamp":"2024-08-23 09:38:22"}
{"level":"info","message":"User retrieved: masteradmin","timestamp":"2024-08-23 09:38:22"}
{"level":"info","message":"API Success: getUser","method":"GET","path":"getUser","status":200,"timestamp":"2024-08-23 09:38:22"}
{"level":"info","message":"API Success: notifications","method":"GET","path":"notifications","status":200,"timestamp":"2024-08-23 09:38:32"}
{"level":"info","message":"User retrieved: masteradmin","timestamp":"2024-08-23 09:38:33"}
{"level":"info","message":"API Success: getUser","method":"GET","path":"getUser","status":200,"timestamp":"2024-08-23 09:38:33"}
{"level":"info","message":"API Success: notifications","method":"GET","path":"notifications","status":200,"timestamp":"2024-08-23 09:40:29"}
{"level":"info","message":"User retrieved: masteradmin","timestamp":"2024-08-23 09:40:30"}
{"level":"info","message":"API Success: getUser","method":"GET","path":"getUser","status":200,"timestamp":"2024-08-23 09:40:30"}
{"level":"info","message":"API Success: notifications","method":"GET","path":"notifications","status":200,"timestamp":"2024-08-23 09:40:37"}
{"level":"info","message":"User retrieved: masteradmin","timestamp":"2024-08-23 09:40:37"}
{"level":"info","message":"API Success: getUser","method":"GET","path":"getUser","status":200,"timestamp":"2024-08-23 09:40:37"}
{"level":"info","message":"User retrieved: masteradmin","timestamp":"2024-08-23 09:40:53"}
{"level":"info","message":"API Success: getUser","method":"GET","path":"getUser","status":200,"timestamp":"2024-08-23 09:40:53"}
{"level":"info","message":"API Success: countries","method":"GET","path":"countries","status":200,"timestamp":"2024-08-23 09:40:54"}
{"level":"info","message":"API Success: notifications","method":"GET","path":"notifications","status":200,"timestamp":"2024-08-23 09:42:53"}
{"level":"info","message":"User retrieved: masteradmin","timestamp":"2024-08-23 09:42:54"}
{"level":"info","message":"API Success: getUser","method":"GET","path":"getUser","status":200,"timestamp":"2024-08-23 09:42:54"}
{"level":"info","message":"User retrieved: masteradmin","timestamp":"2024-08-23 09:42:55"}
{"level":"info","message":"API Success: getUser","method":"GET","path":"getUser","status":200,"timestamp":"2024-08-23 09:42:55"}
{"level":"info","message":"API Success: countries","method":"GET","path":"countries","status":200,"timestamp":"2024-08-23 09:42:55"}
{"level":"info","message":"API Success: notifications","method":"GET","path":"notifications","status":200,"timestamp":"2024-08-23 09:43:43"}
{"level":"info","message":"User retrieved: masteradmin","timestamp":"2024-08-23 09:43:44"}
{"level":"info","message":"API Success: getUser","method":"GET","path":"getUser","status":200,"timestamp":"2024-08-23 09:43:44"}
{"level":"info","message":"API Success: countries","method":"GET","path":"countries","status":200,"timestamp":"2024-08-23 09:43:45"}
{"level":"info","message":"User retrieved: masteradmin","timestamp":"2024-08-23 09:43:45"}
{"level":"info","message":"API Success: getUser","method":"GET","path":"getUser","status":200,"timestamp":"2024-08-23 09:43:46"}
{"level":"info","message":"API Success: notifications","method":"GET","path":"notifications","status":200,"timestamp":"2024-08-23 09:43:51"}
{"level":"info","message":"User retrieved: masteradmin","timestamp":"2024-08-23 09:43:52"}
{"level":"info","message":"API Success: getUser","method":"GET","path":"getUser","status":200,"timestamp":"2024-08-23 09:43:52"}
{"level":"info","message":"User retrieved: masteradmin","timestamp":"2024-08-23 09:43:52"}
{"level":"info","message":"API Success: getUser","method":"GET","path":"getUser","status":200,"timestamp":"2024-08-23 09:43:52"}
{"level":"info","message":"API Success: countries","method":"GET","path":"countries","status":200,"timestamp":"2024-08-23 09:43:52"}
{"level":"error","message":"undefined_path error: Unexpected field","path":"undefined_path","stack":"No additional details provided.","status":400,"timestamp":"2024-08-23 09:44:00"}
{"level":"info","message":"API Success: notifications","method":"GET","path":"notifications","status":200,"timestamp":"2024-08-23 09:46:44"}
{"level":"info","message":"User retrieved: masteradmin","timestamp":"2024-08-23 09:46:44"}
{"level":"info","message":"API Success: getUser","method":"GET","path":"getUser","status":200,"timestamp":"2024-08-23 09:46:44"}
{"level":"info","message":"User retrieved: masteradmin","timestamp":"2024-08-23 09:48:37"}
{"level":"info","message":"API Success: getUser","method":"GET","path":"getUser","status":200,"timestamp":"2024-08-23 09:48:37"}
{"level":"info","message":"API Success: countries","method":"GET","path":"countries","status":200,"timestamp":"2024-08-23 09:48:37"}
{"level":"info","message":"API Success: notifications","method":"GET","path":"notifications","status":200,"timestamp":"2024-08-23 09:49:25"}
{"level":"info","message":"User retrieved: masteradmin","timestamp":"2024-08-23 09:49:25"}
{"level":"info","message":"API Success: getUser","method":"GET","path":"getUser","status":200,"timestamp":"2024-08-23 09:49:25"}
{"level":"info","message":"User retrieved: masteradmin","timestamp":"2024-08-23 09:49:26"}
{"level":"info","message":"API Success: getUser","method":"GET","path":"getUser","status":200,"timestamp":"2024-08-23 09:49:26"}
{"level":"info","message":"API Success: countries","method":"GET","path":"countries","status":200,"timestamp":"2024-08-23 09:49:27"}
{"level":"info","message":"API Success: uploadProfileImage/66c6fd499c1b824a73317ebf","method":"POST","path":"uploadProfileImage/66c6fd499c1b824a73317ebf","status":200,"timestamp":"2024-08-23 09:51:03"}
{"level":"info","message":"API Success: notifications","method":"GET","path":"notifications","status":200,"timestamp":"2024-08-23 09:51:13"}
{"level":"info","message":"User retrieved: masteradmin","timestamp":"2024-08-23 09:51:13"}
{"level":"info","message":"API Success: getUser","method":"GET","path":"getUser","status":200,"timestamp":"2024-08-23 09:51:13"}
{"level":"info","message":"User retrieved: masteradmin","timestamp":"2024-08-23 09:51:14"}
{"level":"info","message":"API Success: getUser","method":"GET","path":"getUser","status":200,"timestamp":"2024-08-23 09:51:14"}
{"level":"info","message":"API Success: countries","method":"GET","path":"countries","status":200,"timestamp":"2024-08-23 09:51:14"}
{"level":"error","message":"undefined_path error: Unexpected field","path":"undefined_path","stack":"No additional details provided.","status":400,"timestamp":"2024-08-23 09:51:28"}
{"level":"info","message":"API Success: notifications","method":"GET","path":"notifications","status":200,"timestamp":"2024-08-23 09:52:11"}
{"level":"info","message":"User retrieved: masteradmin","timestamp":"2024-08-23 09:52:11"}
{"level":"info","message":"API Success: getUser","method":"GET","path":"getUser","status":200,"timestamp":"2024-08-23 09:52:11"}
{"level":"info","message":"User retrieved: masteradmin","timestamp":"2024-08-23 09:52:11"}
{"level":"info","message":"API Success: getUser","method":"GET","path":"getUser","status":200,"timestamp":"2024-08-23 09:52:11"}
{"level":"info","message":"API Success: countries","method":"GET","path":"countries","status":200,"timestamp":"2024-08-23 09:52:12"}
{"level":"info","message":"API Success: notifications","method":"GET","path":"notifications","status":200,"timestamp":"2024-08-23 09:52:24"}
{"level":"info","message":"User retrieved: masteradmin","timestamp":"2024-08-23 09:52:24"}
{"level":"info","message":"API Success: getUser","method":"GET","path":"getUser","status":200,"timestamp":"2024-08-23 09:52:24"}
{"level":"info","message":"User retrieved: masteradmin","timestamp":"2024-08-23 09:52:25"}
{"level":"info","message":"API Success: getUser","method":"GET","path":"getUser","status":200,"timestamp":"2024-08-23 09:52:25"}
{"level":"info","message":"API Success: countries","method":"GET","path":"countries","status":200,"timestamp":"2024-08-23 09:52:25"}
{"level":"error","message":"undefined_path error: Unexpected field","path":"undefined_path","stack":"No additional details provided.","status":400,"timestamp":"2024-08-23 09:54:40"}
{"level":"info","message":"API Success: uploadProfileImage/66c6fd499c1b824a73317ebf","method":"POST","path":"uploadProfileImage/66c6fd499c1b824a73317ebf","status":200,"timestamp":"2024-08-23 09:55:00"}
{"level":"info","message":"API Success: notifications","method":"GET","path":"notifications","status":200,"timestamp":"2024-08-23 09:55:27"}
{"level":"info","message":"User retrieved: masteradmin","timestamp":"2024-08-23 09:55:27"}
{"level":"info","message":"API Success: getUser","method":"GET","path":"getUser","status":200,"timestamp":"2024-08-23 09:55:27"}
{"level":"info","message":"User retrieved: masteradmin","timestamp":"2024-08-23 09:55:27"}
{"level":"info","message":"API Success: getUser","method":"GET","path":"getUser","status":200,"timestamp":"2024-08-23 09:55:27"}
{"level":"info","message":"API Success: countries","method":"GET","path":"countries","status":200,"timestamp":"2024-08-23 09:55:28"}
{"level":"error","message":"undefined_path error: Unexpected field","path":"undefined_path","stack":"No additional details provided.","status":400,"timestamp":"2024-08-23 09:56:14"}
{"level":"info","message":"API Success: notifications","method":"GET","path":"notifications","status":200,"timestamp":"2024-08-23 10:00:53"}
{"level":"info","message":"User retrieved: masteradmin","timestamp":"2024-08-23 10:00:53"}
{"level":"info","message":"API Success: getUser","method":"GET","path":"getUser","status":200,"timestamp":"2024-08-23 10:00:53"}
{"level":"info","message":"User retrieved: masteradmin","timestamp":"2024-08-23 10:00:53"}
{"level":"info","message":"API Success: getUser","method":"GET","path":"getUser","status":200,"timestamp":"2024-08-23 10:00:53"}
{"level":"info","message":"API Success: countries","method":"GET","path":"countries","status":200,"timestamp":"2024-08-23 10:00:54"}
{"level":"info","message":"API Success: notifications","method":"GET","path":"notifications","status":200,"timestamp":"2024-08-23 10:01:33"}
{"level":"info","message":"User retrieved: masteradmin","timestamp":"2024-08-23 10:01:33"}
{"level":"info","message":"API Success: getUser","method":"GET","path":"getUser","status":200,"timestamp":"2024-08-23 10:01:33"}
{"level":"info","message":"User retrieved: masteradmin","timestamp":"2024-08-23 10:01:33"}
{"level":"info","message":"API Success: getUser","method":"GET","path":"getUser","status":200,"timestamp":"2024-08-23 10:01:33"}
{"level":"info","message":"API Success: countries","method":"GET","path":"countries","status":200,"timestamp":"2024-08-23 10:01:34"}
{"level":"info","message":"API Success: uploadProfileImage/66c6fd499c1b824a73317ebf","method":"POST","path":"uploadProfileImage/66c6fd499c1b824a73317ebf","status":200,"timestamp":"2024-08-23 10:01:38"}
{"level":"info","message":"API Success: notifications","method":"GET","path":"notifications","status":200,"timestamp":"2024-08-23 10:01:41"}
{"level":"info","message":"User retrieved: masteradmin","timestamp":"2024-08-23 10:01:41"}
{"level":"info","message":"API Success: getUser","method":"GET","path":"getUser","status":200,"timestamp":"2024-08-23 10:01:41"}
{"level":"info","message":"User retrieved: masteradmin","timestamp":"2024-08-23 10:01:41"}
{"level":"info","message":"API Success: getUser","method":"GET","path":"getUser","status":200,"timestamp":"2024-08-23 10:01:41"}
{"level":"info","message":"API Success: countries","method":"GET","path":"countries","status":200,"timestamp":"2024-08-23 10:01:41"}
{"level":"error","message":"undefined_path error: Unexpected field","path":"undefined_path","stack":"No additional details provided.","status":400,"timestamp":"2024-08-23 10:01:52"}
{"level":"info","message":"API Success: notifications","method":"GET","path":"notifications","status":200,"timestamp":"2024-08-23 10:04:07"}
{"level":"info","message":"User retrieved: masteradmin","timestamp":"2024-08-23 10:04:07"}
{"level":"info","message":"API Success: getUser","method":"GET","path":"getUser","status":200,"timestamp":"2024-08-23 10:04:07"}
{"level":"info","message":"API Success: countries","method":"GET","path":"countries","status":200,"timestamp":"2024-08-23 10:04:07"}
{"level":"info","message":"API Success: uploadProfileImage/66c6fd499c1b824a73317ebf","method":"POST","path":"uploadProfileImage/66c6fd499c1b824a73317ebf","status":200,"timestamp":"2024-08-23 10:04:15"}
{"level":"info","message":"API Success: notifications","method":"GET","path":"notifications","status":200,"timestamp":"2024-08-23 10:04:24"}
{"level":"info","message":"User retrieved: masteradmin","timestamp":"2024-08-23 10:04:24"}
{"level":"info","message":"API Success: getUser","method":"GET","path":"getUser","status":200,"timestamp":"2024-08-23 10:04:24"}
{"level":"info","message":"User retrieved: masteradmin","timestamp":"2024-08-23 10:04:25"}
{"level":"info","message":"API Success: getUser","method":"GET","path":"getUser","status":200,"timestamp":"2024-08-23 10:04:25"}
{"level":"info","message":"API Success: countries","method":"GET","path":"countries","status":200,"timestamp":"2024-08-23 10:04:25"}
{"level":"error","message":"undefined_path error: Unexpected field","path":"undefined_path","stack":"No additional details provided.","status":400,"timestamp":"2024-08-23 10:04:47"}
{"level":"info","message":"API Success: uploadProfileImage/66c6fd499c1b824a73317ebf","method":"POST","path":"uploadProfileImage/66c6fd499c1b824a73317ebf","status":200,"timestamp":"2024-08-23 10:05:25"}
{"level":"info","message":"API Success: notifications","method":"GET","path":"notifications","status":200,"timestamp":"2024-08-23 10:05:27"}
{"level":"info","message":"User retrieved: masteradmin","timestamp":"2024-08-23 10:05:27"}
{"level":"info","message":"API Success: getUser","method":"GET","path":"getUser","status":200,"timestamp":"2024-08-23 10:05:27"}
{"level":"info","message":"API Success: countries","method":"GET","path":"countries","status":200,"timestamp":"2024-08-23 10:05:28"}
{"level":"info","message":"API Success: notifications","method":"GET","path":"notifications","status":200,"timestamp":"2024-08-23 10:05:43"}
{"level":"info","message":"User retrieved: masteradmin","timestamp":"2024-08-23 10:05:44"}
{"level":"info","message":"API Success: getUser","method":"GET","path":"getUser","status":200,"timestamp":"2024-08-23 10:05:44"}
{"level":"info","message":"User retrieved: masteradmin","timestamp":"2024-08-23 10:05:45"}
{"level":"info","message":"API Success: getUser","method":"GET","path":"getUser","status":200,"timestamp":"2024-08-23 10:05:45"}
{"level":"info","message":"API Success: countries","method":"GET","path":"countries","status":200,"timestamp":"2024-08-23 10:05:45"}
{"level":"error","message":"undefined_path error: Unexpected field","path":"undefined_path","stack":"No additional details provided.","status":400,"timestamp":"2024-08-23 10:05:58"}
{"level":"info","message":"API Success: uploadProfileImage/66c6fd499c1b824a73317ebf","method":"POST","path":"uploadProfileImage/66c6fd499c1b824a73317ebf","status":200,"timestamp":"2024-08-23 10:06:28"}
{"level":"info","message":"API Success: notifications","method":"GET","path":"notifications","status":200,"timestamp":"2024-08-23 10:06:49"}
{"level":"info","message":"User retrieved: masteradmin","timestamp":"2024-08-23 10:06:49"}
{"level":"info","message":"API Success: getUser","method":"GET","path":"getUser","status":200,"timestamp":"2024-08-23 10:06:49"}
{"level":"info","message":"API Success: countries","method":"GET","path":"countries","status":200,"timestamp":"2024-08-23 10:06:49"}
