{"level":"info","message":"User retrieved: masteradmin","timestamp":"2024-06-13 10:36:38"}
{"level":"info","message":"API Success: getUser","method":"GET","path":"getUser","status":200,"timestamp":"2024-06-13 10:36:38"}
{"level":"info","message":"User retrieved: masteradmin","timestamp":"2024-06-13 10:36:38"}
{"level":"info","message":"API Success: getUser","method":"GET","path":"getUser","status":200,"timestamp":"2024-06-13 10:36:38"}
{"level":"info","message":"User retrieved: masteradmin","timestamp":"2024-06-13 11:16:46"}
{"level":"info","message":"API Success: getUser","method":"GET","path":"getUser","status":200,"timestamp":"2024-06-13 11:16:46"}
{"level":"info","message":"User retrieved: masteradmin","timestamp":"2024-06-13 11:16:47"}
{"level":"info","message":"API Success: getUser","method":"GET","path":"getUser","status":200,"timestamp":"2024-06-13 11:16:47"}
{"level":"info","message":"User retrieved: masteradmin","timestamp":"2024-06-13 11:21:00"}
{"level":"info","message":"API Success: getUser","method":"GET","path":"getUser","status":200,"timestamp":"2024-06-13 11:21:00"}
{"level":"info","message":"User retrieved: masteradmin","timestamp":"2024-06-13 11:21:00"}
{"level":"info","message":"API Success: getUser","method":"GET","path":"getUser","status":200,"timestamp":"2024-06-13 11:21:00"}
{"level":"info","message":"User retrieved: masteradmin","timestamp":"2024-06-13 11:21:40"}
{"level":"info","message":"API Success: getUser","method":"GET","path":"getUser","status":200,"timestamp":"2024-06-13 11:21:40"}
{"level":"info","message":"User retrieved: masteradmin","timestamp":"2024-06-13 11:21:40"}
{"level":"info","message":"API Success: getUser","method":"GET","path":"getUser","status":200,"timestamp":"2024-06-13 11:21:40"}
{"level":"info","message":"User retrieved: masteradmin","timestamp":"2024-06-13 11:23:40"}
{"level":"info","message":"API Success: getUser","method":"GET","path":"getUser","status":200,"timestamp":"2024-06-13 11:23:41"}
{"level":"info","message":"User retrieved: masteradmin","timestamp":"2024-06-13 11:23:41"}
{"level":"info","message":"API Success: getUser","method":"GET","path":"getUser","status":200,"timestamp":"2024-06-13 11:23:41"}
{"level":"info","message":"User retrieved: masteradmin","timestamp":"2024-06-13 11:25:45"}
{"level":"info","message":"API Success: getUser","method":"GET","path":"getUser","status":200,"timestamp":"2024-06-13 11:25:45"}
{"level":"info","message":"User retrieved: masteradmin","timestamp":"2024-06-13 11:25:45"}
{"level":"info","message":"API Success: getUser","method":"GET","path":"getUser","status":200,"timestamp":"2024-06-13 11:25:45"}
{"level":"info","message":"User retrieved: masteradmin","timestamp":"2024-06-13 11:29:15"}
{"level":"info","message":"API Success: getUser","method":"GET","path":"getUser","status":200,"timestamp":"2024-06-13 11:29:15"}
{"level":"info","message":"User retrieved: masteradmin","timestamp":"2024-06-13 11:29:15"}
{"level":"info","message":"API Success: getUser","method":"GET","path":"getUser","status":200,"timestamp":"2024-06-13 11:29:15"}
{"level":"info","message":"User retrieved: masteradmin","timestamp":"2024-06-13 11:30:09"}
{"level":"info","message":"API Success: getUser","method":"GET","path":"getUser","status":200,"timestamp":"2024-06-13 11:30:09"}
{"level":"info","message":"User retrieved: masteradmin","timestamp":"2024-06-13 11:30:10"}
{"level":"info","message":"API Success: getUser","method":"GET","path":"getUser","status":200,"timestamp":"2024-06-13 11:30:10"}
{"level":"info","message":"User retrieved: masteradmin","timestamp":"2024-06-13 11:32:50"}
{"level":"info","message":"API Success: getUser","method":"GET","path":"getUser","status":200,"timestamp":"2024-06-13 11:32:50"}
{"level":"info","message":"User retrieved: masteradmin","timestamp":"2024-06-13 11:32:50"}
{"level":"info","message":"API Success: getUser","method":"GET","path":"getUser","status":200,"timestamp":"2024-06-13 11:32:50"}
{"level":"info","message":"API Success: loginUser","method":"POST","path":"loginUser","status":200,"timestamp":"2024-06-13 11:58:33"}
{"level":"info","message":"User masteradmin Successful login","timestamp":"2024-06-13 11:58:33"}
{"level":"info","message":"User retrieved: masteradmin","timestamp":"2024-06-13 11:58:34"}
{"level":"info","message":"API Success: getUser","method":"GET","path":"getUser","status":200,"timestamp":"2024-06-13 11:58:34"}
{"level":"info","message":"User retrieved: masteradmin","timestamp":"2024-06-13 11:58:35"}
{"level":"info","message":"API Success: getUser","method":"GET","path":"getUser","status":200,"timestamp":"2024-06-13 11:58:35"}
{"level":"error","message":"undefined_path error: The token is invalid: jwt expired","path":"undefined_path","stack":"No additional details provided.","status":403,"timestamp":"2024-06-13 11:59:08"}
{"level":"info","message":"API Success: alerts/createAlert","method":"POST","path":"alerts/createAlert","status":200,"timestamp":"2024-06-13 11:59:36"}
{"level":"info","message":"API Success: alerts/createAlert","method":"POST","path":"alerts/createAlert","status":200,"timestamp":"2024-06-13 12:04:20"}
{"level":"info","message":"API Success: alerts/createAlert","method":"POST","path":"alerts/createAlert","status":200,"timestamp":"2024-06-13 12:11:18"}
{"level":"info","message":"API Success: alerts/getAllAlerts","method":"GET","path":"alerts/getAllAlerts","status":200,"timestamp":"2024-06-13 12:23:09"}
{"level":"info","message":"User retrieved: masteradmin","timestamp":"2024-06-13 12:25:34"}
{"level":"info","message":"API Success: getUser","method":"GET","path":"getUser","status":200,"timestamp":"2024-06-13 12:25:34"}
{"level":"info","message":"User retrieved: masteradmin","timestamp":"2024-06-13 12:25:34"}
{"level":"info","message":"API Success: getUser","method":"GET","path":"getUser","status":200,"timestamp":"2024-06-13 12:25:34"}
{"level":"info","message":"API Success: alerts/createAlert","method":"POST","path":"alerts/createAlert","status":200,"timestamp":"2024-06-13 12:33:22"}
{"level":"info","message":"API Success: alerts/createAlert","method":"POST","path":"alerts/createAlert","status":200,"timestamp":"2024-06-13 12:36:03"}
{"level":"error","message":"Error verifying permissions: Schema hasn't been registered for model \"Permission\".\nUse mongoose.model(name, schema)","stack":"MissingSchemaError: Schema hasn't been registered for model \"Permission\".\nUse mongoose.model(name, schema)\n    at Connection.model (C:\\Users\\Javier\\Documents\\proyectos\\ecommerce\\back\\node_modules\\mongoose\\lib\\connection.js:1196:13)\n    at _getModelFromConn (C:\\Users\\Javier\\Documents\\proyectos\\ecommerce\\back\\node_modules\\mongoose\\lib\\helpers\\populate\\getModelsMapForPopulate.js:583:15)\n    at addModelNamesToMap (C:\\Users\\Javier\\Documents\\proyectos\\ecommerce\\back\\node_modules\\mongoose\\lib\\helpers\\populate\\getModelsMapForPopulate.js:510:17)\n    at getModelsMapForPopulate (C:\\Users\\Javier\\Documents\\proyectos\\ecommerce\\back\\node_modules\\mongoose\\lib\\helpers\\populate\\getModelsMapForPopulate.js:200:7)\n    at populate (C:\\Users\\Javier\\Documents\\proyectos\\ecommerce\\back\\node_modules\\mongoose\\lib\\model.js:4436:21)\n    at _populate (C:\\Users\\Javier\\Documents\\proyectos\\ecommerce\\back\\node_modules\\mongoose\\lib\\model.js:4396:5)\n    at C:\\Users\\Javier\\Documents\\proyectos\\ecommerce\\back\\node_modules\\mongoose\\lib\\model.js:4368:5\n    at new Promise (<anonymous>)\n    at Function.populate (C:\\Users\\Javier\\Documents\\proyectos\\ecommerce\\back\\node_modules\\mongoose\\lib\\model.js:4367:10)\n    at C:\\Users\\Javier\\Documents\\proyectos\\ecommerce\\back\\node_modules\\mongoose\\lib\\query.js:2471:11","timestamp":"2024-06-13 12:37:46"}
{"level":"error","message":"alerts/createAlert error: Schema hasn't been registered for model \"Permission\".\nUse mongoose.model(name, schema)","method":"POST","path":"alerts/createAlert","stack":"Contact support.","status":500,"timestamp":"2024-06-13 12:37:46"}
{"level":"info","message":"User retrieved: masteradmin","timestamp":"2024-06-13 12:40:24"}
{"level":"info","message":"API Success: getUser","method":"GET","path":"getUser","status":200,"timestamp":"2024-06-13 12:40:24"}
{"level":"info","message":"User retrieved: masteradmin","timestamp":"2024-06-13 12:40:25"}
{"level":"info","message":"API Success: getUser","method":"GET","path":"getUser","status":200,"timestamp":"2024-06-13 12:40:25"}
{"level":"info","message":"User retrieved: masteradmin","timestamp":"2024-06-13 12:40:34"}
{"level":"info","message":"API Success: getUser","method":"GET","path":"getUser","status":200,"timestamp":"2024-06-13 12:40:34"}
{"level":"info","message":"User retrieved: masteradmin","timestamp":"2024-06-13 12:40:34"}
{"level":"info","message":"API Success: getUser","method":"GET","path":"getUser","status":200,"timestamp":"2024-06-13 12:40:34"}
