{"level":"error","message":"undefined_path error: The token is invalid: jwt expired","path":"undefined_path","stack":"No additional details provided.","status":403,"timestamp":"2024-08-20 10:32:20"}
{"level":"info","message":"API Success: loginUser","method":"POST","path":"loginUser","status":200,"timestamp":"2024-08-20 10:48:00"}
{"level":"info","message":"User retrieved: masteradmin","timestamp":"2024-08-20 10:48:00"}
{"level":"info","message":"API Success: getUser","method":"GET","path":"getUser","status":200,"timestamp":"2024-08-20 10:48:01"}
{"level":"info","message":"API Success: notifications","method":"GET","path":"notifications","status":200,"timestamp":"2024-08-20 10:48:01"}
{"level":"info","message":"User retrieved: masteradmin","timestamp":"2024-08-20 10:48:01"}
{"level":"info","message":"API Success: getUser","method":"GET","path":"getUser","status":200,"timestamp":"2024-08-20 10:48:01"}
{"level":"info","message":"User retrieved: masteradmin","timestamp":"2024-08-20 10:48:04"}
{"level":"info","message":"API Success: getUser","method":"GET","path":"getUser","status":200,"timestamp":"2024-08-20 10:48:04"}
{"level":"info","message":"API Success: countries","method":"GET","path":"countries","status":200,"timestamp":"2024-08-20 10:48:04"}
{"level":"info","message":"API Success: states/country/6652e67371671e2169f4d20e","method":"GET","path":"states/country/6652e67371671e2169f4d20e","status":200,"timestamp":"2024-08-20 10:48:04"}
{"level":"info","message":"API Success: notifications","method":"GET","path":"notifications","status":200,"timestamp":"2024-08-20 10:51:03"}
{"level":"info","message":"User retrieved: masteradmin","timestamp":"2024-08-20 10:51:03"}
{"level":"info","message":"API Success: getUser","method":"GET","path":"getUser","status":200,"timestamp":"2024-08-20 10:51:03"}
{"level":"info","message":"User retrieved: masteradmin","timestamp":"2024-08-20 10:51:03"}
{"level":"info","message":"API Success: getUser","method":"GET","path":"getUser","status":200,"timestamp":"2024-08-20 10:51:03"}
{"level":"info","message":"API Success: countries","method":"GET","path":"countries","status":200,"timestamp":"2024-08-20 10:51:04"}
{"level":"info","message":"API Success: states/country/6652e67371671e2169f4d20e","method":"GET","path":"states/country/6652e67371671e2169f4d20e","status":200,"timestamp":"2024-08-20 10:51:04"}
{"level":"info","message":"User retrieved: masteradmin","timestamp":"2024-08-20 10:53:03"}
{"level":"info","message":"API Success: getUser","method":"GET","path":"getUser","status":200,"timestamp":"2024-08-20 10:53:03"}
{"level":"info","message":"API Success: notifications","method":"GET","path":"notifications","status":200,"timestamp":"2024-08-20 10:53:03"}
{"level":"info","message":"User retrieved: masteradmin","timestamp":"2024-08-20 10:53:03"}
{"level":"info","message":"API Success: getUser","method":"GET","path":"getUser","status":200,"timestamp":"2024-08-20 10:53:03"}
{"level":"info","message":"API Success: countries","method":"GET","path":"countries","status":200,"timestamp":"2024-08-20 10:53:04"}
{"level":"info","message":"API Success: states/country/6652e67371671e2169f4d20e","method":"GET","path":"states/country/6652e67371671e2169f4d20e","status":200,"timestamp":"2024-08-20 10:53:04"}
{"level":"info","message":"API Success: notifications","method":"GET","path":"notifications","status":200,"timestamp":"2024-08-20 10:56:14"}
{"level":"info","message":"User retrieved: masteradmin","timestamp":"2024-08-20 10:56:14"}
{"level":"info","message":"API Success: getUser","method":"GET","path":"getUser","status":200,"timestamp":"2024-08-20 10:56:14"}
{"level":"info","message":"User retrieved: masteradmin","timestamp":"2024-08-20 10:56:14"}
{"level":"info","message":"API Success: getUser","method":"GET","path":"getUser","status":200,"timestamp":"2024-08-20 10:56:14"}
{"level":"info","message":"API Success: countries","method":"GET","path":"countries","status":200,"timestamp":"2024-08-20 10:56:15"}
{"level":"info","message":"API Success: states/country/6652e67371671e2169f4d20e","method":"GET","path":"states/country/6652e67371671e2169f4d20e","status":200,"timestamp":"2024-08-20 10:56:15"}
{"level":"info","message":"API Success: notifications","method":"GET","path":"notifications","status":200,"timestamp":"2024-08-20 10:57:27"}
{"level":"info","message":"User retrieved: masteradmin","timestamp":"2024-08-20 10:57:27"}
{"level":"info","message":"API Success: getUser","method":"GET","path":"getUser","status":200,"timestamp":"2024-08-20 10:57:27"}
{"level":"info","message":"User retrieved: masteradmin","timestamp":"2024-08-20 10:57:27"}
{"level":"info","message":"API Success: getUser","method":"GET","path":"getUser","status":200,"timestamp":"2024-08-20 10:57:27"}
{"level":"info","message":"API Success: countries","method":"GET","path":"countries","status":200,"timestamp":"2024-08-20 10:57:27"}
{"level":"info","message":"API Success: states/country/6652e67371671e2169f4d20e","method":"GET","path":"states/country/6652e67371671e2169f4d20e","status":200,"timestamp":"2024-08-20 10:57:27"}
{"level":"info","message":"API Success: notifications","method":"GET","path":"notifications","status":200,"timestamp":"2024-08-20 10:57:30"}
{"level":"info","message":"User retrieved: masteradmin","timestamp":"2024-08-20 10:57:30"}
{"level":"info","message":"API Success: getUser","method":"GET","path":"getUser","status":200,"timestamp":"2024-08-20 10:57:30"}
{"level":"info","message":"User retrieved: masteradmin","timestamp":"2024-08-20 10:57:30"}
{"level":"info","message":"API Success: getUser","method":"GET","path":"getUser","status":200,"timestamp":"2024-08-20 10:57:30"}
{"level":"info","message":"API Success: countries","method":"GET","path":"countries","status":200,"timestamp":"2024-08-20 10:57:30"}
{"level":"info","message":"API Success: states/country/6652e67371671e2169f4d20e","method":"GET","path":"states/country/6652e67371671e2169f4d20e","status":200,"timestamp":"2024-08-20 10:57:30"}
{"level":"info","message":"API Success: notifications","method":"GET","path":"notifications","status":200,"timestamp":"2024-08-20 10:57:42"}
{"level":"info","message":"User retrieved: masteradmin","timestamp":"2024-08-20 10:57:42"}
{"level":"info","message":"API Success: getUser","method":"GET","path":"getUser","status":200,"timestamp":"2024-08-20 10:57:42"}
{"level":"info","message":"User retrieved: masteradmin","timestamp":"2024-08-20 10:57:43"}
{"level":"info","message":"API Success: getUser","method":"GET","path":"getUser","status":200,"timestamp":"2024-08-20 10:57:43"}
{"level":"info","message":"API Success: countries","method":"GET","path":"countries","status":200,"timestamp":"2024-08-20 10:57:43"}
{"level":"info","message":"API Success: states/country/6652e67371671e2169f4d20e","method":"GET","path":"states/country/6652e67371671e2169f4d20e","status":200,"timestamp":"2024-08-20 10:57:43"}
{"level":"info","message":"API Success: notifications","method":"GET","path":"notifications","status":200,"timestamp":"2024-08-20 10:59:39"}
{"level":"info","message":"User retrieved: masteradmin","timestamp":"2024-08-20 10:59:39"}
{"level":"info","message":"API Success: getUser","method":"GET","path":"getUser","status":200,"timestamp":"2024-08-20 10:59:39"}
{"level":"info","message":"User retrieved: masteradmin","timestamp":"2024-08-20 10:59:40"}
{"level":"info","message":"API Success: getUser","method":"GET","path":"getUser","status":200,"timestamp":"2024-08-20 10:59:40"}
{"level":"info","message":"API Success: countries","method":"GET","path":"countries","status":200,"timestamp":"2024-08-20 10:59:40"}
{"level":"info","message":"API Success: states/country/6652e67371671e2169f4d20e","method":"GET","path":"states/country/6652e67371671e2169f4d20e","status":200,"timestamp":"2024-08-20 10:59:41"}
{"level":"info","message":"API Success: notifications","method":"GET","path":"notifications","status":200,"timestamp":"2024-08-20 11:00:02"}
{"level":"info","message":"User retrieved: masteradmin","timestamp":"2024-08-20 11:00:02"}
{"level":"info","message":"API Success: getUser","method":"GET","path":"getUser","status":200,"timestamp":"2024-08-20 11:00:02"}
{"level":"error","message":"undefined_path error: Authorization header is missing","path":"undefined_path","stack":"No additional details provided.","status":403,"timestamp":"2024-08-20 11:02:03"}
{"level":"info","message":"API Success: notifications","method":"GET","path":"notifications","status":200,"timestamp":"2024-08-20 11:07:19"}
{"level":"info","message":"User retrieved: masteradmin","timestamp":"2024-08-20 11:07:19"}
{"level":"info","message":"API Success: getUser","method":"GET","path":"getUser","status":200,"timestamp":"2024-08-20 11:07:19"}
{"level":"error","message":"undefined_path error: The token is invalid: jwt expired","path":"undefined_path","stack":"No additional details provided.","status":403,"timestamp":"2024-08-20 11:27:59"}
{"level":"info","message":"API Success: getUserProfileImage/667e79acb5dce5f01d125a71","method":"GET","path":"getUserProfileImage/667e79acb5dce5f01d125a71","status":200,"timestamp":"2024-08-20 11:28:16"}
{"level":"info","message":"API Success: getUserProfileImage/667e79acb5dce5f01d125a71","method":"GET","path":"getUserProfileImage/667e79acb5dce5f01d125a71","status":200,"timestamp":"2024-08-20 11:30:08"}
{"level":"error","message":"undefined_path error: The token is invalid: jwt expired","path":"undefined_path","stack":"No additional details provided.","status":403,"timestamp":"2024-08-20 11:34:00"}
{"level":"info","message":"API Success: images/upload/users/66c1e29c6fe564a17b3e1ebd","method":"POST","path":"images/upload/users/66c1e29c6fe564a17b3e1ebd","status":200,"timestamp":"2024-08-20 11:34:08"}
{"level":"info","message":"API Success: getUserProfileImage/667e79acb5dce5f01d125a71","method":"GET","path":"getUserProfileImage/667e79acb5dce5f01d125a71","status":200,"timestamp":"2024-08-20 11:35:02"}
{"level":"info","message":"API Success: getUserProfileImage/667e79acb5dce5f01d125a71","method":"GET","path":"getUserProfileImage/667e79acb5dce5f01d125a71","status":200,"timestamp":"2024-08-20 11:35:35"}
{"level":"info","message":"API Success: images/upload/users/667e79acb5dce5f01d125a71","method":"POST","path":"images/upload/users/667e79acb5dce5f01d125a71","status":200,"timestamp":"2024-08-20 11:37:23"}
{"level":"info","message":"API Success: getUserProfileImage/667e79acb5dce5f01d125a71","method":"GET","path":"getUserProfileImage/667e79acb5dce5f01d125a71","status":200,"timestamp":"2024-08-20 11:37:23"}
{"level":"info","message":"API Success: images/upload/users/667e79acb5dce5f01d125a7","method":"POST","path":"images/upload/users/667e79acb5dce5f01d125a7","status":200,"timestamp":"2024-08-20 12:56:48"}
{"level":"info","message":"API Success: getUserProfileImage/667e79acb5dce5f01d125a71","method":"GET","path":"getUserProfileImage/667e79acb5dce5f01d125a71","status":200,"timestamp":"2024-08-20 12:57:34"}
{"level":"info","message":"API Success: images/upload/users/667e79acb5dce5f01d125a7","method":"POST","path":"images/upload/users/667e79acb5dce5f01d125a7","status":200,"timestamp":"2024-08-20 12:57:37"}
{"level":"info","message":"API Success: images/upload/users/667e79acb5dce5f01d125a7","method":"POST","path":"images/upload/users/667e79acb5dce5f01d125a7","status":200,"timestamp":"2024-08-20 12:59:19"}
{"level":"info","message":"API Success: images/upload/users/667e79acb5dce5f01d1257","method":"POST","path":"images/upload/users/667e79acb5dce5f01d1257","status":200,"timestamp":"2024-08-20 12:59:26"}
{"level":"info","message":"API Success: images/upload/users/667e79acb5dce5f01d1257","method":"POST","path":"images/upload/users/667e79acb5dce5f01d1257","status":200,"timestamp":"2024-08-20 13:04:09"}
{"level":"info","message":"API Success: images/upload/users/667e79acb5ce5f01d1257","method":"POST","path":"images/upload/users/667e79acb5ce5f01d1257","status":200,"timestamp":"2024-08-20 13:04:12"}
{"level":"info","message":"API Success: images/upload/users/667e79acb5ce5f01d1257","method":"POST","path":"images/upload/users/667e79acb5ce5f01d1257","status":200,"timestamp":"2024-08-20 13:07:14"}
{"level":"info","message":"API Success: images/upload/users/667e79acb5ce5f01d1257","method":"POST","path":"images/upload/users/667e79acb5ce5f01d1257","status":200,"timestamp":"2024-08-20 13:07:15"}
{"level":"info","message":"API Success: images/upload/users/667e79acb1257","method":"POST","path":"images/upload/users/667e79acb1257","status":200,"timestamp":"2024-08-20 13:07:18"}
{"level":"info","message":"API Success: images/upload/users/7","method":"POST","path":"images/upload/users/7","status":200,"timestamp":"2024-08-20 13:07:24"}
{"level":"info","message":"API Success: images/upload/users/7","method":"POST","path":"images/upload/users/7","status":200,"timestamp":"2024-08-20 13:10:15"}
{"level":"info","message":"API Success: images/upload/users/7","method":"POST","path":"images/upload/users/7","status":200,"timestamp":"2024-08-20 13:10:19"}
{"level":"info","message":"API Success: images/upload/users/7","method":"POST","path":"images/upload/users/7","status":200,"timestamp":"2024-08-20 13:10:20"}
{"level":"info","message":"API Success: images/upload/users/7","method":"POST","path":"images/upload/users/7","status":200,"timestamp":"2024-08-20 13:11:02"}
{"level":"info","message":"API Success: images/upload/users/7","method":"POST","path":"images/upload/users/7","status":200,"timestamp":"2024-08-20 13:11:03"}
{"level":"info","message":"API Success: images/upload/users/667e79acb5dce5f01d125a71","method":"POST","path":"images/upload/users/667e79acb5dce5f01d125a71","status":200,"timestamp":"2024-08-20 13:12:25"}
{"level":"info","message":"API Success: images/upload/users/667e79acb5dce5f01d125a71","method":"POST","path":"images/upload/users/667e79acb5dce5f01d125a71","status":200,"timestamp":"2024-08-20 13:12:28"}
{"level":"info","message":"API Success: images/upload/users/667e79acb5dce5f01d125a71","method":"POST","path":"images/upload/users/667e79acb5dce5f01d125a71","status":200,"timestamp":"2024-08-20 13:12:59"}
