{"level":"info","message":"API Success: notifications","method":"GET","path":"notifications","status":200,"timestamp":"2024-08-25 09:30:41"}
{"level":"info","message":"User retrieved: masteradmin","timestamp":"2024-08-25 09:30:42"}
{"level":"info","message":"API Success: getUser","method":"GET","path":"getUser","status":200,"timestamp":"2024-08-25 09:30:42"}
{"level":"info","message":"API Success: notifications","method":"GET","path":"notifications","status":200,"timestamp":"2024-08-25 09:40:59"}
{"level":"info","message":"User retrieved: masteradmin","timestamp":"2024-08-25 09:41:00"}
{"level":"info","message":"API Success: getUser","method":"GET","path":"getUser","status":200,"timestamp":"2024-08-25 09:41:00"}
{"level":"info","message":"API Success: notifications","method":"GET","path":"notifications","status":200,"timestamp":"2024-08-25 09:50:08"}
{"level":"info","message":"User retrieved: masteradmin","timestamp":"2024-08-25 09:50:10"}
{"level":"info","message":"API Success: getUser","method":"GET","path":"getUser","status":200,"timestamp":"2024-08-25 09:50:10"}
{"level":"error","message":"undefined_path error: The name is a required field.","path":"undefined_path","stack":"No additional details provided.","status":400,"timestamp":"2024-08-25 09:50:18"}
{"level":"error","message":"undefined_path error: The name is a required field.","path":"undefined_path","stack":"No additional details provided.","status":400,"timestamp":"2024-08-25 09:50:25"}
{"level":"error","message":"undefined_path error: The name is a required field.","path":"undefined_path","stack":"No additional details provided.","status":400,"timestamp":"2024-08-25 09:50:32"}
{"level":"info","message":"API Success: notifications","method":"GET","path":"notifications","status":200,"timestamp":"2024-08-25 10:12:10"}
{"level":"info","message":"User retrieved: masteradmin","timestamp":"2024-08-25 10:12:10"}
{"level":"info","message":"API Success: getUser","method":"GET","path":"getUser","status":200,"timestamp":"2024-08-25 10:12:10"}
{"level":"info","message":"User retrieved: masteradmin","timestamp":"2024-08-25 10:12:17"}
{"level":"info","message":"API Success: getUser","method":"GET","path":"getUser","status":200,"timestamp":"2024-08-25 10:12:17"}
{"level":"info","message":"API Success: notifications","method":"GET","path":"notifications","status":200,"timestamp":"2024-08-25 10:12:17"}
{"level":"info","message":"API Success: notifications","method":"GET","path":"notifications","status":200,"timestamp":"2024-08-25 10:13:21"}
{"level":"info","message":"User retrieved: masteradmin","timestamp":"2024-08-25 10:13:22"}
{"level":"info","message":"API Success: getUser","method":"GET","path":"getUser","status":200,"timestamp":"2024-08-25 10:13:22"}
{"level":"info","message":"API Success: createRole","method":"POST","path":"createRole","status":200,"timestamp":"2024-08-25 10:13:26"}
{"level":"info","message":"API Success: notifications","method":"GET","path":"notifications","status":200,"timestamp":"2024-08-25 10:14:50"}
{"level":"info","message":"User retrieved: masteradmin","timestamp":"2024-08-25 10:14:51"}
{"level":"info","message":"API Success: getUser","method":"GET","path":"getUser","status":200,"timestamp":"2024-08-25 10:14:51"}
{"level":"info","message":"API Success: notifications","method":"GET","path":"notifications","status":200,"timestamp":"2024-08-25 10:18:14"}
{"level":"info","message":"User retrieved: masteradmin","timestamp":"2024-08-25 10:18:14"}
{"level":"info","message":"API Success: getUser","method":"GET","path":"getUser","status":200,"timestamp":"2024-08-25 10:18:14"}
{"level":"info","message":"API Success: notifications","method":"GET","path":"notifications","status":200,"timestamp":"2024-08-25 10:18:44"}
{"level":"info","message":"User retrieved: masteradmin","timestamp":"2024-08-25 10:18:44"}
{"level":"info","message":"API Success: getUser","method":"GET","path":"getUser","status":200,"timestamp":"2024-08-25 10:18:44"}
{"level":"info","message":"API Success: notifications","method":"GET","path":"notifications","status":200,"timestamp":"2024-08-25 10:19:07"}
{"level":"info","message":"User retrieved: masteradmin","timestamp":"2024-08-25 10:19:07"}
{"level":"info","message":"API Success: getUser","method":"GET","path":"getUser","status":200,"timestamp":"2024-08-25 10:19:07"}
{"level":"info","message":"API Success: notifications","method":"GET","path":"notifications","status":200,"timestamp":"2024-08-25 10:19:29"}
{"level":"info","message":"User retrieved: masteradmin","timestamp":"2024-08-25 10:19:30"}
{"level":"info","message":"API Success: getUser","method":"GET","path":"getUser","status":200,"timestamp":"2024-08-25 10:19:30"}
{"level":"info","message":"API Success: notifications","method":"GET","path":"notifications","status":200,"timestamp":"2024-08-25 10:20:05"}
{"level":"info","message":"User retrieved: masteradmin","timestamp":"2024-08-25 10:20:05"}
{"level":"info","message":"API Success: getUser","method":"GET","path":"getUser","status":200,"timestamp":"2024-08-25 10:20:05"}
{"level":"info","message":"API Success: notifications","method":"GET","path":"notifications","status":200,"timestamp":"2024-08-25 10:20:37"}
{"level":"info","message":"User retrieved: masteradmin","timestamp":"2024-08-25 10:20:38"}
{"level":"info","message":"API Success: getUser","method":"GET","path":"getUser","status":200,"timestamp":"2024-08-25 10:20:38"}
{"level":"info","message":"API Success: notifications","method":"GET","path":"notifications","status":200,"timestamp":"2024-08-25 10:21:07"}
{"level":"info","message":"User retrieved: masteradmin","timestamp":"2024-08-25 10:21:07"}
{"level":"info","message":"API Success: getUser","method":"GET","path":"getUser","status":200,"timestamp":"2024-08-25 10:21:07"}
{"level":"info","message":"API Success: notifications","method":"GET","path":"notifications","status":200,"timestamp":"2024-08-25 10:21:46"}
{"level":"info","message":"User retrieved: masteradmin","timestamp":"2024-08-25 10:21:47"}
{"level":"info","message":"API Success: getUser","method":"GET","path":"getUser","status":200,"timestamp":"2024-08-25 10:21:47"}
{"level":"info","message":"API Success: notifications","method":"GET","path":"notifications","status":200,"timestamp":"2024-08-25 10:21:48"}
{"level":"info","message":"User retrieved: masteradmin","timestamp":"2024-08-25 10:21:48"}
{"level":"info","message":"API Success: getUser","method":"GET","path":"getUser","status":200,"timestamp":"2024-08-25 10:21:48"}
{"level":"error","message":"undefined_path error: Role MasterAdministrator already exists.","path":"undefined_path","stack":"No additional details provided.","status":400,"timestamp":"2024-08-25 10:23:08"}
{"level":"info","message":"API Success: notifications","method":"GET","path":"notifications","status":200,"timestamp":"2024-08-25 10:32:39"}
{"level":"info","message":"User retrieved: masteradmin","timestamp":"2024-08-25 10:32:40"}
{"level":"info","message":"API Success: getUser","method":"GET","path":"getUser","status":200,"timestamp":"2024-08-25 10:32:40"}
{"level":"info","message":"API Success: notifications","method":"GET","path":"notifications","status":200,"timestamp":"2024-08-25 10:32:48"}
{"level":"info","message":"User retrieved: masteradmin","timestamp":"2024-08-25 10:32:48"}
{"level":"info","message":"API Success: getUser","method":"GET","path":"getUser","status":200,"timestamp":"2024-08-25 10:32:48"}
{"level":"info","message":"API Success: notifications","method":"GET","path":"notifications","status":200,"timestamp":"2024-08-25 10:32:57"}
{"level":"info","message":"User retrieved: masteradmin","timestamp":"2024-08-25 10:32:57"}
{"level":"info","message":"API Success: getUser","method":"GET","path":"getUser","status":200,"timestamp":"2024-08-25 10:32:57"}
{"level":"info","message":"API Success: notifications","method":"GET","path":"notifications","status":200,"timestamp":"2024-08-25 10:33:01"}
{"level":"info","message":"User retrieved: masteradmin","timestamp":"2024-08-25 10:33:01"}
{"level":"info","message":"API Success: getUser","method":"GET","path":"getUser","status":200,"timestamp":"2024-08-25 10:33:01"}
{"level":"info","message":"API Success: notifications","method":"GET","path":"notifications","status":200,"timestamp":"2024-08-25 10:34:36"}
{"level":"info","message":"User retrieved: masteradmin","timestamp":"2024-08-25 10:34:37"}
{"level":"info","message":"API Success: getUser","method":"GET","path":"getUser","status":200,"timestamp":"2024-08-25 10:34:37"}
{"level":"info","message":"API Success: notifications","method":"GET","path":"notifications","status":200,"timestamp":"2024-08-25 10:39:19"}
{"level":"info","message":"User retrieved: masteradmin","timestamp":"2024-08-25 10:39:21"}
{"level":"info","message":"API Success: getUser","method":"GET","path":"getUser","status":200,"timestamp":"2024-08-25 10:39:21"}
{"level":"info","message":"API Success: notifications","method":"GET","path":"notifications","status":200,"timestamp":"2024-08-25 10:40:20"}
{"level":"info","message":"User retrieved: masteradmin","timestamp":"2024-08-25 10:40:21"}
{"level":"info","message":"API Success: getUser","method":"GET","path":"getUser","status":200,"timestamp":"2024-08-25 10:40:21"}
{"level":"info","message":"API Success: notifications","method":"GET","path":"notifications","status":200,"timestamp":"2024-08-25 10:40:29"}
{"level":"info","message":"User retrieved: masteradmin","timestamp":"2024-08-25 10:40:29"}
{"level":"info","message":"API Success: getUser","method":"GET","path":"getUser","status":200,"timestamp":"2024-08-25 10:40:29"}
{"level":"info","message":"API Success: notifications","method":"GET","path":"notifications","status":200,"timestamp":"2024-08-25 10:47:11"}
{"level":"info","message":"User retrieved: masteradmin","timestamp":"2024-08-25 10:47:11"}
{"level":"info","message":"API Success: getUser","method":"GET","path":"getUser","status":200,"timestamp":"2024-08-25 10:47:11"}
{"level":"info","message":"API Success: notifications","method":"GET","path":"notifications","status":200,"timestamp":"2024-08-25 10:47:40"}
{"level":"info","message":"User retrieved: masteradmin","timestamp":"2024-08-25 10:47:41"}
{"level":"info","message":"API Success: getUser","method":"GET","path":"getUser","status":200,"timestamp":"2024-08-25 10:47:41"}
{"level":"info","message":"API Success: notifications","method":"GET","path":"notifications","status":200,"timestamp":"2024-08-25 10:47:47"}
{"level":"info","message":"User retrieved: masteradmin","timestamp":"2024-08-25 10:47:47"}
{"level":"info","message":"API Success: getUser","method":"GET","path":"getUser","status":200,"timestamp":"2024-08-25 10:47:47"}
{"level":"info","message":"API Success: notifications","method":"GET","path":"notifications","status":200,"timestamp":"2024-08-25 10:48:06"}
{"level":"info","message":"User retrieved: masteradmin","timestamp":"2024-08-25 10:48:06"}
{"level":"info","message":"API Success: getUser","method":"GET","path":"getUser","status":200,"timestamp":"2024-08-25 10:48:07"}
{"level":"info","message":"API Success: getRoleById/66c9cdd120b67fec9ef3f518","method":"GET","path":"getRoleById/66c9cdd120b67fec9ef3f518","status":200,"timestamp":"2024-08-25 10:48:07"}
{"level":"info","message":"API Success: notifications","method":"GET","path":"notifications","status":200,"timestamp":"2024-08-25 10:49:48"}
{"level":"info","message":"User retrieved: masteradmin","timestamp":"2024-08-25 10:49:48"}
{"level":"info","message":"API Success: getUser","method":"GET","path":"getUser","status":200,"timestamp":"2024-08-25 10:49:48"}
{"level":"info","message":"API Success: getRoleById/66c9cdd120b67fec9ef3f518","method":"GET","path":"getRoleById/66c9cdd120b67fec9ef3f518","status":200,"timestamp":"2024-08-25 10:49:49"}
{"level":"info","message":"API Success: notifications","method":"GET","path":"notifications","status":200,"timestamp":"2024-08-25 10:54:02"}
{"level":"error","message":"undefined_path error: Role not found","path":"undefined_path","stack":"No additional details provided.","status":404,"timestamp":"2024-08-25 10:54:02"}
{"level":"info","message":"User retrieved: masteradmin","timestamp":"2024-08-25 10:54:02"}
{"level":"info","message":"API Success: getUser","method":"GET","path":"getUser","status":200,"timestamp":"2024-08-25 10:54:02"}
{"level":"info","message":"API Success: notifications","method":"GET","path":"notifications","status":200,"timestamp":"2024-08-25 10:54:07"}
{"level":"info","message":"User retrieved: masteradmin","timestamp":"2024-08-25 10:54:07"}
{"level":"info","message":"API Success: getUser","method":"GET","path":"getUser","status":200,"timestamp":"2024-08-25 10:54:07"}
{"level":"info","message":"API Success: getRoleById/66c9cdd120b67fec9ef3f518","method":"GET","path":"getRoleById/66c9cdd120b67fec9ef3f518","status":200,"timestamp":"2024-08-25 10:54:07"}
{"level":"info","message":"API Success: notifications","method":"GET","path":"notifications","status":200,"timestamp":"2024-08-25 10:58:18"}
{"level":"info","message":"User retrieved: masteradmin","timestamp":"2024-08-25 10:58:19"}
{"level":"info","message":"API Success: getUser","method":"GET","path":"getUser","status":200,"timestamp":"2024-08-25 10:58:19"}
{"level":"info","message":"API Success: getRoleById/66c9cdd120b67fec9ef3f518","method":"GET","path":"getRoleById/66c9cdd120b67fec9ef3f518","status":200,"timestamp":"2024-08-25 10:58:19"}
{"level":"info","message":"API Success: notifications","method":"GET","path":"notifications","status":200,"timestamp":"2024-08-25 10:58:23"}
{"level":"info","message":"User retrieved: masteradmin","timestamp":"2024-08-25 10:58:23"}
{"level":"info","message":"API Success: getUser","method":"GET","path":"getUser","status":200,"timestamp":"2024-08-25 10:58:23"}
{"level":"info","message":"API Success: getRoleById/66c9cdd120b67fec9ef3f518","method":"GET","path":"getRoleById/66c9cdd120b67fec9ef3f518","status":200,"timestamp":"2024-08-25 10:58:23"}
{"level":"info","message":"User retrieved: masteradmin","timestamp":"2024-08-25 11:44:04"}
{"level":"info","message":"API Success: getUser","method":"GET","path":"getUser","status":200,"timestamp":"2024-08-25 11:44:04"}
{"level":"info","message":"API Success: notifications","method":"GET","path":"notifications","status":200,"timestamp":"2024-08-25 11:44:04"}
{"level":"info","message":"API Success: notifications","method":"GET","path":"notifications","status":200,"timestamp":"2024-08-25 11:44:57"}
{"level":"info","message":"User retrieved: masteradmin","timestamp":"2024-08-25 11:44:58"}
{"level":"info","message":"API Success: getUser","method":"GET","path":"getUser","status":200,"timestamp":"2024-08-25 11:44:58"}
{"level":"info","message":"API Success: notifications","method":"GET","path":"notifications","status":200,"timestamp":"2024-08-25 11:45:47"}
{"level":"info","message":"User retrieved: masteradmin","timestamp":"2024-08-25 11:45:48"}
{"level":"info","message":"API Success: getUser","method":"GET","path":"getUser","status":200,"timestamp":"2024-08-25 11:45:48"}
{"level":"info","message":"API Success: notifications","method":"GET","path":"notifications","status":200,"timestamp":"2024-08-25 11:48:15"}
{"level":"info","message":"User retrieved: masteradmin","timestamp":"2024-08-25 11:48:16"}
{"level":"info","message":"API Success: getUser","method":"GET","path":"getUser","status":200,"timestamp":"2024-08-25 11:48:16"}
{"level":"info","message":"API Success: notifications","method":"GET","path":"notifications","status":200,"timestamp":"2024-08-25 11:49:36"}
{"level":"info","message":"User retrieved: masteradmin","timestamp":"2024-08-25 11:49:36"}
{"level":"info","message":"API Success: getUser","method":"GET","path":"getUser","status":200,"timestamp":"2024-08-25 11:49:36"}
{"level":"info","message":"API Success: notifications","method":"GET","path":"notifications","status":200,"timestamp":"2024-08-25 11:52:11"}
{"level":"info","message":"User retrieved: masteradmin","timestamp":"2024-08-25 11:52:11"}
{"level":"info","message":"API Success: getUser","method":"GET","path":"getUser","status":200,"timestamp":"2024-08-25 11:52:11"}
{"level":"error","message":"undefined_path error: The name is a required field.","path":"undefined_path","stack":"No additional details provided.","status":400,"timestamp":"2024-08-25 11:52:14"}
{"level":"info","message":"API Success: notifications","method":"GET","path":"notifications","status":200,"timestamp":"2024-08-25 11:52:17"}
{"level":"info","message":"User retrieved: masteradmin","timestamp":"2024-08-25 11:52:17"}
{"level":"info","message":"API Success: getUser","method":"GET","path":"getUser","status":200,"timestamp":"2024-08-25 11:52:17"}
{"level":"info","message":"API Success: notifications","method":"GET","path":"notifications","status":200,"timestamp":"2024-08-25 11:52:35"}
{"level":"info","message":"User retrieved: masteradmin","timestamp":"2024-08-25 11:52:35"}
{"level":"info","message":"API Success: getUser","method":"GET","path":"getUser","status":200,"timestamp":"2024-08-25 11:52:35"}
{"level":"info","message":"API Success: notifications","method":"GET","path":"notifications","status":200,"timestamp":"2024-08-25 11:53:28"}
{"level":"info","message":"User retrieved: masteradmin","timestamp":"2024-08-25 11:53:29"}
{"level":"info","message":"API Success: getUser","method":"GET","path":"getUser","status":200,"timestamp":"2024-08-25 11:53:29"}
{"level":"info","message":"API Success: notifications","method":"GET","path":"notifications","status":200,"timestamp":"2024-08-25 11:58:09"}
{"level":"info","message":"User retrieved: masteradmin","timestamp":"2024-08-25 11:58:10"}
{"level":"info","message":"API Success: getUser","method":"GET","path":"getUser","status":200,"timestamp":"2024-08-25 11:58:10"}
{"level":"info","message":"API Success: notifications","method":"GET","path":"notifications","status":200,"timestamp":"2024-08-25 11:59:45"}
{"level":"info","message":"User retrieved: masteradmin","timestamp":"2024-08-25 11:59:45"}
{"level":"info","message":"API Success: getUser","method":"GET","path":"getUser","status":200,"timestamp":"2024-08-25 11:59:45"}
{"level":"info","message":"API Success: notifications","method":"GET","path":"notifications","status":200,"timestamp":"2024-08-25 11:59:53"}
{"level":"info","message":"User retrieved: masteradmin","timestamp":"2024-08-25 11:59:53"}
{"level":"info","message":"API Success: getUser","method":"GET","path":"getUser","status":200,"timestamp":"2024-08-25 11:59:53"}
{"level":"info","message":"API Success: notifications","method":"GET","path":"notifications","status":200,"timestamp":"2024-08-25 12:00:01"}
{"level":"info","message":"User retrieved: masteradmin","timestamp":"2024-08-25 12:00:02"}
{"level":"info","message":"API Success: getUser","method":"GET","path":"getUser","status":200,"timestamp":"2024-08-25 12:00:02"}
{"level":"info","message":"User retrieved: masteradmin","timestamp":"2024-08-25 12:13:15"}
{"level":"info","message":"API Success: getUser","method":"GET","path":"getUser","status":200,"timestamp":"2024-08-25 12:13:15"}
{"level":"info","message":"API Success: notifications","method":"GET","path":"notifications","status":200,"timestamp":"2024-08-25 12:13:15"}
{"level":"info","message":"API Success: notifications","method":"GET","path":"notifications","status":200,"timestamp":"2024-08-25 12:18:01"}
{"level":"info","message":"User retrieved: masteradmin","timestamp":"2024-08-25 12:18:02"}
{"level":"info","message":"API Success: getUser","method":"GET","path":"getUser","status":200,"timestamp":"2024-08-25 12:18:02"}
{"level":"info","message":"API Success: notifications","method":"GET","path":"notifications","status":200,"timestamp":"2024-08-25 12:22:25"}
{"level":"info","message":"User retrieved: masteradmin","timestamp":"2024-08-25 12:22:25"}
{"level":"info","message":"API Success: getUser","method":"GET","path":"getUser","status":200,"timestamp":"2024-08-25 12:22:25"}
{"level":"info","message":"API Success: notifications","method":"GET","path":"notifications","status":200,"timestamp":"2024-08-25 12:22:32"}
{"level":"info","message":"User retrieved: masteradmin","timestamp":"2024-08-25 12:22:32"}
{"level":"info","message":"API Success: getUser","method":"GET","path":"getUser","status":200,"timestamp":"2024-08-25 12:22:32"}
{"level":"info","message":"API Success: notifications","method":"GET","path":"notifications","status":200,"timestamp":"2024-08-25 12:49:41"}
{"level":"info","message":"User retrieved: masteradmin","timestamp":"2024-08-25 12:49:41"}
{"level":"info","message":"API Success: getUser","method":"GET","path":"getUser","status":200,"timestamp":"2024-08-25 12:49:41"}
{"level":"info","message":"API Success: loginUser","method":"POST","path":"loginUser","status":200,"timestamp":"2024-08-25 15:24:11"}
{"level":"info","message":"User retrieved: masteradmin","timestamp":"2024-08-25 15:24:11"}
{"level":"info","message":"API Success: getUser","method":"GET","path":"getUser","status":200,"timestamp":"2024-08-25 15:24:11"}
{"level":"info","message":"API Success: notifications","method":"GET","path":"notifications","status":200,"timestamp":"2024-08-25 15:24:12"}
{"level":"info","message":"User retrieved: masteradmin","timestamp":"2024-08-25 15:24:12"}
{"level":"info","message":"API Success: getUser","method":"GET","path":"getUser","status":200,"timestamp":"2024-08-25 15:24:12"}
{"level":"info","message":"API Success: listAllUsers","method":"GET","path":"listAllUsers","status":200,"timestamp":"2024-08-25 16:33:02"}
{"level":"info","message":"API Success: notifications","method":"GET","path":"notifications","status":200,"timestamp":"2024-08-25 16:35:33"}
{"level":"info","message":"User retrieved: masteradmin","timestamp":"2024-08-25 16:35:34"}
{"level":"info","message":"API Success: getUser","method":"GET","path":"getUser","status":200,"timestamp":"2024-08-25 16:35:34"}
{"level":"info","message":"API Success: notifications","method":"GET","path":"notifications","status":200,"timestamp":"2024-08-25 16:40:01"}
{"level":"info","message":"User retrieved: masteradmin","timestamp":"2024-08-25 16:40:05"}
{"level":"info","message":"API Success: getUser","method":"GET","path":"getUser","status":200,"timestamp":"2024-08-25 16:40:06"}
{"level":"info","message":"API Success: notifications","method":"GET","path":"notifications","status":200,"timestamp":"2024-08-25 16:41:02"}
{"level":"info","message":"User retrieved: masteradmin","timestamp":"2024-08-25 16:41:03"}
{"level":"info","message":"API Success: getUser","method":"GET","path":"getUser","status":200,"timestamp":"2024-08-25 16:41:03"}
{"level":"info","message":"API Success: notifications","method":"GET","path":"notifications","status":200,"timestamp":"2024-08-25 16:41:14"}
{"level":"info","message":"User retrieved: masteradmin","timestamp":"2024-08-25 16:41:14"}
{"level":"info","message":"API Success: getUser","method":"GET","path":"getUser","status":200,"timestamp":"2024-08-25 16:41:15"}
{"level":"info","message":"API Success: notifications","method":"GET","path":"notifications","status":200,"timestamp":"2024-08-25 17:19:57"}
{"level":"info","message":"User retrieved: masteradmin","timestamp":"2024-08-25 17:19:57"}
{"level":"info","message":"API Success: getUser","method":"GET","path":"getUser","status":200,"timestamp":"2024-08-25 17:19:57"}
{"level":"info","message":"API Success: permissions/66c9cdd020b67fec9ef3f4e3","method":"GET","path":"permissions/66c9cdd020b67fec9ef3f4e3","status":200,"timestamp":"2024-08-25 17:21:24"}
{"level":"info","message":"API Success: notifications","method":"GET","path":"notifications","status":200,"timestamp":"2024-08-25 17:23:49"}
{"level":"info","message":"User retrieved: masteradmin","timestamp":"2024-08-25 17:23:50"}
{"level":"info","message":"API Success: getUser","method":"GET","path":"getUser","status":200,"timestamp":"2024-08-25 17:23:50"}
{"level":"info","message":"API Success: permissions/66c9cdd020b67fec9ef3f4e3","method":"GET","path":"permissions/66c9cdd020b67fec9ef3f4e3","status":200,"timestamp":"2024-08-25 17:23:50"}
{"level":"info","message":"API Success: notifications","method":"GET","path":"notifications","status":200,"timestamp":"2024-08-25 17:28:17"}
{"level":"info","message":"API Success: permissions/66c9cdd020b67fec9ef3f4e3","method":"GET","path":"permissions/66c9cdd020b67fec9ef3f4e3","status":200,"timestamp":"2024-08-25 17:28:17"}
{"level":"info","message":"User retrieved: masteradmin","timestamp":"2024-08-25 17:28:17"}
{"level":"info","message":"API Success: getUser","method":"GET","path":"getUser","status":200,"timestamp":"2024-08-25 17:28:17"}
{"level":"info","message":"API Success: notifications","method":"GET","path":"notifications","status":200,"timestamp":"2024-08-25 17:28:59"}
{"level":"info","message":"User retrieved: masteradmin","timestamp":"2024-08-25 17:29:00"}
{"level":"info","message":"API Success: getUser","method":"GET","path":"getUser","status":200,"timestamp":"2024-08-25 17:29:00"}
{"level":"info","message":"API Success: permissions/66c9cdd020b67fec9ef3f4e3","method":"GET","path":"permissions/66c9cdd020b67fec9ef3f4e3","status":200,"timestamp":"2024-08-25 17:29:03"}
{"level":"error","message":"undefined_path error: The token is invalid: jwt expired","path":"undefined_path","stack":"No additional details provided.","status":403,"timestamp":"2024-08-25 17:31:03"}
{"level":"error","message":"undefined_path error: The token is invalid: jwt expired","path":"undefined_path","stack":"No additional details provided.","status":403,"timestamp":"2024-08-25 17:31:08"}
{"level":"info","message":"API Success: notifications","method":"GET","path":"notifications","status":200,"timestamp":"2024-08-25 17:31:12"}
{"level":"info","message":"User retrieved: masteradmin","timestamp":"2024-08-25 17:31:12"}
{"level":"info","message":"API Success: getUser","method":"GET","path":"getUser","status":200,"timestamp":"2024-08-25 17:31:12"}
{"level":"info","message":"API Success: permissions/66c9cdd020b67fec9ef3f4e3","method":"GET","path":"permissions/66c9cdd020b67fec9ef3f4e3","status":200,"timestamp":"2024-08-25 17:31:14"}
{"level":"info","message":"API Success: notifications","method":"GET","path":"notifications","status":200,"timestamp":"2024-08-25 17:32:17"}
{"level":"info","message":"User retrieved: masteradmin","timestamp":"2024-08-25 17:32:18"}
{"level":"info","message":"API Success: getUser","method":"GET","path":"getUser","status":200,"timestamp":"2024-08-25 17:32:18"}
{"level":"info","message":"API Success: permissions/66c9cdd020b67fec9ef3f4e3","method":"GET","path":"permissions/66c9cdd020b67fec9ef3f4e3","status":200,"timestamp":"2024-08-25 17:32:18"}
{"level":"info","message":"API Success: notifications","method":"GET","path":"notifications","status":200,"timestamp":"2024-08-25 17:32:29"}
{"level":"info","message":"User retrieved: masteradmin","timestamp":"2024-08-25 17:32:29"}
{"level":"info","message":"API Success: getUser","method":"GET","path":"getUser","status":200,"timestamp":"2024-08-25 17:32:29"}
{"level":"info","message":"API Success: permissions/66c9cdd020b67fec9ef3f4e3","method":"GET","path":"permissions/66c9cdd020b67fec9ef3f4e3","status":200,"timestamp":"2024-08-25 17:32:29"}
{"level":"info","message":"API Success: loginUser","method":"POST","path":"loginUser","status":200,"timestamp":"2024-08-25 17:34:24"}
{"level":"info","message":"User retrieved: masteradmin","timestamp":"2024-08-25 17:36:43"}
{"level":"info","message":"API Success: getUser","method":"GET","path":"getUser","status":200,"timestamp":"2024-08-25 17:36:43"}
{"level":"info","message":"API Success: notifications","method":"GET","path":"notifications","status":200,"timestamp":"2024-08-25 17:36:43"}
{"level":"info","message":"API Success: permissions/66c9cdd020b67fec9ef3f4e3","method":"GET","path":"permissions/66c9cdd020b67fec9ef3f4e3","status":200,"timestamp":"2024-08-25 17:36:43"}
{"level":"info","message":"User retrieved: masteradmin","timestamp":"2024-08-25 17:42:50"}
{"level":"info","message":"API Success: getUser","method":"GET","path":"getUser","status":200,"timestamp":"2024-08-25 17:42:50"}
{"level":"info","message":"API Success: permissions/66c9cdd020b67fec9ef3f4e3","method":"GET","path":"permissions/66c9cdd020b67fec9ef3f4e3","status":200,"timestamp":"2024-08-25 17:42:51"}
{"level":"info","message":"API Success: notifications","method":"GET","path":"notifications","status":200,"timestamp":"2024-08-25 17:42:51"}
{"level":"info","message":"API Success: notifications","method":"GET","path":"notifications","status":200,"timestamp":"2024-08-25 17:45:20"}
{"level":"info","message":"User retrieved: masteradmin","timestamp":"2024-08-25 17:45:20"}
{"level":"info","message":"API Success: getUser","method":"GET","path":"getUser","status":200,"timestamp":"2024-08-25 17:45:20"}
{"level":"info","message":"API Success: permissions/66c9cdd020b67fec9ef3f4e3","method":"GET","path":"permissions/66c9cdd020b67fec9ef3f4e3","status":200,"timestamp":"2024-08-25 17:45:20"}
{"level":"info","message":"API Success: notifications","method":"GET","path":"notifications","status":200,"timestamp":"2024-08-25 18:31:55"}
{"level":"info","message":"User retrieved: masteradmin","timestamp":"2024-08-25 18:31:55"}
{"level":"info","message":"API Success: getUser","method":"GET","path":"getUser","status":200,"timestamp":"2024-08-25 18:31:55"}
{"level":"info","message":"API Success: permissions/66c9cdd020b67fec9ef3f4e3","method":"GET","path":"permissions/66c9cdd020b67fec9ef3f4e3","status":200,"timestamp":"2024-08-25 18:31:55"}
{"level":"info","message":"API Success: permissions/66c9cdd020b67fec9ef3f4e3","method":"GET","path":"permissions/66c9cdd020b67fec9ef3f4e3","status":200,"timestamp":"2024-08-25 18:32:06"}
{"level":"info","message":"API Success: permissions/66c9cdd020b67fec9ef3f4e3","method":"GET","path":"permissions/66c9cdd020b67fec9ef3f4e3","status":200,"timestamp":"2024-08-25 18:32:20"}
{"level":"info","message":"API Success: notifications","method":"GET","path":"notifications","status":200,"timestamp":"2024-08-25 18:47:21"}
{"level":"info","message":"User retrieved: masteradmin","timestamp":"2024-08-25 18:47:21"}
{"level":"info","message":"API Success: getUser","method":"GET","path":"getUser","status":200,"timestamp":"2024-08-25 18:47:21"}
{"level":"info","message":"API Success: permissions/66c9cdd020b67fec9ef3f4e3","method":"GET","path":"permissions/66c9cdd020b67fec9ef3f4e3","status":200,"timestamp":"2024-08-25 18:47:21"}
{"level":"info","message":"API Success: notifications","method":"GET","path":"notifications","status":200,"timestamp":"2024-08-25 18:49:06"}
{"level":"info","message":"User retrieved: masteradmin","timestamp":"2024-08-25 18:49:06"}
{"level":"info","message":"API Success: getUser","method":"GET","path":"getUser","status":200,"timestamp":"2024-08-25 18:49:06"}
{"level":"info","message":"API Success: permissions/66c9cdd020b67fec9ef3f4e3","method":"GET","path":"permissions/66c9cdd020b67fec9ef3f4e3","status":200,"timestamp":"2024-08-25 18:49:06"}
{"level":"info","message":"API Success: notifications","method":"GET","path":"notifications","status":200,"timestamp":"2024-08-25 18:51:09"}
{"level":"info","message":"User retrieved: masteradmin","timestamp":"2024-08-25 18:51:09"}
{"level":"info","message":"API Success: getUser","method":"GET","path":"getUser","status":200,"timestamp":"2024-08-25 18:51:09"}
{"level":"info","message":"API Success: permissions/66c9cdd020b67fec9ef3f4e3","method":"GET","path":"permissions/66c9cdd020b67fec9ef3f4e3","status":200,"timestamp":"2024-08-25 18:51:09"}
{"level":"info","message":"API Success: notifications","method":"GET","path":"notifications","status":200,"timestamp":"2024-08-25 18:51:39"}
{"level":"info","message":"User retrieved: masteradmin","timestamp":"2024-08-25 18:51:39"}
{"level":"info","message":"API Success: getUser","method":"GET","path":"getUser","status":200,"timestamp":"2024-08-25 18:51:39"}
{"level":"info","message":"API Success: notifications","method":"GET","path":"notifications","status":200,"timestamp":"2024-08-25 18:51:50"}
{"level":"info","message":"User retrieved: masteradmin","timestamp":"2024-08-25 18:51:50"}
{"level":"info","message":"API Success: getUser","method":"GET","path":"getUser","status":200,"timestamp":"2024-08-25 18:51:50"}
{"level":"info","message":"API Success: permissions/66c9cdd020b67fec9ef3f4e3","method":"GET","path":"permissions/66c9cdd020b67fec9ef3f4e3","status":200,"timestamp":"2024-08-25 18:51:55"}
{"level":"info","message":"API Success: notifications","method":"GET","path":"notifications","status":200,"timestamp":"2024-08-25 18:52:23"}
{"level":"info","message":"User retrieved: masteradmin","timestamp":"2024-08-25 18:52:24"}
{"level":"info","message":"API Success: getUser","method":"GET","path":"getUser","status":200,"timestamp":"2024-08-25 18:52:24"}
{"level":"info","message":"API Success: permissions/66c9cdd020b67fec9ef3f4e3","method":"GET","path":"permissions/66c9cdd020b67fec9ef3f4e3","status":200,"timestamp":"2024-08-25 18:52:24"}
{"level":"info","message":"API Success: notifications","method":"GET","path":"notifications","status":200,"timestamp":"2024-08-25 18:52:38"}
{"level":"info","message":"User retrieved: masteradmin","timestamp":"2024-08-25 18:52:38"}
{"level":"info","message":"API Success: getUser","method":"GET","path":"getUser","status":200,"timestamp":"2024-08-25 18:52:38"}
{"level":"info","message":"API Success: permissions/66c9cdd020b67fec9ef3f4e3","method":"GET","path":"permissions/66c9cdd020b67fec9ef3f4e3","status":200,"timestamp":"2024-08-25 18:52:38"}
{"level":"info","message":"API Success: notifications","method":"GET","path":"notifications","status":200,"timestamp":"2024-08-25 18:52:54"}
{"level":"info","message":"User retrieved: masteradmin","timestamp":"2024-08-25 18:52:54"}
{"level":"info","message":"API Success: getUser","method":"GET","path":"getUser","status":200,"timestamp":"2024-08-25 18:52:54"}
{"level":"info","message":"API Success: permissions/66c9cdd020b67fec9ef3f4e3","method":"GET","path":"permissions/66c9cdd020b67fec9ef3f4e3","status":200,"timestamp":"2024-08-25 18:52:54"}
{"level":"info","message":"API Success: notifications","method":"GET","path":"notifications","status":200,"timestamp":"2024-08-25 18:53:43"}
{"level":"info","message":"User retrieved: masteradmin","timestamp":"2024-08-25 18:53:43"}
{"level":"info","message":"API Success: getUser","method":"GET","path":"getUser","status":200,"timestamp":"2024-08-25 18:53:43"}
{"level":"info","message":"API Success: permissions/66c9cdd020b67fec9ef3f4e3","method":"GET","path":"permissions/66c9cdd020b67fec9ef3f4e3","status":200,"timestamp":"2024-08-25 18:53:43"}
{"level":"info","message":"API Success: notifications","method":"GET","path":"notifications","status":200,"timestamp":"2024-08-25 18:55:44"}
{"level":"info","message":"User retrieved: masteradmin","timestamp":"2024-08-25 18:55:44"}
{"level":"info","message":"API Success: getUser","method":"GET","path":"getUser","status":200,"timestamp":"2024-08-25 18:55:44"}
{"level":"info","message":"API Success: permissions/66c9cdd020b67fec9ef3f4e3","method":"GET","path":"permissions/66c9cdd020b67fec9ef3f4e3","status":200,"timestamp":"2024-08-25 18:55:44"}
{"level":"info","message":"API Success: notifications","method":"GET","path":"notifications","status":200,"timestamp":"2024-08-25 19:05:58"}
{"level":"info","message":"User retrieved: masteradmin","timestamp":"2024-08-25 19:05:58"}
{"level":"info","message":"API Success: getUser","method":"GET","path":"getUser","status":200,"timestamp":"2024-08-25 19:05:58"}
{"level":"info","message":"API Success: notifications","method":"GET","path":"notifications","status":200,"timestamp":"2024-08-25 19:06:21"}
{"level":"info","message":"User retrieved: masteradmin","timestamp":"2024-08-25 19:06:21"}
{"level":"info","message":"API Success: getUser","method":"GET","path":"getUser","status":200,"timestamp":"2024-08-25 19:06:21"}
{"level":"info","message":"API Success: notifications","method":"GET","path":"notifications","status":200,"timestamp":"2024-08-25 19:07:17"}
{"level":"info","message":"User retrieved: masteradmin","timestamp":"2024-08-25 19:07:17"}
{"level":"info","message":"API Success: getUser","method":"GET","path":"getUser","status":200,"timestamp":"2024-08-25 19:07:17"}
{"level":"error","message":"undefined_path error: The token is invalid: jwt expired","path":"undefined_path","stack":"No additional details provided.","status":403,"timestamp":"2024-08-25 19:08:51"}
{"level":"error","message":"undefined_path error: The token is invalid: jwt expired","path":"undefined_path","stack":"No additional details provided.","status":403,"timestamp":"2024-08-25 19:09:19"}
{"level":"error","message":"undefined_path error: The token is invalid: jwt expired","path":"undefined_path","stack":"No additional details provided.","status":403,"timestamp":"2024-08-25 19:09:21"}
{"level":"info","message":"API Success: getPermissionById/66c9cdcf20b67fec9ef3f483","method":"GET","path":"getPermissionById/66c9cdcf20b67fec9ef3f483","status":200,"timestamp":"2024-08-25 19:09:39"}
