{"level":"info","message":"User retrieved: randomUser99999","timestamp":"2024-06-24 10:50:43"}
{"level":"info","message":"API Success: getUser","method":"GET","path":"getUser","status":200,"timestamp":"2024-06-24 10:50:44"}
{"level":"info","message":"User retrieved: randomUser99999","timestamp":"2024-06-24 10:50:45"}
{"level":"info","message":"API Success: getUser","method":"GET","path":"getUser","status":200,"timestamp":"2024-06-24 10:50:45"}
{"level":"info","message":"User retrieved: gennarobarret","timestamp":"2024-06-24 10:50:45"}
{"level":"info","message":"API Success: getUser","method":"GET","path":"getUser","status":200,"timestamp":"2024-06-24 10:50:45"}
{"level":"info","message":"User retrieved: gennarobarret","timestamp":"2024-06-24 10:50:46"}
{"level":"info","message":"API Success: getUser","method":"GET","path":"getUser","status":200,"timestamp":"2024-06-24 10:50:46"}
{"level":"info","message":"User retrieved: gennarobarret","timestamp":"2024-06-24 11:22:03"}
{"level":"info","message":"API Success: getUser","method":"GET","path":"getUser","status":200,"timestamp":"2024-06-24 11:22:03"}
{"level":"info","message":"User retrieved: gennarobarret","timestamp":"2024-06-24 11:22:03"}
{"level":"info","message":"API Success: getUser","method":"GET","path":"getUser","status":200,"timestamp":"2024-06-24 11:22:03"}
{"level":"info","message":"User retrieved: gennarobarret","timestamp":"2024-06-24 11:22:21"}
{"level":"info","message":"API Success: getUser","method":"GET","path":"getUser","status":200,"timestamp":"2024-06-24 11:22:21"}
{"level":"info","message":"User retrieved: gennarobarret","timestamp":"2024-06-24 11:22:22"}
{"level":"info","message":"API Success: getUser","method":"GET","path":"getUser","status":200,"timestamp":"2024-06-24 11:22:22"}
{"level":"info","message":"User retrieved: randomUser99999","timestamp":"2024-06-24 11:29:01"}
{"level":"info","message":"API Success: getUser","method":"GET","path":"getUser","status":200,"timestamp":"2024-06-24 11:29:01"}
{"level":"info","message":"User retrieved: randomUser99999","timestamp":"2024-06-24 11:29:01"}
{"level":"info","message":"API Success: getUser","method":"GET","path":"getUser","status":200,"timestamp":"2024-06-24 11:29:01"}
{"level":"info","message":"User retrieved: randomUser99999","timestamp":"2024-06-24 11:29:08"}
{"level":"info","message":"API Success: getUser","method":"GET","path":"getUser","status":200,"timestamp":"2024-06-24 11:29:08"}
{"level":"info","message":"User retrieved: randomUser99999","timestamp":"2024-06-24 11:29:08"}
{"level":"info","message":"API Success: getUser","method":"GET","path":"getUser","status":200,"timestamp":"2024-06-24 11:29:08"}
{"level":"info","message":"User retrieved: randomUser99999","timestamp":"2024-06-24 11:29:17"}
{"level":"info","message":"API Success: getUser","method":"GET","path":"getUser","status":200,"timestamp":"2024-06-24 11:29:17"}
{"level":"info","message":"User retrieved: randomUser99999","timestamp":"2024-06-24 11:29:17"}
{"level":"info","message":"API Success: getUser","method":"GET","path":"getUser","status":200,"timestamp":"2024-06-24 11:29:17"}
{"level":"info","message":"User retrieved: gennarobarret","timestamp":"2024-06-24 11:30:07"}
{"level":"info","message":"API Success: getUser","method":"GET","path":"getUser","status":200,"timestamp":"2024-06-24 11:30:07"}
{"level":"info","message":"User retrieved: gennarobarret","timestamp":"2024-06-24 11:30:08"}
{"level":"info","message":"API Success: getUser","method":"GET","path":"getUser","status":200,"timestamp":"2024-06-24 11:30:08"}
{"level":"info","message":"User retrieved: gennarobarret","timestamp":"2024-06-24 11:30:20"}
{"level":"info","message":"API Success: getUser","method":"GET","path":"getUser","status":200,"timestamp":"2024-06-24 11:30:20"}
{"level":"info","message":"User retrieved: gennarobarret","timestamp":"2024-06-24 11:30:20"}
{"level":"info","message":"API Success: getUser","method":"GET","path":"getUser","status":200,"timestamp":"2024-06-24 11:30:20"}
{"level":"info","message":"User retrieved: randomUser99999","timestamp":"2024-06-24 11:32:00"}
{"level":"info","message":"API Success: getUser","method":"GET","path":"getUser","status":200,"timestamp":"2024-06-24 11:32:00"}
{"level":"info","message":"User retrieved: randomUser99999","timestamp":"2024-06-24 11:32:00"}
{"level":"info","message":"API Success: getUser","method":"GET","path":"getUser","status":200,"timestamp":"2024-06-24 11:32:00"}
{"level":"info","message":"User retrieved: gennarobarret","timestamp":"2024-06-24 11:32:28"}
{"level":"info","message":"API Success: getUser","method":"GET","path":"getUser","status":200,"timestamp":"2024-06-24 11:32:28"}
{"level":"info","message":"User retrieved: gennarobarret","timestamp":"2024-06-24 11:32:29"}
{"level":"info","message":"API Success: getUser","method":"GET","path":"getUser","status":200,"timestamp":"2024-06-24 11:32:29"}
{"level":"info","message":"User retrieved: gennarobarret","timestamp":"2024-06-24 11:33:07"}
{"level":"info","message":"API Success: getUser","method":"GET","path":"getUser","status":200,"timestamp":"2024-06-24 11:33:07"}
{"level":"info","message":"User retrieved: gennarobarret","timestamp":"2024-06-24 11:33:07"}
{"level":"info","message":"API Success: getUser","method":"GET","path":"getUser","status":200,"timestamp":"2024-06-24 11:33:07"}
{"level":"info","message":"User retrieved: randomUser99999","timestamp":"2024-06-24 11:34:54"}
{"level":"info","message":"API Success: getUser","method":"GET","path":"getUser","status":200,"timestamp":"2024-06-24 11:34:54"}
{"level":"info","message":"User retrieved: randomUser99999","timestamp":"2024-06-24 11:34:54"}
{"level":"info","message":"API Success: getUser","method":"GET","path":"getUser","status":200,"timestamp":"2024-06-24 11:34:54"}
{"level":"info","message":"User retrieved: gennarobarret","timestamp":"2024-06-24 11:36:03"}
{"level":"info","message":"API Success: getUser","method":"GET","path":"getUser","status":200,"timestamp":"2024-06-24 11:36:03"}
{"level":"info","message":"User retrieved: gennarobarret","timestamp":"2024-06-24 11:36:03"}
{"level":"info","message":"API Success: getUser","method":"GET","path":"getUser","status":200,"timestamp":"2024-06-24 11:36:03"}
{"level":"info","message":"User retrieved: randomUser99999","timestamp":"2024-06-24 11:36:10"}
{"level":"info","message":"API Success: getUser","method":"GET","path":"getUser","status":200,"timestamp":"2024-06-24 11:36:11"}
{"level":"info","message":"User retrieved: randomUser99999","timestamp":"2024-06-24 11:36:11"}
{"level":"info","message":"API Success: getUser","method":"GET","path":"getUser","status":200,"timestamp":"2024-06-24 11:36:11"}
{"level":"info","message":"User retrieved: gennarobarret","timestamp":"2024-06-24 11:36:38"}
{"level":"info","message":"API Success: getUser","method":"GET","path":"getUser","status":200,"timestamp":"2024-06-24 11:36:38"}
{"level":"info","message":"User retrieved: gennarobarret","timestamp":"2024-06-24 11:36:38"}
{"level":"info","message":"API Success: getUser","method":"GET","path":"getUser","status":200,"timestamp":"2024-06-24 11:36:38"}
{"level":"info","message":"User retrieved: gennarobarret","timestamp":"2024-06-24 11:36:44"}
{"level":"info","message":"API Success: getUser","method":"GET","path":"getUser","status":200,"timestamp":"2024-06-24 11:36:44"}
{"level":"info","message":"User retrieved: gennarobarret","timestamp":"2024-06-24 11:36:44"}
{"level":"info","message":"API Success: getUser","method":"GET","path":"getUser","status":200,"timestamp":"2024-06-24 11:36:44"}
{"level":"info","message":"User retrieved: gennarobarret","timestamp":"2024-06-24 11:36:47"}
{"level":"info","message":"API Success: getUser","method":"GET","path":"getUser","status":200,"timestamp":"2024-06-24 11:36:47"}
{"level":"info","message":"User retrieved: gennarobarret","timestamp":"2024-06-24 11:36:47"}
{"level":"info","message":"API Success: getUser","method":"GET","path":"getUser","status":200,"timestamp":"2024-06-24 11:36:47"}
{"level":"info","message":"User retrieved: randomUser99999","timestamp":"2024-06-24 11:36:49"}
{"level":"info","message":"API Success: getUser","method":"GET","path":"getUser","status":200,"timestamp":"2024-06-24 11:36:49"}
{"level":"info","message":"User retrieved: randomUser99999","timestamp":"2024-06-24 11:36:49"}
{"level":"info","message":"API Success: getUser","method":"GET","path":"getUser","status":200,"timestamp":"2024-06-24 11:36:49"}
{"level":"info","message":"User retrieved: randomUser99999","timestamp":"2024-06-24 11:43:33"}
{"level":"info","message":"API Success: getUser","method":"GET","path":"getUser","status":200,"timestamp":"2024-06-24 11:43:33"}
{"level":"info","message":"User retrieved: randomUser99999","timestamp":"2024-06-24 11:43:33"}
{"level":"info","message":"API Success: getUser","method":"GET","path":"getUser","status":200,"timestamp":"2024-06-24 11:43:33"}
{"level":"info","message":"User retrieved: gennarobarret","timestamp":"2024-06-24 11:43:41"}
{"level":"info","message":"API Success: getUser","method":"GET","path":"getUser","status":200,"timestamp":"2024-06-24 11:43:41"}
{"level":"info","message":"User retrieved: gennarobarret","timestamp":"2024-06-24 11:43:42"}
{"level":"info","message":"API Success: getUser","method":"GET","path":"getUser","status":200,"timestamp":"2024-06-24 11:43:42"}
{"level":"info","message":"User retrieved: randomUser99999","timestamp":"2024-06-24 11:44:03"}
{"level":"info","message":"API Success: getUser","method":"GET","path":"getUser","status":200,"timestamp":"2024-06-24 11:44:03"}
{"level":"info","message":"User retrieved: randomUser99999","timestamp":"2024-06-24 11:44:03"}
{"level":"info","message":"API Success: getUser","method":"GET","path":"getUser","status":200,"timestamp":"2024-06-24 11:44:03"}
{"level":"info","message":"User retrieved: randomUser99999","timestamp":"2024-06-24 11:44:07"}
{"level":"info","message":"API Success: getUser","method":"GET","path":"getUser","status":200,"timestamp":"2024-06-24 11:44:07"}
{"level":"info","message":"User retrieved: randomUser99999","timestamp":"2024-06-24 11:44:07"}
{"level":"info","message":"API Success: getUser","method":"GET","path":"getUser","status":200,"timestamp":"2024-06-24 11:44:07"}
{"level":"info","message":"User retrieved: gennarobarret","timestamp":"2024-06-24 11:44:10"}
{"level":"info","message":"API Success: getUser","method":"GET","path":"getUser","status":200,"timestamp":"2024-06-24 11:44:10"}
{"level":"info","message":"User retrieved: gennarobarret","timestamp":"2024-06-24 11:44:10"}
{"level":"info","message":"API Success: getUser","method":"GET","path":"getUser","status":200,"timestamp":"2024-06-24 11:44:10"}
{"level":"info","message":"User retrieved: randomUser99999","timestamp":"2024-06-24 11:44:11"}
{"level":"info","message":"API Success: getUser","method":"GET","path":"getUser","status":200,"timestamp":"2024-06-24 11:44:11"}
{"level":"info","message":"User retrieved: randomUser99999","timestamp":"2024-06-24 11:44:11"}
{"level":"info","message":"API Success: getUser","method":"GET","path":"getUser","status":200,"timestamp":"2024-06-24 11:44:11"}
{"level":"info","message":"User retrieved: randomUser99999","timestamp":"2024-06-24 11:45:13"}
{"level":"info","message":"API Success: getUser","method":"GET","path":"getUser","status":200,"timestamp":"2024-06-24 11:45:13"}
{"level":"info","message":"User retrieved: randomUser99999","timestamp":"2024-06-24 11:45:13"}
{"level":"info","message":"API Success: getUser","method":"GET","path":"getUser","status":200,"timestamp":"2024-06-24 11:45:13"}
{"level":"info","message":"User retrieved: gennarobarret","timestamp":"2024-06-24 11:45:17"}
{"level":"info","message":"API Success: getUser","method":"GET","path":"getUser","status":200,"timestamp":"2024-06-24 11:45:17"}
{"level":"info","message":"User retrieved: gennarobarret","timestamp":"2024-06-24 11:45:17"}
{"level":"info","message":"API Success: getUser","method":"GET","path":"getUser","status":200,"timestamp":"2024-06-24 11:45:17"}
{"level":"info","message":"User retrieved: gennarobarret","timestamp":"2024-06-24 11:50:40"}
{"level":"info","message":"API Success: getUser","method":"GET","path":"getUser","status":200,"timestamp":"2024-06-24 11:50:40"}
{"level":"info","message":"User retrieved: gennarobarret","timestamp":"2024-06-24 11:50:41"}
{"level":"info","message":"API Success: getUser","method":"GET","path":"getUser","status":200,"timestamp":"2024-06-24 11:50:41"}
{"level":"info","message":"User retrieved: gennarobarret","timestamp":"2024-06-24 11:50:56"}
{"level":"info","message":"API Success: getUser","method":"GET","path":"getUser","status":200,"timestamp":"2024-06-24 11:50:56"}
{"level":"info","message":"User retrieved: gennarobarret","timestamp":"2024-06-24 11:50:58"}
{"level":"info","message":"API Success: getUser","method":"GET","path":"getUser","status":200,"timestamp":"2024-06-24 11:50:59"}
{"level":"info","message":"User retrieved: gennarobarret","timestamp":"2024-06-24 11:51:43"}
{"level":"info","message":"API Success: getUser","method":"GET","path":"getUser","status":200,"timestamp":"2024-06-24 11:51:43"}
{"level":"info","message":"User retrieved: gennarobarret","timestamp":"2024-06-24 11:51:45"}
{"level":"info","message":"API Success: getUser","method":"GET","path":"getUser","status":200,"timestamp":"2024-06-24 11:51:45"}
{"level":"info","message":"User retrieved: gennarobarret","timestamp":"2024-06-24 11:51:55"}
{"level":"info","message":"API Success: getUser","method":"GET","path":"getUser","status":200,"timestamp":"2024-06-24 11:51:55"}
{"level":"info","message":"User retrieved: gennarobarret","timestamp":"2024-06-24 11:51:57"}
{"level":"info","message":"API Success: getUser","method":"GET","path":"getUser","status":200,"timestamp":"2024-06-24 11:51:57"}
{"level":"info","message":"User retrieved: gennarobarret","timestamp":"2024-06-24 11:53:14"}
{"level":"info","message":"API Success: getUser","method":"GET","path":"getUser","status":200,"timestamp":"2024-06-24 11:53:15"}
{"level":"info","message":"User retrieved: gennarobarret","timestamp":"2024-06-24 11:53:20"}
{"level":"info","message":"API Success: getUser","method":"GET","path":"getUser","status":200,"timestamp":"2024-06-24 11:53:20"}
{"level":"info","message":"User retrieved: gennarobarret","timestamp":"2024-06-24 11:54:18"}
{"level":"info","message":"API Success: getUser","method":"GET","path":"getUser","status":200,"timestamp":"2024-06-24 11:54:18"}
{"level":"info","message":"User retrieved: gennarobarret","timestamp":"2024-06-24 11:54:21"}
{"level":"info","message":"API Success: getUser","method":"GET","path":"getUser","status":200,"timestamp":"2024-06-24 11:54:21"}
{"level":"info","message":"User retrieved: gennarobarret","timestamp":"2024-06-24 11:54:38"}
{"level":"info","message":"API Success: getUser","method":"GET","path":"getUser","status":200,"timestamp":"2024-06-24 11:54:38"}
{"level":"info","message":"User retrieved: gennarobarret","timestamp":"2024-06-24 11:54:39"}
{"level":"info","message":"API Success: getUser","method":"GET","path":"getUser","status":200,"timestamp":"2024-06-24 11:54:39"}
{"level":"info","message":"User retrieved: gennarobarret","timestamp":"2024-06-24 11:54:58"}
{"level":"info","message":"API Success: getUser","method":"GET","path":"getUser","status":200,"timestamp":"2024-06-24 11:54:58"}
{"level":"info","message":"User retrieved: gennarobarret","timestamp":"2024-06-24 11:54:59"}
{"level":"info","message":"API Success: getUser","method":"GET","path":"getUser","status":200,"timestamp":"2024-06-24 11:54:59"}
{"level":"info","message":"User retrieved: gennarobarret","timestamp":"2024-06-24 11:55:10"}
{"level":"info","message":"API Success: getUser","method":"GET","path":"getUser","status":200,"timestamp":"2024-06-24 11:55:10"}
{"level":"info","message":"User retrieved: gennarobarret","timestamp":"2024-06-24 11:55:12"}
{"level":"info","message":"API Success: getUser","method":"GET","path":"getUser","status":200,"timestamp":"2024-06-24 11:55:12"}
{"level":"info","message":"User retrieved: gennarobarret","timestamp":"2024-06-24 11:56:17"}
{"level":"info","message":"API Success: getUser","method":"GET","path":"getUser","status":200,"timestamp":"2024-06-24 11:56:17"}
{"level":"info","message":"User retrieved: gennarobarret","timestamp":"2024-06-24 11:56:17"}
{"level":"info","message":"API Success: getUser","method":"GET","path":"getUser","status":200,"timestamp":"2024-06-24 11:56:17"}
{"level":"info","message":"User retrieved: gennarobarret","timestamp":"2024-06-24 12:31:51"}
{"level":"info","message":"API Success: getUser","method":"GET","path":"getUser","status":200,"timestamp":"2024-06-24 12:31:52"}
{"level":"info","message":"User retrieved: gennarobarret","timestamp":"2024-06-24 12:31:52"}
{"level":"info","message":"API Success: getUser","method":"GET","path":"getUser","status":200,"timestamp":"2024-06-24 12:31:52"}
{"level":"info","message":"User retrieved: gennarobarret","timestamp":"2024-06-24 12:32:17"}
{"level":"info","message":"API Success: getUser","method":"GET","path":"getUser","status":200,"timestamp":"2024-06-24 12:32:17"}
{"level":"info","message":"User retrieved: gennarobarret","timestamp":"2024-06-24 12:32:18"}
{"level":"info","message":"API Success: getUser","method":"GET","path":"getUser","status":200,"timestamp":"2024-06-24 12:32:18"}
{"level":"info","message":"User retrieved: gennarobarret","timestamp":"2024-06-24 12:32:30"}
{"level":"info","message":"API Success: getUser","method":"GET","path":"getUser","status":200,"timestamp":"2024-06-24 12:32:30"}
{"level":"info","message":"User retrieved: gennarobarret","timestamp":"2024-06-24 12:32:30"}
{"level":"info","message":"API Success: getUser","method":"GET","path":"getUser","status":200,"timestamp":"2024-06-24 12:32:30"}
{"level":"info","message":"User retrieved: gennarobarret","timestamp":"2024-06-24 12:33:09"}
{"level":"info","message":"API Success: getUser","method":"GET","path":"getUser","status":200,"timestamp":"2024-06-24 12:33:09"}
{"level":"info","message":"User retrieved: gennarobarret","timestamp":"2024-06-24 12:33:09"}
{"level":"info","message":"API Success: getUser","method":"GET","path":"getUser","status":200,"timestamp":"2024-06-24 12:33:10"}
{"level":"info","message":"User retrieved: gennarobarret","timestamp":"2024-06-24 12:33:19"}
{"level":"info","message":"API Success: getUser","method":"GET","path":"getUser","status":200,"timestamp":"2024-06-24 12:33:19"}
{"level":"info","message":"User retrieved: gennarobarret","timestamp":"2024-06-24 12:33:20"}
{"level":"info","message":"API Success: getUser","method":"GET","path":"getUser","status":200,"timestamp":"2024-06-24 12:33:20"}
{"level":"info","message":"User retrieved: gennarobarret","timestamp":"2024-06-24 12:34:04"}
{"level":"info","message":"API Success: getUser","method":"GET","path":"getUser","status":200,"timestamp":"2024-06-24 12:34:04"}
{"level":"info","message":"User retrieved: gennarobarret","timestamp":"2024-06-24 12:34:04"}
{"level":"info","message":"API Success: getUser","method":"GET","path":"getUser","status":200,"timestamp":"2024-06-24 12:34:04"}
{"level":"info","message":"User retrieved: gennarobarret","timestamp":"2024-06-24 12:34:14"}
{"level":"info","message":"API Success: getUser","method":"GET","path":"getUser","status":200,"timestamp":"2024-06-24 12:34:15"}
{"level":"info","message":"User retrieved: gennarobarret","timestamp":"2024-06-24 12:34:15"}
{"level":"info","message":"API Success: getUser","method":"GET","path":"getUser","status":200,"timestamp":"2024-06-24 12:34:15"}
{"level":"info","message":"User retrieved: gennarobarret","timestamp":"2024-06-24 12:34:57"}
{"level":"info","message":"API Success: getUser","method":"GET","path":"getUser","status":200,"timestamp":"2024-06-24 12:34:57"}
{"level":"info","message":"User retrieved: gennarobarret","timestamp":"2024-06-24 12:34:57"}
{"level":"info","message":"API Success: getUser","method":"GET","path":"getUser","status":200,"timestamp":"2024-06-24 12:34:57"}
{"level":"info","message":"User retrieved: gennarobarret","timestamp":"2024-06-24 12:36:16"}
{"level":"info","message":"API Success: getUser","method":"GET","path":"getUser","status":200,"timestamp":"2024-06-24 12:36:16"}
{"level":"info","message":"User retrieved: gennarobarret","timestamp":"2024-06-24 12:36:17"}
{"level":"info","message":"API Success: getUser","method":"GET","path":"getUser","status":200,"timestamp":"2024-06-24 12:36:17"}
{"level":"info","message":"User retrieved: gennarobarret","timestamp":"2024-06-24 12:53:44"}
{"level":"info","message":"API Success: getUser","method":"GET","path":"getUser","status":200,"timestamp":"2024-06-24 12:53:44"}
{"level":"info","message":"User retrieved: gennarobarret","timestamp":"2024-06-24 12:53:45"}
{"level":"info","message":"API Success: getUser","method":"GET","path":"getUser","status":200,"timestamp":"2024-06-24 12:53:45"}
{"level":"info","message":"Existing Google user logged in: gennarobarret","timestamp":"2024-06-24 13:07:06"}
{"level":"info","message":"API Success: auth/google","method":"POST","path":"auth/google","status":200,"timestamp":"2024-06-24 13:07:06"}
{"level":"info","message":"User retrieved: gennarobarret","timestamp":"2024-06-24 13:07:07"}
{"level":"info","message":"API Success: getUser","method":"GET","path":"getUser","status":200,"timestamp":"2024-06-24 13:07:07"}
{"level":"info","message":"User retrieved: gennarobarret","timestamp":"2024-06-24 13:07:08"}
{"level":"info","message":"API Success: getUser","method":"GET","path":"getUser","status":200,"timestamp":"2024-06-24 13:07:08"}
{"level":"info","message":"User retrieved: gennarobarret","timestamp":"2024-06-24 13:07:25"}
{"level":"info","message":"API Success: getUser","method":"GET","path":"getUser","status":200,"timestamp":"2024-06-24 13:07:25"}
{"level":"info","message":"User retrieved: gennarobarret","timestamp":"2024-06-24 13:07:26"}
{"level":"info","message":"API Success: getUser","method":"GET","path":"getUser","status":200,"timestamp":"2024-06-24 13:07:26"}
{"level":"info","message":"User retrieved: gennarobarret","timestamp":"2024-06-24 13:07:33"}
{"level":"info","message":"API Success: getUser","method":"GET","path":"getUser","status":200,"timestamp":"2024-06-24 13:07:33"}
{"level":"info","message":"User retrieved: gennarobarret","timestamp":"2024-06-24 13:07:33"}
{"level":"info","message":"API Success: getUser","method":"GET","path":"getUser","status":200,"timestamp":"2024-06-24 13:07:33"}
{"level":"info","message":"User retrieved: randomUser99999","timestamp":"2024-06-24 13:07:46"}
{"level":"info","message":"API Success: getUser","method":"GET","path":"getUser","status":200,"timestamp":"2024-06-24 13:07:46"}
{"level":"info","message":"User retrieved: randomUser99999","timestamp":"2024-06-24 13:07:46"}
{"level":"info","message":"API Success: getUser","method":"GET","path":"getUser","status":200,"timestamp":"2024-06-24 13:07:46"}
{"level":"info","message":"User retrieved: gennarobarret","timestamp":"2024-06-24 13:12:10"}
{"level":"info","message":"API Success: getUser","method":"GET","path":"getUser","status":200,"timestamp":"2024-06-24 13:12:10"}
{"level":"info","message":"User retrieved: gennarobarret","timestamp":"2024-06-24 13:12:11"}
{"level":"info","message":"API Success: getUser","method":"GET","path":"getUser","status":200,"timestamp":"2024-06-24 13:12:11"}
{"level":"info","message":"API Success: loginUser","method":"POST","path":"loginUser","status":200,"timestamp":"2024-06-24 13:16:27"}
{"level":"info","message":"User randomUser99999 Successful login","timestamp":"2024-06-24 13:16:27"}
{"level":"info","message":"User retrieved: randomUser99999","timestamp":"2024-06-24 13:16:28"}
{"level":"info","message":"API Success: getUser","method":"GET","path":"getUser","status":200,"timestamp":"2024-06-24 13:16:28"}
{"level":"info","message":"User retrieved: randomUser99999","timestamp":"2024-06-24 13:16:28"}
{"level":"info","message":"API Success: getUser","method":"GET","path":"getUser","status":200,"timestamp":"2024-06-24 13:16:28"}
{"level":"info","message":"API Success: loginUser","method":"POST","path":"loginUser","status":200,"timestamp":"2024-06-24 13:18:22"}
{"level":"info","message":"User masteradmin Successful login","timestamp":"2024-06-24 13:18:22"}
{"level":"info","message":"User retrieved: masteradmin","timestamp":"2024-06-24 13:18:23"}
{"level":"info","message":"API Success: getUser","method":"GET","path":"getUser","status":200,"timestamp":"2024-06-24 13:18:23"}
{"level":"info","message":"User retrieved: masteradmin","timestamp":"2024-06-24 13:18:24"}
{"level":"info","message":"API Success: getUser","method":"GET","path":"getUser","status":200,"timestamp":"2024-06-24 13:18:24"}
{"level":"info","message":"API Success: loginUser","method":"POST","path":"loginUser","status":200,"timestamp":"2024-06-24 13:25:05"}
{"level":"info","message":"User masteradmin Successful login","timestamp":"2024-06-24 13:25:05"}
{"level":"info","message":"User retrieved: masteradmin","timestamp":"2024-06-24 13:25:06"}
{"level":"info","message":"API Success: getUser","method":"GET","path":"getUser","status":200,"timestamp":"2024-06-24 13:25:06"}
{"level":"info","message":"User retrieved: masteradmin","timestamp":"2024-06-24 13:25:06"}
{"level":"info","message":"API Success: getUser","method":"GET","path":"getUser","status":200,"timestamp":"2024-06-24 13:25:06"}
{"level":"info","message":"User retrieved: masteradmin","timestamp":"2024-06-24 23:15:47"}
{"level":"info","message":"API Success: getUser","method":"GET","path":"getUser","status":200,"timestamp":"2024-06-24 23:15:47"}
{"level":"info","message":"User retrieved: masteradmin","timestamp":"2024-06-24 23:15:47"}
{"level":"info","message":"API Success: getUser","method":"GET","path":"getUser","status":200,"timestamp":"2024-06-24 23:15:47"}
{"level":"info","message":"User retrieved: masteradmin","timestamp":"2024-06-24 23:22:41"}
{"level":"info","message":"API Success: getUser","method":"GET","path":"getUser","status":200,"timestamp":"2024-06-24 23:22:41"}
{"level":"info","message":"User retrieved: masteradmin","timestamp":"2024-06-24 23:22:41"}
{"level":"info","message":"API Success: getUser","method":"GET","path":"getUser","status":200,"timestamp":"2024-06-24 23:22:41"}
{"level":"info","message":"User retrieved: masteradmin","timestamp":"2024-06-24 23:22:51"}
{"level":"info","message":"API Success: getUser","method":"GET","path":"getUser","status":200,"timestamp":"2024-06-24 23:22:51"}
{"level":"info","message":"User retrieved: masteradmin","timestamp":"2024-06-24 23:22:51"}
{"level":"info","message":"API Success: getUser","method":"GET","path":"getUser","status":200,"timestamp":"2024-06-24 23:22:51"}
{"level":"info","message":"API Success: loginUser","method":"POST","path":"loginUser","status":200,"timestamp":"2024-06-24 23:29:10"}
{"level":"info","message":"User masteradmin Successful login","timestamp":"2024-06-24 23:29:10"}
{"level":"info","message":"User retrieved: masteradmin","timestamp":"2024-06-24 23:29:10"}
{"level":"info","message":"API Success: getUser","method":"GET","path":"getUser","status":200,"timestamp":"2024-06-24 23:29:10"}
{"level":"info","message":"User retrieved: masteradmin","timestamp":"2024-06-24 23:29:10"}
{"level":"info","message":"API Success: getUser","method":"GET","path":"getUser","status":200,"timestamp":"2024-06-24 23:29:10"}
{"level":"info","message":"API Success: loginUser","method":"POST","path":"loginUser","status":200,"timestamp":"2024-06-24 23:36:46"}
{"level":"info","message":"User randomUser99999 Successful login","timestamp":"2024-06-24 23:36:46"}
{"level":"info","message":"User retrieved: randomUser99999","timestamp":"2024-06-24 23:36:47"}
{"level":"info","message":"API Success: getUser","method":"GET","path":"getUser","status":200,"timestamp":"2024-06-24 23:36:47"}
{"level":"info","message":"User retrieved: randomUser99999","timestamp":"2024-06-24 23:36:47"}
{"level":"info","message":"API Success: getUser","method":"GET","path":"getUser","status":200,"timestamp":"2024-06-24 23:36:47"}
{"level":"info","message":"API Success: loginUser","method":"POST","path":"loginUser","status":200,"timestamp":"2024-06-24 23:40:15"}
{"level":"info","message":"User randomUser99999 Successful login","timestamp":"2024-06-24 23:40:15"}
{"level":"info","message":"User retrieved: randomUser99999","timestamp":"2024-06-24 23:40:15"}
{"level":"info","message":"API Success: getUser","method":"GET","path":"getUser","status":200,"timestamp":"2024-06-24 23:40:15"}
{"level":"info","message":"User retrieved: randomUser99999","timestamp":"2024-06-24 23:40:15"}
{"level":"info","message":"API Success: getUser","method":"GET","path":"getUser","status":200,"timestamp":"2024-06-24 23:40:15"}
{"level":"info","message":"Existing Google user logged in: gennarobarret","timestamp":"2024-06-24 23:43:23"}
{"level":"info","message":"API Success: auth/google","method":"POST","path":"auth/google","status":200,"timestamp":"2024-06-24 23:43:23"}
{"level":"info","message":"User retrieved: gennarobarret","timestamp":"2024-06-24 23:43:24"}
{"level":"info","message":"API Success: getUser","method":"GET","path":"getUser","status":200,"timestamp":"2024-06-24 23:43:24"}
{"level":"info","message":"User retrieved: gennarobarret","timestamp":"2024-06-24 23:43:24"}
{"level":"info","message":"API Success: getUser","method":"GET","path":"getUser","status":200,"timestamp":"2024-06-24 23:43:24"}
{"level":"info","message":"API Success: loginUser","method":"POST","path":"loginUser","status":200,"timestamp":"2024-06-24 23:44:21"}
{"level":"info","message":"User masteradmin Successful login","timestamp":"2024-06-24 23:44:21"}
{"level":"info","message":"User retrieved: masteradmin","timestamp":"2024-06-24 23:44:21"}
{"level":"info","message":"API Success: getUser","method":"GET","path":"getUser","status":200,"timestamp":"2024-06-24 23:44:21"}
{"level":"info","message":"User retrieved: masteradmin","timestamp":"2024-06-24 23:44:22"}
{"level":"info","message":"API Success: getUser","method":"GET","path":"getUser","status":200,"timestamp":"2024-06-24 23:44:22"}
{"level":"info","message":"User retrieved: masteradmin","timestamp":"2024-06-24 23:44:33"}
{"level":"info","message":"API Success: getUser","method":"GET","path":"getUser","status":200,"timestamp":"2024-06-24 23:44:33"}
{"level":"info","message":"User retrieved: masteradmin","timestamp":"2024-06-24 23:44:35"}
{"level":"info","message":"API Success: getUser","method":"GET","path":"getUser","status":200,"timestamp":"2024-06-24 23:44:35"}
{"level":"info","message":"API Success: loginUser","method":"POST","path":"loginUser","status":200,"timestamp":"2024-06-24 23:44:46"}
{"level":"info","message":"User masteradmin Successful login","timestamp":"2024-06-24 23:44:46"}
{"level":"info","message":"User retrieved: masteradmin","timestamp":"2024-06-24 23:44:47"}
{"level":"info","message":"API Success: getUser","method":"GET","path":"getUser","status":200,"timestamp":"2024-06-24 23:44:47"}
{"level":"info","message":"User retrieved: masteradmin","timestamp":"2024-06-24 23:44:47"}
{"level":"info","message":"API Success: getUser","method":"GET","path":"getUser","status":200,"timestamp":"2024-06-24 23:44:47"}
{"level":"info","message":"User retrieved: masteradmin","timestamp":"2024-06-24 23:44:59"}
{"level":"info","message":"API Success: getUser","method":"GET","path":"getUser","status":200,"timestamp":"2024-06-24 23:44:59"}
{"level":"info","message":"User retrieved: masteradmin","timestamp":"2024-06-24 23:44:59"}
{"level":"info","message":"API Success: getUser","method":"GET","path":"getUser","status":200,"timestamp":"2024-06-24 23:44:59"}
