{"level":"info","message":"User retrieved: masteradmin","timestamp":"2024-06-16 13:09:42"}
{"level":"info","message":"API Success: getUser","method":"GET","path":"getUser","status":200,"timestamp":"2024-06-16 13:09:42"}
{"level":"info","message":"User retrieved: masteradmin","timestamp":"2024-06-16 13:09:43"}
{"level":"info","message":"API Success: getUser","method":"GET","path":"getUser","status":200,"timestamp":"2024-06-16 13:09:43"}
{"level":"error","message":"loginUser error: Validation error: \"sender\" must be a string, \"recipients[0]\" must be a string, \"recipients\" does not contain 1 required value(s)","method":"POST","path":"loginUser","stack":"Contact support.","status":500,"timestamp":"2024-06-16 14:29:27"}
{"level":"error","message":"loginUser error: Validation error: \"sender\" must be a string, \"recipients[0]\" must be a string, \"recipients\" does not contain 1 required value(s)","method":"POST","path":"loginUser","stack":"Contact support.","status":500,"timestamp":"2024-06-16 14:29:42"}
{"level":"error","message":"loginUser error: Validation error: \"sender\" must be a string, \"recipients[0]\" must be a string, \"recipients\" does not contain 1 required value(s)","method":"POST","path":"loginUser","stack":"Contact support.","status":500,"timestamp":"2024-06-16 15:25:16"}
{"level":"error","message":"loginUser error: Validation error: \"sender\" must be a string, \"recipients[0]\" must be a string, \"recipients\" does not contain 1 required value(s)","method":"POST","path":"loginUser","stack":"Contact support.","status":500,"timestamp":"2024-06-16 15:46:02"}
{"level":"error","message":"loginUser error: Validation error: \"sender\" must be a string, \"recipients[0]\" must be a string, \"recipients\" does not contain 1 required value(s)","method":"POST","path":"loginUser","stack":"Contact support.","status":500,"timestamp":"2024-06-16 15:47:29"}
{"level":"info","message":"API Success: loginUser","method":"POST","path":"loginUser","status":200,"timestamp":"2024-06-16 16:03:30"}
{"level":"info","message":"User masteradmin Successful login","timestamp":"2024-06-16 16:03:30"}
{"level":"info","message":"API Success: loginUser","method":"POST","path":"loginUser","status":200,"timestamp":"2024-06-16 16:03:51"}
{"level":"info","message":"User masteradmin Successful login","timestamp":"2024-06-16 16:03:51"}
{"level":"info","message":"User retrieved: masteradmin","timestamp":"2024-06-16 16:03:55"}
{"level":"info","message":"API Success: getUser","method":"GET","path":"getUser","status":200,"timestamp":"2024-06-16 16:03:55"}
{"level":"info","message":"User retrieved: masteradmin","timestamp":"2024-06-16 16:03:55"}
{"level":"info","message":"API Success: getUser","method":"GET","path":"getUser","status":200,"timestamp":"2024-06-16 16:03:56"}
{"level":"info","message":"API Success: loginUser","method":"POST","path":"loginUser","status":200,"timestamp":"2024-06-16 16:16:30"}
{"level":"info","message":"User masteradmin Successful login","timestamp":"2024-06-16 16:16:30"}
{"level":"info","message":"User retrieved: masteradmin","timestamp":"2024-06-16 16:49:43"}
{"level":"info","message":"API Success: getUser","method":"GET","path":"getUser","status":200,"timestamp":"2024-06-16 16:49:43"}
{"level":"info","message":"User retrieved: masteradmin","timestamp":"2024-06-16 16:49:43"}
{"level":"info","message":"API Success: getUser","method":"GET","path":"getUser","status":200,"timestamp":"2024-06-16 16:49:43"}
{"level":"info","message":"User retrieved: masteradmin","timestamp":"2024-06-16 16:51:36"}
{"level":"info","message":"API Success: getUser","method":"GET","path":"getUser","status":200,"timestamp":"2024-06-16 16:51:36"}
{"level":"info","message":"User retrieved: masteradmin","timestamp":"2024-06-16 16:51:36"}
{"level":"info","message":"API Success: getUser","method":"GET","path":"getUser","status":200,"timestamp":"2024-06-16 16:51:36"}
{"level":"info","message":"User retrieved: masteradmin","timestamp":"2024-06-16 16:52:08"}
{"level":"info","message":"API Success: getUser","method":"GET","path":"getUser","status":200,"timestamp":"2024-06-16 16:52:08"}
{"level":"info","message":"User retrieved: masteradmin","timestamp":"2024-06-16 16:52:08"}
{"level":"info","message":"API Success: getUser","method":"GET","path":"getUser","status":200,"timestamp":"2024-06-16 16:52:08"}
{"level":"info","message":"User retrieved: masteradmin","timestamp":"2024-06-16 16:58:40"}
{"level":"info","message":"API Success: getUser","method":"GET","path":"getUser","status":200,"timestamp":"2024-06-16 16:58:41"}
{"level":"info","message":"User retrieved: masteradmin","timestamp":"2024-06-16 16:58:42"}
{"level":"info","message":"API Success: getUser","method":"GET","path":"getUser","status":200,"timestamp":"2024-06-16 16:58:42"}
{"level":"error","message":"undefined_path error: The token is invalid: invalid token","path":"undefined_path","stack":"No additional details provided.","status":403,"timestamp":"2024-06-16 17:28:08"}
{"level":"error","message":"undefined_path error: The token is invalid: invalid token","path":"undefined_path","stack":"No additional details provided.","status":403,"timestamp":"2024-06-16 17:28:09"}
{"level":"error","message":"undefined_path error: The token is invalid: invalid token","path":"undefined_path","stack":"No additional details provided.","status":403,"timestamp":"2024-06-16 17:29:10"}
{"level":"error","message":"undefined_path error: The token is invalid: invalid token","path":"undefined_path","stack":"No additional details provided.","status":403,"timestamp":"2024-06-16 17:29:11"}
{"level":"error","message":"undefined_path error: The token is invalid: invalid token","path":"undefined_path","stack":"No additional details provided.","status":403,"timestamp":"2024-06-16 17:38:47"}
{"level":"error","message":"undefined_path error: The token is invalid: invalid token","path":"undefined_path","stack":"No additional details provided.","status":403,"timestamp":"2024-06-16 17:38:47"}
{"level":"info","message":"API Success: loginUser","method":"POST","path":"loginUser","status":200,"timestamp":"2024-06-16 17:39:57"}
{"level":"info","message":"User masteradmin Successful login","timestamp":"2024-06-16 17:39:57"}
{"level":"error","message":"undefined_path error: The token is invalid: invalid token","path":"undefined_path","stack":"No additional details provided.","status":403,"timestamp":"2024-06-16 17:39:57"}
{"level":"error","message":"undefined_path error: The token is invalid: invalid token","path":"undefined_path","stack":"No additional details provided.","status":403,"timestamp":"2024-06-16 17:39:57"}
{"level":"info","message":"User retrieved: masteradmin","timestamp":"2024-06-16 17:41:00"}
{"level":"info","message":"API Success: getUser","method":"GET","path":"getUser","status":200,"timestamp":"2024-06-16 17:41:00"}
{"level":"info","message":"User retrieved: masteradmin","timestamp":"2024-06-16 17:41:01"}
{"level":"info","message":"API Success: getUser","method":"GET","path":"getUser","status":200,"timestamp":"2024-06-16 17:41:02"}
{"level":"info","message":"User retrieved: masteradmin","timestamp":"2024-06-16 17:49:29"}
{"level":"info","message":"API Success: getUser","method":"GET","path":"getUser","status":200,"timestamp":"2024-06-16 17:49:29"}
{"level":"info","message":"User retrieved: masteradmin","timestamp":"2024-06-16 17:49:29"}
{"level":"info","message":"API Success: getUser","method":"GET","path":"getUser","status":200,"timestamp":"2024-06-16 17:49:29"}
{"level":"info","message":"User retrieved: masteradmin","timestamp":"2024-06-16 18:49:17"}
{"level":"info","message":"API Success: getUser","method":"GET","path":"getUser","status":200,"timestamp":"2024-06-16 18:49:17"}
{"level":"info","message":"User retrieved: masteradmin","timestamp":"2024-06-16 18:49:17"}
{"level":"info","message":"API Success: getUser","method":"GET","path":"getUser","status":200,"timestamp":"2024-06-16 18:49:17"}
{"level":"info","message":"User retrieved: masteradmin","timestamp":"2024-06-16 18:49:51"}
{"level":"info","message":"API Success: getUser","method":"GET","path":"getUser","status":200,"timestamp":"2024-06-16 18:49:51"}
{"level":"info","message":"User retrieved: masteradmin","timestamp":"2024-06-16 18:49:51"}
{"level":"info","message":"API Success: getUser","method":"GET","path":"getUser","status":200,"timestamp":"2024-06-16 18:49:51"}
{"level":"info","message":"User retrieved: masteradmin","timestamp":"2024-06-16 18:53:22"}
{"level":"info","message":"API Success: getUser","method":"GET","path":"getUser","status":200,"timestamp":"2024-06-16 18:53:22"}
{"level":"info","message":"User retrieved: masteradmin","timestamp":"2024-06-16 18:53:22"}
{"level":"info","message":"API Success: getUser","method":"GET","path":"getUser","status":200,"timestamp":"2024-06-16 18:53:22"}
{"level":"info","message":"API Success: loginUser","method":"POST","path":"loginUser","status":200,"timestamp":"2024-06-16 18:54:16"}
{"level":"info","message":"User masteradmin Successful login","timestamp":"2024-06-16 18:54:16"}
{"level":"info","message":"User retrieved: masteradmin","timestamp":"2024-06-16 18:54:17"}
{"level":"info","message":"API Success: getUser","method":"GET","path":"getUser","status":200,"timestamp":"2024-06-16 18:54:17"}
{"level":"info","message":"User retrieved: masteradmin","timestamp":"2024-06-16 18:54:17"}
{"level":"info","message":"API Success: getUser","method":"GET","path":"getUser","status":200,"timestamp":"2024-06-16 18:54:17"}
{"level":"info","message":"User retrieved: masteradmin","timestamp":"2024-06-16 18:54:25"}
{"level":"info","message":"API Success: getUser","method":"GET","path":"getUser","status":200,"timestamp":"2024-06-16 18:54:25"}
{"level":"info","message":"User retrieved: masteradmin","timestamp":"2024-06-16 18:54:25"}
{"level":"info","message":"API Success: getUser","method":"GET","path":"getUser","status":200,"timestamp":"2024-06-16 18:54:25"}
{"level":"info","message":"User retrieved: masteradmin","timestamp":"2024-06-16 18:55:12"}
{"level":"info","message":"API Success: getUser","method":"GET","path":"getUser","status":200,"timestamp":"2024-06-16 18:55:12"}
{"level":"info","message":"User retrieved: masteradmin","timestamp":"2024-06-16 18:55:12"}
{"level":"info","message":"API Success: getUser","method":"GET","path":"getUser","status":200,"timestamp":"2024-06-16 18:55:12"}
{"level":"info","message":"User retrieved: masteradmin","timestamp":"2024-06-16 18:55:39"}
{"level":"info","message":"API Success: getUser","method":"GET","path":"getUser","status":200,"timestamp":"2024-06-16 18:55:39"}
{"level":"info","message":"User retrieved: masteradmin","timestamp":"2024-06-16 18:55:40"}
{"level":"info","message":"API Success: getUser","method":"GET","path":"getUser","status":200,"timestamp":"2024-06-16 18:55:40"}
{"level":"info","message":"User retrieved: masteradmin","timestamp":"2024-06-16 19:38:52"}
{"level":"info","message":"API Success: getUser","method":"GET","path":"getUser","status":200,"timestamp":"2024-06-16 19:38:52"}
{"level":"info","message":"User retrieved: masteradmin","timestamp":"2024-06-16 19:38:52"}
{"level":"info","message":"API Success: getUser","method":"GET","path":"getUser","status":200,"timestamp":"2024-06-16 19:38:52"}
{"level":"info","message":"API Success: loginUser","method":"POST","path":"loginUser","status":200,"timestamp":"2024-06-16 19:57:46"}
{"level":"info","message":"User masteradmin Successful login","timestamp":"2024-06-16 19:57:46"}
{"level":"info","message":"User retrieved: masteradmin","timestamp":"2024-06-16 19:57:46"}
{"level":"info","message":"API Success: getUser","method":"GET","path":"getUser","status":200,"timestamp":"2024-06-16 19:57:46"}
{"level":"info","message":"User retrieved: masteradmin","timestamp":"2024-06-16 19:57:46"}
{"level":"info","message":"API Success: getUser","method":"GET","path":"getUser","status":200,"timestamp":"2024-06-16 19:57:46"}
{"level":"info","message":"User retrieved: masteradmin","timestamp":"2024-06-16 20:00:49"}
{"level":"info","message":"API Success: getUser","method":"GET","path":"getUser","status":200,"timestamp":"2024-06-16 20:00:49"}
{"level":"info","message":"User retrieved: masteradmin","timestamp":"2024-06-16 20:00:50"}
{"level":"info","message":"API Success: getUser","method":"GET","path":"getUser","status":200,"timestamp":"2024-06-16 20:00:50"}
{"level":"info","message":"User retrieved: masteradmin","timestamp":"2024-06-16 20:09:47"}
{"level":"info","message":"API Success: getUser","method":"GET","path":"getUser","status":200,"timestamp":"2024-06-16 20:09:47"}
{"level":"info","message":"User retrieved: masteradmin","timestamp":"2024-06-16 20:09:47"}
{"level":"info","message":"API Success: getUser","method":"GET","path":"getUser","status":200,"timestamp":"2024-06-16 20:09:47"}
{"level":"info","message":"User retrieved: masteradmin","timestamp":"2024-06-16 20:10:15"}
{"level":"info","message":"API Success: getUser","method":"GET","path":"getUser","status":200,"timestamp":"2024-06-16 20:10:16"}
{"level":"info","message":"User retrieved: masteradmin","timestamp":"2024-06-16 20:10:16"}
{"level":"info","message":"API Success: getUser","method":"GET","path":"getUser","status":200,"timestamp":"2024-06-16 20:10:16"}
{"level":"info","message":"User retrieved: masteradmin","timestamp":"2024-06-16 20:15:44"}
{"level":"info","message":"API Success: getUser","method":"GET","path":"getUser","status":200,"timestamp":"2024-06-16 20:15:44"}
{"level":"info","message":"User retrieved: masteradmin","timestamp":"2024-06-16 20:15:44"}
{"level":"info","message":"API Success: getUser","method":"GET","path":"getUser","status":200,"timestamp":"2024-06-16 20:15:44"}
{"level":"info","message":"User retrieved: masteradmin","timestamp":"2024-06-16 20:15:54"}
{"level":"info","message":"API Success: getUser","method":"GET","path":"getUser","status":200,"timestamp":"2024-06-16 20:15:54"}
{"level":"info","message":"User retrieved: masteradmin","timestamp":"2024-06-16 20:15:54"}
{"level":"info","message":"API Success: getUser","method":"GET","path":"getUser","status":200,"timestamp":"2024-06-16 20:15:54"}
{"level":"info","message":"API Success: alerts/getAllAlerts","method":"GET","path":"alerts/getAllAlerts","status":200,"timestamp":"2024-06-16 20:27:10"}
{"level":"info","message":"User retrieved: masteradmin","timestamp":"2024-06-16 20:28:58"}
{"level":"info","message":"API Success: getUser","method":"GET","path":"getUser","status":200,"timestamp":"2024-06-16 20:28:58"}
{"level":"info","message":"User retrieved: masteradmin","timestamp":"2024-06-16 20:28:58"}
{"level":"info","message":"API Success: getUser","method":"GET","path":"getUser","status":200,"timestamp":"2024-06-16 20:28:58"}
{"level":"info","message":"User retrieved: masteradmin","timestamp":"2024-06-16 20:29:50"}
{"level":"info","message":"API Success: getUser","method":"GET","path":"getUser","status":200,"timestamp":"2024-06-16 20:29:50"}
{"level":"info","message":"User retrieved: masteradmin","timestamp":"2024-06-16 20:29:50"}
{"level":"info","message":"API Success: getUser","method":"GET","path":"getUser","status":200,"timestamp":"2024-06-16 20:29:50"}
{"level":"info","message":"User retrieved: masteradmin","timestamp":"2024-06-16 20:30:37"}
{"level":"info","message":"API Success: getUser","method":"GET","path":"getUser","status":200,"timestamp":"2024-06-16 20:30:37"}
{"level":"info","message":"User retrieved: masteradmin","timestamp":"2024-06-16 20:30:37"}
{"level":"info","message":"API Success: getUser","method":"GET","path":"getUser","status":200,"timestamp":"2024-06-16 20:30:37"}
{"level":"info","message":"User retrieved: masteradmin","timestamp":"2024-06-16 20:39:14"}
{"level":"info","message":"API Success: getUser","method":"GET","path":"getUser","status":200,"timestamp":"2024-06-16 20:39:15"}
{"level":"info","message":"User retrieved: masteradmin","timestamp":"2024-06-16 20:39:15"}
{"level":"info","message":"API Success: getUser","method":"GET","path":"getUser","status":200,"timestamp":"2024-06-16 20:39:15"}
{"level":"info","message":"User retrieved: masteradmin","timestamp":"2024-06-16 20:40:25"}
{"level":"info","message":"API Success: getUser","method":"GET","path":"getUser","status":200,"timestamp":"2024-06-16 20:40:25"}
{"level":"info","message":"User retrieved: masteradmin","timestamp":"2024-06-16 20:40:25"}
{"level":"info","message":"API Success: getUser","method":"GET","path":"getUser","status":200,"timestamp":"2024-06-16 20:40:25"}
{"level":"info","message":"User retrieved: masteradmin","timestamp":"2024-06-16 20:40:43"}
{"level":"info","message":"API Success: alerts/getAllAlerts?page=1&limit=10","method":"GET","path":"alerts/getAllAlerts?page=1&limit=10","status":200,"timestamp":"2024-06-16 20:40:43"}
{"level":"info","message":"API Success: getUser","method":"GET","path":"getUser","status":200,"timestamp":"2024-06-16 20:40:43"}
{"level":"info","message":"User retrieved: masteradmin","timestamp":"2024-06-16 20:40:43"}
{"level":"info","message":"API Success: getUser","method":"GET","path":"getUser","status":200,"timestamp":"2024-06-16 20:40:43"}
{"level":"info","message":"User retrieved: masteradmin","timestamp":"2024-06-16 20:42:32"}
{"level":"info","message":"API Success: alerts/getAllAlerts?page=1&limit=10","method":"GET","path":"alerts/getAllAlerts?page=1&limit=10","status":200,"timestamp":"2024-06-16 20:42:32"}
{"level":"info","message":"API Success: getUser","method":"GET","path":"getUser","status":200,"timestamp":"2024-06-16 20:42:32"}
{"level":"info","message":"User retrieved: masteradmin","timestamp":"2024-06-16 20:42:32"}
{"level":"info","message":"API Success: getUser","method":"GET","path":"getUser","status":200,"timestamp":"2024-06-16 20:42:32"}
{"level":"info","message":"User retrieved: masteradmin","timestamp":"2024-06-16 20:42:36"}
{"level":"info","message":"API Success: getUser","method":"GET","path":"getUser","status":200,"timestamp":"2024-06-16 20:42:36"}
{"level":"info","message":"API Success: alerts/getAllAlerts?page=1&limit=10","method":"GET","path":"alerts/getAllAlerts?page=1&limit=10","status":200,"timestamp":"2024-06-16 20:42:36"}
{"level":"info","message":"User retrieved: masteradmin","timestamp":"2024-06-16 20:42:36"}
{"level":"info","message":"API Success: getUser","method":"GET","path":"getUser","status":200,"timestamp":"2024-06-16 20:42:36"}
{"level":"info","message":"User retrieved: masteradmin","timestamp":"2024-06-16 20:43:35"}
{"level":"info","message":"API Success: getUser","method":"GET","path":"getUser","status":200,"timestamp":"2024-06-16 20:43:35"}
{"level":"info","message":"API Success: alerts/getAllAlerts?page=1&limit=10","method":"GET","path":"alerts/getAllAlerts?page=1&limit=10","status":200,"timestamp":"2024-06-16 20:43:36"}
{"level":"info","message":"User retrieved: masteradmin","timestamp":"2024-06-16 20:43:36"}
{"level":"info","message":"API Success: getUser","method":"GET","path":"getUser","status":200,"timestamp":"2024-06-16 20:43:36"}
{"level":"info","message":"User retrieved: masteradmin","timestamp":"2024-06-16 20:43:54"}
{"level":"info","message":"API Success: getUser","method":"GET","path":"getUser","status":200,"timestamp":"2024-06-16 20:43:54"}
{"level":"info","message":"API Success: alerts/getAllAlerts?page=1&limit=10","method":"GET","path":"alerts/getAllAlerts?page=1&limit=10","status":200,"timestamp":"2024-06-16 20:43:54"}
{"level":"info","message":"User retrieved: masteradmin","timestamp":"2024-06-16 20:43:54"}
{"level":"info","message":"API Success: getUser","method":"GET","path":"getUser","status":200,"timestamp":"2024-06-16 20:43:54"}
{"level":"info","message":"API Success: loginUser","method":"POST","path":"loginUser","status":200,"timestamp":"2024-06-16 20:44:15"}
{"level":"info","message":"User masteradmin Successful login","timestamp":"2024-06-16 20:44:15"}
{"level":"info","message":"User retrieved: masteradmin","timestamp":"2024-06-16 20:44:15"}
{"level":"info","message":"API Success: getUser","method":"GET","path":"getUser","status":200,"timestamp":"2024-06-16 20:44:15"}
{"level":"info","message":"API Success: alerts/getAllAlerts?page=1&limit=10","method":"GET","path":"alerts/getAllAlerts?page=1&limit=10","status":200,"timestamp":"2024-06-16 20:44:15"}
{"level":"info","message":"User retrieved: masteradmin","timestamp":"2024-06-16 20:44:15"}
{"level":"info","message":"API Success: getUser","method":"GET","path":"getUser","status":200,"timestamp":"2024-06-16 20:44:15"}
{"details":"No additional details provided.","level":"error","message":"createUser error: Registration failed due to a conflict with existing data. Please review your information.","method":"POST","path":"createUser","stack":"Error: Registration failed due to a conflict with existing data. Please review your information.\n    at createUser (C:\\Users\\Javier\\Documents\\proyectos\\ecommerce\\back\\controllers\\UserController.js:219:19)\n    at process.processTicksAndRejections (node:internal/process/task_queues:95:5)","statusCode":409,"timestamp":"2024-06-16 20:45:55"}
{"level":"error","message":"createUser error: Registration failed due to a conflict with existing data. Please review your information.","method":"POST","path":"createUser","stack":"No additional details provided.","status":409,"timestamp":"2024-06-16 20:45:55"}
{"level":"error","message":"createUser error: Registration failed due to a conflict with existing data. Please review your information.","method":"POST","path":"createUser","stack":"No additional details provided.","status":409,"timestamp":"2024-06-16 20:46:39"}
{"level":"info","message":"User retrieved: masteradmin","timestamp":"2024-06-16 20:53:48"}
{"level":"info","message":"API Success: getUser","method":"GET","path":"getUser","status":200,"timestamp":"2024-06-16 20:53:48"}
{"level":"info","message":"API Success: alerts/getAllAlerts?page=1&limit=10","method":"GET","path":"alerts/getAllAlerts?page=1&limit=10","status":200,"timestamp":"2024-06-16 20:53:48"}
{"level":"info","message":"User retrieved: masteradmin","timestamp":"2024-06-16 20:53:48"}
{"level":"info","message":"API Success: getUser","method":"GET","path":"getUser","status":200,"timestamp":"2024-06-16 20:53:48"}
{"level":"error","message":"createUser error: Registration failed due to a conflict with existing data. Please review your information.","method":"POST","path":"createUser","stack":"No additional details provided.","status":409,"timestamp":"2024-06-16 20:55:22"}
{"level":"info","message":"API Success: createUser","method":"POST","path":"createUser","status":200,"timestamp":"2024-06-16 21:07:34"}
{"level":"error","message":"createUser error: Registration failed due to a conflict with existing data. Please review your information.","method":"POST","path":"createUser","stack":"No additional details provided.","status":409,"timestamp":"2024-06-16 21:08:16"}
{"level":"info","message":"API Success: createUser","method":"POST","path":"createUser","status":200,"timestamp":"2024-06-16 21:17:28"}
{"level":"error","message":"createUser error: Registration failed due to a conflict with existing data. Please review your information.","method":"POST","path":"createUser","stack":"No additional details provided.","status":409,"timestamp":"2024-06-16 21:17:31"}
{"level":"warn","message":"Activation attempt with invalid or expired token from IP: ::ffff:127.0.0.1","timestamp":"2024-06-16 21:19:05"}
{"details":"Checkout the token.","level":"error","message":"activateUser error: Invalid or expired token.","method":"GET","path":"activation/25abe9e1f8b826647e724f37643700f8501f5d33","stack":"Error: Invalid or expired token.\n    at activateUser (C:\\Users\\Javier\\Documents\\proyectos\\ecommerce\\back\\controllers\\AuthControllers.js:282:19)\n    at process.processTicksAndRejections (node:internal/process/task_queues:95:5)","statusCode":400,"timestamp":"2024-06-16 21:19:05"}
{"level":"error","message":"activation/25abe9e1f8b826647e724f37643700f8501f5d33 error: Invalid or expired token.","method":"GET","path":"activation/25abe9e1f8b826647e724f37643700f8501f5d33","stack":"Checkout the token.","status":400,"timestamp":"2024-06-16 21:19:05"}
{"level":"warn","message":"Activation attempt with invalid or expired token from IP: ::ffff:127.0.0.1","timestamp":"2024-06-16 21:19:12"}
{"details":"Checkout the token.","level":"error","message":"activateUser error: Invalid or expired token.","method":"GET","path":"activation/25abe9e1f8b826647e724f37643700f8501f5d33","stack":"Error: Invalid or expired token.\n    at activateUser (C:\\Users\\Javier\\Documents\\proyectos\\ecommerce\\back\\controllers\\AuthControllers.js:282:19)\n    at process.processTicksAndRejections (node:internal/process/task_queues:95:5)","statusCode":400,"timestamp":"2024-06-16 21:19:13"}
{"level":"error","message":"activation/25abe9e1f8b826647e724f37643700f8501f5d33 error: Invalid or expired token.","method":"GET","path":"activation/25abe9e1f8b826647e724f37643700f8501f5d33","stack":"Checkout the token.","status":400,"timestamp":"2024-06-16 21:19:13"}
{"level":"warn","message":"Activation attempt with invalid or expired token from IP: ::ffff:127.0.0.1","timestamp":"2024-06-16 21:19:20"}
{"details":"Checkout the token.","level":"error","message":"activateUser error: Invalid or expired token.","method":"GET","path":"activation/25abe9e1f8b826647e724f37643700f8501f5d33","stack":"Error: Invalid or expired token.\n    at activateUser (C:\\Users\\Javier\\Documents\\proyectos\\ecommerce\\back\\controllers\\AuthControllers.js:282:19)\n    at process.processTicksAndRejections (node:internal/process/task_queues:95:5)","statusCode":400,"timestamp":"2024-06-16 21:19:20"}
{"level":"error","message":"activation/25abe9e1f8b826647e724f37643700f8501f5d33 error: Invalid or expired token.","method":"GET","path":"activation/25abe9e1f8b826647e724f37643700f8501f5d33","stack":"Checkout the token.","status":400,"timestamp":"2024-06-16 21:19:20"}
{"level":"info","message":"API Success: createUser","method":"POST","path":"createUser","status":200,"timestamp":"2024-06-16 21:20:49"}
{"level":"warn","message":"Activation attempt with invalid or expired token from IP: ::ffff:127.0.0.1","timestamp":"2024-06-16 21:21:31"}
{"level":"error","message":"activation/9677176eecd84d9716c1cdd61cdd89496a22f226 error: Invalid or expired token.","method":"GET","path":"activation/9677176eecd84d9716c1cdd61cdd89496a22f226","stack":"Checkout the token.","status":400,"timestamp":"2024-06-16 21:21:31"}
{"level":"info","message":"API Success: loginUser","method":"POST","path":"loginUser","status":200,"timestamp":"2024-06-16 21:23:29"}
{"level":"info","message":"User randomUser99999 Successful login","timestamp":"2024-06-16 21:23:29"}
{"details":"No additional details provided.","level":"error","message":"Error verifying permissions: Unauthorized access","path":"undefined_path","stack":"Error: Unauthorized access\n    at C:\\Users\\Javier\\Documents\\proyectos\\ecommerce\\back\\middlewares\\rbacMiddleware.js:27:19\n    at process.processTicksAndRejections (node:internal/process/task_queues:95:5)","statusCode":403,"timestamp":"2024-06-16 21:23:29"}
{"level":"error","message":"undefined_path error: Unauthorized access","path":"undefined_path","stack":"No additional details provided.","status":403,"timestamp":"2024-06-16 21:23:29"}
{"level":"info","message":"User retrieved: randomUser99999","timestamp":"2024-06-16 21:23:29"}
{"level":"info","message":"API Success: getUser","method":"GET","path":"getUser","status":200,"timestamp":"2024-06-16 21:23:29"}
{"level":"info","message":"User retrieved: randomUser99999","timestamp":"2024-06-16 21:23:30"}
{"level":"info","message":"API Success: getUser","method":"GET","path":"getUser","status":200,"timestamp":"2024-06-16 21:23:30"}
{"level":"info","message":"API Success: loginUser","method":"POST","path":"loginUser","status":200,"timestamp":"2024-06-16 21:24:22"}
{"level":"info","message":"User masteradmin Successful login","timestamp":"2024-06-16 21:24:22"}
{"level":"info","message":"User retrieved: masteradmin","timestamp":"2024-06-16 21:24:22"}
{"level":"info","message":"API Success: getUser","method":"GET","path":"getUser","status":200,"timestamp":"2024-06-16 21:24:22"}
{"level":"info","message":"API Success: alerts/getAllAlerts?page=1&limit=10","method":"GET","path":"alerts/getAllAlerts?page=1&limit=10","status":200,"timestamp":"2024-06-16 21:24:22"}
{"level":"info","message":"User retrieved: masteradmin","timestamp":"2024-06-16 21:24:22"}
{"level":"info","message":"API Success: getUser","method":"GET","path":"getUser","status":200,"timestamp":"2024-06-16 21:24:22"}
{"level":"info","message":"API Success: loginUser","method":"POST","path":"loginUser","status":200,"timestamp":"2024-06-16 21:24:29"}
{"level":"info","message":"User randomUser99999 Successful login","timestamp":"2024-06-16 21:24:29"}
{"details":"No additional details provided.","level":"error","message":"Error verifying permissions: Unauthorized access","path":"undefined_path","stack":"Error: Unauthorized access\n    at C:\\Users\\Javier\\Documents\\proyectos\\ecommerce\\back\\middlewares\\rbacMiddleware.js:27:19\n    at process.processTicksAndRejections (node:internal/process/task_queues:95:5)","statusCode":403,"timestamp":"2024-06-16 21:24:30"}
{"level":"error","message":"undefined_path error: Unauthorized access","path":"undefined_path","stack":"No additional details provided.","status":403,"timestamp":"2024-06-16 21:24:30"}
{"level":"info","message":"User retrieved: randomUser99999","timestamp":"2024-06-16 21:24:30"}
{"level":"info","message":"API Success: getUser","method":"GET","path":"getUser","status":200,"timestamp":"2024-06-16 21:24:30"}
{"level":"info","message":"User retrieved: randomUser99999","timestamp":"2024-06-16 21:24:30"}
{"level":"info","message":"API Success: getUser","method":"GET","path":"getUser","status":200,"timestamp":"2024-06-16 21:24:30"}
{"level":"info","message":"API Success: loginUser","method":"POST","path":"loginUser","status":200,"timestamp":"2024-06-16 21:26:03"}
{"level":"info","message":"User masteradmin Successful login","timestamp":"2024-06-16 21:26:03"}
{"level":"info","message":"User retrieved: masteradmin","timestamp":"2024-06-16 21:26:03"}
{"level":"info","message":"API Success: getUser","method":"GET","path":"getUser","status":200,"timestamp":"2024-06-16 21:26:03"}
{"level":"info","message":"User retrieved: masteradmin","timestamp":"2024-06-16 21:26:03"}
{"level":"info","message":"API Success: getUser","method":"GET","path":"getUser","status":200,"timestamp":"2024-06-16 21:26:03"}
{"level":"info","message":"API Success: alerts/getAllAlerts?page=1&limit=10","method":"GET","path":"alerts/getAllAlerts?page=1&limit=10","status":200,"timestamp":"2024-06-16 21:26:03"}
{"level":"info","message":"User retrieved: masteradmin","timestamp":"2024-06-16 21:26:27"}
{"level":"info","message":"API Success: getUser","method":"GET","path":"getUser","status":200,"timestamp":"2024-06-16 21:26:27"}
{"level":"info","message":"API Success: alerts/getAllAlerts?page=1&limit=10","method":"GET","path":"alerts/getAllAlerts?page=1&limit=10","status":200,"timestamp":"2024-06-16 21:26:27"}
{"level":"info","message":"User retrieved: masteradmin","timestamp":"2024-06-16 21:26:27"}
{"level":"info","message":"API Success: getUser","method":"GET","path":"getUser","status":200,"timestamp":"2024-06-16 21:26:27"}
{"level":"info","message":"User retrieved: masteradmin","timestamp":"2024-06-16 21:33:32"}
{"level":"info","message":"API Success: getUser","method":"GET","path":"getUser","status":200,"timestamp":"2024-06-16 21:33:32"}
{"level":"info","message":"API Success: alerts/getAllAlerts?page=1&limit=10","method":"GET","path":"alerts/getAllAlerts?page=1&limit=10","status":200,"timestamp":"2024-06-16 21:33:32"}
{"level":"info","message":"User retrieved: masteradmin","timestamp":"2024-06-16 21:33:33"}
{"level":"info","message":"API Success: getUser","method":"GET","path":"getUser","status":200,"timestamp":"2024-06-16 21:33:33"}
{"level":"info","message":"User retrieved: masteradmin","timestamp":"2024-06-16 21:34:02"}
{"level":"info","message":"API Success: getUser","method":"GET","path":"getUser","status":200,"timestamp":"2024-06-16 21:34:02"}
{"level":"info","message":"User retrieved: masteradmin","timestamp":"2024-06-16 21:34:02"}
{"level":"info","message":"API Success: getUser","method":"GET","path":"getUser","status":200,"timestamp":"2024-06-16 21:34:02"}
{"level":"info","message":"API Success: alerts/getAllAlerts?page=1&limit=10","method":"GET","path":"alerts/getAllAlerts?page=1&limit=10","status":200,"timestamp":"2024-06-16 21:34:02"}
{"level":"info","message":"User retrieved: masteradmin","timestamp":"2024-06-16 21:34:16"}
{"level":"info","message":"API Success: getUser","method":"GET","path":"getUser","status":200,"timestamp":"2024-06-16 21:34:16"}
{"level":"info","message":"User retrieved: masteradmin","timestamp":"2024-06-16 21:34:17"}
{"level":"info","message":"API Success: getUser","method":"GET","path":"getUser","status":200,"timestamp":"2024-06-16 21:34:17"}
{"level":"info","message":"API Success: alerts/getAllAlerts?page=1&limit=10","method":"GET","path":"alerts/getAllAlerts?page=1&limit=10","status":200,"timestamp":"2024-06-16 21:34:17"}
{"level":"info","message":"User retrieved: masteradmin","timestamp":"2024-06-16 21:34:28"}
{"level":"info","message":"API Success: getUser","method":"GET","path":"getUser","status":200,"timestamp":"2024-06-16 21:34:28"}
{"level":"info","message":"API Success: alerts/getAllAlerts?page=1&limit=10","method":"GET","path":"alerts/getAllAlerts?page=1&limit=10","status":200,"timestamp":"2024-06-16 21:34:28"}
{"level":"info","message":"User retrieved: masteradmin","timestamp":"2024-06-16 21:34:28"}
{"level":"info","message":"API Success: getUser","method":"GET","path":"getUser","status":200,"timestamp":"2024-06-16 21:34:28"}
{"level":"info","message":"User retrieved: masteradmin","timestamp":"2024-06-16 22:04:44"}
{"level":"info","message":"API Success: getUser","method":"GET","path":"getUser","status":200,"timestamp":"2024-06-16 22:04:44"}
{"level":"info","message":"API Success: alerts/getAllAlerts?page=1&limit=10","method":"GET","path":"alerts/getAllAlerts?page=1&limit=10","status":200,"timestamp":"2024-06-16 22:04:44"}
{"level":"info","message":"User retrieved: masteradmin","timestamp":"2024-06-16 22:04:44"}
{"level":"info","message":"API Success: getUser","method":"GET","path":"getUser","status":200,"timestamp":"2024-06-16 22:04:44"}
{"level":"info","message":"User retrieved: masteradmin","timestamp":"2024-06-16 22:05:09"}
{"level":"info","message":"API Success: getUser","method":"GET","path":"getUser","status":200,"timestamp":"2024-06-16 22:05:09"}
{"level":"info","message":"User retrieved: masteradmin","timestamp":"2024-06-16 22:05:10"}
{"level":"info","message":"API Success: getUser","method":"GET","path":"getUser","status":200,"timestamp":"2024-06-16 22:05:10"}
{"level":"info","message":"API Success: alerts/getAllAlerts?page=1&limit=10","method":"GET","path":"alerts/getAllAlerts?page=1&limit=10","status":200,"timestamp":"2024-06-16 22:05:10"}
{"level":"info","message":"User retrieved: masteradmin","timestamp":"2024-06-16 22:05:30"}
{"level":"info","message":"API Success: getUser","method":"GET","path":"getUser","status":200,"timestamp":"2024-06-16 22:05:30"}
{"level":"info","message":"API Success: alerts/getAllAlerts?page=1&limit=10","method":"GET","path":"alerts/getAllAlerts?page=1&limit=10","status":200,"timestamp":"2024-06-16 22:05:30"}
{"level":"info","message":"User retrieved: masteradmin","timestamp":"2024-06-16 22:05:30"}
{"level":"info","message":"API Success: getUser","method":"GET","path":"getUser","status":200,"timestamp":"2024-06-16 22:05:30"}
{"level":"info","message":"User retrieved: masteradmin","timestamp":"2024-06-16 22:05:36"}
{"level":"info","message":"API Success: getUser","method":"GET","path":"getUser","status":200,"timestamp":"2024-06-16 22:05:36"}
{"level":"info","message":"API Success: alerts/getAllAlerts?page=1&limit=10","method":"GET","path":"alerts/getAllAlerts?page=1&limit=10","status":200,"timestamp":"2024-06-16 22:05:36"}
{"level":"info","message":"User retrieved: masteradmin","timestamp":"2024-06-16 22:05:36"}
{"level":"info","message":"API Success: getUser","method":"GET","path":"getUser","status":200,"timestamp":"2024-06-16 22:05:36"}
{"level":"info","message":"API Success: alerts/getAllAlerts","method":"GET","path":"alerts/getAllAlerts","status":200,"timestamp":"2024-06-16 22:05:56"}
{"_message":"AuditLog validation failed","errors":{"alertLevel":{"kind":"enum","message":"`info` is not a valid enum value for path `alertLevel`.","name":"ValidatorError","path":"alertLevel","properties":{"enumValues":["Critical","High","Medium","Low"],"message":"`info` is not a valid enum value for path `alertLevel`.","path":"alertLevel","type":"enum","value":"info"},"value":"info"}},"level":"error","message":"Error creating audit log:  AuditLog validation failed: alertLevel: `info` is not a valid enum value for path `alertLevel`.","stack":"ValidationError: AuditLog validation failed: alertLevel: `info` is not a valid enum value for path `alertLevel`.\n    at Document.invalidate (C:\\Users\\Javier\\Documents\\proyectos\\ecommerce\\back\\node_modules\\mongoose\\lib\\document.js:3200:32)\n    at C:\\Users\\Javier\\Documents\\proyectos\\ecommerce\\back\\node_modules\\mongoose\\lib\\document.js:2993:17\n    at C:\\Users\\Javier\\Documents\\proyectos\\ecommerce\\back\\node_modules\\mongoose\\lib\\schemaType.js:1370:9\n    at process.processTicksAndRejections (node:internal/process/task_queues:77:11)","timestamp":"2024-06-16 22:06:32"}
{"level":"error","message":"undefined_path error: Failed to create audit log.","path":"undefined_path","stack":"No additional details provided.","status":500,"timestamp":"2024-06-16 22:06:32"}
{"level":"error","message":"alerts/markAsSeen/666f3c4b77a9ec44e9b6137b error: Cannot read properties of undefined (reading 'equals')","method":"PATCH","path":"alerts/markAsSeen/666f3c4b77a9ec44e9b6137b","stack":"Contact support.","status":500,"timestamp":"2024-06-16 22:07:33"}
{"level":"info","message":"API Success: alerts/markAsSeen/666f3c4b77a9ec44e9b6137b","method":"PATCH","path":"alerts/markAsSeen/666f3c4b77a9ec44e9b6137b","status":200,"timestamp":"2024-06-16 22:16:55"}
{"level":"info","message":"User retrieved: masteradmin","timestamp":"2024-06-16 22:17:19"}
{"level":"info","message":"API Success: getUser","method":"GET","path":"getUser","status":200,"timestamp":"2024-06-16 22:17:19"}
{"level":"info","message":"API Success: alerts/getAllAlerts?page=1&limit=10","method":"GET","path":"alerts/getAllAlerts?page=1&limit=10","status":200,"timestamp":"2024-06-16 22:17:19"}
{"level":"info","message":"User retrieved: masteradmin","timestamp":"2024-06-16 22:17:19"}
{"level":"info","message":"API Success: getUser","method":"GET","path":"getUser","status":200,"timestamp":"2024-06-16 22:17:19"}
{"level":"info","message":"User retrieved: masteradmin","timestamp":"2024-06-16 22:17:27"}
{"level":"info","message":"API Success: getUser","method":"GET","path":"getUser","status":200,"timestamp":"2024-06-16 22:17:27"}
{"level":"info","message":"User retrieved: masteradmin","timestamp":"2024-06-16 22:17:27"}
{"level":"info","message":"API Success: getUser","method":"GET","path":"getUser","status":200,"timestamp":"2024-06-16 22:17:27"}
{"level":"info","message":"API Success: alerts/getAllAlerts?page=1&limit=10","method":"GET","path":"alerts/getAllAlerts?page=1&limit=10","status":200,"timestamp":"2024-06-16 22:17:27"}
{"level":"info","message":"User retrieved: masteradmin","timestamp":"2024-06-16 22:17:49"}
{"level":"info","message":"API Success: getUser","method":"GET","path":"getUser","status":200,"timestamp":"2024-06-16 22:17:50"}
{"level":"info","message":"API Success: alerts/getAllAlerts?page=1&limit=10","method":"GET","path":"alerts/getAllAlerts?page=1&limit=10","status":200,"timestamp":"2024-06-16 22:17:50"}
{"level":"info","message":"User retrieved: masteradmin","timestamp":"2024-06-16 22:17:50"}
{"level":"info","message":"API Success: getUser","method":"GET","path":"getUser","status":200,"timestamp":"2024-06-16 22:17:50"}
{"level":"info","message":"User retrieved: masteradmin","timestamp":"2024-06-16 22:19:49"}
{"level":"info","message":"API Success: getUser","method":"GET","path":"getUser","status":200,"timestamp":"2024-06-16 22:19:49"}
{"level":"info","message":"API Success: alerts/getAllAlerts?page=1&limit=10","method":"GET","path":"alerts/getAllAlerts?page=1&limit=10","status":200,"timestamp":"2024-06-16 22:19:49"}
{"level":"info","message":"User retrieved: masteradmin","timestamp":"2024-06-16 22:19:49"}
{"level":"info","message":"API Success: getUser","method":"GET","path":"getUser","status":200,"timestamp":"2024-06-16 22:19:49"}
{"level":"info","message":"User retrieved: masteradmin","timestamp":"2024-06-16 22:20:41"}
{"level":"info","message":"API Success: getUser","method":"GET","path":"getUser","status":200,"timestamp":"2024-06-16 22:20:41"}
{"level":"info","message":"User retrieved: masteradmin","timestamp":"2024-06-16 22:20:41"}
{"level":"info","message":"API Success: getUser","method":"GET","path":"getUser","status":200,"timestamp":"2024-06-16 22:20:41"}
{"level":"info","message":"API Success: alerts/getAllAlerts?page=1&limit=10","method":"GET","path":"alerts/getAllAlerts?page=1&limit=10","status":200,"timestamp":"2024-06-16 22:20:41"}
{"level":"info","message":"User retrieved: masteradmin","timestamp":"2024-06-16 22:22:07"}
{"level":"info","message":"API Success: getUser","method":"GET","path":"getUser","status":200,"timestamp":"2024-06-16 22:22:07"}
{"level":"info","message":"User retrieved: masteradmin","timestamp":"2024-06-16 22:22:07"}
{"level":"info","message":"API Success: getUser","method":"GET","path":"getUser","status":200,"timestamp":"2024-06-16 22:22:07"}
{"level":"info","message":"API Success: alerts/getAllAlerts?page=1&limit=10","method":"GET","path":"alerts/getAllAlerts?page=1&limit=10","status":200,"timestamp":"2024-06-16 22:22:07"}
{"level":"info","message":"User retrieved: masteradmin","timestamp":"2024-06-16 22:23:34"}
{"level":"info","message":"API Success: getUser","method":"GET","path":"getUser","status":200,"timestamp":"2024-06-16 22:23:34"}
{"level":"info","message":"API Success: alerts/getAllAlerts?page=1&limit=10","method":"GET","path":"alerts/getAllAlerts?page=1&limit=10","status":200,"timestamp":"2024-06-16 22:23:34"}
{"level":"info","message":"User retrieved: masteradmin","timestamp":"2024-06-16 22:23:34"}
{"level":"info","message":"API Success: getUser","method":"GET","path":"getUser","status":200,"timestamp":"2024-06-16 22:23:34"}
{"level":"info","message":"User retrieved: masteradmin","timestamp":"2024-06-16 22:23:40"}
{"level":"info","message":"API Success: getUser","method":"GET","path":"getUser","status":200,"timestamp":"2024-06-16 22:23:40"}
{"level":"info","message":"User retrieved: masteradmin","timestamp":"2024-06-16 22:23:40"}
{"level":"info","message":"API Success: getUser","method":"GET","path":"getUser","status":200,"timestamp":"2024-06-16 22:23:40"}
{"level":"info","message":"API Success: alerts/getAllAlerts?page=1&limit=10","method":"GET","path":"alerts/getAllAlerts?page=1&limit=10","status":200,"timestamp":"2024-06-16 22:23:40"}
{"level":"info","message":"User retrieved: masteradmin","timestamp":"2024-06-16 22:23:52"}
{"level":"info","message":"API Success: getUser","method":"GET","path":"getUser","status":200,"timestamp":"2024-06-16 22:23:52"}
{"level":"info","message":"User retrieved: masteradmin","timestamp":"2024-06-16 22:23:52"}
{"level":"info","message":"API Success: getUser","method":"GET","path":"getUser","status":200,"timestamp":"2024-06-16 22:23:52"}
{"level":"info","message":"API Success: alerts/getAllAlerts?page=1&limit=10","method":"GET","path":"alerts/getAllAlerts?page=1&limit=10","status":200,"timestamp":"2024-06-16 22:23:53"}
{"level":"info","message":"User retrieved: masteradmin","timestamp":"2024-06-16 22:24:43"}
{"level":"info","message":"API Success: getUser","method":"GET","path":"getUser","status":200,"timestamp":"2024-06-16 22:24:43"}
{"level":"info","message":"User retrieved: masteradmin","timestamp":"2024-06-16 22:24:43"}
{"level":"info","message":"API Success: getUser","method":"GET","path":"getUser","status":200,"timestamp":"2024-06-16 22:24:43"}
{"level":"info","message":"API Success: alerts/getAllAlerts?page=1&limit=10","method":"GET","path":"alerts/getAllAlerts?page=1&limit=10","status":200,"timestamp":"2024-06-16 22:24:43"}
{"level":"info","message":"API Success: alerts/getAllAlerts","method":"GET","path":"alerts/getAllAlerts","status":200,"timestamp":"2024-06-16 22:25:59"}
{"level":"info","message":"User retrieved: masteradmin","timestamp":"2024-06-16 22:28:32"}
{"level":"info","message":"API Success: getUser","method":"GET","path":"getUser","status":200,"timestamp":"2024-06-16 22:28:32"}
{"level":"info","message":"User retrieved: masteradmin","timestamp":"2024-06-16 22:28:32"}
{"level":"info","message":"API Success: getUser","method":"GET","path":"getUser","status":200,"timestamp":"2024-06-16 22:28:32"}
{"level":"info","message":"API Success: alerts/getAllAlerts?page=1&limit=10","method":"GET","path":"alerts/getAllAlerts?page=1&limit=10","status":200,"timestamp":"2024-06-16 22:28:32"}
{"level":"info","message":"User retrieved: masteradmin","timestamp":"2024-06-16 22:29:07"}
{"level":"info","message":"API Success: getUser","method":"GET","path":"getUser","status":200,"timestamp":"2024-06-16 22:29:07"}
{"level":"info","message":"API Success: alerts/getAllAlerts?page=1&limit=10","method":"GET","path":"alerts/getAllAlerts?page=1&limit=10","status":200,"timestamp":"2024-06-16 22:29:07"}
{"level":"info","message":"User retrieved: masteradmin","timestamp":"2024-06-16 22:29:07"}
{"level":"info","message":"API Success: getUser","method":"GET","path":"getUser","status":200,"timestamp":"2024-06-16 22:29:07"}
{"level":"info","message":"User retrieved: masteradmin","timestamp":"2024-06-16 22:30:48"}
{"level":"info","message":"API Success: getUser","method":"GET","path":"getUser","status":200,"timestamp":"2024-06-16 22:30:48"}
{"level":"info","message":"User retrieved: masteradmin","timestamp":"2024-06-16 22:30:48"}
{"level":"info","message":"API Success: getUser","method":"GET","path":"getUser","status":200,"timestamp":"2024-06-16 22:30:48"}
{"level":"info","message":"API Success: alerts/getAllAlerts?page=1&limit=10","method":"GET","path":"alerts/getAllAlerts?page=1&limit=10","status":200,"timestamp":"2024-06-16 22:30:48"}
{"level":"info","message":"User retrieved: masteradmin","timestamp":"2024-06-16 22:33:18"}
{"level":"info","message":"API Success: getUser","method":"GET","path":"getUser","status":200,"timestamp":"2024-06-16 22:33:18"}
{"level":"info","message":"API Success: alerts/getAllAlerts?page=1&limit=10","method":"GET","path":"alerts/getAllAlerts?page=1&limit=10","status":200,"timestamp":"2024-06-16 22:33:18"}
{"level":"info","message":"User retrieved: masteradmin","timestamp":"2024-06-16 22:33:18"}
{"level":"info","message":"API Success: getUser","method":"GET","path":"getUser","status":200,"timestamp":"2024-06-16 22:33:18"}
{"level":"info","message":"User retrieved: masteradmin","timestamp":"2024-06-16 22:33:32"}
{"level":"info","message":"API Success: getUser","method":"GET","path":"getUser","status":200,"timestamp":"2024-06-16 22:33:32"}
{"level":"info","message":"User retrieved: masteradmin","timestamp":"2024-06-16 22:33:32"}
{"level":"info","message":"API Success: getUser","method":"GET","path":"getUser","status":200,"timestamp":"2024-06-16 22:33:32"}
{"level":"info","message":"API Success: alerts/getAllAlerts?page=1&limit=10","method":"GET","path":"alerts/getAllAlerts?page=1&limit=10","status":200,"timestamp":"2024-06-16 22:33:32"}
{"level":"info","message":"API Success: alerts/getAllAlerts","method":"GET","path":"alerts/getAllAlerts","status":200,"timestamp":"2024-06-16 22:34:50"}
{"level":"info","message":"User retrieved: masteradmin","timestamp":"2024-06-16 22:36:37"}
{"level":"info","message":"API Success: getUser","method":"GET","path":"getUser","status":200,"timestamp":"2024-06-16 22:36:37"}
{"level":"info","message":"User retrieved: masteradmin","timestamp":"2024-06-16 22:36:38"}
{"level":"info","message":"API Success: getUser","method":"GET","path":"getUser","status":200,"timestamp":"2024-06-16 22:36:38"}
{"level":"info","message":"API Success: alerts/getAllAlerts?page=1&limit=10","method":"GET","path":"alerts/getAllAlerts?page=1&limit=10","status":200,"timestamp":"2024-06-16 22:36:38"}
{"level":"info","message":"User retrieved: masteradmin","timestamp":"2024-06-16 22:40:45"}
{"level":"info","message":"API Success: getUser","method":"GET","path":"getUser","status":200,"timestamp":"2024-06-16 22:40:45"}
{"level":"info","message":"User retrieved: masteradmin","timestamp":"2024-06-16 22:40:45"}
{"level":"info","message":"API Success: getUser","method":"GET","path":"getUser","status":200,"timestamp":"2024-06-16 22:40:45"}
{"level":"info","message":"API Success: alerts/getAllAlerts?page=1&limit=10","method":"GET","path":"alerts/getAllAlerts?page=1&limit=10","status":200,"timestamp":"2024-06-16 22:40:45"}
{"level":"info","message":"User retrieved: masteradmin","timestamp":"2024-06-16 22:42:43"}
{"level":"info","message":"API Success: getUser","method":"GET","path":"getUser","status":200,"timestamp":"2024-06-16 22:42:43"}
{"level":"info","message":"User retrieved: masteradmin","timestamp":"2024-06-16 22:42:43"}
{"level":"info","message":"API Success: getUser","method":"GET","path":"getUser","status":200,"timestamp":"2024-06-16 22:42:43"}
{"level":"info","message":"User retrieved: masteradmin","timestamp":"2024-06-16 22:43:13"}
{"level":"info","message":"API Success: getUser","method":"GET","path":"getUser","status":200,"timestamp":"2024-06-16 22:43:13"}
{"level":"info","message":"User retrieved: masteradmin","timestamp":"2024-06-16 22:43:14"}
{"level":"info","message":"API Success: getUser","method":"GET","path":"getUser","status":200,"timestamp":"2024-06-16 22:43:14"}
{"level":"info","message":"User retrieved: masteradmin","timestamp":"2024-06-16 22:43:58"}
{"level":"info","message":"API Success: getUser","method":"GET","path":"getUser","status":200,"timestamp":"2024-06-16 22:43:58"}
{"level":"info","message":"User retrieved: masteradmin","timestamp":"2024-06-16 22:43:58"}
{"level":"info","message":"API Success: getUser","method":"GET","path":"getUser","status":200,"timestamp":"2024-06-16 22:43:58"}
{"level":"info","message":"User retrieved: masteradmin","timestamp":"2024-06-16 22:44:12"}
{"level":"info","message":"API Success: getUser","method":"GET","path":"getUser","status":200,"timestamp":"2024-06-16 22:44:12"}
{"level":"info","message":"User retrieved: masteradmin","timestamp":"2024-06-16 22:44:12"}
{"level":"info","message":"API Success: getUser","method":"GET","path":"getUser","status":200,"timestamp":"2024-06-16 22:44:12"}
{"level":"info","message":"User retrieved: masteradmin","timestamp":"2024-06-16 22:45:30"}
{"level":"info","message":"API Success: getUser","method":"GET","path":"getUser","status":200,"timestamp":"2024-06-16 22:45:30"}
{"level":"info","message":"API Success: alerts/getAllAlerts?page=1&limit=10","method":"GET","path":"alerts/getAllAlerts?page=1&limit=10","status":200,"timestamp":"2024-06-16 22:45:30"}
{"level":"info","message":"User retrieved: masteradmin","timestamp":"2024-06-16 22:45:30"}
{"level":"info","message":"API Success: getUser","method":"GET","path":"getUser","status":200,"timestamp":"2024-06-16 22:45:30"}
{"level":"info","message":"User retrieved: masteradmin","timestamp":"2024-06-16 22:47:13"}
{"level":"info","message":"API Success: getUser","method":"GET","path":"getUser","status":200,"timestamp":"2024-06-16 22:47:13"}
{"level":"info","message":"User retrieved: masteradmin","timestamp":"2024-06-16 22:47:13"}
{"level":"info","message":"API Success: getUser","method":"GET","path":"getUser","status":200,"timestamp":"2024-06-16 22:47:13"}
{"level":"info","message":"API Success: alerts/getAllAlerts?page=1&limit=10","method":"GET","path":"alerts/getAllAlerts?page=1&limit=10","status":200,"timestamp":"2024-06-16 22:47:13"}
{"level":"info","message":"User retrieved: masteradmin","timestamp":"2024-06-16 22:49:14"}
{"level":"info","message":"API Success: getUser","method":"GET","path":"getUser","status":200,"timestamp":"2024-06-16 22:49:14"}
{"level":"info","message":"User retrieved: masteradmin","timestamp":"2024-06-16 22:49:14"}
{"level":"info","message":"API Success: getUser","method":"GET","path":"getUser","status":200,"timestamp":"2024-06-16 22:49:14"}
{"level":"info","message":"API Success: alerts/getAllAlerts?page=1&limit=10","method":"GET","path":"alerts/getAllAlerts?page=1&limit=10","status":200,"timestamp":"2024-06-16 22:49:14"}
{"level":"info","message":"User retrieved: masteradmin","timestamp":"2024-06-16 22:49:48"}
{"level":"info","message":"API Success: getUser","method":"GET","path":"getUser","status":200,"timestamp":"2024-06-16 22:49:48"}
{"level":"info","message":"API Success: alerts/getAllAlerts?page=1&limit=10","method":"GET","path":"alerts/getAllAlerts?page=1&limit=10","status":200,"timestamp":"2024-06-16 22:49:48"}
{"level":"info","message":"User retrieved: masteradmin","timestamp":"2024-06-16 22:49:48"}
{"level":"info","message":"API Success: getUser","method":"GET","path":"getUser","status":200,"timestamp":"2024-06-16 22:49:48"}
{"level":"info","message":"User retrieved: masteradmin","timestamp":"2024-06-16 22:50:12"}
{"level":"info","message":"API Success: getUser","method":"GET","path":"getUser","status":200,"timestamp":"2024-06-16 22:50:12"}
{"level":"info","message":"API Success: alerts/getAllAlerts?page=1&limit=10","method":"GET","path":"alerts/getAllAlerts?page=1&limit=10","status":200,"timestamp":"2024-06-16 22:50:12"}
{"level":"info","message":"User retrieved: masteradmin","timestamp":"2024-06-16 22:50:12"}
{"level":"info","message":"API Success: getUser","method":"GET","path":"getUser","status":200,"timestamp":"2024-06-16 22:50:13"}
{"level":"info","message":"User retrieved: masteradmin","timestamp":"2024-06-16 22:53:04"}
{"level":"info","message":"API Success: getUser","method":"GET","path":"getUser","status":200,"timestamp":"2024-06-16 22:53:04"}
{"level":"info","message":"User retrieved: masteradmin","timestamp":"2024-06-16 22:53:04"}
{"level":"info","message":"API Success: getUser","method":"GET","path":"getUser","status":200,"timestamp":"2024-06-16 22:53:04"}
{"level":"info","message":"API Success: alerts/getAllAlerts?page=1&limit=10","method":"GET","path":"alerts/getAllAlerts?page=1&limit=10","status":200,"timestamp":"2024-06-16 22:53:04"}
{"level":"info","message":"User retrieved: masteradmin","timestamp":"2024-06-16 22:53:32"}
{"level":"info","message":"API Success: getUser","method":"GET","path":"getUser","status":200,"timestamp":"2024-06-16 22:53:32"}
{"level":"info","message":"API Success: alerts/getAllAlerts?page=1&limit=10","method":"GET","path":"alerts/getAllAlerts?page=1&limit=10","status":200,"timestamp":"2024-06-16 22:53:32"}
{"level":"info","message":"User retrieved: masteradmin","timestamp":"2024-06-16 22:53:32"}
{"level":"info","message":"API Success: getUser","method":"GET","path":"getUser","status":200,"timestamp":"2024-06-16 22:53:32"}
{"level":"info","message":"User retrieved: masteradmin","timestamp":"2024-06-16 22:53:39"}
{"level":"info","message":"API Success: getUser","method":"GET","path":"getUser","status":200,"timestamp":"2024-06-16 22:53:39"}
{"level":"info","message":"API Success: alerts/getAllAlerts?page=1&limit=10","method":"GET","path":"alerts/getAllAlerts?page=1&limit=10","status":200,"timestamp":"2024-06-16 22:53:39"}
{"level":"info","message":"User retrieved: masteradmin","timestamp":"2024-06-16 22:53:39"}
{"level":"info","message":"API Success: getUser","method":"GET","path":"getUser","status":200,"timestamp":"2024-06-16 22:53:39"}
{"level":"info","message":"User retrieved: masteradmin","timestamp":"2024-06-16 22:53:44"}
{"level":"info","message":"API Success: getUser","method":"GET","path":"getUser","status":200,"timestamp":"2024-06-16 22:53:44"}
{"level":"info","message":"User retrieved: masteradmin","timestamp":"2024-06-16 22:53:44"}
{"level":"info","message":"API Success: getUser","method":"GET","path":"getUser","status":200,"timestamp":"2024-06-16 22:53:44"}
{"level":"info","message":"API Success: alerts/getAllAlerts?page=1&limit=10","method":"GET","path":"alerts/getAllAlerts?page=1&limit=10","status":200,"timestamp":"2024-06-16 22:53:44"}
{"level":"info","message":"User retrieved: masteradmin","timestamp":"2024-06-16 22:54:00"}
{"level":"info","message":"API Success: getUser","method":"GET","path":"getUser","status":200,"timestamp":"2024-06-16 22:54:00"}
{"level":"info","message":"User retrieved: masteradmin","timestamp":"2024-06-16 22:54:00"}
{"level":"info","message":"API Success: getUser","method":"GET","path":"getUser","status":200,"timestamp":"2024-06-16 22:54:00"}
{"level":"info","message":"API Success: alerts/getAllAlerts?page=1&limit=10","method":"GET","path":"alerts/getAllAlerts?page=1&limit=10","status":200,"timestamp":"2024-06-16 22:54:00"}
{"level":"info","message":"User retrieved: masteradmin","timestamp":"2024-06-16 22:55:08"}
{"level":"info","message":"API Success: getUser","method":"GET","path":"getUser","status":200,"timestamp":"2024-06-16 22:55:08"}
{"level":"info","message":"User retrieved: masteradmin","timestamp":"2024-06-16 22:55:08"}
{"level":"info","message":"API Success: getUser","method":"GET","path":"getUser","status":200,"timestamp":"2024-06-16 22:55:08"}
{"level":"info","message":"API Success: alerts/getAllAlerts?page=1&limit=10","method":"GET","path":"alerts/getAllAlerts?page=1&limit=10","status":200,"timestamp":"2024-06-16 22:55:08"}
{"level":"info","message":"API Success: alerts/markAsSeen/666f3c4b77a9ec44e9b6137b","method":"PATCH","path":"alerts/markAsSeen/666f3c4b77a9ec44e9b6137b","status":200,"timestamp":"2024-06-16 22:55:28"}
{"level":"info","message":"API Success: alerts/markAsSeen/666f3c4b77a9ec44e9b6137b","method":"PATCH","path":"alerts/markAsSeen/666f3c4b77a9ec44e9b6137b","status":200,"timestamp":"2024-06-16 22:55:31"}
{"level":"info","message":"User retrieved: masteradmin","timestamp":"2024-06-16 22:58:03"}
{"level":"info","message":"API Success: getUser","method":"GET","path":"getUser","status":200,"timestamp":"2024-06-16 22:58:03"}
{"level":"info","message":"User retrieved: masteradmin","timestamp":"2024-06-16 22:58:03"}
{"level":"info","message":"API Success: getUser","method":"GET","path":"getUser","status":200,"timestamp":"2024-06-16 22:58:03"}
{"level":"info","message":"API Success: alerts/getAllAlerts?page=1&limit=10","method":"GET","path":"alerts/getAllAlerts?page=1&limit=10","status":200,"timestamp":"2024-06-16 22:58:03"}
{"level":"info","message":"API Success: alerts/getAllAlerts","method":"GET","path":"alerts/getAllAlerts","status":200,"timestamp":"2024-06-16 23:02:53"}
{"level":"error","message":"undefined_path error: Alert not found","path":"undefined_path","stack":"No additional details provided.","status":404,"timestamp":"2024-06-16 23:03:54"}
{"level":"info","message":"API Success: alerts/markAsSeen/666f3a484370974352f5f96f","method":"PATCH","path":"alerts/markAsSeen/666f3a484370974352f5f96f","status":200,"timestamp":"2024-06-16 23:04:02"}
{"level":"info","message":"User retrieved: masteradmin","timestamp":"2024-06-16 23:07:54"}
{"level":"info","message":"API Success: getUser","method":"GET","path":"getUser","status":200,"timestamp":"2024-06-16 23:07:55"}
{"level":"info","message":"API Success: alerts/getAllAlerts?page=1&limit=10","method":"GET","path":"alerts/getAllAlerts?page=1&limit=10","status":200,"timestamp":"2024-06-16 23:07:55"}
{"level":"info","message":"User retrieved: masteradmin","timestamp":"2024-06-16 23:07:55"}
{"level":"info","message":"API Success: getUser","method":"GET","path":"getUser","status":200,"timestamp":"2024-06-16 23:07:55"}
{"level":"info","message":"User retrieved: masteradmin","timestamp":"2024-06-16 23:08:06"}
{"level":"info","message":"API Success: getUser","method":"GET","path":"getUser","status":200,"timestamp":"2024-06-16 23:08:06"}
{"level":"info","message":"User retrieved: masteradmin","timestamp":"2024-06-16 23:08:06"}
{"level":"info","message":"API Success: getUser","method":"GET","path":"getUser","status":200,"timestamp":"2024-06-16 23:08:06"}
{"level":"info","message":"API Success: alerts/getAllAlerts?page=1&limit=10","method":"GET","path":"alerts/getAllAlerts?page=1&limit=10","status":200,"timestamp":"2024-06-16 23:08:06"}
{"level":"info","message":"User retrieved: masteradmin","timestamp":"2024-06-16 23:08:12"}
{"level":"info","message":"API Success: getUser","method":"GET","path":"getUser","status":200,"timestamp":"2024-06-16 23:08:12"}
{"level":"info","message":"API Success: alerts/getAllAlerts?page=1&limit=10","method":"GET","path":"alerts/getAllAlerts?page=1&limit=10","status":200,"timestamp":"2024-06-16 23:08:12"}
{"level":"info","message":"User retrieved: masteradmin","timestamp":"2024-06-16 23:08:12"}
{"level":"info","message":"API Success: getUser","method":"GET","path":"getUser","status":200,"timestamp":"2024-06-16 23:08:12"}
{"level":"info","message":"User retrieved: masteradmin","timestamp":"2024-06-16 23:08:17"}
{"level":"info","message":"API Success: getUser","method":"GET","path":"getUser","status":200,"timestamp":"2024-06-16 23:08:17"}
{"level":"info","message":"User retrieved: masteradmin","timestamp":"2024-06-16 23:08:17"}
{"level":"info","message":"API Success: getUser","method":"GET","path":"getUser","status":200,"timestamp":"2024-06-16 23:08:17"}
{"level":"info","message":"API Success: alerts/getAllAlerts?page=1&limit=10","method":"GET","path":"alerts/getAllAlerts?page=1&limit=10","status":200,"timestamp":"2024-06-16 23:08:17"}
{"level":"info","message":"User retrieved: masteradmin","timestamp":"2024-06-16 23:10:20"}
{"level":"info","message":"API Success: getUser","method":"GET","path":"getUser","status":200,"timestamp":"2024-06-16 23:10:20"}
{"level":"info","message":"API Success: alerts/getAllAlerts?page=1&limit=10","method":"GET","path":"alerts/getAllAlerts?page=1&limit=10","status":200,"timestamp":"2024-06-16 23:10:20"}
{"level":"info","message":"User retrieved: masteradmin","timestamp":"2024-06-16 23:10:20"}
{"level":"info","message":"API Success: getUser","method":"GET","path":"getUser","status":200,"timestamp":"2024-06-16 23:10:20"}
{"level":"info","message":"API Success: alerts/markAsSeen/666f327f3cda7db3eae24cab","method":"PATCH","path":"alerts/markAsSeen/666f327f3cda7db3eae24cab","status":200,"timestamp":"2024-06-16 23:10:24"}
{"level":"info","message":"User retrieved: masteradmin","timestamp":"2024-06-16 23:10:25"}
{"level":"info","message":"API Success: getUser","method":"GET","path":"getUser","status":200,"timestamp":"2024-06-16 23:10:25"}
{"level":"info","message":"User retrieved: masteradmin","timestamp":"2024-06-16 23:10:25"}
{"level":"info","message":"API Success: getUser","method":"GET","path":"getUser","status":200,"timestamp":"2024-06-16 23:10:25"}
{"level":"info","message":"API Success: alerts/getAllAlerts?page=1&limit=10","method":"GET","path":"alerts/getAllAlerts?page=1&limit=10","status":200,"timestamp":"2024-06-16 23:10:25"}
{"level":"info","message":"API Success: alerts/markAsSeen/6666df5dab805b4b0a247275","method":"PATCH","path":"alerts/markAsSeen/6666df5dab805b4b0a247275","status":200,"timestamp":"2024-06-16 23:10:27"}
{"level":"info","message":"User retrieved: masteradmin","timestamp":"2024-06-16 23:10:28"}
{"level":"info","message":"API Success: getUser","method":"GET","path":"getUser","status":200,"timestamp":"2024-06-16 23:10:28"}
{"level":"info","message":"API Success: alerts/getAllAlerts?page=1&limit=10","method":"GET","path":"alerts/getAllAlerts?page=1&limit=10","status":200,"timestamp":"2024-06-16 23:10:28"}
{"level":"info","message":"User retrieved: masteradmin","timestamp":"2024-06-16 23:10:28"}
{"level":"info","message":"API Success: getUser","method":"GET","path":"getUser","status":200,"timestamp":"2024-06-16 23:10:28"}
{"level":"info","message":"API Success: loginUser","method":"POST","path":"loginUser","status":200,"timestamp":"2024-06-16 23:14:06"}
{"level":"info","message":"User masteradmin Successful login","timestamp":"2024-06-16 23:14:06"}
{"level":"info","message":"User retrieved: masteradmin","timestamp":"2024-06-16 23:16:36"}
{"level":"info","message":"API Success: getUser","method":"GET","path":"getUser","status":200,"timestamp":"2024-06-16 23:16:36"}
{"level":"info","message":"User retrieved: masteradmin","timestamp":"2024-06-16 23:16:36"}
{"level":"info","message":"API Success: getUser","method":"GET","path":"getUser","status":200,"timestamp":"2024-06-16 23:16:36"}
{"level":"info","message":"API Success: alerts/getAllAlerts?page=1&limit=10","method":"GET","path":"alerts/getAllAlerts?page=1&limit=10","status":200,"timestamp":"2024-06-16 23:16:36"}
{"level":"info","message":"User retrieved: masteradmin","timestamp":"2024-06-16 23:20:09"}
{"level":"info","message":"API Success: getUser","method":"GET","path":"getUser","status":200,"timestamp":"2024-06-16 23:20:09"}
{"level":"info","message":"User retrieved: masteradmin","timestamp":"2024-06-16 23:20:09"}
{"level":"info","message":"API Success: getUser","method":"GET","path":"getUser","status":200,"timestamp":"2024-06-16 23:20:09"}
{"level":"info","message":"API Success: alerts/getAllAlerts?page=1&limit=10","method":"GET","path":"alerts/getAllAlerts?page=1&limit=10","status":200,"timestamp":"2024-06-16 23:20:09"}
{"level":"info","message":"User retrieved: masteradmin","timestamp":"2024-06-16 23:21:05"}
{"level":"info","message":"API Success: getUser","method":"GET","path":"getUser","status":200,"timestamp":"2024-06-16 23:21:05"}
{"level":"info","message":"User retrieved: masteradmin","timestamp":"2024-06-16 23:21:05"}
{"level":"info","message":"API Success: getUser","method":"GET","path":"getUser","status":200,"timestamp":"2024-06-16 23:21:05"}
{"level":"info","message":"API Success: alerts/getAllAlerts?page=1&limit=10","method":"GET","path":"alerts/getAllAlerts?page=1&limit=10","status":200,"timestamp":"2024-06-16 23:21:05"}
{"level":"info","message":"User retrieved: masteradmin","timestamp":"2024-06-16 23:24:33"}
{"level":"info","message":"API Success: getUser","method":"GET","path":"getUser","status":200,"timestamp":"2024-06-16 23:24:33"}
{"level":"info","message":"API Success: alerts/getAllAlerts?page=1&limit=10","method":"GET","path":"alerts/getAllAlerts?page=1&limit=10","status":200,"timestamp":"2024-06-16 23:24:33"}
{"level":"info","message":"User retrieved: masteradmin","timestamp":"2024-06-16 23:24:34"}
{"level":"info","message":"API Success: getUser","method":"GET","path":"getUser","status":200,"timestamp":"2024-06-16 23:24:34"}
{"level":"info","message":"User retrieved: masteradmin","timestamp":"2024-06-16 23:26:37"}
{"level":"info","message":"API Success: getUser","method":"GET","path":"getUser","status":200,"timestamp":"2024-06-16 23:26:37"}
{"level":"info","message":"User retrieved: masteradmin","timestamp":"2024-06-16 23:26:37"}
{"level":"info","message":"API Success: getUser","method":"GET","path":"getUser","status":200,"timestamp":"2024-06-16 23:26:37"}
{"level":"info","message":"API Success: alerts/getAllAlerts?page=1&limit=10","method":"GET","path":"alerts/getAllAlerts?page=1&limit=10","status":200,"timestamp":"2024-06-16 23:26:37"}
{"level":"info","message":"User retrieved: masteradmin","timestamp":"2024-06-16 23:26:48"}
{"level":"info","message":"API Success: getUser","method":"GET","path":"getUser","status":200,"timestamp":"2024-06-16 23:26:48"}
{"level":"info","message":"User retrieved: masteradmin","timestamp":"2024-06-16 23:26:48"}
{"level":"info","message":"API Success: getUser","method":"GET","path":"getUser","status":200,"timestamp":"2024-06-16 23:26:48"}
{"level":"info","message":"API Success: alerts/getAllAlerts?page=1&limit=10","method":"GET","path":"alerts/getAllAlerts?page=1&limit=10","status":200,"timestamp":"2024-06-16 23:26:48"}
{"level":"error","message":"alerts/markAsSeen/undefined error: Cast to ObjectId failed for value \"undefined\" (type string) at path \"_id\" for model \"Alert\"","method":"PATCH","path":"alerts/markAsSeen/undefined","stack":"Contact support.","status":500,"timestamp":"2024-06-16 23:27:39"}
{"level":"info","message":"User retrieved: masteradmin","timestamp":"2024-06-16 23:27:41"}
{"level":"info","message":"API Success: getUser","method":"GET","path":"getUser","status":200,"timestamp":"2024-06-16 23:27:41"}
{"level":"info","message":"API Success: alerts/getAllAlerts?page=1&limit=10","method":"GET","path":"alerts/getAllAlerts?page=1&limit=10","status":200,"timestamp":"2024-06-16 23:27:41"}
{"level":"info","message":"User retrieved: masteradmin","timestamp":"2024-06-16 23:27:41"}
{"level":"info","message":"API Success: getUser","method":"GET","path":"getUser","status":200,"timestamp":"2024-06-16 23:27:41"}
{"level":"info","message":"API Success: alerts/markAsSeen/666f559ef3e2b4759822dcd0","method":"PATCH","path":"alerts/markAsSeen/666f559ef3e2b4759822dcd0","status":200,"timestamp":"2024-06-16 23:28:47"}
{"level":"info","message":"User retrieved: masteradmin","timestamp":"2024-06-16 23:28:48"}
{"level":"info","message":"API Success: getUser","method":"GET","path":"getUser","status":200,"timestamp":"2024-06-16 23:28:48"}
{"level":"info","message":"User retrieved: masteradmin","timestamp":"2024-06-16 23:28:49"}
{"level":"info","message":"API Success: getUser","method":"GET","path":"getUser","status":200,"timestamp":"2024-06-16 23:28:49"}
{"level":"info","message":"API Success: alerts/getAllAlerts?page=1&limit=10","method":"GET","path":"alerts/getAllAlerts?page=1&limit=10","status":200,"timestamp":"2024-06-16 23:28:49"}
{"level":"error","message":"alerts/markAsSeen/undefined error: Cast to ObjectId failed for value \"undefined\" (type string) at path \"_id\" for model \"Alert\"","method":"PATCH","path":"alerts/markAsSeen/undefined","stack":"Contact support.","status":500,"timestamp":"2024-06-16 23:33:17"}
{"level":"info","message":"User retrieved: masteradmin","timestamp":"2024-06-16 23:33:23"}
{"level":"info","message":"API Success: getUser","method":"GET","path":"getUser","status":200,"timestamp":"2024-06-16 23:33:23"}
{"level":"info","message":"User retrieved: masteradmin","timestamp":"2024-06-16 23:33:24"}
{"level":"info","message":"API Success: getUser","method":"GET","path":"getUser","status":200,"timestamp":"2024-06-16 23:33:24"}
{"level":"info","message":"API Success: alerts/getAllAlerts?page=1&limit=10","method":"GET","path":"alerts/getAllAlerts?page=1&limit=10","status":200,"timestamp":"2024-06-16 23:33:24"}
{"level":"error","message":"alerts/markAsSeen/undefined error: Cast to ObjectId failed for value \"undefined\" (type string) at path \"_id\" for model \"Alert\"","method":"PATCH","path":"alerts/markAsSeen/undefined","stack":"Contact support.","status":500,"timestamp":"2024-06-16 23:33:44"}
{"level":"info","message":"User retrieved: masteradmin","timestamp":"2024-06-16 23:33:47"}
{"level":"info","message":"API Success: getUser","method":"GET","path":"getUser","status":200,"timestamp":"2024-06-16 23:33:47"}
{"level":"info","message":"API Success: alerts/getAllAlerts?page=1&limit=10","method":"GET","path":"alerts/getAllAlerts?page=1&limit=10","status":200,"timestamp":"2024-06-16 23:33:48"}
{"level":"info","message":"User retrieved: masteradmin","timestamp":"2024-06-16 23:33:48"}
{"level":"info","message":"API Success: getUser","method":"GET","path":"getUser","status":200,"timestamp":"2024-06-16 23:33:48"}
{"level":"info","message":"User retrieved: masteradmin","timestamp":"2024-06-16 23:34:31"}
{"level":"info","message":"API Success: getUser","method":"GET","path":"getUser","status":200,"timestamp":"2024-06-16 23:34:31"}
{"level":"info","message":"User retrieved: masteradmin","timestamp":"2024-06-16 23:34:31"}
{"level":"info","message":"API Success: getUser","method":"GET","path":"getUser","status":200,"timestamp":"2024-06-16 23:34:31"}
{"level":"info","message":"API Success: alerts/getAllAlerts?page=1&limit=10","method":"GET","path":"alerts/getAllAlerts?page=1&limit=10","status":200,"timestamp":"2024-06-16 23:34:31"}
