{"level":"info","message":"API Success: notifications","method":"GET","path":"notifications","status":200,"timestamp":"2024-08-28 16:38:35"}
{"level":"info","message":"API Success: /listAllCategories","method":"GET","path":"/listAllCategories","status":200,"timestamp":"2024-08-28 16:38:35"}
{"level":"info","message":"API Success: /getSubcategoryById/66ce2f06f5008a60d9ad94a6","method":"GET","path":"/getSubcategoryById/66ce2f06f5008a60d9ad94a6","status":200,"timestamp":"2024-08-28 16:38:35"}
{"level":"info","message":"User retrieved: randomUser1","timestamp":"2024-08-28 16:38:35"}
{"level":"info","message":"API Success: getUser","method":"GET","path":"getUser","status":200,"timestamp":"2024-08-28 16:38:35"}
{"level":"info","message":"API Success: notifications","method":"GET","path":"notifications","status":200,"timestamp":"2024-08-28 16:38:38"}
{"level":"info","message":"API Success: /getSubcategoryById/66ce2f06f5008a60d9ad94a6","method":"GET","path":"/getSubcategoryById/66ce2f06f5008a60d9ad94a6","status":200,"timestamp":"2024-08-28 16:38:39"}
{"level":"info","message":"API Success: /listAllCategories","method":"GET","path":"/listAllCategories","status":200,"timestamp":"2024-08-28 16:38:39"}
{"level":"info","message":"User retrieved: randomUser1","timestamp":"2024-08-28 16:38:39"}
{"level":"info","message":"API Success: getUser","method":"GET","path":"getUser","status":200,"timestamp":"2024-08-28 16:38:39"}
{"level":"info","message":"API Success: notifications","method":"GET","path":"notifications","status":200,"timestamp":"2024-08-28 16:45:25"}
{"level":"info","message":"API Success: /listAllCategories","method":"GET","path":"/listAllCategories","status":200,"timestamp":"2024-08-28 16:45:25"}
{"level":"info","message":"User retrieved: randomUser1","timestamp":"2024-08-28 16:45:25"}
{"level":"info","message":"API Success: getUser","method":"GET","path":"getUser","status":200,"timestamp":"2024-08-28 16:45:25"}
{"level":"info","message":"API Success: /getSubcategoryById/66ce2f06f5008a60d9ad94a6","method":"GET","path":"/getSubcategoryById/66ce2f06f5008a60d9ad94a6","status":200,"timestamp":"2024-08-28 16:45:25"}
{"level":"info","message":"API Success: /listAllSubcategories","method":"GET","path":"/listAllSubcategories","status":200,"timestamp":"2024-08-28 16:45:31"}
{"level":"info","message":"API Success: /listAllCategories","method":"GET","path":"/listAllCategories","status":200,"timestamp":"2024-08-28 16:46:05"}
{"level":"info","message":"API Success: /listAllSubcategories","method":"GET","path":"/listAllSubcategories","status":200,"timestamp":"2024-08-28 16:46:06"}
{"level":"info","message":"API Success: /listAllSubcategories","method":"GET","path":"/listAllSubcategories","status":200,"timestamp":"2024-08-28 16:46:08"}
{"level":"info","message":"API Success: /listAllCategories","method":"GET","path":"/listAllCategories","status":200,"timestamp":"2024-08-28 16:46:09"}
{"level":"info","message":"API Success: /listAllSubcategories","method":"GET","path":"/listAllSubcategories","status":200,"timestamp":"2024-08-28 16:46:10"}
{"level":"info","message":"API Success: /listAllCategories","method":"GET","path":"/listAllCategories","status":200,"timestamp":"2024-08-28 16:46:11"}
{"level":"info","message":"API Success: /listAllSubcategories","method":"GET","path":"/listAllSubcategories","status":200,"timestamp":"2024-08-28 16:46:12"}
{"level":"info","message":"API Success: /listAllCategories","method":"GET","path":"/listAllCategories","status":200,"timestamp":"2024-08-28 16:46:12"}
{"level":"info","message":"API Success: /listAllSubcategories","method":"GET","path":"/listAllSubcategories","status":200,"timestamp":"2024-08-28 16:46:15"}
{"level":"info","message":"API Success: /listAllCategories","method":"GET","path":"/listAllCategories","status":200,"timestamp":"2024-08-28 16:46:16"}
{"level":"info","message":"API Success: /listAllSubcategories","method":"GET","path":"/listAllSubcategories","status":200,"timestamp":"2024-08-28 16:46:17"}
{"level":"info","message":"API Success: /listAllCategories","method":"GET","path":"/listAllCategories","status":200,"timestamp":"2024-08-28 16:46:36"}
{"level":"info","message":"API Success: /listAllSubcategories","method":"GET","path":"/listAllSubcategories","status":200,"timestamp":"2024-08-28 16:46:38"}
{"level":"info","message":"API Success: /listAllCategories","method":"GET","path":"/listAllCategories","status":200,"timestamp":"2024-08-28 16:47:01"}
{"level":"info","message":"API Success: /listAllCategories","method":"GET","path":"/listAllCategories","status":200,"timestamp":"2024-08-28 16:47:06"}
{"level":"info","message":"API Success: /listAllSubcategories","method":"GET","path":"/listAllSubcategories","status":200,"timestamp":"2024-08-28 16:47:07"}
{"level":"info","message":"API Success: /listAllSubcategories","method":"GET","path":"/listAllSubcategories","status":200,"timestamp":"2024-08-28 16:47:11"}
{"level":"info","message":"API Success: /listAllCategories","method":"GET","path":"/listAllCategories","status":200,"timestamp":"2024-08-28 16:47:20"}
{"level":"info","message":"API Success: /deleteCategory/66ce2d30f5008a60d9ad93e5","method":"DELETE","path":"/deleteCategory/66ce2d30f5008a60d9ad93e5","status":200,"timestamp":"2024-08-28 16:47:39"}
{"level":"info","message":"API Success: /listAllCategories","method":"GET","path":"/listAllCategories","status":200,"timestamp":"2024-08-28 16:47:39"}
{"level":"info","message":"API Success: /listAllSubcategories","method":"GET","path":"/listAllSubcategories","status":200,"timestamp":"2024-08-28 16:47:48"}
{"level":"info","message":"API Success: /deleteSubcategory/66ce2f06f5008a60d9ad94a6","method":"DELETE","path":"/deleteSubcategory/66ce2f06f5008a60d9ad94a6","status":200,"timestamp":"2024-08-28 16:47:51"}
{"level":"info","message":"API Success: /listAllSubcategories","method":"GET","path":"/listAllSubcategories","status":200,"timestamp":"2024-08-28 16:47:52"}
{"level":"info","message":"API Success: /listAllCategories","method":"GET","path":"/listAllCategories","status":200,"timestamp":"2024-08-28 16:47:53"}
{"level":"info","message":"API Success: notifications","method":"GET","path":"notifications","status":200,"timestamp":"2024-08-28 16:54:02"}
{"level":"info","message":"User retrieved: randomUser1","timestamp":"2024-08-28 16:54:02"}
{"level":"info","message":"API Success: getUser","method":"GET","path":"getUser","status":200,"timestamp":"2024-08-28 16:54:02"}
{"level":"info","message":"API Success: /listAllCategories","method":"GET","path":"/listAllCategories","status":200,"timestamp":"2024-08-28 16:54:02"}
{"level":"info","message":"API Success: /createCategory","method":"POST","path":"/createCategory","status":200,"timestamp":"2024-08-28 16:54:21"}
{"level":"info","message":"API Success: /listAllCategories","method":"GET","path":"/listAllCategories","status":200,"timestamp":"2024-08-28 16:54:21"}
{"level":"info","message":"API Success: /listAllSubcategories","method":"GET","path":"/listAllSubcategories","status":200,"timestamp":"2024-08-28 16:54:33"}
{"level":"info","message":"API Success: /listAllCategories","method":"GET","path":"/listAllCategories","status":200,"timestamp":"2024-08-28 16:54:34"}
{"level":"info","message":"API Success: /createSubcategory","method":"POST","path":"/createSubcategory","status":200,"timestamp":"2024-08-28 16:54:49"}
{"level":"info","message":"API Success: /listAllSubcategories","method":"GET","path":"/listAllSubcategories","status":200,"timestamp":"2024-08-28 16:54:49"}
{"level":"info","message":"API Success: /listAllCategories","method":"GET","path":"/listAllCategories","status":200,"timestamp":"2024-08-28 16:55:00"}
{"level":"info","message":"API Success: /deleteCategory/66cf3a1d2183d427e3ed1cfa","method":"DELETE","path":"/deleteCategory/66cf3a1d2183d427e3ed1cfa","status":200,"timestamp":"2024-08-28 16:55:02"}
{"level":"info","message":"API Success: /listAllCategories","method":"GET","path":"/listAllCategories","status":200,"timestamp":"2024-08-28 16:55:02"}
{"level":"info","message":"API Success: /listAllSubcategories","method":"GET","path":"/listAllSubcategories","status":200,"timestamp":"2024-08-28 16:55:05"}
{"level":"info","message":"API Success: /deleteSubcategory/66cf3a392183d427e3ed1d11","method":"DELETE","path":"/deleteSubcategory/66cf3a392183d427e3ed1d11","status":200,"timestamp":"2024-08-28 17:01:07"}
{"level":"info","message":"API Success: /listAllSubcategories","method":"GET","path":"/listAllSubcategories","status":200,"timestamp":"2024-08-28 17:01:07"}
{"level":"info","message":"API Success: /listAllCategories","method":"GET","path":"/listAllCategories","status":200,"timestamp":"2024-08-28 17:01:09"}
{"level":"info","message":"API Success: /createCategory","method":"POST","path":"/createCategory","status":200,"timestamp":"2024-08-28 17:01:18"}
{"level":"info","message":"API Success: /listAllCategories","method":"GET","path":"/listAllCategories","status":200,"timestamp":"2024-08-28 17:01:18"}
{"level":"info","message":"API Success: /listAllSubcategories","method":"GET","path":"/listAllSubcategories","status":200,"timestamp":"2024-08-28 17:01:22"}
{"level":"info","message":"API Success: /listAllCategories","method":"GET","path":"/listAllCategories","status":200,"timestamp":"2024-08-28 17:01:25"}
{"level":"info","message":"API Success: /createSubcategory","method":"POST","path":"/createSubcategory","status":200,"timestamp":"2024-08-28 17:01:36"}
{"level":"info","message":"API Success: /listAllSubcategories","method":"GET","path":"/listAllSubcategories","status":200,"timestamp":"2024-08-28 17:01:36"}
{"level":"info","message":"API Success: /listAllCategories","method":"GET","path":"/listAllCategories","status":200,"timestamp":"2024-08-28 17:01:38"}
{"level":"error","message":"deleteCategory error: Subcategory is not defined","stack":"ReferenceError: Subcategory is not defined\n    at deleteCategory (C:\\Users\\Javier\\Documents\\proyectos\\ecommerce\\back\\controllers\\CategoryController.js:92:9)\n    at Layer.handle [as handle_request] (C:\\Users\\Javier\\Documents\\proyectos\\ecommerce\\back\\node_modules\\express\\lib\\router\\layer.js:95:5)\n    at next (C:\\Users\\Javier\\Documents\\proyectos\\ecommerce\\back\\node_modules\\express\\lib\\router\\route.js:149:13)\n    at C:\\Users\\Javier\\Documents\\proyectos\\ecommerce\\back\\middlewares\\rbacMiddleware.js:21:13\n    at process.processTicksAndRejections (node:internal/process/task_queues:95:5)","timestamp":"2024-08-28 17:01:41"}
{"level":"error","message":"/deleteCategory/66cf3bbe3f3fb901907e1b6d error: Subcategory is not defined","method":"DELETE","path":"/deleteCategory/66cf3bbe3f3fb901907e1b6d","stack":"Contact support.","status":500,"timestamp":"2024-08-28 17:01:41"}
{"level":"info","message":"API Success: /deleteCategory/66cf3bbe3f3fb901907e1b6d","method":"DELETE","path":"/deleteCategory/66cf3bbe3f3fb901907e1b6d","status":200,"timestamp":"2024-08-28 17:03:22"}
{"level":"info","message":"API Success: /listAllCategories","method":"GET","path":"/listAllCategories","status":200,"timestamp":"2024-08-28 17:03:22"}
{"level":"info","message":"API Success: /listAllSubcategories","method":"GET","path":"/listAllSubcategories","status":200,"timestamp":"2024-08-28 17:03:25"}
{"level":"info","message":"API Success: notifications","method":"GET","path":"notifications","status":200,"timestamp":"2024-08-28 18:38:43"}
{"level":"info","message":"API Success: /listAllSubcategories","method":"GET","path":"/listAllSubcategories","status":200,"timestamp":"2024-08-28 18:38:43"}
{"level":"info","message":"User retrieved: randomUser1","timestamp":"2024-08-28 18:38:43"}
{"level":"info","message":"API Success: getUser","method":"GET","path":"getUser","status":200,"timestamp":"2024-08-28 18:38:43"}
{"level":"info","message":"API Success: /listAllCategories","method":"GET","path":"/listAllCategories","status":200,"timestamp":"2024-08-28 18:38:45"}
{"kind":"ObjectId","level":"error","message":"createSubcategory error: Cast to ObjectId failed for value \"\" (type string) at path \"_id\" for model \"Category\"","path":"_id","reason":{},"stack":"CastError: Cast to ObjectId failed for value \"\" (type string) at path \"_id\" for model \"Category\"\n    at SchemaObjectId.cast (C:\\Users\\Javier\\Documents\\proyectos\\ecommerce\\back\\node_modules\\mongoose\\lib\\schema\\objectId.js:250:11)\n    at SchemaType.applySetters (C:\\Users\\Javier\\Documents\\proyectos\\ecommerce\\back\\node_modules\\mongoose\\lib\\schemaType.js:1221:12)\n    at SchemaType.castForQuery (C:\\Users\\Javier\\Documents\\proyectos\\ecommerce\\back\\node_modules\\mongoose\\lib\\schemaType.js:1636:17)\n    at cast (C:\\Users\\Javier\\Documents\\proyectos\\ecommerce\\back\\node_modules\\mongoose\\lib\\cast.js:375:32)\n    at Query.cast (C:\\Users\\Javier\\Documents\\proyectos\\ecommerce\\back\\node_modules\\mongoose\\lib\\query.js:4778:12)\n    at Query._castConditions (C:\\Users\\Javier\\Documents\\proyectos\\ecommerce\\back\\node_modules\\mongoose\\lib\\query.js:2199:10)\n    at model.Query._findOne (C:\\Users\\Javier\\Documents\\proyectos\\ecommerce\\back\\node_modules\\mongoose\\lib\\query.js:2513:8)\n    at model.Query.exec (C:\\Users\\Javier\\Documents\\proyectos\\ecommerce\\back\\node_modules\\mongoose\\lib\\query.js:4322:80)\n    at process.processTicksAndRejections (node:internal/process/task_queues:95:5)\n    at async createSubcategory (C:\\Users\\Javier\\Documents\\proyectos\\ecommerce\\back\\controllers\\SubcategoryController.js:14:29)","stringValue":"\"\"","timestamp":"2024-08-28 18:38:55","value":"","valueType":"string"}
{"level":"error","message":"/createSubcategory error: Cast to ObjectId failed for value \"\" (type string) at path \"_id\" for model \"Category\"","method":"POST","path":"/createSubcategory","stack":"Contact support.","status":500,"timestamp":"2024-08-28 18:38:55"}
{"kind":"ObjectId","level":"error","message":"createSubcategory error: Cast to ObjectId failed for value \"\" (type string) at path \"_id\" for model \"Category\"","path":"_id","reason":{},"stack":"CastError: Cast to ObjectId failed for value \"\" (type string) at path \"_id\" for model \"Category\"\n    at SchemaObjectId.cast (C:\\Users\\Javier\\Documents\\proyectos\\ecommerce\\back\\node_modules\\mongoose\\lib\\schema\\objectId.js:250:11)\n    at SchemaType.applySetters (C:\\Users\\Javier\\Documents\\proyectos\\ecommerce\\back\\node_modules\\mongoose\\lib\\schemaType.js:1221:12)\n    at SchemaType.castForQuery (C:\\Users\\Javier\\Documents\\proyectos\\ecommerce\\back\\node_modules\\mongoose\\lib\\schemaType.js:1636:17)\n    at cast (C:\\Users\\Javier\\Documents\\proyectos\\ecommerce\\back\\node_modules\\mongoose\\lib\\cast.js:375:32)\n    at Query.cast (C:\\Users\\Javier\\Documents\\proyectos\\ecommerce\\back\\node_modules\\mongoose\\lib\\query.js:4778:12)\n    at Query._castConditions (C:\\Users\\Javier\\Documents\\proyectos\\ecommerce\\back\\node_modules\\mongoose\\lib\\query.js:2199:10)\n    at model.Query._findOne (C:\\Users\\Javier\\Documents\\proyectos\\ecommerce\\back\\node_modules\\mongoose\\lib\\query.js:2513:8)\n    at model.Query.exec (C:\\Users\\Javier\\Documents\\proyectos\\ecommerce\\back\\node_modules\\mongoose\\lib\\query.js:4322:80)\n    at process.processTicksAndRejections (node:internal/process/task_queues:95:5)\n    at async createSubcategory (C:\\Users\\Javier\\Documents\\proyectos\\ecommerce\\back\\controllers\\SubcategoryController.js:14:29)","stringValue":"\"\"","timestamp":"2024-08-28 18:44:18","value":"","valueType":"string"}
{"level":"error","message":"/createSubcategory error: Cast to ObjectId failed for value \"\" (type string) at path \"_id\" for model \"Category\"","method":"POST","path":"/createSubcategory","stack":"Contact support.","status":500,"timestamp":"2024-08-28 18:44:18"}
{"kind":"ObjectId","level":"error","message":"createSubcategory error: Cast to ObjectId failed for value \"\" (type string) at path \"_id\" for model \"Category\"","path":"_id","reason":{},"stack":"CastError: Cast to ObjectId failed for value \"\" (type string) at path \"_id\" for model \"Category\"\n    at SchemaObjectId.cast (C:\\Users\\Javier\\Documents\\proyectos\\ecommerce\\back\\node_modules\\mongoose\\lib\\schema\\objectId.js:250:11)\n    at SchemaType.applySetters (C:\\Users\\Javier\\Documents\\proyectos\\ecommerce\\back\\node_modules\\mongoose\\lib\\schemaType.js:1221:12)\n    at SchemaType.castForQuery (C:\\Users\\Javier\\Documents\\proyectos\\ecommerce\\back\\node_modules\\mongoose\\lib\\schemaType.js:1636:17)\n    at cast (C:\\Users\\Javier\\Documents\\proyectos\\ecommerce\\back\\node_modules\\mongoose\\lib\\cast.js:375:32)\n    at Query.cast (C:\\Users\\Javier\\Documents\\proyectos\\ecommerce\\back\\node_modules\\mongoose\\lib\\query.js:4778:12)\n    at Query._castConditions (C:\\Users\\Javier\\Documents\\proyectos\\ecommerce\\back\\node_modules\\mongoose\\lib\\query.js:2199:10)\n    at model.Query._findOne (C:\\Users\\Javier\\Documents\\proyectos\\ecommerce\\back\\node_modules\\mongoose\\lib\\query.js:2513:8)\n    at model.Query.exec (C:\\Users\\Javier\\Documents\\proyectos\\ecommerce\\back\\node_modules\\mongoose\\lib\\query.js:4322:80)\n    at process.processTicksAndRejections (node:internal/process/task_queues:95:5)\n    at async createSubcategory (C:\\Users\\Javier\\Documents\\proyectos\\ecommerce\\back\\controllers\\SubcategoryController.js:14:29)","stringValue":"\"\"","timestamp":"2024-08-28 18:44:31","value":"","valueType":"string"}
{"level":"error","message":"/createSubcategory error: Cast to ObjectId failed for value \"\" (type string) at path \"_id\" for model \"Category\"","method":"POST","path":"/createSubcategory","stack":"Contact support.","status":500,"timestamp":"2024-08-28 18:44:31"}
{"level":"info","message":"API Success: notifications","method":"GET","path":"notifications","status":200,"timestamp":"2024-08-28 18:48:54"}
{"level":"info","message":"API Success: /listAllCategories","method":"GET","path":"/listAllCategories","status":200,"timestamp":"2024-08-28 18:48:54"}
{"level":"info","message":"User retrieved: randomUser1","timestamp":"2024-08-28 18:48:54"}
{"level":"info","message":"API Success: getUser","method":"GET","path":"getUser","status":200,"timestamp":"2024-08-28 18:48:54"}
{"level":"info","message":"User retrieved: randomUser1","timestamp":"2024-08-28 18:49:33"}
{"level":"info","message":"API Success: getUser","method":"GET","path":"getUser","status":200,"timestamp":"2024-08-28 18:49:33"}
{"level":"info","message":"API Success: notifications","method":"GET","path":"notifications","status":200,"timestamp":"2024-08-28 18:49:33"}
{"level":"info","message":"API Success: /listAllCategories","method":"GET","path":"/listAllCategories","status":200,"timestamp":"2024-08-28 18:49:33"}
{"level":"info","message":"API Success: notifications","method":"GET","path":"notifications","status":200,"timestamp":"2024-08-28 18:57:56"}
{"level":"info","message":"API Success: /listAllCategories","method":"GET","path":"/listAllCategories","status":200,"timestamp":"2024-08-28 18:57:56"}
{"level":"info","message":"User retrieved: randomUser1","timestamp":"2024-08-28 18:57:56"}
{"level":"info","message":"API Success: getUser","method":"GET","path":"getUser","status":200,"timestamp":"2024-08-28 18:57:56"}
{"level":"info","message":"API Success: notifications","method":"GET","path":"notifications","status":200,"timestamp":"2024-08-28 19:04:15"}
{"level":"info","message":"API Success: /listAllCategories","method":"GET","path":"/listAllCategories","status":200,"timestamp":"2024-08-28 19:04:15"}
{"level":"info","message":"User retrieved: randomUser1","timestamp":"2024-08-28 19:04:15"}
{"level":"info","message":"API Success: getUser","method":"GET","path":"getUser","status":200,"timestamp":"2024-08-28 19:04:15"}
{"level":"info","message":"API Success: /listAllSubcategories","method":"GET","path":"/listAllSubcategories","status":200,"timestamp":"2024-08-28 19:10:16"}
{"level":"error","message":"undefined_path error: The token is invalid: jwt expired","path":"undefined_path","stack":"No additional details provided.","status":403,"timestamp":"2024-08-28 21:26:27"}
{"level":"info","message":"API Success: loginUser","method":"POST","path":"loginUser","status":200,"timestamp":"2024-08-28 21:54:11"}
{"level":"info","message":"User retrieved: masteradmin","timestamp":"2024-08-28 21:54:11"}
{"level":"info","message":"API Success: getUser","method":"GET","path":"getUser","status":200,"timestamp":"2024-08-28 21:54:11"}
{"level":"info","message":"User retrieved: masteradmin","timestamp":"2024-08-28 21:54:11"}
{"level":"info","message":"API Success: getUser","method":"GET","path":"getUser","status":200,"timestamp":"2024-08-28 21:54:11"}
{"level":"info","message":"API Success: notifications","method":"GET","path":"notifications","status":200,"timestamp":"2024-08-28 21:54:11"}
{"level":"info","message":"API Success: /listAllCategories","method":"GET","path":"/listAllCategories","status":200,"timestamp":"2024-08-28 21:54:22"}
{"level":"info","message":"API Success: notifications","method":"GET","path":"notifications","status":200,"timestamp":"2024-08-28 21:57:27"}
{"level":"info","message":"User retrieved: masteradmin","timestamp":"2024-08-28 21:57:27"}
{"level":"info","message":"API Success: getUser","method":"GET","path":"getUser","status":200,"timestamp":"2024-08-28 21:57:27"}
{"level":"info","message":"API Success: /createCategory","method":"POST","path":"/createCategory","status":200,"timestamp":"2024-08-28 21:57:52"}
{"level":"info","message":"API Success: /listAllCategories","method":"GET","path":"/listAllCategories","status":200,"timestamp":"2024-08-28 21:57:52"}
{"level":"info","message":"API Success: /getCategoryById/66cf81404c7d54774995aae0","method":"GET","path":"/getCategoryById/66cf81404c7d54774995aae0","status":200,"timestamp":"2024-08-28 21:58:19"}
{"level":"info","message":"API Success: /listAllCategories","method":"GET","path":"/listAllCategories","status":200,"timestamp":"2024-08-28 21:58:23"}
