{"level":"error","message":"undefined_path error: The token is invalid: jwt expired","path":"undefined_path","stack":"No additional details provided.","status":403,"timestamp":"2024-08-22 09:43:45"}
{"level":"info","message":"API Success: loginUser","method":"POST","path":"loginUser","status":200,"timestamp":"2024-08-22 09:43:58"}
{"level":"error","message":"undefined_path error: The token is invalid: jwt expired","path":"undefined_path","stack":"No additional details provided.","status":403,"timestamp":"2024-08-22 10:12:21"}
{"level":"info","message":"API Success: getUserProfileImage/667e79acb5dce5f01d125a71","method":"GET","path":"getUserProfileImage/667e79acb5dce5f01d125a71","status":200,"timestamp":"2024-08-22 10:12:37"}
{"level":"info","message":"API Success: getUserProfileImage/667e79acb5dce5f01d125a71","method":"GET","path":"getUserProfileImage/667e79acb5dce5f01d125a71","status":200,"timestamp":"2024-08-22 10:12:38"}
{"level":"error","message":"undefined_path error: The token is invalid: jwt expired","path":"undefined_path","stack":"No additional details provided.","status":403,"timestamp":"2024-08-22 10:12:44"}
{"level":"info","message":"API Success: images/upload/users/667e79acb5dce5f01d125a71","method":"POST","path":"images/upload/users/667e79acb5dce5f01d125a71","status":200,"timestamp":"2024-08-22 10:12:48"}
{"level":"info","message":"API Success: images/upload/users/667e79acb5dce501d125a71","method":"POST","path":"images/upload/users/667e79acb5dce501d125a71","status":200,"timestamp":"2024-08-22 10:13:01"}
{"level":"info","message":"API Success: images/upload/users/667e79acb5dce501d125a71","method":"POST","path":"images/upload/users/667e79acb5dce501d125a71","status":200,"timestamp":"2024-08-22 10:15:03"}
{"level":"info","message":"API Success: images/upload/users/667e79acb5dce501d125a71","method":"POST","path":"images/upload/users/667e79acb5dce501d125a71","status":200,"timestamp":"2024-08-22 10:15:04"}
{"level":"error","message":"undefined_path error: The token is invalid: jwt expired","path":"undefined_path","stack":"No additional details provided.","status":403,"timestamp":"2024-08-22 10:18:46"}
{"level":"error","message":"uploadProfileImage/667e79acb5dce5f01d125a71 error: Failed to create or replace the file.","path":"uploadProfileImage/667e79acb5dce5f01d125a71","stack":"No additional details provided.","status":500,"timestamp":"2024-08-22 10:33:22"}
{"level":"info","message":"API Success: uploadProfileImage/667e79acb5dce5f01d125a71","method":"POST","path":"uploadProfileImage/667e79acb5dce5f01d125a71","status":200,"timestamp":"2024-08-22 10:40:03"}
{"level":"info","message":"API Success: uploadProfileImage/667e79acb5dce5f01d125a71","method":"POST","path":"uploadProfileImage/667e79acb5dce5f01d125a71","status":200,"timestamp":"2024-08-22 10:40:30"}
{"level":"info","message":"API Success: uploadProfileImage/667e79acb5dce5f01d125a71","method":"POST","path":"uploadProfileImage/667e79acb5dce5f01d125a71","status":200,"timestamp":"2024-08-22 10:41:05"}
{"level":"info","message":"API Success: uploadProfileImage/66be17dd609c3c3276a2f3e0","method":"POST","path":"uploadProfileImage/66be17dd609c3c3276a2f3e0","status":200,"timestamp":"2024-08-22 10:42:04"}
{"level":"error","message":"undefined_path error: The token is invalid: jwt expired","path":"undefined_path","stack":"No additional details provided.","status":403,"timestamp":"2024-08-22 10:48:24"}
{"level":"info","message":"API Success: getUserProfileImage/667e79acb5dce5f01d125a71","method":"GET","path":"getUserProfileImage/667e79acb5dce5f01d125a71","status":200,"timestamp":"2024-08-22 10:48:42"}
{"level":"info","message":"API Success: getUserProfileImage/667e79acb5dce5f01d125a71-1724316065964.png","method":"GET","path":"getUserProfileImage/667e79acb5dce5f01d125a71-1724316065964.png","status":200,"timestamp":"2024-08-22 10:49:03"}
{"level":"info","message":"API Success: uploadProfileImage/66be17dd609c3c3276a2f3e0","method":"POST","path":"uploadProfileImage/66be17dd609c3c3276a2f3e0","status":200,"timestamp":"2024-08-22 10:49:46"}
{"level":"info","message":"API Success: getUserProfileImage/667e79acb5dce5f01d125a71-1724316065964.png","method":"GET","path":"getUserProfileImage/667e79acb5dce5f01d125a71-1724316065964.png","status":200,"timestamp":"2024-08-22 10:49:50"}
{"level":"info","message":"API Success: getUserProfileImage/667e79acb5dce5f01d125a71","method":"GET","path":"getUserProfileImage/667e79acb5dce5f01d125a71","status":200,"timestamp":"2024-08-22 10:50:14"}
{"level":"info","message":"API Success: createMasterAdmin","method":"POST","path":"createMasterAdmin","status":200,"timestamp":"2024-08-22 10:56:42"}
{"level":"info","message":"API Success: uploadProfileImage/66c6fd499c1b824a73317ebf","method":"POST","path":"uploadProfileImage/66c6fd499c1b824a73317ebf","status":200,"timestamp":"2024-08-22 10:57:20"}
{"level":"info","message":"API Success: getUserProfileImage/667e79acb5dce5f01d125a71","method":"GET","path":"getUserProfileImage/667e79acb5dce5f01d125a71","status":200,"timestamp":"2024-08-22 10:59:16"}
{"level":"info","message":"API Success: getUserProfileImage/66c6fd499c1b824a73317ebf","method":"GET","path":"getUserProfileImage/66c6fd499c1b824a73317ebf","status":200,"timestamp":"2024-08-22 10:59:33"}
{"level":"info","message":"API Success: getUserProfileImage/66c6fd499c1b824a73317ebf","method":"GET","path":"getUserProfileImage/66c6fd499c1b824a73317ebf","status":200,"timestamp":"2024-08-22 11:01:52"}
{"level":"info","message":"API Success: uploadProfileImage/66c6fd499c1b824a73317ebf","method":"POST","path":"uploadProfileImage/66c6fd499c1b824a73317ebf","status":200,"timestamp":"2024-08-22 11:03:06"}
{"level":"info","message":"API Success: uploadProfileImage/66c6fd499c1b824a73317ebf","method":"POST","path":"uploadProfileImage/66c6fd499c1b824a73317ebf","status":200,"timestamp":"2024-08-22 11:03:15"}
{"level":"info","message":"API Success: getUserProfileImage/66c6fd499c1b824a73317ebf","method":"GET","path":"getUserProfileImage/66c6fd499c1b824a73317ebf","status":200,"timestamp":"2024-08-22 11:03:21"}
{"level":"info","message":"API Success: getUserProfileImage/66c6fd499c1b824a73317ebf","method":"GET","path":"getUserProfileImage/66c6fd499c1b824a73317ebf","status":200,"timestamp":"2024-08-22 11:05:41"}
{"level":"info","message":"API Success: getUserProfileImage/66c6fd499c1b824a73317ebf","method":"GET","path":"getUserProfileImage/66c6fd499c1b824a73317ebf","status":200,"timestamp":"2024-08-22 11:06:34"}
{"level":"info","message":"API Success: getUserProfileImage/66c6fd499c1b824a73317ebf","method":"GET","path":"getUserProfileImage/66c6fd499c1b824a73317ebf","status":200,"timestamp":"2024-08-22 11:07:03"}
{"level":"info","message":"API Success: getUserProfileImage/66c6fd499c1b824a73317ebf","method":"GET","path":"getUserProfileImage/66c6fd499c1b824a73317ebf","status":200,"timestamp":"2024-08-22 11:09:07"}
{"level":"warn","message":"Login attempt for not verified account: masteradmin from IP: ::ffff:127.0.0.1","timestamp":"2024-08-22 11:10:35"}
{"level":"error","message":"loginUser error: Account not verified. Please check your email for activation link.","method":"POST","path":"loginUser","stack":"Login attempt for not verified account: masteradmin from IP: ::ffff:127.0.0.1","status":403,"timestamp":"2024-08-22 11:10:35"}
{"level":"warn","message":"Login attempt for not verified account: masteradmin from IP: ::ffff:127.0.0.1","timestamp":"2024-08-22 11:10:57"}
{"level":"error","message":"loginUser error: Account not verified. Please check your email for activation link.","method":"POST","path":"loginUser","stack":"Login attempt for not verified account: masteradmin from IP: ::ffff:127.0.0.1","status":403,"timestamp":"2024-08-22 11:10:57"}
{"level":"info","message":"API Success: loginUser","method":"POST","path":"loginUser","status":200,"timestamp":"2024-08-22 11:11:27"}
{"level":"info","message":"API Success: getUserProfileImage/66c6fd499c1b824a73317ebf","method":"GET","path":"getUserProfileImage/66c6fd499c1b824a73317ebf","status":200,"timestamp":"2024-08-22 11:11:44"}
{"level":"info","message":"API Success: getUserProfileImage/66c6fd499c1b824a73317ebf","method":"GET","path":"getUserProfileImage/66c6fd499c1b824a73317ebf","status":200,"timestamp":"2024-08-22 11:11:55"}
{"level":"info","message":"API Success: getUserProfileImage/66c6fd499c1b824a73317ebf","method":"GET","path":"getUserProfileImage/66c6fd499c1b824a73317ebf","status":200,"timestamp":"2024-08-22 11:13:49"}
{"level":"info","message":"API Success: getUserProfileImage/66c6fd499c1b824a73317ebf","method":"GET","path":"getUserProfileImage/66c6fd499c1b824a73317ebf","status":200,"timestamp":"2024-08-22 11:13:54"}
{"level":"error","message":"uploadProfileImage/66c6fd499c1b824a73317ebf error: Failed to create or replace the file.","path":"uploadProfileImage/66c6fd499c1b824a73317ebf","stack":"No additional details provided.","status":500,"timestamp":"2024-08-22 11:15:15"}
{"level":"info","message":"API Success: uploadProfileImage/66c6fd499c1b824a73317ebf","method":"POST","path":"uploadProfileImage/66c6fd499c1b824a73317ebf","status":200,"timestamp":"2024-08-22 11:15:52"}
{"level":"info","message":"API Success: getUserProfileImage/66c6fd499c1b824a73317ebf","method":"GET","path":"getUserProfileImage/66c6fd499c1b824a73317ebf","status":200,"timestamp":"2024-08-22 11:16:08"}
{"level":"error","message":"uploadProfileImage/66c6fd499c1b824a73317ebf error: Failed to create or replace the file.","path":"uploadProfileImage/66c6fd499c1b824a73317ebf","stack":"No additional details provided.","status":500,"timestamp":"2024-08-22 11:29:35"}
{"level":"info","message":"API Success: uploadProfileImage/66c6fd499c1b824a73317ebf","method":"POST","path":"uploadProfileImage/66c6fd499c1b824a73317ebf","status":200,"timestamp":"2024-08-22 11:34:48"}
{"level":"info","message":"API Success: uploadProfileImage/66c6fd499c1b824a73317ebf","method":"POST","path":"uploadProfileImage/66c6fd499c1b824a73317ebf","status":200,"timestamp":"2024-08-22 11:35:27"}
{"level":"info","message":"API Success: uploadProfileImage/66c6fd499c1b824a73317ebf","method":"POST","path":"uploadProfileImage/66c6fd499c1b824a73317ebf","status":200,"timestamp":"2024-08-22 11:39:36"}
{"level":"info","message":"API Success: getUserProfileImage/66c6fd499c1b824a73317ebf","method":"GET","path":"getUserProfileImage/66c6fd499c1b824a73317ebf","status":200,"timestamp":"2024-08-22 11:39:46"}
{"level":"info","message":"API Success: uploadProfileImage/66c6fd499c1b824a73317ebf","method":"POST","path":"uploadProfileImage/66c6fd499c1b824a73317ebf","status":200,"timestamp":"2024-08-22 11:41:47"}
{"level":"error","message":"uploadProfileImage/66c6fd499c1b824a73317ebf error: Failed to create or replace the file.","path":"uploadProfileImage/66c6fd499c1b824a73317ebf","stack":"No additional details provided.","status":500,"timestamp":"2024-08-22 11:46:34"}
{"level":"error","message":"uploadProfileImage/66c6fd499c1b824a73317ebf error: Failed to create or replace the file.","path":"uploadProfileImage/66c6fd499c1b824a73317ebf","stack":"No additional details provided.","status":500,"timestamp":"2024-08-22 11:46:37"}
{"level":"error","message":"uploadProfileImage/66c6fd499c1b824a73317ebf error: Failed to create or replace the file.","path":"uploadProfileImage/66c6fd499c1b824a73317ebf","stack":"No additional details provided.","status":500,"timestamp":"2024-08-22 11:46:38"}
{"level":"error","message":"uploadProfileImage/66c6fd499c1b824a73317ebf error: Failed to create or replace the file.","path":"uploadProfileImage/66c6fd499c1b824a73317ebf","stack":"No additional details provided.","status":500,"timestamp":"2024-08-22 11:46:39"}
{"level":"error","message":"uploadProfileImage/66c6fd499c1b824a73317ebf error: Failed to create or replace the file.","path":"uploadProfileImage/66c6fd499c1b824a73317ebf","stack":"No additional details provided.","status":500,"timestamp":"2024-08-22 11:48:17"}
{"level":"error","message":"uploadProfileImage/66c6fd499c1b824a73317ebf error: Failed to create or replace the file.","path":"uploadProfileImage/66c6fd499c1b824a73317ebf","stack":"No additional details provided.","status":500,"timestamp":"2024-08-22 11:52:33"}
{"level":"error","message":"uploadProfileImage/66c6fd499c1b824a73317ebf error: Failed to create or replace the file.","path":"uploadProfileImage/66c6fd499c1b824a73317ebf","stack":"No additional details provided.","status":500,"timestamp":"2024-08-22 11:52:35"}
{"level":"error","message":"uploadProfileImage/66c6fd499c1b824a73317ebf error: Failed to create or replace the file.","path":"uploadProfileImage/66c6fd499c1b824a73317ebf","stack":"No additional details provided.","status":500,"timestamp":"2024-08-22 11:52:36"}
{"level":"error","message":"uploadProfileImage/66c6fd499c1b824a73317ebf error: Failed to create or replace the file.","path":"uploadProfileImage/66c6fd499c1b824a73317ebf","stack":"No additional details provided.","status":500,"timestamp":"2024-08-22 11:55:46"}
{"level":"error","message":"uploadProfileImage/66c6fd499c1b824a73317ebf error: Failed to create or replace the file.","path":"uploadProfileImage/66c6fd499c1b824a73317ebf","stack":"No additional details provided.","status":500,"timestamp":"2024-08-22 11:57:40"}
