{"level":"info","message":"API Success: forgotPassword","method":"POST","path":"forgotPassword","status":200,"timestamp":"2024-08-13 18:08:12"}
{"level":"warn","message":"Invalid or expired token or code used from IP: ::ffff:127.0.0.1","timestamp":"2024-08-13 18:21:44"}
{"details":"No additional details provided.","level":"error","message":"Verify verification code error: Invalid or expired token or verification code.","method":"POST","path":"verification-code/b4916d9fec909b3eb86c6f3344305a9290abc49f1c9326269af93edc502ef9c6","stack":"Error: Invalid or expired token or verification code.\n    at verificationCode (C:\\Users\\Javier\\Documents\\proyectos\\ecommerce\\back\\controllers\\AuthControllers.js:509:19)\n    at process.processTicksAndRejections (node:internal/process/task_queues:95:5)","statusCode":400,"timestamp":"2024-08-13 18:21:44"}
{"level":"error","message":"verification-code/b4916d9fec909b3eb86c6f3344305a9290abc49f1c9326269af93edc502ef9c6 error: Invalid or expired token or verification code.","method":"POST","path":"verification-code/b4916d9fec909b3eb86c6f3344305a9290abc49f1c9326269af93edc502ef9c6","stack":"No additional details provided.","status":400,"timestamp":"2024-08-13 18:21:44"}
{"level":"info","message":"API Success: forgotPassword","method":"POST","path":"forgotPassword","status":200,"timestamp":"2024-08-13 18:34:18"}
{"level":"info","message":"API Success: forgotPassword","method":"POST","path":"forgotPassword","status":200,"timestamp":"2024-08-13 18:37:00"}
{"level":"info","message":"API Success: forgotPassword","method":"POST","path":"forgotPassword","status":200,"timestamp":"2024-08-13 18:46:31"}
{"level":"info","message":"API Success: forgotPassword","method":"POST","path":"forgotPassword","status":200,"timestamp":"2024-08-13 18:46:46"}
{"level":"info","message":"API Success: forgotPassword","method":"POST","path":"forgotPassword","status":200,"timestamp":"2024-08-13 18:54:49"}
{"level":"info","message":"API Success: verification-code/0c836c9688afdc003c83886b7e15c25901231e49c20f6793042f9ce626c74fd8","method":"POST","path":"verification-code/0c836c9688afdc003c83886b7e15c25901231e49c20f6793042f9ce626c74fd8","status":200,"timestamp":"2024-08-13 18:56:10"}
{"level":"warn","message":"Reset attempt with non-local authentication method: gennarobarret@gmail.com","timestamp":"2024-08-13 19:05:45"}
{"level":"error","message":"Forgot password error: Non-local authentication. Operation not allowed. from IP: ::ffff:127.0.0.1","stack":"Error: Non-local authentication. Operation not allowed.\n    at forgotPassword (C:\\Users\\Javier\\Documents\\proyectos\\ecommerce\\back\\controllers\\AuthControllers.js:432:19)\n    at process.processTicksAndRejections (node:internal/process/task_queues:95:5)","timestamp":"2024-08-13 19:05:45"}
{"level":"warn","message":"Reset attempt with non-local authentication method: gennarobarret@gmail.com","timestamp":"2024-08-13 19:09:40"}
{"level":"error","message":"Forgot password error: Non-local authentication. Operation not allowed. from IP: ::ffff:127.0.0.1","stack":"Error: Non-local authentication. Operation not allowed.\n    at forgotPassword (C:\\Users\\Javier\\Documents\\proyectos\\ecommerce\\back\\controllers\\AuthControllers.js:431:19)\n    at process.processTicksAndRejections (node:internal/process/task_queues:95:5)","timestamp":"2024-08-13 19:09:40"}
{"level":"error","message":"forgotPassword error: Non-local authentication. Operation not allowed.","method":"POST","path":"forgotPassword","stack":"No additional details provided.","status":403,"timestamp":"2024-08-13 19:09:40"}
{"level":"warn","message":"Reset attempt with non-local authentication method: gennarobarret@gmail.com","timestamp":"2024-08-13 19:10:23"}
{"level":"error","message":"forgotPassword error: Non-local authentication. Operation not allowed.","method":"POST","path":"forgotPassword","stack":"No additional details provided.","status":403,"timestamp":"2024-08-13 19:10:24"}
{"level":"info","message":"Forgot password attempt for non-existing email: jfbgennaro@gmail.com from IP: ::ffff:127.0.0.1","timestamp":"2024-08-13 19:12:18"}
{"level":"error","message":"forgotPassword error: If the email exists in our system, a password reset email will be sent.","method":"POST","path":"forgotPassword","stack":"No additional details provided.","status":200,"timestamp":"2024-08-13 19:12:19"}
{"level":"info","message":"API Success: forgotPassword","method":"POST","path":"forgotPassword","status":200,"timestamp":"2024-08-13 19:13:45"}
{"level":"warn","message":"Invalid or expired token or code used from IP: ::ffff:127.0.0.1","timestamp":"2024-08-13 19:20:09"}
{"details":"No additional details provided.","level":"error","message":"Verify verification code error: Invalid or expired token or verification code.","method":"POST","path":"verification-code","stack":"Error: Invalid or expired token or verification code.\n    at verificationCode (C:\\Users\\Javier\\Documents\\proyectos\\ecommerce\\back\\controllers\\AuthControllers.js:509:19)\n    at process.processTicksAndRejections (node:internal/process/task_queues:95:5)","statusCode":400,"timestamp":"2024-08-13 19:20:09"}
{"level":"error","message":"verification-code error: Invalid or expired token or verification code.","method":"POST","path":"verification-code","stack":"No additional details provided.","status":400,"timestamp":"2024-08-13 19:20:09"}
{"level":"info","message":"API Success: forgotPassword","method":"POST","path":"forgotPassword","status":200,"timestamp":"2024-08-13 19:20:53"}
{"level":"info","message":"API Success: verification-code","method":"POST","path":"verification-code","status":200,"timestamp":"2024-08-13 19:21:33"}
{"level":"info","message":"API Success: forgotPassword","method":"POST","path":"forgotPassword","status":200,"timestamp":"2024-08-13 19:36:19"}
{"level":"info","message":"API Success: verification-code/6837981b1724c6e872d638f070c527c4750bba7bda4026de07824b41accb64e5","method":"POST","path":"verification-code/6837981b1724c6e872d638f070c527c4750bba7bda4026de07824b41accb64e5","status":200,"timestamp":"2024-08-13 19:38:07"}
{"level":"info","message":"API Success: forgotPassword","method":"POST","path":"forgotPassword","status":200,"timestamp":"2024-08-13 19:46:02"}
{"level":"info","message":"API Success: verification-code/941755ee62eaac2bb095cc2ce0d3d4fb88c2e34bb367d3cd4b1692ab53757dbc","method":"POST","path":"verification-code/941755ee62eaac2bb095cc2ce0d3d4fb88c2e34bb367d3cd4b1692ab53757dbc","status":200,"timestamp":"2024-08-13 19:46:24"}
{"level":"warn","message":"Invalid or expired token or code used from IP: ::ffff:127.0.0.1","timestamp":"2024-08-13 19:47:57"}
{"level":"error","message":"Verify verification code error: Invalid or expired token or verification code.","stack":"Error: Invalid or expired token or verification code.\n    at verificationCode (C:\\Users\\Javier\\Documents\\proyectos\\ecommerce\\back\\controllers\\AuthControllers.js:515:19)\n    at process.processTicksAndRejections (node:internal/process/task_queues:95:5)","timestamp":"2024-08-13 19:47:57"}
{"level":"error","message":"verification-code/941755ee62eaac2bb095cc2ce0d3d4fb88c2e34bb367d3cd4b1692ab53757dbc error: Invalid or expired token or verification code.","method":"POST","path":"verification-code/941755ee62eaac2bb095cc2ce0d3d4fb88c2e34bb367d3cd4b1692ab53757dbc","stack":"No additional details provided.","status":400,"timestamp":"2024-08-13 19:47:57"}
{"level":"info","message":"API Success: forgotPassword","method":"POST","path":"forgotPassword","status":200,"timestamp":"2024-08-13 20:16:16"}
{"level":"warn","message":"Invalid or expired token or code used from IP: ::ffff:127.0.0.1","timestamp":"2024-08-13 20:27:34"}
{"level":"error","message":"Verify verification code error: Invalid or expired token or verification code.","stack":"Error: Invalid or expired token or verification code.\n    at verificationCode (C:\\Users\\Javier\\Documents\\proyectos\\ecommerce\\back\\controllers\\AuthControllers.js:515:19)\n    at process.processTicksAndRejections (node:internal/process/task_queues:95:5)","timestamp":"2024-08-13 20:27:34"}
{"level":"error","message":"verification-code/2e92c5522ad237cfad41c8e4b33e04a385abf8b27aa8c56960c5e599e4f510f8 error: Invalid or expired token or verification code.","method":"POST","path":"verification-code/2e92c5522ad237cfad41c8e4b33e04a385abf8b27aa8c56960c5e599e4f510f8","stack":"No additional details provided.","status":400,"timestamp":"2024-08-13 20:27:34"}
{"level":"info","message":"API Success: verification-code/2e92c5522ad237cfad41c8e4b33e04a385abf8b27aa8c56960c5e599e4f510f8","method":"POST","path":"verification-code/2e92c5522ad237cfad41c8e4b33e04a385abf8b27aa8c56960c5e599e4f510f8","status":200,"timestamp":"2024-08-13 20:28:03"}
{"level":"error","message":"Error creating audit log:  API Path is required for audit logging.","stack":"Error: API Path is required for audit logging.\n    at logAudit (C:\\Users\\Javier\\Documents\\proyectos\\ecommerce\\back\\helpers\\logAuditHelper.js:24:19)\n    at resetPassword (C:\\Users\\Javier\\Documents\\proyectos\\ecommerce\\back\\controllers\\AuthControllers.js:635:15)\n    at process.processTicksAndRejections (node:internal/process/task_queues:95:5)","timestamp":"2024-08-13 20:40:20"}
{"level":"error","message":"Reset password error for user undefined: Failed to create audit log.","stack":"Error: Failed to create audit log.\n    at logAudit (C:\\Users\\Javier\\Documents\\proyectos\\ecommerce\\back\\helpers\\logAuditHelper.js:49:15)\n    at resetPassword (C:\\Users\\Javier\\Documents\\proyectos\\ecommerce\\back\\controllers\\AuthControllers.js:635:15)\n    at process.processTicksAndRejections (node:internal/process/task_queues:95:5)","timestamp":"2024-08-13 20:40:20"}
{"level":"error","message":"undefined_path error: Failed to create audit log.","path":"undefined_path","stack":"No additional details provided.","status":500,"timestamp":"2024-08-13 20:40:20"}
{"level":"info","message":"API Success: forgotPassword","method":"POST","path":"forgotPassword","status":200,"timestamp":"2024-08-13 20:56:09"}
{"level":"info","message":"API Success: verification-code/751bd0edc53dbef2e1738d11554a61245516efa41e22e5e9a98b9d8ffd04fd69","method":"POST","path":"verification-code/751bd0edc53dbef2e1738d11554a61245516efa41e22e5e9a98b9d8ffd04fd69","status":200,"timestamp":"2024-08-13 21:05:43"}
{"level":"info","message":"API Success: forgotPassword","method":"POST","path":"forgotPassword","status":200,"timestamp":"2024-08-13 21:07:57"}
{"level":"warn","message":"Invalid or expired token or code used from IP: ::ffff:127.0.0.1","timestamp":"2024-08-13 21:08:05"}
{"level":"error","message":"Verify verification code error: Invalid or expired token or verification code.","stack":"Error: Invalid or expired token or verification code.\n    at verificationCode (C:\\Users\\Javier\\Documents\\proyectos\\ecommerce\\back\\controllers\\AuthControllers.js:513:19)\n    at process.processTicksAndRejections (node:internal/process/task_queues:95:5)","timestamp":"2024-08-13 21:08:05"}
{"level":"error","message":"verification-code/4a00b04127475dfb6f075416ba26837e80d340c7eca7c14bcbe6b9498540d7ea error: Invalid or expired token or verification code.","method":"POST","path":"verification-code/4a00b04127475dfb6f075416ba26837e80d340c7eca7c14bcbe6b9498540d7ea","stack":"No additional details provided.","status":400,"timestamp":"2024-08-13 21:08:05"}
{"level":"info","message":"API Success: verification-code/4a00b04127475dfb6f075416ba26837e80d340c7eca7c14bcbe6b9498540d7ea","method":"POST","path":"verification-code/4a00b04127475dfb6f075416ba26837e80d340c7eca7c14bcbe6b9498540d7ea","status":200,"timestamp":"2024-08-13 21:08:16"}
{"error":{"_original":{"newPassword":"Admin123."},"details":[{"context":{"key":"token","label":"token"},"message":"\"token\" is required","path":["token"],"type":"any.required"}]},"level":"warn","message":"Reset password validation failed from IP: ::ffff:127.0.0.1","timestamp":"2024-08-13 21:08:28"}
{"level":"error","message":"Reset password error for user: \"token\" is required","stack":"Error: \"token\" is required\n    at resetPassword (C:\\Users\\Javier\\Documents\\proyectos\\ecommerce\\back\\controllers\\AuthControllers.js:569:19)\n    at process.processTicksAndRejections (node:internal/process/task_queues:95:5)","timestamp":"2024-08-13 21:08:28"}
{"level":"error","message":"resetPassword/84b4bc01d50edac209322ba6212915e8eb3b8ab5b773c5c63ccd0c543b474edd error: \"token\" is required","method":"POST","path":"resetPassword/84b4bc01d50edac209322ba6212915e8eb3b8ab5b773c5c63ccd0c543b474edd","stack":"No additional details provided.","status":400,"timestamp":"2024-08-13 21:08:28"}
{"level":"warn","message":"Invalid or expired token or code used from IP: ::ffff:127.0.0.1","timestamp":"2024-08-13 21:14:57"}
{"level":"error","message":"Verify verification code error: Invalid or expired token or verification code.","stack":"Error: Invalid or expired token or verification code.\n    at verificationCode (C:\\Users\\Javier\\Documents\\proyectos\\ecommerce\\back\\controllers\\AuthControllers.js:513:19)\n    at process.processTicksAndRejections (node:internal/process/task_queues:95:5)","timestamp":"2024-08-13 21:14:57"}
{"level":"error","message":"verification-code/4a00b04127475dfb6f075416ba26837e80d340c7eca7c14bcbe6b9498540d7ea error: Invalid or expired token or verification code.","method":"POST","path":"verification-code/4a00b04127475dfb6f075416ba26837e80d340c7eca7c14bcbe6b9498540d7ea","stack":"No additional details provided.","status":400,"timestamp":"2024-08-13 21:14:57"}
{"level":"info","message":"API Success: forgotPassword","method":"POST","path":"forgotPassword","status":200,"timestamp":"2024-08-13 21:15:09"}
{"level":"info","message":"API Success: verification-code/f037f8308398e1e487916c0072f10dbe67715674d2051b50c898ef6b65ddbd22","method":"POST","path":"verification-code/f037f8308398e1e487916c0072f10dbe67715674d2051b50c898ef6b65ddbd22","status":200,"timestamp":"2024-08-13 21:15:25"}
{"level":"warn","message":"Attempt to reuse old password by user: masteradmin from IP: ::ffff:127.0.0.1","timestamp":"2024-08-13 21:15:40"}
{"level":"error","message":"resetPassword/e85d373d761dbb4902a8be5151f4a32186367702ba375e5a4bab0f487d0a05ae error: The new password cannot be the same as any of your previous passwords.","method":"POST","path":"resetPassword/e85d373d761dbb4902a8be5151f4a32186367702ba375e5a4bab0f487d0a05ae","stack":"No additional details provided.","status":400,"timestamp":"2024-08-13 21:15:40"}
{"level":"error","message":"Error creating audit log:  API Path is required for audit logging.","stack":"Error: API Path is required for audit logging.\n    at logAudit (C:\\Users\\Javier\\Documents\\proyectos\\ecommerce\\back\\helpers\\logAuditHelper.js:24:19)\n    at resetPassword (C:\\Users\\Javier\\Documents\\proyectos\\ecommerce\\back\\controllers\\AuthControllers.js:630:15)\n    at process.processTicksAndRejections (node:internal/process/task_queues:95:5)","timestamp":"2024-08-13 21:16:07"}
{"level":"error","message":"undefined_path error: Failed to create audit log.","path":"undefined_path","stack":"No additional details provided.","status":500,"timestamp":"2024-08-13 21:16:07"}
{"level":"warn","message":"Invalid or expired password reset token used from IP: ::ffff:127.0.0.1","timestamp":"2024-08-13 21:20:42"}
{"level":"error","message":"resetPassword/e85d373d761dbb4902a8be5151f4a32186367702ba375e5a4bab0f487d0a05ae error: Invalid or expired password reset token.","method":"POST","path":"resetPassword/e85d373d761dbb4902a8be5151f4a32186367702ba375e5a4bab0f487d0a05ae","stack":"No additional details provided.","status":400,"timestamp":"2024-08-13 21:20:42"}
{"level":"info","message":"API Success: forgotPassword","method":"POST","path":"forgotPassword","status":200,"timestamp":"2024-08-13 21:21:04"}
{"level":"info","message":"API Success: verification-code/1825b0b6e132503af5fa06dbd27dbbc5b1b4c76f8f9ff75ed4af66cc3a6926bd","method":"POST","path":"verification-code/1825b0b6e132503af5fa06dbd27dbbc5b1b4c76f8f9ff75ed4af66cc3a6926bd","status":200,"timestamp":"2024-08-13 21:21:26"}
{"level":"info","message":"API Success: resetPassword/754a9eef198aba8e20369c56c2a5d8e68deadd12b800f2160b6c1e47be0845a2","method":"POST","path":"resetPassword/754a9eef198aba8e20369c56c2a5d8e68deadd12b800f2160b6c1e47be0845a2","status":200,"timestamp":"2024-08-13 21:21:49"}
{"level":"info","message":"API Success: loginUser","method":"POST","path":"loginUser","status":200,"timestamp":"2024-08-13 21:25:09"}
{"level":"info","message":"API Success: notifications","method":"GET","path":"notifications","status":200,"timestamp":"2024-08-13 21:25:10"}
{"level":"info","message":"User retrieved: masteradmin-1720034119152.jpeg","timestamp":"2024-08-13 21:25:10"}
{"level":"info","message":"User retrieved: masteradmin-1720034119152.jpeg","timestamp":"2024-08-13 21:25:10"}
{"level":"info","message":"User retrieved: masteradmin","timestamp":"2024-08-13 21:25:23"}
{"level":"info","message":"API Success: getUser","method":"GET","path":"getUser","status":200,"timestamp":"2024-08-13 21:25:23"}
{"level":"info","message":"User retrieved: masteradmin","timestamp":"2024-08-13 21:25:29"}
{"level":"info","message":"API Success: getUser","method":"GET","path":"getUser","status":200,"timestamp":"2024-08-13 21:25:29"}
{"level":"info","message":"User retrieved: masteradmin","timestamp":"2024-08-13 21:25:30"}
{"level":"info","message":"API Success: getUser","method":"GET","path":"getUser","status":200,"timestamp":"2024-08-13 21:25:30"}
{"level":"info","message":"User retrieved: masteradmin","timestamp":"2024-08-13 21:25:31"}
{"level":"info","message":"API Success: getUser","method":"GET","path":"getUser","status":200,"timestamp":"2024-08-13 21:25:31"}
{"level":"info","message":"API Success: notifications","method":"GET","path":"notifications","status":200,"timestamp":"2024-08-13 21:25:38"}
{"level":"info","message":"User retrieved: masteradmin","timestamp":"2024-08-13 21:25:44"}
{"level":"info","message":"API Success: getUser","method":"GET","path":"getUser","status":200,"timestamp":"2024-08-13 21:25:44"}
{"level":"info","message":"User retrieved: masteradmin","timestamp":"2024-08-13 21:50:44"}
{"level":"info","message":"API Success: getUser","method":"GET","path":"getUser","status":200,"timestamp":"2024-08-13 21:50:44"}
{"level":"warn","message":"Failed login attempt for user: masteradmin from IP: ::ffff:127.0.0.1","timestamp":"2024-08-13 21:53:41"}
{"level":"error","message":"loginUser error: Invalid credentials","method":"POST","path":"loginUser","stack":"Failed login attempt for user: masteradmin from IP: ::ffff:127.0.0.1","status":401,"timestamp":"2024-08-13 21:53:41"}
{"level":"info","message":"API Success: loginUser","method":"POST","path":"loginUser","status":200,"timestamp":"2024-08-13 21:53:50"}
{"level":"info","message":"User retrieved: masteradmin-1720034119152.jpeg","timestamp":"2024-08-13 21:53:51"}
{"level":"info","message":"API Success: notifications","method":"GET","path":"notifications","status":200,"timestamp":"2024-08-13 21:53:51"}
{"level":"info","message":"User retrieved: masteradmin","timestamp":"2024-08-13 21:53:58"}
{"level":"info","message":"API Success: getUser","method":"GET","path":"getUser","status":200,"timestamp":"2024-08-13 21:53:58"}
{"level":"info","message":"User retrieved: masteradmin","timestamp":"2024-08-13 21:53:59"}
{"level":"info","message":"API Success: getUser","method":"GET","path":"getUser","status":200,"timestamp":"2024-08-13 21:53:59"}
{"level":"info","message":"User retrieved: masteradmin","timestamp":"2024-08-13 21:54:00"}
{"level":"info","message":"API Success: getUser","method":"GET","path":"getUser","status":200,"timestamp":"2024-08-13 21:54:00"}
{"level":"info","message":"API Success: notifications","method":"GET","path":"notifications","status":200,"timestamp":"2024-08-13 21:54:14"}
{"level":"info","message":"User retrieved: masteradmin-1720034119152.jpeg","timestamp":"2024-08-13 21:54:14"}
{"level":"info","message":"User retrieved: masteradmin-1720034119152.jpeg","timestamp":"2024-08-13 21:54:14"}
{"level":"info","message":"User retrieved: masteradmin-1720034119152.jpeg","timestamp":"2024-08-13 21:54:17"}
{"level":"info","message":"API Success: notifications","method":"GET","path":"notifications","status":200,"timestamp":"2024-08-13 21:54:17"}
{"level":"info","message":"User retrieved: masteradmin-1720034119152.jpeg","timestamp":"2024-08-13 21:54:17"}
{"level":"info","message":"API Success: notifications","method":"GET","path":"notifications","status":200,"timestamp":"2024-08-13 21:54:35"}
{"level":"info","message":"User retrieved: masteradmin-1720034119152.jpeg","timestamp":"2024-08-13 21:54:35"}
{"level":"info","message":"User retrieved: masteradmin-1720034119152.jpeg","timestamp":"2024-08-13 21:54:35"}
{"level":"info","message":"User retrieved: masteradmin","timestamp":"2024-08-13 21:56:16"}
{"level":"info","message":"API Success: getUser","method":"GET","path":"getUser","status":200,"timestamp":"2024-08-13 21:56:16"}
{"level":"info","message":"User retrieved: masteradmin","timestamp":"2024-08-13 21:56:40"}
{"level":"info","message":"API Success: getUser","method":"GET","path":"getUser","status":200,"timestamp":"2024-08-13 21:56:40"}
{"level":"info","message":"User retrieved: masteradmin","timestamp":"2024-08-13 21:59:22"}
{"level":"info","message":"API Success: getUser","method":"GET","path":"getUser","status":200,"timestamp":"2024-08-13 21:59:22"}
{"level":"info","message":"User retrieved: masteradmin","timestamp":"2024-08-13 21:59:24"}
{"level":"info","message":"API Success: getUser","method":"GET","path":"getUser","status":200,"timestamp":"2024-08-13 21:59:24"}
{"level":"info","message":"User retrieved: masteradmin","timestamp":"2024-08-13 21:59:24"}
{"level":"info","message":"API Success: getUser","method":"GET","path":"getUser","status":200,"timestamp":"2024-08-13 21:59:24"}
{"level":"info","message":"User retrieved: masteradmin","timestamp":"2024-08-13 21:59:24"}
{"level":"info","message":"API Success: getUser","method":"GET","path":"getUser","status":200,"timestamp":"2024-08-13 21:59:24"}
{"level":"info","message":"User retrieved: masteradmin","timestamp":"2024-08-13 21:59:25"}
{"level":"info","message":"API Success: getUser","method":"GET","path":"getUser","status":200,"timestamp":"2024-08-13 21:59:25"}
{"level":"info","message":"User retrieved: masteradmin","timestamp":"2024-08-13 21:59:25"}
{"level":"info","message":"API Success: getUser","method":"GET","path":"getUser","status":200,"timestamp":"2024-08-13 21:59:25"}
{"level":"info","message":"User retrieved: masteradmin","timestamp":"2024-08-13 21:59:25"}
{"level":"info","message":"API Success: getUser","method":"GET","path":"getUser","status":200,"timestamp":"2024-08-13 21:59:25"}
{"level":"info","message":"User retrieved: masteradmin","timestamp":"2024-08-13 21:59:25"}
{"level":"info","message":"API Success: getUser","method":"GET","path":"getUser","status":200,"timestamp":"2024-08-13 21:59:25"}
{"level":"info","message":"User retrieved: masteradmin","timestamp":"2024-08-13 21:59:26"}
{"level":"info","message":"API Success: getUser","method":"GET","path":"getUser","status":200,"timestamp":"2024-08-13 21:59:26"}
{"level":"info","message":"User retrieved: masteradmin","timestamp":"2024-08-13 21:59:26"}
{"level":"info","message":"API Success: getUser","method":"GET","path":"getUser","status":200,"timestamp":"2024-08-13 21:59:26"}
{"level":"info","message":"User retrieved: masteradmin","timestamp":"2024-08-13 21:59:26"}
{"level":"info","message":"API Success: getUser","method":"GET","path":"getUser","status":200,"timestamp":"2024-08-13 21:59:26"}
{"level":"info","message":"User retrieved: masteradmin","timestamp":"2024-08-13 21:59:26"}
{"level":"info","message":"API Success: getUser","method":"GET","path":"getUser","status":200,"timestamp":"2024-08-13 21:59:26"}
{"level":"info","message":"User retrieved: masteradmin","timestamp":"2024-08-13 21:59:26"}
{"level":"info","message":"API Success: getUser","method":"GET","path":"getUser","status":200,"timestamp":"2024-08-13 21:59:26"}
{"level":"info","message":"User retrieved: masteradmin","timestamp":"2024-08-13 21:59:27"}
{"level":"info","message":"API Success: getUser","method":"GET","path":"getUser","status":200,"timestamp":"2024-08-13 21:59:27"}
{"level":"info","message":"User retrieved: masteradmin","timestamp":"2024-08-13 21:59:27"}
{"level":"info","message":"API Success: getUser","method":"GET","path":"getUser","status":200,"timestamp":"2024-08-13 21:59:27"}
{"level":"info","message":"User retrieved: masteradmin","timestamp":"2024-08-13 21:59:27"}
{"level":"info","message":"API Success: getUser","method":"GET","path":"getUser","status":200,"timestamp":"2024-08-13 21:59:27"}
{"level":"info","message":"User retrieved: masteradmin","timestamp":"2024-08-13 21:59:27"}
{"level":"info","message":"API Success: getUser","method":"GET","path":"getUser","status":200,"timestamp":"2024-08-13 21:59:27"}
{"level":"info","message":"User retrieved: masteradmin","timestamp":"2024-08-13 21:59:28"}
{"level":"info","message":"API Success: getUser","method":"GET","path":"getUser","status":200,"timestamp":"2024-08-13 21:59:28"}
{"level":"info","message":"User retrieved: masteradmin","timestamp":"2024-08-13 21:59:28"}
{"level":"info","message":"API Success: getUser","method":"GET","path":"getUser","status":200,"timestamp":"2024-08-13 21:59:28"}
{"level":"info","message":"User retrieved: masteradmin","timestamp":"2024-08-13 21:59:29"}
{"level":"info","message":"API Success: getUser","method":"GET","path":"getUser","status":200,"timestamp":"2024-08-13 21:59:29"}
{"level":"info","message":"User retrieved: masteradmin","timestamp":"2024-08-13 22:00:30"}
{"level":"info","message":"API Success: getUser","method":"GET","path":"getUser","status":200,"timestamp":"2024-08-13 22:00:30"}
{"level":"info","message":"User retrieved: masteradmin","timestamp":"2024-08-13 22:00:32"}
{"level":"info","message":"API Success: getUser","method":"GET","path":"getUser","status":200,"timestamp":"2024-08-13 22:00:32"}
{"level":"info","message":"User retrieved: masteradmin","timestamp":"2024-08-13 22:00:59"}
{"level":"info","message":"API Success: getUser","method":"GET","path":"getUser","status":200,"timestamp":"2024-08-13 22:00:59"}
{"level":"info","message":"API Success: notifications","method":"GET","path":"notifications","status":200,"timestamp":"2024-08-13 22:01:43"}
{"level":"info","message":"User retrieved: masteradmin-1720034119152.jpeg","timestamp":"2024-08-13 22:01:43"}
{"level":"info","message":"User retrieved: masteradmin-1720034119152.jpeg","timestamp":"2024-08-13 22:01:43"}
{"level":"info","message":"User retrieved: masteradmin","timestamp":"2024-08-13 22:01:51"}
{"level":"info","message":"API Success: getUser","method":"GET","path":"getUser","status":200,"timestamp":"2024-08-13 22:01:51"}
{"level":"info","message":"User retrieved: masteradmin-1720034119152.jpeg","timestamp":"2024-08-13 22:12:59"}
{"level":"info","message":"API Success: notifications","method":"GET","path":"notifications","status":200,"timestamp":"2024-08-13 22:12:59"}
{"level":"info","message":"User retrieved: masteradmin-1720034119152.jpeg","timestamp":"2024-08-13 22:12:59"}
{"level":"info","message":"User retrieved: masteradmin","timestamp":"2024-08-13 22:13:03"}
{"level":"info","message":"API Success: getUser","method":"GET","path":"getUser","status":200,"timestamp":"2024-08-13 22:13:03"}
{"level":"info","message":"User retrieved: masteradmin","timestamp":"2024-08-13 22:13:07"}
{"level":"info","message":"API Success: getUser","method":"GET","path":"getUser","status":200,"timestamp":"2024-08-13 22:13:07"}
{"level":"info","message":"User retrieved: masteradmin","timestamp":"2024-08-13 22:19:49"}
{"level":"info","message":"API Success: getUser","method":"GET","path":"getUser","status":200,"timestamp":"2024-08-13 22:19:49"}
{"level":"info","message":"User retrieved: masteradmin","timestamp":"2024-08-13 22:19:51"}
{"level":"info","message":"API Success: getUser","method":"GET","path":"getUser","status":200,"timestamp":"2024-08-13 22:19:51"}
{"level":"info","message":"User retrieved: masteradmin","timestamp":"2024-08-13 22:19:52"}
{"level":"info","message":"API Success: getUser","method":"GET","path":"getUser","status":200,"timestamp":"2024-08-13 22:19:52"}
{"level":"info","message":"User retrieved: masteradmin","timestamp":"2024-08-13 22:22:47"}
{"level":"info","message":"API Success: getUser","method":"GET","path":"getUser","status":200,"timestamp":"2024-08-13 22:22:47"}
{"level":"info","message":"User retrieved: masteradmin","timestamp":"2024-08-13 22:22:47"}
{"level":"info","message":"API Success: getUser","method":"GET","path":"getUser","status":200,"timestamp":"2024-08-13 22:22:47"}
{"level":"info","message":"User retrieved: masteradmin","timestamp":"2024-08-13 22:22:49"}
{"level":"info","message":"API Success: getUser","method":"GET","path":"getUser","status":200,"timestamp":"2024-08-13 22:22:49"}
{"level":"info","message":"User retrieved: masteradmin","timestamp":"2024-08-13 22:22:51"}
{"level":"info","message":"API Success: getUser","method":"GET","path":"getUser","status":200,"timestamp":"2024-08-13 22:22:51"}
{"level":"info","message":"User retrieved: masteradmin","timestamp":"2024-08-13 22:22:51"}
{"level":"info","message":"API Success: getUser","method":"GET","path":"getUser","status":200,"timestamp":"2024-08-13 22:22:51"}
{"level":"info","message":"User retrieved: masteradmin","timestamp":"2024-08-13 22:23:15"}
{"level":"info","message":"API Success: getUser","method":"GET","path":"getUser","status":200,"timestamp":"2024-08-13 22:23:15"}
{"level":"info","message":"User retrieved: masteradmin","timestamp":"2024-08-13 22:23:17"}
{"level":"info","message":"API Success: getUser","method":"GET","path":"getUser","status":200,"timestamp":"2024-08-13 22:23:17"}
{"level":"info","message":"User retrieved: masteradmin","timestamp":"2024-08-13 22:23:18"}
{"level":"info","message":"API Success: getUser","method":"GET","path":"getUser","status":200,"timestamp":"2024-08-13 22:23:18"}
{"level":"info","message":"User retrieved: masteradmin","timestamp":"2024-08-13 22:23:21"}
{"level":"info","message":"API Success: getUser","method":"GET","path":"getUser","status":200,"timestamp":"2024-08-13 22:23:21"}
{"level":"info","message":"User retrieved: masteradmin","timestamp":"2024-08-13 22:27:47"}
{"level":"info","message":"API Success: getUser","method":"GET","path":"getUser","status":200,"timestamp":"2024-08-13 22:27:47"}
{"level":"info","message":"User retrieved: masteradmin","timestamp":"2024-08-13 22:27:51"}
{"level":"info","message":"API Success: getUser","method":"GET","path":"getUser","status":200,"timestamp":"2024-08-13 22:27:51"}
{"level":"info","message":"API Success: notifications","method":"GET","path":"notifications","status":200,"timestamp":"2024-08-13 22:29:21"}
{"level":"info","message":"User retrieved: masteradmin-1720034119152.jpeg","timestamp":"2024-08-13 22:29:21"}
{"level":"info","message":"User retrieved: masteradmin-1720034119152.jpeg","timestamp":"2024-08-13 22:29:21"}
{"level":"info","message":"API Success: notifications","method":"GET","path":"notifications","status":200,"timestamp":"2024-08-13 22:29:24"}
{"level":"info","message":"User retrieved: masteradmin-1720034119152.jpeg","timestamp":"2024-08-13 22:29:24"}
{"level":"info","message":"User retrieved: masteradmin-1720034119152.jpeg","timestamp":"2024-08-13 22:29:24"}
{"level":"info","message":"API Success: notifications","method":"GET","path":"notifications","status":200,"timestamp":"2024-08-13 22:36:22"}
{"level":"info","message":"User retrieved: masteradmin-1720034119152.jpeg","timestamp":"2024-08-13 22:36:22"}
{"level":"info","message":"User retrieved: masteradmin-1720034119152.jpeg","timestamp":"2024-08-13 22:36:22"}
{"level":"info","message":"User retrieved: masteradmin-1720034119152.jpeg","timestamp":"2024-08-13 22:39:19"}
{"level":"info","message":"API Success: notifications","method":"GET","path":"notifications","status":200,"timestamp":"2024-08-13 22:39:19"}
{"level":"info","message":"User retrieved: masteradmin-1720034119152.jpeg","timestamp":"2024-08-13 22:39:19"}
{"level":"info","message":"API Success: loginUser","method":"POST","path":"loginUser","status":200,"timestamp":"2024-08-13 22:39:52"}
{"level":"info","message":"User retrieved: masteradmin-1720034119152.jpeg","timestamp":"2024-08-13 22:39:52"}
{"level":"info","message":"API Success: notifications","method":"GET","path":"notifications","status":200,"timestamp":"2024-08-13 22:39:52"}
{"level":"info","message":"API Success: notifications","method":"GET","path":"notifications","status":200,"timestamp":"2024-08-13 22:41:16"}
{"level":"info","message":"User retrieved: masteradmin-1720034119152.jpeg","timestamp":"2024-08-13 22:41:16"}
{"level":"info","message":"User retrieved: masteradmin-1720034119152.jpeg","timestamp":"2024-08-13 22:41:16"}
{"level":"info","message":"API Success: notifications","method":"GET","path":"notifications","status":200,"timestamp":"2024-08-13 22:42:50"}
{"level":"info","message":"User retrieved: masteradmin-1720034119152.jpeg","timestamp":"2024-08-13 22:42:50"}
{"level":"info","message":"User retrieved: masteradmin-1720034119152.jpeg","timestamp":"2024-08-13 22:42:51"}
{"level":"info","message":"API Success: notifications","method":"GET","path":"notifications","status":200,"timestamp":"2024-08-13 22:43:48"}
{"level":"info","message":"User retrieved: masteradmin-1720034119152.jpeg","timestamp":"2024-08-13 22:43:48"}
{"level":"info","message":"User retrieved: masteradmin-1720034119152.jpeg","timestamp":"2024-08-13 22:43:49"}
{"level":"info","message":"API Success: notifications","method":"GET","path":"notifications","status":200,"timestamp":"2024-08-13 22:43:56"}
{"level":"info","message":"User retrieved: masteradmin-1720034119152.jpeg","timestamp":"2024-08-13 22:43:56"}
{"level":"info","message":"User retrieved: masteradmin-1720034119152.jpeg","timestamp":"2024-08-13 22:43:56"}
{"level":"info","message":"API Success: notifications","method":"GET","path":"notifications","status":200,"timestamp":"2024-08-13 22:44:07"}
{"level":"info","message":"User retrieved: masteradmin-1720034119152.jpeg","timestamp":"2024-08-13 22:44:07"}
{"level":"info","message":"User retrieved: masteradmin-1720034119152.jpeg","timestamp":"2024-08-13 22:44:08"}
{"level":"info","message":"API Success: notifications","method":"GET","path":"notifications","status":200,"timestamp":"2024-08-13 22:44:20"}
{"level":"info","message":"User retrieved: masteradmin-1720034119152.jpeg","timestamp":"2024-08-13 22:44:20"}
{"level":"info","message":"User retrieved: masteradmin-1720034119152.jpeg","timestamp":"2024-08-13 22:44:21"}
{"level":"info","message":"API Success: notifications","method":"GET","path":"notifications","status":200,"timestamp":"2024-08-13 23:03:41"}
{"level":"info","message":"User retrieved: masteradmin-1720034119152.jpeg","timestamp":"2024-08-13 23:03:41"}
{"level":"info","message":"User retrieved: masteradmin-1720034119152.jpeg","timestamp":"2024-08-13 23:03:41"}
{"level":"info","message":"API Success: notifications","method":"GET","path":"notifications","status":200,"timestamp":"2024-08-13 23:03:52"}
{"level":"info","message":"User retrieved: masteradmin-1720034119152.jpeg","timestamp":"2024-08-13 23:03:52"}
{"level":"info","message":"User retrieved: masteradmin-1720034119152.jpeg","timestamp":"2024-08-13 23:03:53"}
{"level":"info","message":"API Success: notifications","method":"GET","path":"notifications","status":200,"timestamp":"2024-08-13 23:07:18"}
{"level":"info","message":"User retrieved: masteradmin-1720034119152.jpeg","timestamp":"2024-08-13 23:07:18"}
{"level":"info","message":"User retrieved: masteradmin-1720034119152.jpeg","timestamp":"2024-08-13 23:07:18"}
{"level":"info","message":"API Success: notifications","method":"GET","path":"notifications","status":200,"timestamp":"2024-08-13 23:07:56"}
{"level":"info","message":"User retrieved: masteradmin-1720034119152.jpeg","timestamp":"2024-08-13 23:07:56"}
{"level":"info","message":"User retrieved: masteradmin-1720034119152.jpeg","timestamp":"2024-08-13 23:07:56"}
{"level":"info","message":"API Success: notifications","method":"GET","path":"notifications","status":200,"timestamp":"2024-08-13 23:08:04"}
{"level":"info","message":"User retrieved: masteradmin-1720034119152.jpeg","timestamp":"2024-08-13 23:08:04"}
{"level":"info","message":"User retrieved: masteradmin-1720034119152.jpeg","timestamp":"2024-08-13 23:08:04"}
{"level":"info","message":"API Success: notifications","method":"GET","path":"notifications","status":200,"timestamp":"2024-08-13 23:10:14"}
{"level":"info","message":"User retrieved: masteradmin-1720034119152.jpeg","timestamp":"2024-08-13 23:10:14"}
{"level":"info","message":"User retrieved: masteradmin-1720034119152.jpeg","timestamp":"2024-08-13 23:10:15"}
{"level":"info","message":"API Success: notifications","method":"GET","path":"notifications","status":200,"timestamp":"2024-08-13 23:10:19"}
{"level":"info","message":"User retrieved: masteradmin-1720034119152.jpeg","timestamp":"2024-08-13 23:10:19"}
{"level":"info","message":"User retrieved: masteradmin-1720034119152.jpeg","timestamp":"2024-08-13 23:10:19"}
{"level":"info","message":"User retrieved: masteradmin-1720034119152.jpeg","timestamp":"2024-08-13 23:13:56"}
{"level":"info","message":"API Success: notifications","method":"GET","path":"notifications","status":200,"timestamp":"2024-08-13 23:13:56"}
{"level":"info","message":"User retrieved: masteradmin-1720034119152.jpeg","timestamp":"2024-08-13 23:13:56"}
{"level":"info","message":"API Success: notifications","method":"GET","path":"notifications","status":200,"timestamp":"2024-08-13 23:25:35"}
{"level":"info","message":"User retrieved: masteradmin-1720034119152.jpeg","timestamp":"2024-08-13 23:25:35"}
{"level":"info","message":"User retrieved: masteradmin-1720034119152.jpeg","timestamp":"2024-08-13 23:25:36"}
{"level":"info","message":"API Success: notifications","method":"GET","path":"notifications","status":200,"timestamp":"2024-08-13 23:25:37"}
{"level":"info","message":"User retrieved: masteradmin-1720034119152.jpeg","timestamp":"2024-08-13 23:25:37"}
{"level":"info","message":"User retrieved: masteradmin-1720034119152.jpeg","timestamp":"2024-08-13 23:25:37"}
{"level":"info","message":"User retrieved: masteradmin-1720034119152.jpeg","timestamp":"2024-08-13 23:32:48"}
{"level":"info","message":"API Success: notifications","method":"GET","path":"notifications","status":200,"timestamp":"2024-08-13 23:32:48"}
{"level":"info","message":"User retrieved: masteradmin-1720034119152.jpeg","timestamp":"2024-08-13 23:32:48"}
{"level":"info","message":"API Success: notifications","method":"GET","path":"notifications","status":200,"timestamp":"2024-08-13 23:34:59"}
{"level":"info","message":"User retrieved: masteradmin-1720034119152.jpeg","timestamp":"2024-08-13 23:34:59"}
{"level":"info","message":"User retrieved: masteradmin-1720034119152.jpeg","timestamp":"2024-08-13 23:34:59"}
{"level":"info","message":"API Success: notifications","method":"GET","path":"notifications","status":200,"timestamp":"2024-08-13 23:35:11"}
{"level":"info","message":"User retrieved: masteradmin-1720034119152.jpeg","timestamp":"2024-08-13 23:35:11"}
{"level":"info","message":"User retrieved: masteradmin-1720034119152.jpeg","timestamp":"2024-08-13 23:35:11"}
