{"level":"info","message":"User retrieved: masteradmin","timestamp":"2024-06-19 16:44:21"}
{"level":"info","message":"API Success: getUser","method":"GET","path":"getUser","status":200,"timestamp":"2024-06-19 16:44:22"}
{"level":"info","message":"API Success: alerts/getAllAlerts?page=1&limit=10","method":"GET","path":"alerts/getAllAlerts?page=1&limit=10","status":200,"timestamp":"2024-06-19 16:44:22"}
{"level":"info","message":"User retrieved: masteradmin","timestamp":"2024-06-19 16:44:22"}
{"level":"info","message":"API Success: getUser","method":"GET","path":"getUser","status":200,"timestamp":"2024-06-19 16:44:22"}
{"level":"error","message":"undefined_path error: The token is invalid: jwt expired","path":"undefined_path","stack":"No additional details provided.","status":403,"timestamp":"2024-06-19 16:48:03"}
{"level":"info","message":"User retrieved: masteradmin","timestamp":"2024-06-19 16:48:13"}
{"level":"info","message":"API Success: getUser","method":"GET","path":"getUser","status":200,"timestamp":"2024-06-19 16:48:13"}
{"level":"info","message":"User retrieved: masteradmin","timestamp":"2024-06-19 16:48:14"}
{"level":"info","message":"API Success: getUser","method":"GET","path":"getUser","status":200,"timestamp":"2024-06-19 16:48:14"}
{"level":"info","message":"API Success: alerts/getAllAlerts?page=1&limit=10","method":"GET","path":"alerts/getAllAlerts?page=1&limit=10","status":200,"timestamp":"2024-06-19 16:48:14"}
{"level":"info","message":"API Success: loginUser","method":"POST","path":"loginUser","status":200,"timestamp":"2024-06-19 16:48:47"}
{"level":"info","message":"User masteradmin Successful login","timestamp":"2024-06-19 16:48:47"}
{"level":"info","message":"User retrieved: masteradmin","timestamp":"2024-06-19 16:48:47"}
{"level":"info","message":"API Success: getUser","method":"GET","path":"getUser","status":200,"timestamp":"2024-06-19 16:48:47"}
{"level":"info","message":"API Success: alerts/getAllAlerts?page=1&limit=10","method":"GET","path":"alerts/getAllAlerts?page=1&limit=10","status":200,"timestamp":"2024-06-19 16:48:47"}
{"level":"info","message":"User retrieved: masteradmin","timestamp":"2024-06-19 16:48:47"}
{"level":"info","message":"API Success: getUser","method":"GET","path":"getUser","status":200,"timestamp":"2024-06-19 16:48:47"}
{"level":"info","message":"API Success: loginUser","method":"POST","path":"loginUser","status":200,"timestamp":"2024-06-19 17:00:42"}
{"level":"info","message":"User masteradmin Successful login","timestamp":"2024-06-19 17:00:42"}
{"level":"info","message":"API Success: loginUser","method":"POST","path":"loginUser","status":200,"timestamp":"2024-06-19 17:01:00"}
{"level":"info","message":"User masteradmin Successful login","timestamp":"2024-06-19 17:01:00"}
{"level":"info","message":"User retrieved: masteradmin","timestamp":"2024-06-19 17:01:06"}
{"level":"info","message":"API Success: getUser","method":"GET","path":"getUser","status":200,"timestamp":"2024-06-19 17:01:06"}
{"level":"info","message":"API Success: alerts/getAllAlerts?page=1&limit=10","method":"GET","path":"alerts/getAllAlerts?page=1&limit=10","status":200,"timestamp":"2024-06-19 17:01:06"}
{"level":"info","message":"User retrieved: masteradmin","timestamp":"2024-06-19 17:01:06"}
{"level":"info","message":"API Success: getUser","method":"GET","path":"getUser","status":200,"timestamp":"2024-06-19 17:01:06"}
{"level":"info","message":"API Success: loginUser","method":"POST","path":"loginUser","status":200,"timestamp":"2024-06-19 17:14:46"}
{"level":"info","message":"User masteradmin Successful login","timestamp":"2024-06-19 17:14:46"}
{"level":"info","message":"User retrieved: masteradmin","timestamp":"2024-06-19 17:17:20"}
{"level":"info","message":"API Success: getUser","method":"GET","path":"getUser","status":200,"timestamp":"2024-06-19 17:17:20"}
{"level":"info","message":"API Success: alerts/getAllAlerts?page=1&limit=10","method":"GET","path":"alerts/getAllAlerts?page=1&limit=10","status":200,"timestamp":"2024-06-19 17:17:20"}
{"level":"info","message":"User retrieved: masteradmin","timestamp":"2024-06-19 17:17:20"}
{"level":"info","message":"API Success: getUser","method":"GET","path":"getUser","status":200,"timestamp":"2024-06-19 17:17:20"}
{"level":"info","message":"User retrieved: masteradmin","timestamp":"2024-06-19 17:18:24"}
{"level":"info","message":"API Success: getUser","method":"GET","path":"getUser","status":200,"timestamp":"2024-06-19 17:18:24"}
{"level":"info","message":"User retrieved: masteradmin","timestamp":"2024-06-19 17:18:24"}
{"level":"info","message":"API Success: getUser","method":"GET","path":"getUser","status":200,"timestamp":"2024-06-19 17:18:24"}
{"level":"info","message":"API Success: alerts/getAllAlerts?page=1&limit=10","method":"GET","path":"alerts/getAllAlerts?page=1&limit=10","status":200,"timestamp":"2024-06-19 17:18:24"}
