{"level":"info","message":"API Success: notifications","method":"GET","path":"notifications","status":200,"timestamp":"2024-06-28 09:52:54"}
{"level":"info","message":"User retrieved: masteradmin","timestamp":"2024-06-28 09:52:54"}
{"level":"info","message":"API Success: getUser","method":"GET","path":"getUser","status":200,"timestamp":"2024-06-28 09:52:54"}
{"level":"info","message":"User retrieved: masteradmin","timestamp":"2024-06-28 09:52:55"}
{"level":"info","message":"API Success: getUser","method":"GET","path":"getUser","status":200,"timestamp":"2024-06-28 09:52:55"}
{"level":"info","message":"API Success: notifications/667d49720f191d8f2b7466e0/view","method":"PATCH","path":"notifications/667d49720f191d8f2b7466e0/view","status":200,"timestamp":"2024-06-28 09:53:08"}
{"level":"info","message":"API Success: createUser","method":"POST","path":"createUser","status":200,"timestamp":"2024-06-28 09:53:11"}
{"level":"info","message":"API Success: loginUser","method":"POST","path":"loginUser","status":200,"timestamp":"2024-06-28 09:53:29"}
{"level":"info","message":"User retrieved: masteradmin","timestamp":"2024-06-28 09:53:29"}
{"level":"info","message":"API Success: getUser","method":"GET","path":"getUser","status":200,"timestamp":"2024-06-28 09:53:29"}
{"level":"info","message":"API Success: notifications","method":"GET","path":"notifications","status":200,"timestamp":"2024-06-28 09:53:29"}
{"level":"info","message":"User retrieved: masteradmin","timestamp":"2024-06-28 09:53:29"}
{"level":"info","message":"API Success: getUser","method":"GET","path":"getUser","status":200,"timestamp":"2024-06-28 09:53:29"}
{"level":"info","message":"API Success: notifications","method":"GET","path":"notifications","status":200,"timestamp":"2024-06-28 09:54:38"}
{"level":"info","message":"getUser attempt for non-existing user: admin@example.com","timestamp":"2024-06-28 09:54:38"}
{"level":"error","message":"getUser error: User not found","timestamp":"2024-06-28 09:54:38"}
{"level":"error","message":"getUser error: User not found","method":"GET","path":"getUser","stack":"No additional details provided.","status":404,"timestamp":"2024-06-28 09:54:38"}
{"level":"info","message":"getUser attempt for non-existing user: admin@example.com","timestamp":"2024-06-28 09:54:38"}
{"level":"error","message":"getUser error: User not found","timestamp":"2024-06-28 09:54:38"}
{"level":"error","message":"getUser error: User not found","method":"GET","path":"getUser","stack":"No additional details provided.","status":404,"timestamp":"2024-06-28 09:54:38"}
{"level":"warn","message":"Login attempt for non-existing user: randomUser from IP: ::ffff:127.0.0.1","timestamp":"2024-06-28 09:54:44"}
{"level":"error","message":"loginUser error: Invalid credentials","method":"POST","path":"loginUser","stack":"Login attempt for non-existing user: randomUser from IP: ::ffff:127.0.0.1","status":401,"timestamp":"2024-06-28 09:54:44"}
{"level":"warn","message":"Login attempt for non-existing user: masteradmin from IP: ::ffff:127.0.0.1","timestamp":"2024-06-28 09:54:47"}
{"level":"error","message":"loginUser error: Invalid credentials","method":"POST","path":"loginUser","stack":"Login attempt for non-existing user: masteradmin from IP: ::ffff:127.0.0.1","status":401,"timestamp":"2024-06-28 09:54:47"}
{"level":"error","message":"createMasterAdmin error: userData is not defined","stack":"ReferenceError: userData is not defined\n    at createMasterAdmin (C:\\Users\\Javier\\Documents\\proyectos\\ecommerce\\back\\controllers\\UserController.js:133:21)\n    at process.processTicksAndRejections (node:internal/process/task_queues:95:5)","timestamp":"2024-06-28 10:38:54"}
{"level":"error","message":"createMasterAdmin error: userData is not defined","method":"POST","path":"createMasterAdmin","stack":"Contact support.","status":500,"timestamp":"2024-06-28 10:38:54"}
{"level":"info","message":"API Success: InitialCheck","method":"GET","path":"InitialCheck","status":200,"timestamp":"2024-06-28 10:42:25"}
{"level":"info","message":"API Success: InitialCheck","method":"GET","path":"InitialCheck","status":200,"timestamp":"2024-06-28 10:43:08"}
{"level":"error","message":"createMasterAdmin error: userData is not defined","stack":"ReferenceError: userData is not defined\n    at createMasterAdmin (C:\\Users\\Javier\\Documents\\proyectos\\ecommerce\\back\\controllers\\UserController.js:135:33)\n    at process.processTicksAndRejections (node:internal/process/task_queues:95:5)","timestamp":"2024-06-28 10:50:01"}
{"level":"error","message":"createMasterAdmin error: userData is not defined","method":"POST","path":"createMasterAdmin","stack":"Contact support.","status":500,"timestamp":"2024-06-28 10:50:01"}
{"level":"info","message":"API Success: createMasterAdmin","method":"POST","path":"createMasterAdmin","status":200,"timestamp":"2024-06-28 10:51:56"}
{"level":"warn","message":"Activation attempt with invalid or expired token from IP: ::ffff:127.0.0.1","timestamp":"2024-06-28 10:52:31"}
{"level":"error","message":"activation/62e3f12f5dcb8d3f9df516f6afaa762a76b4af92 error: Invalid or expired token.","method":"GET","path":"activation/62e3f12f5dcb8d3f9df516f6afaa762a76b4af92","stack":"Checkout the token.","status":400,"timestamp":"2024-06-28 10:52:31"}
{"level":"info","message":"API Success: loginUser","method":"POST","path":"loginUser","status":200,"timestamp":"2024-06-28 10:53:39"}
{"level":"info","message":"User retrieved: masteradmin","timestamp":"2024-06-28 10:53:40"}
{"level":"info","message":"API Success: getUser","method":"GET","path":"getUser","status":200,"timestamp":"2024-06-28 10:53:40"}
{"level":"info","message":"API Success: notifications","method":"GET","path":"notifications","status":200,"timestamp":"2024-06-28 10:53:40"}
{"level":"info","message":"User retrieved: masteradmin","timestamp":"2024-06-28 10:53:40"}
{"level":"info","message":"API Success: getUser","method":"GET","path":"getUser","status":200,"timestamp":"2024-06-28 10:53:40"}
{"level":"info","message":"API Success: createUser","method":"POST","path":"createUser","status":200,"timestamp":"2024-06-28 10:54:33"}
{"level":"info","message":"User retrieved: masteradmin","timestamp":"2024-06-28 10:54:56"}
{"level":"info","message":"API Success: getUser","method":"GET","path":"getUser","status":200,"timestamp":"2024-06-28 10:54:56"}
{"level":"info","message":"API Success: notifications","method":"GET","path":"notifications","status":200,"timestamp":"2024-06-28 10:54:56"}
{"level":"info","message":"User retrieved: masteradmin","timestamp":"2024-06-28 10:54:56"}
{"level":"info","message":"API Success: getUser","method":"GET","path":"getUser","status":200,"timestamp":"2024-06-28 10:54:56"}
{"level":"error","message":"createUser error: \"userName\" is not allowed to be empty","method":"POST","path":"createUser","stack":"No additional details provided.","status":400,"timestamp":"2024-06-28 10:55:47"}
{"level":"info","message":"API Success: createUser","method":"POST","path":"createUser","status":200,"timestamp":"2024-06-28 10:55:58"}
{"level":"info","message":"API Success: loginUser","method":"POST","path":"loginUser","status":200,"timestamp":"2024-06-28 10:56:14"}
{"level":"info","message":"User retrieved: masteradmin","timestamp":"2024-06-28 10:56:14"}
{"level":"info","message":"API Success: getUser","method":"GET","path":"getUser","status":200,"timestamp":"2024-06-28 10:56:14"}
{"level":"info","message":"API Success: notifications","method":"GET","path":"notifications","status":200,"timestamp":"2024-06-28 10:56:14"}
{"level":"info","message":"User retrieved: masteradmin","timestamp":"2024-06-28 10:56:14"}
{"level":"info","message":"API Success: getUser","method":"GET","path":"getUser","status":200,"timestamp":"2024-06-28 10:56:14"}
{"level":"info","message":"API Success: createUser","method":"POST","path":"createUser","status":200,"timestamp":"2024-06-28 10:58:09"}
{"level":"info","message":"API Success: createUser","method":"POST","path":"createUser","status":200,"timestamp":"2024-06-28 11:03:47"}
{"level":"info","message":"API Success: loginUser","method":"POST","path":"loginUser","status":200,"timestamp":"2024-06-28 11:04:19"}
{"level":"info","message":"User retrieved: masteradmin","timestamp":"2024-06-28 11:04:19"}
{"level":"info","message":"API Success: getUser","method":"GET","path":"getUser","status":200,"timestamp":"2024-06-28 11:04:19"}
{"level":"info","message":"API Success: notifications","method":"GET","path":"notifications","status":200,"timestamp":"2024-06-28 11:04:19"}
{"level":"info","message":"User retrieved: masteradmin","timestamp":"2024-06-28 11:04:20"}
{"level":"info","message":"API Success: getUser","method":"GET","path":"getUser","status":200,"timestamp":"2024-06-28 11:04:20"}
{"level":"info","message":"API Success: notifications","method":"GET","path":"notifications","status":200,"timestamp":"2024-06-28 11:05:30"}
{"level":"info","message":"User retrieved: masteradmin","timestamp":"2024-06-28 11:05:30"}
{"level":"info","message":"API Success: getUser","method":"GET","path":"getUser","status":200,"timestamp":"2024-06-28 11:05:30"}
{"level":"info","message":"User retrieved: masteradmin","timestamp":"2024-06-28 11:05:31"}
{"level":"info","message":"API Success: getUser","method":"GET","path":"getUser","status":200,"timestamp":"2024-06-28 11:05:31"}
{"level":"info","message":"API Success: createUser","method":"POST","path":"createUser","status":200,"timestamp":"2024-06-28 11:06:26"}
{"level":"info","message":"API Success: loginUser","method":"POST","path":"loginUser","status":200,"timestamp":"2024-06-28 11:09:29"}
{"level":"info","message":"API Success: notifications","method":"GET","path":"notifications","status":200,"timestamp":"2024-06-28 11:09:29"}
{"level":"info","message":"User retrieved: masteradmin","timestamp":"2024-06-28 11:09:30"}
{"level":"info","message":"API Success: getUser","method":"GET","path":"getUser","status":200,"timestamp":"2024-06-28 11:09:30"}
{"level":"info","message":"User retrieved: masteradmin","timestamp":"2024-06-28 11:09:30"}
{"level":"info","message":"API Success: getUser","method":"GET","path":"getUser","status":200,"timestamp":"2024-06-28 11:09:30"}
{"level":"info","message":"API Success: createUser","method":"POST","path":"createUser","status":200,"timestamp":"2024-06-28 11:10:09"}
{"level":"info","message":"API Success: notifications","method":"GET","path":"notifications","status":200,"timestamp":"2024-06-28 11:11:05"}
{"level":"info","message":"User retrieved: masteradmin","timestamp":"2024-06-28 11:11:05"}
{"level":"info","message":"API Success: getUser","method":"GET","path":"getUser","status":200,"timestamp":"2024-06-28 11:11:05"}
{"level":"info","message":"User retrieved: masteradmin","timestamp":"2024-06-28 11:11:06"}
{"level":"info","message":"API Success: getUser","method":"GET","path":"getUser","status":200,"timestamp":"2024-06-28 11:11:06"}
{"level":"info","message":"API Success: notifications","method":"GET","path":"notifications","status":200,"timestamp":"2024-06-28 11:13:07"}
{"level":"info","message":"User retrieved: masteradmin","timestamp":"2024-06-28 11:13:07"}
{"level":"info","message":"API Success: getUser","method":"GET","path":"getUser","status":200,"timestamp":"2024-06-28 11:13:07"}
{"level":"info","message":"User retrieved: masteradmin","timestamp":"2024-06-28 11:13:07"}
{"level":"info","message":"API Success: getUser","method":"GET","path":"getUser","status":200,"timestamp":"2024-06-28 11:13:07"}
{"level":"info","message":"API Success: notifications","method":"GET","path":"notifications","status":200,"timestamp":"2024-06-28 11:16:32"}
{"level":"info","message":"User retrieved: masteradmin","timestamp":"2024-06-28 11:16:32"}
{"level":"info","message":"API Success: getUser","method":"GET","path":"getUser","status":200,"timestamp":"2024-06-28 11:16:32"}
{"level":"info","message":"User retrieved: masteradmin","timestamp":"2024-06-28 11:16:32"}
{"level":"info","message":"API Success: getUser","method":"GET","path":"getUser","status":200,"timestamp":"2024-06-28 11:16:32"}
{"level":"info","message":"API Success: loginUser","method":"POST","path":"loginUser","status":200,"timestamp":"2024-06-28 11:16:38"}
{"level":"info","message":"API Success: notifications","method":"GET","path":"notifications","status":200,"timestamp":"2024-06-28 11:16:39"}
{"level":"info","message":"User retrieved: masteradmin","timestamp":"2024-06-28 11:16:39"}
{"level":"info","message":"API Success: getUser","method":"GET","path":"getUser","status":200,"timestamp":"2024-06-28 11:16:39"}
{"level":"info","message":"User retrieved: masteradmin","timestamp":"2024-06-28 11:16:39"}
{"level":"info","message":"API Success: getUser","method":"GET","path":"getUser","status":200,"timestamp":"2024-06-28 11:16:39"}
{"level":"info","message":"API Success: loginUser","method":"POST","path":"loginUser","status":200,"timestamp":"2024-06-28 11:17:42"}
{"level":"info","message":"User retrieved: masteradmin","timestamp":"2024-06-28 11:17:42"}
{"level":"info","message":"API Success: getUser","method":"GET","path":"getUser","status":200,"timestamp":"2024-06-28 11:17:42"}
{"level":"info","message":"API Success: notifications","method":"GET","path":"notifications","status":200,"timestamp":"2024-06-28 11:17:42"}
{"level":"info","message":"User retrieved: masteradmin","timestamp":"2024-06-28 11:17:42"}
{"level":"info","message":"API Success: getUser","method":"GET","path":"getUser","status":200,"timestamp":"2024-06-28 11:17:42"}
{"level":"info","message":"API Success: notifications","method":"GET","path":"notifications","status":200,"timestamp":"2024-06-28 11:20:05"}
{"level":"info","message":"User retrieved: masteradmin","timestamp":"2024-06-28 11:20:06"}
{"level":"info","message":"API Success: getUser","method":"GET","path":"getUser","status":200,"timestamp":"2024-06-28 11:20:06"}
{"level":"info","message":"User retrieved: masteradmin","timestamp":"2024-06-28 11:20:07"}
{"level":"info","message":"API Success: getUser","method":"GET","path":"getUser","status":200,"timestamp":"2024-06-28 11:20:07"}
{"level":"error","message":"undefined_path error: The token is invalid: jwt expired","path":"undefined_path","stack":"No additional details provided.","status":403,"timestamp":"2024-06-28 11:31:17"}
{"level":"info","message":"API Success: test-notification","method":"POST","path":"test-notification","status":200,"timestamp":"2024-06-28 11:36:29"}
{"level":"info","message":"API Success: test-notification","method":"POST","path":"test-notification","status":200,"timestamp":"2024-06-28 11:37:35"}
{"level":"info","message":"API Success: test-notification","method":"POST","path":"test-notification","status":200,"timestamp":"2024-06-28 11:37:41"}
{"level":"info","message":"API Success: notifications","method":"GET","path":"notifications","status":200,"timestamp":"2024-06-28 11:37:47"}
{"level":"info","message":"User retrieved: masteradmin","timestamp":"2024-06-28 11:37:47"}
{"level":"info","message":"API Success: getUser","method":"GET","path":"getUser","status":200,"timestamp":"2024-06-28 11:37:47"}
{"level":"info","message":"User retrieved: masteradmin","timestamp":"2024-06-28 11:37:48"}
{"level":"info","message":"API Success: getUser","method":"GET","path":"getUser","status":200,"timestamp":"2024-06-28 11:37:48"}
{"level":"info","message":"User retrieved: masteradmin","timestamp":"2024-06-28 11:38:29"}
{"level":"info","message":"API Success: getUser","method":"GET","path":"getUser","status":200,"timestamp":"2024-06-28 11:38:29"}
{"level":"info","message":"API Success: notifications","method":"GET","path":"notifications","status":200,"timestamp":"2024-06-28 11:38:29"}
{"level":"info","message":"User retrieved: masteradmin","timestamp":"2024-06-28 11:38:29"}
{"level":"info","message":"API Success: getUser","method":"GET","path":"getUser","status":200,"timestamp":"2024-06-28 11:38:29"}
{"level":"info","message":"API Success: test-notification","method":"POST","path":"test-notification","status":200,"timestamp":"2024-06-28 11:39:28"}
{"level":"info","message":"API Success: test-notification","method":"POST","path":"test-notification","status":200,"timestamp":"2024-06-28 11:40:14"}
{"level":"info","message":"API Success: test-notification","method":"POST","path":"test-notification","status":200,"timestamp":"2024-06-28 11:40:16"}
{"level":"info","message":"API Success: test-notification","method":"POST","path":"test-notification","status":200,"timestamp":"2024-06-28 11:40:17"}
{"level":"info","message":"API Success: notifications","method":"GET","path":"notifications","status":200,"timestamp":"2024-06-28 11:40:51"}
{"level":"info","message":"User retrieved: masteradmin","timestamp":"2024-06-28 11:40:51"}
{"level":"info","message":"API Success: getUser","method":"GET","path":"getUser","status":200,"timestamp":"2024-06-28 11:40:51"}
{"level":"info","message":"User retrieved: masteradmin","timestamp":"2024-06-28 11:40:52"}
{"level":"info","message":"API Success: getUser","method":"GET","path":"getUser","status":200,"timestamp":"2024-06-28 11:40:52"}
{"level":"info","message":"API Success: test-notification","method":"POST","path":"test-notification","status":200,"timestamp":"2024-06-28 11:41:01"}
{"level":"info","message":"API Success: test-notification","method":"POST","path":"test-notification","status":200,"timestamp":"2024-06-28 11:41:07"}
{"level":"info","message":"User retrieved: masteradmin","timestamp":"2024-06-28 11:46:13"}
{"level":"info","message":"API Success: getUser","method":"GET","path":"getUser","status":200,"timestamp":"2024-06-28 11:46:13"}
{"level":"info","message":"User retrieved: masteradmin","timestamp":"2024-06-28 11:46:14"}
{"level":"info","message":"API Success: getUser","method":"GET","path":"getUser","status":200,"timestamp":"2024-06-28 11:46:14"}
{"level":"info","message":"API Success: test-notification","method":"POST","path":"test-notification","status":200,"timestamp":"2024-06-28 11:46:33"}
{"level":"info","message":"API Success: notifications","method":"GET","path":"notifications","status":200,"timestamp":"2024-06-28 11:48:07"}
{"level":"info","message":"User retrieved: masteradmin","timestamp":"2024-06-28 11:48:07"}
{"level":"info","message":"API Success: getUser","method":"GET","path":"getUser","status":200,"timestamp":"2024-06-28 11:48:07"}
{"level":"info","message":"User retrieved: masteradmin","timestamp":"2024-06-28 11:48:07"}
{"level":"info","message":"API Success: getUser","method":"GET","path":"getUser","status":200,"timestamp":"2024-06-28 11:48:07"}
{"level":"info","message":"API Success: test-notification","method":"POST","path":"test-notification","status":200,"timestamp":"2024-06-28 11:48:26"}
{"level":"info","message":"API Success: notifications","method":"GET","path":"notifications","status":200,"timestamp":"2024-06-28 11:48:49"}
{"level":"info","message":"User retrieved: masteradmin","timestamp":"2024-06-28 11:48:49"}
{"level":"info","message":"API Success: getUser","method":"GET","path":"getUser","status":200,"timestamp":"2024-06-28 11:48:49"}
{"level":"info","message":"User retrieved: masteradmin","timestamp":"2024-06-28 11:48:49"}
{"level":"info","message":"API Success: getUser","method":"GET","path":"getUser","status":200,"timestamp":"2024-06-28 11:48:49"}
{"level":"info","message":"API Success: test-notification","method":"POST","path":"test-notification","status":200,"timestamp":"2024-06-28 11:48:55"}
{"level":"info","message":"User retrieved: masteradmin","timestamp":"2024-06-28 11:51:02"}
{"level":"info","message":"API Success: getUser","method":"GET","path":"getUser","status":200,"timestamp":"2024-06-28 11:51:02"}
{"level":"info","message":"User retrieved: masteradmin","timestamp":"2024-06-28 11:51:02"}
{"level":"info","message":"API Success: getUser","method":"GET","path":"getUser","status":200,"timestamp":"2024-06-28 11:51:02"}
{"level":"info","message":"User retrieved: masteradmin","timestamp":"2024-06-28 11:51:07"}
{"level":"info","message":"API Success: getUser","method":"GET","path":"getUser","status":200,"timestamp":"2024-06-28 11:51:07"}
{"level":"info","message":"User retrieved: masteradmin","timestamp":"2024-06-28 11:51:07"}
{"level":"info","message":"API Success: getUser","method":"GET","path":"getUser","status":200,"timestamp":"2024-06-28 11:51:07"}
{"level":"info","message":"API Success: notifications","method":"GET","path":"notifications","status":200,"timestamp":"2024-06-28 11:51:10"}
{"level":"info","message":"User retrieved: masteradmin","timestamp":"2024-06-28 11:51:10"}
{"level":"info","message":"API Success: getUser","method":"GET","path":"getUser","status":200,"timestamp":"2024-06-28 11:51:10"}
{"level":"info","message":"User retrieved: masteradmin","timestamp":"2024-06-28 11:51:10"}
{"level":"info","message":"API Success: getUser","method":"GET","path":"getUser","status":200,"timestamp":"2024-06-28 11:51:10"}
{"level":"info","message":"API Success: notifications","method":"GET","path":"notifications","status":200,"timestamp":"2024-06-28 11:52:09"}
{"level":"info","message":"User retrieved: masteradmin","timestamp":"2024-06-28 11:52:10"}
{"level":"info","message":"API Success: getUser","method":"GET","path":"getUser","status":200,"timestamp":"2024-06-28 11:52:10"}
{"level":"info","message":"User retrieved: masteradmin","timestamp":"2024-06-28 11:52:10"}
{"level":"info","message":"API Success: getUser","method":"GET","path":"getUser","status":200,"timestamp":"2024-06-28 11:52:10"}
{"level":"info","message":"API Success: test-notification","method":"POST","path":"test-notification","status":200,"timestamp":"2024-06-28 11:52:22"}
{"level":"info","message":"User retrieved: masteradmin","timestamp":"2024-06-28 11:55:28"}
{"level":"info","message":"API Success: getUser","method":"GET","path":"getUser","status":200,"timestamp":"2024-06-28 11:55:28"}
{"level":"info","message":"User retrieved: masteradmin","timestamp":"2024-06-28 11:55:28"}
{"level":"info","message":"API Success: getUser","method":"GET","path":"getUser","status":200,"timestamp":"2024-06-28 11:55:28"}
{"level":"info","message":"API Success: notifications","method":"GET","path":"notifications","status":200,"timestamp":"2024-06-28 11:59:19"}
{"level":"info","message":"User retrieved: masteradmin","timestamp":"2024-06-28 11:59:19"}
{"level":"info","message":"API Success: getUser","method":"GET","path":"getUser","status":200,"timestamp":"2024-06-28 11:59:19"}
{"level":"info","message":"User retrieved: masteradmin","timestamp":"2024-06-28 11:59:20"}
{"level":"info","message":"API Success: getUser","method":"GET","path":"getUser","status":200,"timestamp":"2024-06-28 11:59:20"}
{"level":"info","message":"API Success: test-notification","method":"POST","path":"test-notification","status":200,"timestamp":"2024-06-28 11:59:41"}
{"level":"info","message":"API Success: notifications","method":"GET","path":"notifications","status":200,"timestamp":"2024-06-28 12:00:04"}
{"level":"info","message":"User retrieved: masteradmin","timestamp":"2024-06-28 12:00:04"}
{"level":"info","message":"API Success: getUser","method":"GET","path":"getUser","status":200,"timestamp":"2024-06-28 12:00:04"}
{"level":"info","message":"User retrieved: masteradmin","timestamp":"2024-06-28 12:00:04"}
{"level":"info","message":"API Success: getUser","method":"GET","path":"getUser","status":200,"timestamp":"2024-06-28 12:00:04"}
{"level":"info","message":"API Success: loginUser","method":"POST","path":"loginUser","status":200,"timestamp":"2024-06-28 12:01:27"}
{"level":"info","message":"API Success: notifications","method":"GET","path":"notifications","status":200,"timestamp":"2024-06-28 12:01:28"}
{"level":"info","message":"User retrieved: masteradmin","timestamp":"2024-06-28 12:01:28"}
{"level":"info","message":"API Success: getUser","method":"GET","path":"getUser","status":200,"timestamp":"2024-06-28 12:01:28"}
{"level":"info","message":"User retrieved: masteradmin","timestamp":"2024-06-28 12:01:28"}
{"level":"info","message":"API Success: getUser","method":"GET","path":"getUser","status":200,"timestamp":"2024-06-28 12:01:28"}
{"level":"info","message":"API Success: test-notification","method":"POST","path":"test-notification","status":200,"timestamp":"2024-06-28 12:01:40"}
{"level":"info","message":"API Success: test-notification","method":"POST","path":"test-notification","status":200,"timestamp":"2024-06-28 12:01:41"}
{"level":"info","message":"API Success: test-notification","method":"POST","path":"test-notification","status":200,"timestamp":"2024-06-28 12:01:42"}
{"level":"info","message":"API Success: notifications","method":"GET","path":"notifications","status":200,"timestamp":"2024-06-28 12:03:37"}
{"level":"info","message":"User retrieved: masteradmin","timestamp":"2024-06-28 12:03:37"}
{"level":"info","message":"API Success: getUser","method":"GET","path":"getUser","status":200,"timestamp":"2024-06-28 12:03:37"}
{"level":"info","message":"User retrieved: masteradmin","timestamp":"2024-06-28 12:03:38"}
{"level":"info","message":"API Success: getUser","method":"GET","path":"getUser","status":200,"timestamp":"2024-06-28 12:03:38"}
{"level":"info","message":"User retrieved: masteradmin","timestamp":"2024-06-28 12:03:52"}
{"level":"info","message":"API Success: getUser","method":"GET","path":"getUser","status":200,"timestamp":"2024-06-28 12:03:52"}
{"level":"info","message":"API Success: notifications","method":"GET","path":"notifications","status":200,"timestamp":"2024-06-28 12:03:52"}
{"level":"info","message":"User retrieved: masteradmin","timestamp":"2024-06-28 12:03:52"}
{"level":"info","message":"API Success: getUser","method":"GET","path":"getUser","status":200,"timestamp":"2024-06-28 12:03:52"}
{"level":"info","message":"API Success: test-notification","method":"POST","path":"test-notification","status":200,"timestamp":"2024-06-28 12:04:04"}
{"level":"info","message":"API Success: notifications","method":"GET","path":"notifications","status":200,"timestamp":"2024-06-28 12:06:01"}
{"level":"info","message":"User retrieved: masteradmin","timestamp":"2024-06-28 12:06:01"}
{"level":"info","message":"API Success: getUser","method":"GET","path":"getUser","status":200,"timestamp":"2024-06-28 12:06:01"}
{"level":"info","message":"User retrieved: masteradmin","timestamp":"2024-06-28 12:06:01"}
{"level":"info","message":"API Success: getUser","method":"GET","path":"getUser","status":200,"timestamp":"2024-06-28 12:06:01"}
{"level":"info","message":"API Success: test-notification","method":"POST","path":"test-notification","status":200,"timestamp":"2024-06-28 12:06:15"}
{"level":"info","message":"API Success: test-notification","method":"POST","path":"test-notification","status":200,"timestamp":"2024-06-28 12:06:25"}
{"level":"info","message":"User retrieved: masteradmin","timestamp":"2024-06-28 12:06:47"}
{"level":"info","message":"API Success: getUser","method":"GET","path":"getUser","status":200,"timestamp":"2024-06-28 12:06:47"}
{"level":"info","message":"API Success: notifications","method":"GET","path":"notifications","status":200,"timestamp":"2024-06-28 12:06:47"}
{"level":"info","message":"User retrieved: masteradmin","timestamp":"2024-06-28 12:06:47"}
{"level":"info","message":"API Success: getUser","method":"GET","path":"getUser","status":200,"timestamp":"2024-06-28 12:06:47"}
{"level":"info","message":"API Success: test-notification","method":"POST","path":"test-notification","status":200,"timestamp":"2024-06-28 12:06:56"}
{"level":"info","message":"API Success: notifications","method":"GET","path":"notifications","status":200,"timestamp":"2024-06-28 12:14:46"}
{"level":"info","message":"User retrieved: masteradmin","timestamp":"2024-06-28 12:14:46"}
{"level":"info","message":"API Success: getUser","method":"GET","path":"getUser","status":200,"timestamp":"2024-06-28 12:14:46"}
{"level":"info","message":"User retrieved: masteradmin","timestamp":"2024-06-28 12:14:46"}
{"level":"info","message":"API Success: getUser","method":"GET","path":"getUser","status":200,"timestamp":"2024-06-28 12:14:46"}
{"level":"info","message":"API Success: notifications/667e8b4082cc0dbca05fe4d4/view","method":"PATCH","path":"notifications/667e8b4082cc0dbca05fe4d4/view","status":200,"timestamp":"2024-06-28 12:14:53"}
{"level":"info","message":"API Success: notifications","method":"GET","path":"notifications","status":200,"timestamp":"2024-06-28 12:14:59"}
{"level":"info","message":"API Success: notifications","method":"GET","path":"notifications","status":200,"timestamp":"2024-06-28 12:15:18"}
{"level":"info","message":"API Success: notifications","method":"GET","path":"notifications","status":200,"timestamp":"2024-06-28 12:15:19"}
{"level":"info","message":"User retrieved: masteradmin","timestamp":"2024-06-28 12:15:19"}
{"level":"info","message":"API Success: getUser","method":"GET","path":"getUser","status":200,"timestamp":"2024-06-28 12:15:19"}
{"level":"info","message":"User retrieved: masteradmin","timestamp":"2024-06-28 12:15:19"}
{"level":"info","message":"API Success: getUser","method":"GET","path":"getUser","status":200,"timestamp":"2024-06-28 12:15:19"}
{"level":"error","message":"undefined_path error: The token is invalid: jwt expired","path":"undefined_path","stack":"No additional details provided.","status":403,"timestamp":"2024-06-28 12:15:49"}
{"level":"info","message":"API Success: test-notification","method":"POST","path":"test-notification","status":200,"timestamp":"2024-06-28 12:15:55"}
{"level":"info","message":"API Success: test-notification","method":"POST","path":"test-notification","status":200,"timestamp":"2024-06-28 12:15:59"}
{"level":"info","message":"API Success: notifications/667e79acb5dce5f01d125a77/view","method":"PATCH","path":"notifications/667e79acb5dce5f01d125a77/view","status":200,"timestamp":"2024-06-28 12:16:05"}
{"level":"info","message":"API Success: notifications/667e8d5b82cc0dbca05fe4ed/view","method":"PATCH","path":"notifications/667e8d5b82cc0dbca05fe4ed/view","status":200,"timestamp":"2024-06-28 12:16:08"}
{"level":"info","message":"API Success: notifications/667e8d5f82cc0dbca05fe4ef/view","method":"PATCH","path":"notifications/667e8d5f82cc0dbca05fe4ef/view","status":200,"timestamp":"2024-06-28 12:16:10"}
{"level":"info","message":"API Success: notifications","method":"GET","path":"notifications","status":200,"timestamp":"2024-06-28 12:16:15"}
{"level":"info","message":"API Success: notifications","method":"GET","path":"notifications","status":200,"timestamp":"2024-06-28 12:16:16"}
{"level":"info","message":"User retrieved: masteradmin","timestamp":"2024-06-28 12:16:16"}
{"level":"info","message":"API Success: getUser","method":"GET","path":"getUser","status":200,"timestamp":"2024-06-28 12:16:16"}
{"level":"info","message":"User retrieved: masteradmin","timestamp":"2024-06-28 12:16:16"}
{"level":"info","message":"API Success: getUser","method":"GET","path":"getUser","status":200,"timestamp":"2024-06-28 12:16:16"}
{"level":"info","message":"API Success: notifications","method":"GET","path":"notifications","status":200,"timestamp":"2024-06-28 12:17:55"}
{"level":"info","message":"User retrieved: masteradmin","timestamp":"2024-06-28 12:17:56"}
{"level":"info","message":"API Success: getUser","method":"GET","path":"getUser","status":200,"timestamp":"2024-06-28 12:17:56"}
{"level":"info","message":"User retrieved: masteradmin","timestamp":"2024-06-28 12:17:56"}
{"level":"info","message":"API Success: getUser","method":"GET","path":"getUser","status":200,"timestamp":"2024-06-28 12:17:56"}
{"level":"info","message":"API Success: notifications","method":"GET","path":"notifications","status":200,"timestamp":"2024-06-28 12:18:18"}
{"level":"info","message":"User retrieved: masteradmin","timestamp":"2024-06-28 12:18:19"}
{"level":"info","message":"API Success: getUser","method":"GET","path":"getUser","status":200,"timestamp":"2024-06-28 12:18:19"}
{"level":"info","message":"User retrieved: masteradmin","timestamp":"2024-06-28 12:18:19"}
{"level":"info","message":"API Success: getUser","method":"GET","path":"getUser","status":200,"timestamp":"2024-06-28 12:18:19"}
{"level":"info","message":"API Success: notifications","method":"GET","path":"notifications","status":200,"timestamp":"2024-06-28 12:18:25"}
{"level":"info","message":"User retrieved: masteradmin","timestamp":"2024-06-28 12:18:25"}
{"level":"info","message":"API Success: getUser","method":"GET","path":"getUser","status":200,"timestamp":"2024-06-28 12:18:25"}
{"level":"info","message":"User retrieved: masteradmin","timestamp":"2024-06-28 12:18:25"}
{"level":"info","message":"API Success: getUser","method":"GET","path":"getUser","status":200,"timestamp":"2024-06-28 12:18:25"}
{"level":"info","message":"API Success: loginUser","method":"POST","path":"loginUser","status":200,"timestamp":"2024-06-28 12:18:36"}
{"level":"info","message":"User retrieved: masteradmin","timestamp":"2024-06-28 12:18:36"}
{"level":"info","message":"API Success: getUser","method":"GET","path":"getUser","status":200,"timestamp":"2024-06-28 12:18:37"}
{"level":"info","message":"API Success: notifications","method":"GET","path":"notifications","status":200,"timestamp":"2024-06-28 12:18:37"}
{"level":"info","message":"User retrieved: masteradmin","timestamp":"2024-06-28 12:18:37"}
{"level":"info","message":"API Success: getUser","method":"GET","path":"getUser","status":200,"timestamp":"2024-06-28 12:18:37"}
{"level":"info","message":"API Success: notifications","method":"GET","path":"notifications","status":200,"timestamp":"2024-06-28 12:19:18"}
{"level":"info","message":"User retrieved: masteradmin","timestamp":"2024-06-28 12:19:18"}
{"level":"info","message":"API Success: getUser","method":"GET","path":"getUser","status":200,"timestamp":"2024-06-28 12:19:18"}
{"level":"info","message":"User retrieved: masteradmin","timestamp":"2024-06-28 12:19:18"}
{"level":"info","message":"API Success: getUser","method":"GET","path":"getUser","status":200,"timestamp":"2024-06-28 12:19:18"}
{"level":"info","message":"API Success: notifications","method":"GET","path":"notifications","status":200,"timestamp":"2024-06-28 12:19:23"}
{"level":"info","message":"User retrieved: masteradmin","timestamp":"2024-06-28 12:19:23"}
{"level":"info","message":"API Success: getUser","method":"GET","path":"getUser","status":200,"timestamp":"2024-06-28 12:19:23"}
{"level":"info","message":"User retrieved: masteradmin","timestamp":"2024-06-28 12:19:23"}
{"level":"info","message":"API Success: getUser","method":"GET","path":"getUser","status":200,"timestamp":"2024-06-28 12:19:23"}
{"level":"info","message":"API Success: test-notification","method":"POST","path":"test-notification","status":200,"timestamp":"2024-06-28 12:19:37"}
{"level":"info","message":"API Success: notifications","method":"GET","path":"notifications","status":200,"timestamp":"2024-06-28 12:19:40"}
{"level":"info","message":"API Success: notifications","method":"GET","path":"notifications","status":200,"timestamp":"2024-06-28 12:23:05"}
{"level":"info","message":"User retrieved: masteradmin","timestamp":"2024-06-28 12:23:05"}
{"level":"info","message":"API Success: getUser","method":"GET","path":"getUser","status":200,"timestamp":"2024-06-28 12:23:05"}
{"level":"info","message":"API Success: notifications","method":"GET","path":"notifications","status":200,"timestamp":"2024-06-28 12:23:05"}
{"level":"info","message":"User retrieved: masteradmin","timestamp":"2024-06-28 12:23:05"}
{"level":"info","message":"API Success: getUser","method":"GET","path":"getUser","status":200,"timestamp":"2024-06-28 12:23:05"}
{"level":"info","message":"API Success: notifications","method":"GET","path":"notifications","status":200,"timestamp":"2024-06-28 12:25:23"}
{"level":"info","message":"API Success: notifications","method":"GET","path":"notifications","status":200,"timestamp":"2024-06-28 12:25:23"}
{"level":"info","message":"User retrieved: masteradmin","timestamp":"2024-06-28 12:25:23"}
{"level":"info","message":"API Success: getUser","method":"GET","path":"getUser","status":200,"timestamp":"2024-06-28 12:25:23"}
{"level":"info","message":"User retrieved: masteradmin","timestamp":"2024-06-28 12:25:24"}
{"level":"info","message":"API Success: getUser","method":"GET","path":"getUser","status":200,"timestamp":"2024-06-28 12:25:24"}
{"level":"info","message":"User retrieved: masteradmin","timestamp":"2024-06-28 12:25:34"}
{"level":"info","message":"API Success: getUser","method":"GET","path":"getUser","status":200,"timestamp":"2024-06-28 12:25:34"}
{"level":"info","message":"API Success: notifications","method":"GET","path":"notifications","status":200,"timestamp":"2024-06-28 12:25:34"}
{"level":"info","message":"API Success: notifications","method":"GET","path":"notifications","status":200,"timestamp":"2024-06-28 12:25:34"}
{"level":"info","message":"User retrieved: masteradmin","timestamp":"2024-06-28 12:25:34"}
{"level":"info","message":"API Success: getUser","method":"GET","path":"getUser","status":200,"timestamp":"2024-06-28 12:25:34"}
{"level":"info","message":"API Success: notifications","method":"GET","path":"notifications","status":200,"timestamp":"2024-06-28 12:28:15"}
{"level":"info","message":"API Success: notifications","method":"GET","path":"notifications","status":200,"timestamp":"2024-06-28 12:28:15"}
{"level":"info","message":"User retrieved: masteradmin","timestamp":"2024-06-28 12:28:15"}
{"level":"info","message":"API Success: getUser","method":"GET","path":"getUser","status":200,"timestamp":"2024-06-28 12:28:15"}
{"level":"info","message":"User retrieved: masteradmin","timestamp":"2024-06-28 12:28:15"}
{"level":"info","message":"API Success: getUser","method":"GET","path":"getUser","status":200,"timestamp":"2024-06-28 12:28:15"}
{"level":"info","message":"API Success: notifications","method":"GET","path":"notifications","status":200,"timestamp":"2024-06-28 12:35:24"}
{"level":"info","message":"User retrieved: masteradmin","timestamp":"2024-06-28 12:35:24"}
{"level":"info","message":"API Success: getUser","method":"GET","path":"getUser","status":200,"timestamp":"2024-06-28 12:35:24"}
{"level":"info","message":"User retrieved: masteradmin","timestamp":"2024-06-28 12:35:24"}
{"level":"info","message":"API Success: getUser","method":"GET","path":"getUser","status":200,"timestamp":"2024-06-28 12:35:24"}
{"level":"info","message":"API Success: notifications","method":"GET","path":"notifications","status":200,"timestamp":"2024-06-28 12:35:30"}
{"level":"info","message":"User retrieved: masteradmin","timestamp":"2024-06-28 12:37:35"}
{"level":"info","message":"API Success: getUser","method":"GET","path":"getUser","status":200,"timestamp":"2024-06-28 12:37:35"}
{"level":"info","message":"API Success: notifications","method":"GET","path":"notifications","status":200,"timestamp":"2024-06-28 12:37:35"}
{"level":"info","message":"User retrieved: masteradmin","timestamp":"2024-06-28 12:37:35"}
{"level":"info","message":"API Success: getUser","method":"GET","path":"getUser","status":200,"timestamp":"2024-06-28 12:37:35"}
{"level":"info","message":"API Success: notifications","method":"GET","path":"notifications","status":200,"timestamp":"2024-06-28 12:37:40"}
{"level":"info","message":"API Success: notifications","method":"GET","path":"notifications","status":200,"timestamp":"2024-06-28 12:37:57"}
{"level":"info","message":"API Success: notifications","method":"GET","path":"notifications","status":200,"timestamp":"2024-06-28 12:37:58"}
{"level":"info","message":"User retrieved: masteradmin","timestamp":"2024-06-28 12:37:58"}
{"level":"info","message":"API Success: getUser","method":"GET","path":"getUser","status":200,"timestamp":"2024-06-28 12:37:58"}
{"level":"info","message":"User retrieved: masteradmin","timestamp":"2024-06-28 12:37:58"}
{"level":"info","message":"API Success: getUser","method":"GET","path":"getUser","status":200,"timestamp":"2024-06-28 12:37:58"}
{"level":"info","message":"API Success: test-notification","method":"POST","path":"test-notification","status":200,"timestamp":"2024-06-28 12:39:01"}
{"level":"info","message":"API Success: test-notification","method":"POST","path":"test-notification","status":200,"timestamp":"2024-06-28 12:39:02"}
{"level":"info","message":"API Success: test-notification","method":"POST","path":"test-notification","status":200,"timestamp":"2024-06-28 12:39:03"}
{"level":"info","message":"API Success: test-notification","method":"POST","path":"test-notification","status":200,"timestamp":"2024-06-28 12:39:03"}
{"level":"info","message":"API Success: test-notification","method":"POST","path":"test-notification","status":200,"timestamp":"2024-06-28 12:39:03"}
{"level":"info","message":"API Success: test-notification","method":"POST","path":"test-notification","status":200,"timestamp":"2024-06-28 12:39:03"}
{"level":"info","message":"API Success: test-notification","method":"POST","path":"test-notification","status":200,"timestamp":"2024-06-28 12:39:03"}
{"level":"info","message":"API Success: test-notification","method":"POST","path":"test-notification","status":200,"timestamp":"2024-06-28 12:39:03"}
{"level":"info","message":"API Success: test-notification","method":"POST","path":"test-notification","status":200,"timestamp":"2024-06-28 12:39:04"}
{"level":"info","message":"API Success: test-notification","method":"POST","path":"test-notification","status":200,"timestamp":"2024-06-28 12:39:04"}
{"level":"info","message":"API Success: test-notification","method":"POST","path":"test-notification","status":200,"timestamp":"2024-06-28 12:39:04"}
{"level":"info","message":"API Success: test-notification","method":"POST","path":"test-notification","status":200,"timestamp":"2024-06-28 12:39:04"}
{"level":"info","message":"API Success: test-notification","method":"POST","path":"test-notification","status":200,"timestamp":"2024-06-28 12:39:04"}
{"level":"info","message":"API Success: test-notification","method":"POST","path":"test-notification","status":200,"timestamp":"2024-06-28 12:39:04"}
{"level":"info","message":"API Success: test-notification","method":"POST","path":"test-notification","status":200,"timestamp":"2024-06-28 12:39:04"}
{"level":"info","message":"API Success: notifications","method":"GET","path":"notifications","status":200,"timestamp":"2024-06-28 12:39:09"}
{"level":"info","message":"User retrieved: masteradmin","timestamp":"2024-06-28 12:39:09"}
{"level":"info","message":"API Success: getUser","method":"GET","path":"getUser","status":200,"timestamp":"2024-06-28 12:39:09"}
{"level":"info","message":"API Success: notifications","method":"GET","path":"notifications","status":200,"timestamp":"2024-06-28 12:39:09"}
{"level":"info","message":"User retrieved: masteradmin","timestamp":"2024-06-28 12:39:09"}
{"level":"info","message":"API Success: getUser","method":"GET","path":"getUser","status":200,"timestamp":"2024-06-28 12:39:09"}
{"level":"info","message":"API Success: notifications/667e79acb5dce5f01d125a77/view","method":"PATCH","path":"notifications/667e79acb5dce5f01d125a77/view","status":200,"timestamp":"2024-06-28 12:39:31"}
{"level":"info","message":"API Success: notifications/667e8b4082cc0dbca05fe4d4/view","method":"PATCH","path":"notifications/667e8b4082cc0dbca05fe4d4/view","status":200,"timestamp":"2024-06-28 12:39:32"}
{"level":"info","message":"API Success: notifications/667e8d5b82cc0dbca05fe4ed/view","method":"PATCH","path":"notifications/667e8d5b82cc0dbca05fe4ed/view","status":200,"timestamp":"2024-06-28 12:39:33"}
{"level":"info","message":"API Success: notifications/667e8d5f82cc0dbca05fe4ef/view","method":"PATCH","path":"notifications/667e8d5f82cc0dbca05fe4ef/view","status":200,"timestamp":"2024-06-28 12:39:34"}
{"level":"info","message":"API Success: notifications/667e8e3982cc0dbca05fe542/view","method":"PATCH","path":"notifications/667e8e3982cc0dbca05fe542/view","status":200,"timestamp":"2024-06-28 12:39:34"}
{"level":"info","message":"API Success: notifications","method":"GET","path":"notifications","status":200,"timestamp":"2024-06-28 12:39:37"}
{"level":"info","message":"User retrieved: masteradmin","timestamp":"2024-06-28 12:39:37"}
{"level":"info","message":"API Success: getUser","method":"GET","path":"getUser","status":200,"timestamp":"2024-06-28 12:39:37"}
{"level":"info","message":"API Success: notifications","method":"GET","path":"notifications","status":200,"timestamp":"2024-06-28 12:39:38"}
{"level":"info","message":"User retrieved: masteradmin","timestamp":"2024-06-28 12:39:38"}
{"level":"info","message":"API Success: getUser","method":"GET","path":"getUser","status":200,"timestamp":"2024-06-28 12:39:38"}
{"level":"info","message":"API Success: notifications","method":"GET","path":"notifications","status":200,"timestamp":"2024-06-28 12:41:46"}
{"level":"info","message":"User retrieved: masteradmin","timestamp":"2024-06-28 12:41:46"}
{"level":"info","message":"API Success: getUser","method":"GET","path":"getUser","status":200,"timestamp":"2024-06-28 12:41:46"}
{"level":"info","message":"API Success: notifications","method":"GET","path":"notifications","status":200,"timestamp":"2024-06-28 12:41:46"}
{"level":"info","message":"User retrieved: masteradmin","timestamp":"2024-06-28 12:41:46"}
{"level":"info","message":"API Success: getUser","method":"GET","path":"getUser","status":200,"timestamp":"2024-06-28 12:41:46"}
{"level":"info","message":"API Success: notifications","method":"GET","path":"notifications","status":200,"timestamp":"2024-06-28 12:44:10"}
{"level":"info","message":"User retrieved: masteradmin","timestamp":"2024-06-28 12:44:10"}
{"level":"info","message":"API Success: getUser","method":"GET","path":"getUser","status":200,"timestamp":"2024-06-28 12:44:10"}
{"level":"info","message":"User retrieved: masteradmin","timestamp":"2024-06-28 12:44:10"}
{"level":"info","message":"API Success: getUser","method":"GET","path":"getUser","status":200,"timestamp":"2024-06-28 12:44:10"}
{"level":"info","message":"API Success: notifications","method":"GET","path":"notifications","status":200,"timestamp":"2024-06-28 12:44:19"}
{"level":"info","message":"API Success: test-notification","method":"POST","path":"test-notification","status":200,"timestamp":"2024-06-28 12:44:30"}
{"level":"info","message":"User retrieved: masteradmin","timestamp":"2024-06-28 12:44:35"}
{"level":"info","message":"API Success: getUser","method":"GET","path":"getUser","status":200,"timestamp":"2024-06-28 12:44:35"}
{"level":"info","message":"API Success: notifications","method":"GET","path":"notifications","status":200,"timestamp":"2024-06-28 12:44:36"}
{"level":"info","message":"API Success: notifications","method":"GET","path":"notifications","status":200,"timestamp":"2024-06-28 12:44:36"}
{"level":"info","message":"User retrieved: masteradmin","timestamp":"2024-06-28 12:44:36"}
{"level":"info","message":"API Success: getUser","method":"GET","path":"getUser","status":200,"timestamp":"2024-06-28 12:44:36"}
{"level":"info","message":"API Success: notifications/667e940e82cc0dbca05fe5e0/view","method":"PATCH","path":"notifications/667e940e82cc0dbca05fe5e0/view","status":200,"timestamp":"2024-06-28 12:46:58"}
{"level":"info","message":"API Success: notifications","method":"GET","path":"notifications","status":200,"timestamp":"2024-06-28 12:47:02"}
{"level":"info","message":"API Success: notifications","method":"GET","path":"notifications","status":200,"timestamp":"2024-06-28 12:47:02"}
{"level":"info","message":"User retrieved: masteradmin","timestamp":"2024-06-28 12:47:02"}
{"level":"info","message":"API Success: getUser","method":"GET","path":"getUser","status":200,"timestamp":"2024-06-28 12:47:02"}
{"level":"info","message":"User retrieved: masteradmin","timestamp":"2024-06-28 12:47:02"}
{"level":"info","message":"API Success: getUser","method":"GET","path":"getUser","status":200,"timestamp":"2024-06-28 12:47:02"}
{"level":"info","message":"API Success: notifications","method":"GET","path":"notifications","status":200,"timestamp":"2024-06-28 12:56:08"}
{"level":"info","message":"User retrieved: masteradmin","timestamp":"2024-06-28 12:56:08"}
{"level":"info","message":"API Success: getUser","method":"GET","path":"getUser","status":200,"timestamp":"2024-06-28 12:56:08"}
{"level":"info","message":"User retrieved: masteradmin","timestamp":"2024-06-28 12:56:09"}
{"level":"info","message":"API Success: getUser","method":"GET","path":"getUser","status":200,"timestamp":"2024-06-28 12:56:09"}
{"level":"info","message":"API Success: notifications","method":"GET","path":"notifications","status":200,"timestamp":"2024-06-28 12:56:11"}
{"level":"info","message":"API Success: notifications","method":"GET","path":"notifications","status":200,"timestamp":"2024-06-28 13:00:05"}
{"level":"info","message":"API Success: notifications","method":"GET","path":"notifications","status":200,"timestamp":"2024-06-28 13:00:05"}
{"level":"info","message":"User retrieved: masteradmin","timestamp":"2024-06-28 13:00:05"}
{"level":"info","message":"API Success: getUser","method":"GET","path":"getUser","status":200,"timestamp":"2024-06-28 13:00:05"}
{"level":"info","message":"User retrieved: masteradmin","timestamp":"2024-06-28 13:00:06"}
{"level":"info","message":"API Success: getUser","method":"GET","path":"getUser","status":200,"timestamp":"2024-06-28 13:00:06"}
{"level":"info","message":"API Success: notifications/667e940e82cc0dbca05fe5e0/view","method":"PATCH","path":"notifications/667e940e82cc0dbca05fe5e0/view","status":200,"timestamp":"2024-06-28 13:00:15"}
{"level":"info","message":"User retrieved: masteradmin","timestamp":"2024-06-28 13:00:21"}
{"level":"info","message":"API Success: getUser","method":"GET","path":"getUser","status":200,"timestamp":"2024-06-28 13:00:21"}
{"level":"info","message":"API Success: notifications","method":"GET","path":"notifications","status":200,"timestamp":"2024-06-28 13:00:21"}
{"level":"info","message":"API Success: notifications","method":"GET","path":"notifications","status":200,"timestamp":"2024-06-28 13:00:21"}
{"level":"info","message":"User retrieved: masteradmin","timestamp":"2024-06-28 13:00:21"}
{"level":"info","message":"API Success: getUser","method":"GET","path":"getUser","status":200,"timestamp":"2024-06-28 13:00:21"}
{"level":"info","message":"API Success: notifications/667e940e82cc0dbca05fe5e0","method":"DELETE","path":"notifications/667e940e82cc0dbca05fe5e0","status":200,"timestamp":"2024-06-28 13:00:29"}
{"level":"info","message":"User retrieved: masteradmin","timestamp":"2024-06-28 13:00:33"}
{"level":"info","message":"API Success: getUser","method":"GET","path":"getUser","status":200,"timestamp":"2024-06-28 13:00:33"}
{"level":"info","message":"API Success: notifications","method":"GET","path":"notifications","status":200,"timestamp":"2024-06-28 13:00:33"}
{"level":"info","message":"API Success: notifications","method":"GET","path":"notifications","status":200,"timestamp":"2024-06-28 13:00:33"}
{"level":"info","message":"User retrieved: masteradmin","timestamp":"2024-06-28 13:00:33"}
{"level":"info","message":"API Success: getUser","method":"GET","path":"getUser","status":200,"timestamp":"2024-06-28 13:00:33"}
{"level":"info","message":"API Success: test-notification","method":"POST","path":"test-notification","status":200,"timestamp":"2024-06-28 13:00:52"}
{"level":"info","message":"API Success: notifications","method":"GET","path":"notifications","status":200,"timestamp":"2024-06-28 13:00:58"}
{"level":"info","message":"API Success: notifications","method":"GET","path":"notifications","status":200,"timestamp":"2024-06-28 13:00:58"}
{"level":"info","message":"User retrieved: masteradmin","timestamp":"2024-06-28 13:00:58"}
{"level":"info","message":"API Success: getUser","method":"GET","path":"getUser","status":200,"timestamp":"2024-06-28 13:00:58"}
{"level":"info","message":"User retrieved: masteradmin","timestamp":"2024-06-28 13:00:59"}
{"level":"info","message":"API Success: getUser","method":"GET","path":"getUser","status":200,"timestamp":"2024-06-28 13:00:59"}
{"level":"info","message":"API Success: notifications/667e97e482cc0dbca05fe627/view","method":"PATCH","path":"notifications/667e97e482cc0dbca05fe627/view","status":200,"timestamp":"2024-06-28 13:05:29"}
{"level":"info","message":"API Success: notifications","method":"GET","path":"notifications","status":200,"timestamp":"2024-06-28 13:06:06"}
{"level":"info","message":"User retrieved: masteradmin","timestamp":"2024-06-28 13:06:06"}
{"level":"info","message":"API Success: getUser","method":"GET","path":"getUser","status":200,"timestamp":"2024-06-28 13:06:06"}
{"level":"info","message":"API Success: notifications","method":"GET","path":"notifications","status":200,"timestamp":"2024-06-28 13:06:06"}
{"level":"info","message":"User retrieved: masteradmin","timestamp":"2024-06-28 13:06:06"}
{"level":"info","message":"API Success: getUser","method":"GET","path":"getUser","status":200,"timestamp":"2024-06-28 13:06:06"}
{"level":"info","message":"API Success: notifications/667e97e482cc0dbca05fe627/view","method":"PATCH","path":"notifications/667e97e482cc0dbca05fe627/view","status":200,"timestamp":"2024-06-28 13:06:09"}
{"level":"info","message":"API Success: notifications","method":"GET","path":"notifications","status":200,"timestamp":"2024-06-28 13:10:48"}
{"level":"info","message":"API Success: notifications","method":"GET","path":"notifications","status":200,"timestamp":"2024-06-28 13:10:48"}
{"level":"info","message":"User retrieved: masteradmin","timestamp":"2024-06-28 13:10:49"}
{"level":"info","message":"API Success: getUser","method":"GET","path":"getUser","status":200,"timestamp":"2024-06-28 13:10:49"}
{"level":"info","message":"User retrieved: masteradmin","timestamp":"2024-06-28 13:10:49"}
{"level":"info","message":"API Success: getUser","method":"GET","path":"getUser","status":200,"timestamp":"2024-06-28 13:10:49"}
{"level":"info","message":"API Success: notifications","method":"GET","path":"notifications","status":200,"timestamp":"2024-06-28 13:10:54"}
{"level":"info","message":"API Success: notifications","method":"GET","path":"notifications","status":200,"timestamp":"2024-06-28 13:10:54"}
{"level":"info","message":"User retrieved: masteradmin","timestamp":"2024-06-28 13:10:54"}
{"level":"info","message":"API Success: getUser","method":"GET","path":"getUser","status":200,"timestamp":"2024-06-28 13:10:54"}
{"level":"info","message":"User retrieved: masteradmin","timestamp":"2024-06-28 13:10:55"}
{"level":"info","message":"API Success: getUser","method":"GET","path":"getUser","status":200,"timestamp":"2024-06-28 13:10:55"}
{"level":"info","message":"API Success: test-notification","method":"POST","path":"test-notification","status":200,"timestamp":"2024-06-28 13:11:08"}
{"level":"info","message":"API Success: test-notification","method":"POST","path":"test-notification","status":200,"timestamp":"2024-06-28 13:11:09"}
{"level":"info","message":"API Success: test-notification","method":"POST","path":"test-notification","status":200,"timestamp":"2024-06-28 13:11:09"}
{"level":"info","message":"API Success: test-notification","method":"POST","path":"test-notification","status":200,"timestamp":"2024-06-28 13:11:09"}
{"level":"info","message":"API Success: test-notification","method":"POST","path":"test-notification","status":200,"timestamp":"2024-06-28 13:11:10"}
{"level":"info","message":"API Success: test-notification","method":"POST","path":"test-notification","status":200,"timestamp":"2024-06-28 13:11:10"}
{"level":"info","message":"API Success: test-notification","method":"POST","path":"test-notification","status":200,"timestamp":"2024-06-28 13:11:10"}
{"level":"info","message":"API Success: test-notification","method":"POST","path":"test-notification","status":200,"timestamp":"2024-06-28 13:11:10"}
{"level":"info","message":"API Success: notifications","method":"GET","path":"notifications","status":200,"timestamp":"2024-06-28 13:11:13"}
{"level":"info","message":"API Success: notifications","method":"GET","path":"notifications","status":200,"timestamp":"2024-06-28 13:11:13"}
{"level":"info","message":"User retrieved: masteradmin","timestamp":"2024-06-28 13:11:13"}
{"level":"info","message":"API Success: getUser","method":"GET","path":"getUser","status":200,"timestamp":"2024-06-28 13:11:14"}
{"level":"info","message":"User retrieved: masteradmin","timestamp":"2024-06-28 13:11:14"}
{"level":"info","message":"API Success: getUser","method":"GET","path":"getUser","status":200,"timestamp":"2024-06-28 13:11:14"}
{"level":"info","message":"API Success: notifications/667e97e482cc0dbca05fe627/view","method":"PATCH","path":"notifications/667e97e482cc0dbca05fe627/view","status":200,"timestamp":"2024-06-28 13:11:19"}
{"level":"info","message":"API Success: notifications","method":"GET","path":"notifications","status":200,"timestamp":"2024-06-28 13:11:42"}
{"level":"info","message":"API Success: notifications","method":"GET","path":"notifications","status":200,"timestamp":"2024-06-28 13:11:42"}
{"level":"info","message":"User retrieved: masteradmin","timestamp":"2024-06-28 13:11:42"}
{"level":"info","message":"API Success: getUser","method":"GET","path":"getUser","status":200,"timestamp":"2024-06-28 13:11:42"}
{"level":"info","message":"User retrieved: masteradmin","timestamp":"2024-06-28 13:11:42"}
{"level":"info","message":"API Success: getUser","method":"GET","path":"getUser","status":200,"timestamp":"2024-06-28 13:11:42"}
{"level":"info","message":"API Success: notifications/667e9a4e82cc0dbca05fe665","method":"DELETE","path":"notifications/667e9a4e82cc0dbca05fe665","status":200,"timestamp":"2024-06-28 13:11:48"}
{"level":"info","message":"API Success: notifications/667e9a4e82cc0dbca05fe663","method":"DELETE","path":"notifications/667e9a4e82cc0dbca05fe663","status":200,"timestamp":"2024-06-28 13:12:01"}
{"level":"info","message":"API Success: notifications/667e9a4e82cc0dbca05fe661","method":"DELETE","path":"notifications/667e9a4e82cc0dbca05fe661","status":200,"timestamp":"2024-06-28 13:12:01"}
{"level":"info","message":"API Success: notifications/667e9a4e82cc0dbca05fe65f","method":"DELETE","path":"notifications/667e9a4e82cc0dbca05fe65f","status":200,"timestamp":"2024-06-28 13:12:01"}
{"level":"info","message":"API Success: notifications/667e9a4d82cc0dbca05fe65d/view","method":"PATCH","path":"notifications/667e9a4d82cc0dbca05fe65d/view","status":200,"timestamp":"2024-06-28 13:12:04"}
{"level":"info","message":"User retrieved: masteradmin","timestamp":"2024-06-28 13:12:08"}
{"level":"info","message":"API Success: getUser","method":"GET","path":"getUser","status":200,"timestamp":"2024-06-28 13:12:08"}
{"level":"info","message":"API Success: notifications","method":"GET","path":"notifications","status":200,"timestamp":"2024-06-28 13:12:08"}
{"level":"info","message":"User retrieved: masteradmin","timestamp":"2024-06-28 13:12:08"}
{"level":"info","message":"API Success: getUser","method":"GET","path":"getUser","status":200,"timestamp":"2024-06-28 13:12:08"}
{"level":"info","message":"API Success: notifications","method":"GET","path":"notifications","status":200,"timestamp":"2024-06-28 13:12:08"}
{"level":"info","message":"API Success: notifications","method":"GET","path":"notifications","status":200,"timestamp":"2024-06-28 13:18:44"}
{"level":"info","message":"API Success: notifications","method":"GET","path":"notifications","status":200,"timestamp":"2024-06-28 13:18:44"}
{"level":"info","message":"User retrieved: masteradmin","timestamp":"2024-06-28 13:18:44"}
{"level":"info","message":"API Success: getUser","method":"GET","path":"getUser","status":200,"timestamp":"2024-06-28 13:18:45"}
{"level":"info","message":"User retrieved: masteradmin","timestamp":"2024-06-28 13:18:45"}
{"level":"info","message":"API Success: getUser","method":"GET","path":"getUser","status":200,"timestamp":"2024-06-28 13:18:45"}
{"level":"info","message":"API Success: notifications/667e9a4d82cc0dbca05fe65b/view","method":"PATCH","path":"notifications/667e9a4d82cc0dbca05fe65b/view","status":200,"timestamp":"2024-06-28 13:18:54"}
{"level":"info","message":"API Success: notifications/667e9a4c82cc0dbca05fe657/view","method":"PATCH","path":"notifications/667e9a4c82cc0dbca05fe657/view","status":200,"timestamp":"2024-06-28 13:18:57"}
{"level":"info","message":"API Success: notifications/667e9a4d82cc0dbca05fe659/view","method":"PATCH","path":"notifications/667e9a4d82cc0dbca05fe659/view","status":200,"timestamp":"2024-06-28 13:18:59"}
{"level":"info","message":"API Success: notifications/667e9a4d82cc0dbca05fe65d/view","method":"PATCH","path":"notifications/667e9a4d82cc0dbca05fe65d/view","status":200,"timestamp":"2024-06-28 13:19:00"}
{"level":"info","message":"API Success: notifications/667e97e482cc0dbca05fe627/view","method":"PATCH","path":"notifications/667e97e482cc0dbca05fe627/view","status":200,"timestamp":"2024-06-28 13:19:01"}
{"level":"info","message":"User retrieved: masteradmin","timestamp":"2024-06-28 13:19:05"}
{"level":"info","message":"API Success: getUser","method":"GET","path":"getUser","status":200,"timestamp":"2024-06-28 13:19:05"}
{"level":"info","message":"API Success: notifications","method":"GET","path":"notifications","status":200,"timestamp":"2024-06-28 13:19:05"}
{"level":"info","message":"User retrieved: masteradmin","timestamp":"2024-06-28 13:19:05"}
{"level":"info","message":"API Success: getUser","method":"GET","path":"getUser","status":200,"timestamp":"2024-06-28 13:19:05"}
{"level":"info","message":"API Success: notifications","method":"GET","path":"notifications","status":200,"timestamp":"2024-06-28 13:19:05"}
{"level":"info","message":"API Success: notifications/667e9a4d82cc0dbca05fe65d/view","method":"PATCH","path":"notifications/667e9a4d82cc0dbca05fe65d/view","status":200,"timestamp":"2024-06-28 13:19:07"}
{"level":"info","message":"API Success: notifications/667e9a4d82cc0dbca05fe65b/view","method":"PATCH","path":"notifications/667e9a4d82cc0dbca05fe65b/view","status":200,"timestamp":"2024-06-28 13:19:08"}
{"level":"info","message":"API Success: notifications/667e9a4d82cc0dbca05fe659/view","method":"PATCH","path":"notifications/667e9a4d82cc0dbca05fe659/view","status":200,"timestamp":"2024-06-28 13:19:09"}
{"level":"info","message":"API Success: notifications/667e9a4c82cc0dbca05fe657/view","method":"PATCH","path":"notifications/667e9a4c82cc0dbca05fe657/view","status":200,"timestamp":"2024-06-28 13:19:09"}
{"level":"info","message":"API Success: notifications/667e97e482cc0dbca05fe627/view","method":"PATCH","path":"notifications/667e97e482cc0dbca05fe627/view","status":200,"timestamp":"2024-06-28 13:19:09"}
{"level":"info","message":"User retrieved: masteradmin","timestamp":"2024-06-28 13:19:13"}
{"level":"info","message":"API Success: getUser","method":"GET","path":"getUser","status":200,"timestamp":"2024-06-28 13:19:13"}
{"level":"info","message":"API Success: notifications","method":"GET","path":"notifications","status":200,"timestamp":"2024-06-28 13:19:13"}
{"level":"info","message":"API Success: notifications","method":"GET","path":"notifications","status":200,"timestamp":"2024-06-28 13:19:13"}
{"level":"info","message":"User retrieved: masteradmin","timestamp":"2024-06-28 13:19:13"}
{"level":"info","message":"API Success: getUser","method":"GET","path":"getUser","status":200,"timestamp":"2024-06-28 13:19:13"}
