{"level":"info","message":"User retrieved: masteradmin","timestamp":"2024-06-26 09:09:48"}
{"level":"info","message":"API Success: getUser","method":"GET","path":"getUser","status":200,"timestamp":"2024-06-26 09:09:48"}
{"level":"info","message":"User retrieved: masteradmin","timestamp":"2024-06-26 09:09:48"}
{"level":"info","message":"API Success: getUser","method":"GET","path":"getUser","status":200,"timestamp":"2024-06-26 09:09:48"}
{"level":"info","message":"User retrieved: masteradmin","timestamp":"2024-06-26 09:11:16"}
{"level":"info","message":"API Success: getUser","method":"GET","path":"getUser","status":200,"timestamp":"2024-06-26 09:11:16"}
{"level":"info","message":"User retrieved: masteradmin","timestamp":"2024-06-26 09:11:16"}
{"level":"info","message":"API Success: getUser","method":"GET","path":"getUser","status":200,"timestamp":"2024-06-26 09:11:16"}
{"level":"info","message":"API Success: loginUser","method":"POST","path":"loginUser","status":200,"timestamp":"2024-06-26 09:11:31"}
{"level":"info","message":"User masteradmin Successful login","timestamp":"2024-06-26 09:11:31"}
{"level":"info","message":"User retrieved: masteradmin","timestamp":"2024-06-26 09:11:31"}
{"level":"info","message":"API Success: getUser","method":"GET","path":"getUser","status":200,"timestamp":"2024-06-26 09:11:31"}
{"level":"info","message":"User retrieved: masteradmin","timestamp":"2024-06-26 09:11:31"}
{"level":"info","message":"API Success: getUser","method":"GET","path":"getUser","status":200,"timestamp":"2024-06-26 09:11:31"}
{"level":"info","message":"User retrieved: masteradmin","timestamp":"2024-06-26 09:48:21"}
{"level":"info","message":"API Success: getUser","method":"GET","path":"getUser","status":200,"timestamp":"2024-06-26 09:48:21"}
{"level":"info","message":"User retrieved: masteradmin","timestamp":"2024-06-26 09:48:21"}
{"level":"info","message":"API Success: getUser","method":"GET","path":"getUser","status":200,"timestamp":"2024-06-26 09:48:21"}
{"level":"info","message":"User retrieved: masteradmin","timestamp":"2024-06-26 09:51:22"}
{"level":"info","message":"API Success: getUser","method":"GET","path":"getUser","status":200,"timestamp":"2024-06-26 09:51:22"}
{"level":"info","message":"User retrieved: masteradmin","timestamp":"2024-06-26 09:51:22"}
{"level":"info","message":"API Success: getUser","method":"GET","path":"getUser","status":200,"timestamp":"2024-06-26 09:51:22"}
{"level":"info","message":"API Success: loginUser","method":"POST","path":"loginUser","status":200,"timestamp":"2024-06-26 09:51:35"}
{"level":"info","message":"User randomUser99999 Successful login","timestamp":"2024-06-26 09:51:35"}
{"level":"info","message":"User retrieved: randomUser99999","timestamp":"2024-06-26 09:51:36"}
{"level":"info","message":"API Success: getUser","method":"GET","path":"getUser","status":200,"timestamp":"2024-06-26 09:51:36"}
{"level":"info","message":"User retrieved: randomUser99999","timestamp":"2024-06-26 09:51:36"}
{"level":"info","message":"API Success: getUser","method":"GET","path":"getUser","status":200,"timestamp":"2024-06-26 09:51:36"}
{"level":"info","message":"Existing Google user logged in: gennarobarret","timestamp":"2024-06-26 09:51:59"}
{"level":"info","message":"API Success: auth/google","method":"POST","path":"auth/google","status":200,"timestamp":"2024-06-26 09:51:59"}
{"level":"info","message":"User retrieved: gennarobarret","timestamp":"2024-06-26 09:51:59"}
{"level":"info","message":"API Success: getUser","method":"GET","path":"getUser","status":200,"timestamp":"2024-06-26 09:51:59"}
{"level":"info","message":"User retrieved: gennarobarret","timestamp":"2024-06-26 09:51:59"}
{"level":"info","message":"API Success: getUser","method":"GET","path":"getUser","status":200,"timestamp":"2024-06-26 09:51:59"}
{"level":"info","message":"API Success: loginUser","method":"POST","path":"loginUser","status":200,"timestamp":"2024-06-26 09:53:31"}
{"level":"info","message":"User randomUser99999 Successful login","timestamp":"2024-06-26 09:53:31"}
{"level":"info","message":"User retrieved: randomUser99999","timestamp":"2024-06-26 09:53:31"}
{"level":"info","message":"API Success: getUser","method":"GET","path":"getUser","status":200,"timestamp":"2024-06-26 09:53:31"}
{"level":"info","message":"User retrieved: randomUser99999","timestamp":"2024-06-26 09:53:31"}
{"level":"info","message":"API Success: getUser","method":"GET","path":"getUser","status":200,"timestamp":"2024-06-26 09:53:31"}
{"level":"info","message":"API Success: loginUser","method":"POST","path":"loginUser","status":200,"timestamp":"2024-06-26 09:57:44"}
{"level":"info","message":"User randomUser99999 Successful login","timestamp":"2024-06-26 09:57:44"}
{"level":"info","message":"User retrieved: randomUser99999","timestamp":"2024-06-26 09:57:44"}
{"level":"info","message":"API Success: getUser","method":"GET","path":"getUser","status":200,"timestamp":"2024-06-26 09:57:44"}
{"level":"info","message":"User retrieved: randomUser99999","timestamp":"2024-06-26 09:57:44"}
{"level":"info","message":"API Success: getUser","method":"GET","path":"getUser","status":200,"timestamp":"2024-06-26 09:57:44"}
{"level":"info","message":"User retrieved: randomUser99999","timestamp":"2024-06-26 09:59:58"}
{"level":"info","message":"API Success: getUser","method":"GET","path":"getUser","status":200,"timestamp":"2024-06-26 09:59:58"}
{"level":"info","message":"User retrieved: randomUser99999","timestamp":"2024-06-26 09:59:58"}
{"level":"info","message":"API Success: getUser","method":"GET","path":"getUser","status":200,"timestamp":"2024-06-26 09:59:58"}
{"level":"info","message":"Existing Google user logged in: gennarobarret","timestamp":"2024-06-26 10:00:30"}
{"level":"info","message":"API Success: auth/google","method":"POST","path":"auth/google","status":200,"timestamp":"2024-06-26 10:00:30"}
{"level":"info","message":"User retrieved: gennarobarret","timestamp":"2024-06-26 10:00:30"}
{"level":"info","message":"API Success: getUser","method":"GET","path":"getUser","status":200,"timestamp":"2024-06-26 10:00:30"}
{"level":"info","message":"User retrieved: gennarobarret","timestamp":"2024-06-26 10:00:30"}
{"level":"info","message":"API Success: getUser","method":"GET","path":"getUser","status":200,"timestamp":"2024-06-26 10:00:30"}
{"level":"info","message":"API Success: loginUser","method":"POST","path":"loginUser","status":200,"timestamp":"2024-06-26 10:04:38"}
{"level":"info","message":"User randomUser99999 Successful login","timestamp":"2024-06-26 10:04:38"}
{"level":"info","message":"User retrieved: randomUser99999","timestamp":"2024-06-26 10:04:38"}
{"level":"info","message":"API Success: getUser","method":"GET","path":"getUser","status":200,"timestamp":"2024-06-26 10:04:38"}
{"level":"info","message":"User retrieved: randomUser99999","timestamp":"2024-06-26 10:04:38"}
{"level":"info","message":"API Success: getUser","method":"GET","path":"getUser","status":200,"timestamp":"2024-06-26 10:04:38"}
{"level":"info","message":"User retrieved: randomUser99999","timestamp":"2024-06-26 10:04:50"}
{"level":"info","message":"API Success: getUser","method":"GET","path":"getUser","status":200,"timestamp":"2024-06-26 10:04:50"}
{"level":"info","message":"User retrieved: randomUser99999","timestamp":"2024-06-26 10:04:50"}
{"level":"info","message":"API Success: getUser","method":"GET","path":"getUser","status":200,"timestamp":"2024-06-26 10:04:50"}
{"level":"info","message":"API Success: loginUser","method":"POST","path":"loginUser","status":200,"timestamp":"2024-06-26 10:17:02"}
{"level":"info","message":"User masteradmin Successful login","timestamp":"2024-06-26 10:17:02"}
{"level":"info","message":"User retrieved: masteradmin","timestamp":"2024-06-26 10:17:02"}
{"level":"info","message":"API Success: getUser","method":"GET","path":"getUser","status":200,"timestamp":"2024-06-26 10:17:02"}
{"level":"info","message":"User retrieved: masteradmin","timestamp":"2024-06-26 10:17:02"}
{"level":"info","message":"API Success: getUser","method":"GET","path":"getUser","status":200,"timestamp":"2024-06-26 10:17:02"}
{"level":"info","message":"User retrieved: masteradmin","timestamp":"2024-06-26 10:18:18"}
{"level":"info","message":"API Success: getUser","method":"GET","path":"getUser","status":200,"timestamp":"2024-06-26 10:18:18"}
{"level":"info","message":"User retrieved: masteradmin","timestamp":"2024-06-26 10:18:18"}
{"level":"info","message":"API Success: getUser","method":"GET","path":"getUser","status":200,"timestamp":"2024-06-26 10:18:18"}
{"level":"info","message":"User retrieved: masteradmin","timestamp":"2024-06-26 10:19:24"}
{"level":"info","message":"API Success: getUser","method":"GET","path":"getUser","status":200,"timestamp":"2024-06-26 10:19:24"}
{"level":"info","message":"User retrieved: masteradmin","timestamp":"2024-06-26 10:19:24"}
{"level":"info","message":"API Success: getUser","method":"GET","path":"getUser","status":200,"timestamp":"2024-06-26 10:19:24"}
{"level":"info","message":"User retrieved: masteradmin","timestamp":"2024-06-26 10:20:43"}
{"level":"info","message":"API Success: getUser","method":"GET","path":"getUser","status":200,"timestamp":"2024-06-26 10:20:43"}
{"level":"info","message":"User retrieved: masteradmin","timestamp":"2024-06-26 10:20:43"}
{"level":"info","message":"API Success: getUser","method":"GET","path":"getUser","status":200,"timestamp":"2024-06-26 10:20:43"}
{"level":"info","message":"User retrieved: masteradmin","timestamp":"2024-06-26 10:24:35"}
{"level":"info","message":"API Success: getUser","method":"GET","path":"getUser","status":200,"timestamp":"2024-06-26 10:24:36"}
{"level":"info","message":"User retrieved: masteradmin","timestamp":"2024-06-26 10:24:36"}
{"level":"info","message":"API Success: getUser","method":"GET","path":"getUser","status":200,"timestamp":"2024-06-26 10:24:36"}
{"level":"info","message":"User retrieved: masteradmin","timestamp":"2024-06-26 10:48:53"}
{"level":"info","message":"API Success: getUser","method":"GET","path":"getUser","status":200,"timestamp":"2024-06-26 10:48:54"}
{"level":"info","message":"User retrieved: masteradmin","timestamp":"2024-06-26 10:48:54"}
{"level":"info","message":"API Success: getUser","method":"GET","path":"getUser","status":200,"timestamp":"2024-06-26 10:48:54"}
{"level":"info","message":"User retrieved: masteradmin","timestamp":"2024-06-26 10:52:15"}
{"level":"info","message":"API Success: getUser","method":"GET","path":"getUser","status":200,"timestamp":"2024-06-26 10:52:15"}
{"level":"info","message":"User retrieved: masteradmin","timestamp":"2024-06-26 10:52:16"}
{"level":"info","message":"API Success: getUser","method":"GET","path":"getUser","status":200,"timestamp":"2024-06-26 10:52:16"}
{"level":"info","message":"User retrieved: masteradmin","timestamp":"2024-06-26 10:58:56"}
{"level":"info","message":"API Success: getUser","method":"GET","path":"getUser","status":200,"timestamp":"2024-06-26 10:58:56"}
{"level":"info","message":"User retrieved: masteradmin","timestamp":"2024-06-26 10:58:57"}
{"level":"info","message":"API Success: getUser","method":"GET","path":"getUser","status":200,"timestamp":"2024-06-26 10:58:57"}
{"level":"info","message":"User retrieved: masteradmin","timestamp":"2024-06-26 10:59:01"}
{"level":"info","message":"API Success: getUser","method":"GET","path":"getUser","status":200,"timestamp":"2024-06-26 10:59:01"}
{"level":"info","message":"User retrieved: masteradmin","timestamp":"2024-06-26 10:59:01"}
{"level":"info","message":"API Success: getUser","method":"GET","path":"getUser","status":200,"timestamp":"2024-06-26 10:59:01"}
{"level":"info","message":"User retrieved: masteradmin","timestamp":"2024-06-26 10:59:21"}
{"level":"info","message":"API Success: getUser","method":"GET","path":"getUser","status":200,"timestamp":"2024-06-26 10:59:21"}
{"level":"info","message":"User retrieved: masteradmin","timestamp":"2024-06-26 10:59:21"}
{"level":"info","message":"API Success: getUser","method":"GET","path":"getUser","status":200,"timestamp":"2024-06-26 10:59:21"}
{"level":"info","message":"User retrieved: masteradmin","timestamp":"2024-06-26 11:00:10"}
{"level":"info","message":"API Success: getUser","method":"GET","path":"getUser","status":200,"timestamp":"2024-06-26 11:00:10"}
{"level":"info","message":"User retrieved: masteradmin","timestamp":"2024-06-26 11:00:11"}
{"level":"info","message":"API Success: getUser","method":"GET","path":"getUser","status":200,"timestamp":"2024-06-26 11:00:11"}
{"level":"info","message":"User retrieved: masteradmin","timestamp":"2024-06-26 11:00:28"}
{"level":"info","message":"API Success: getUser","method":"GET","path":"getUser","status":200,"timestamp":"2024-06-26 11:00:28"}
{"level":"info","message":"User retrieved: masteradmin","timestamp":"2024-06-26 11:00:28"}
{"level":"info","message":"API Success: getUser","method":"GET","path":"getUser","status":200,"timestamp":"2024-06-26 11:00:28"}
{"level":"info","message":"User retrieved: masteradmin","timestamp":"2024-06-26 11:00:55"}
{"level":"info","message":"API Success: getUser","method":"GET","path":"getUser","status":200,"timestamp":"2024-06-26 11:00:55"}
{"level":"info","message":"User retrieved: masteradmin","timestamp":"2024-06-26 11:00:55"}
{"level":"info","message":"API Success: getUser","method":"GET","path":"getUser","status":200,"timestamp":"2024-06-26 11:00:55"}
{"level":"info","message":"User retrieved: masteradmin","timestamp":"2024-06-26 11:19:24"}
{"level":"info","message":"API Success: getUser","method":"GET","path":"getUser","status":200,"timestamp":"2024-06-26 11:19:24"}
{"level":"info","message":"User retrieved: masteradmin","timestamp":"2024-06-26 11:19:24"}
{"level":"info","message":"API Success: getUser","method":"GET","path":"getUser","status":200,"timestamp":"2024-06-26 11:19:24"}
{"level":"info","message":"API Success: loginUser","method":"POST","path":"loginUser","status":200,"timestamp":"2024-06-26 11:29:02"}
{"level":"info","message":"User masteradmin Successful login","timestamp":"2024-06-26 11:29:02"}
{"level":"info","message":"User retrieved: masteradmin","timestamp":"2024-06-26 11:29:04"}
{"level":"info","message":"API Success: getUser","method":"GET","path":"getUser","status":200,"timestamp":"2024-06-26 11:29:04"}
{"level":"info","message":"User retrieved: masteradmin","timestamp":"2024-06-26 11:29:05"}
{"level":"info","message":"API Success: getUser","method":"GET","path":"getUser","status":200,"timestamp":"2024-06-26 11:29:05"}
{"level":"info","message":"API Success: loginUser","method":"POST","path":"loginUser","status":200,"timestamp":"2024-06-26 11:32:03"}
{"level":"info","message":"User randomUser99999 Successful login","timestamp":"2024-06-26 11:32:03"}
{"level":"info","message":"User retrieved: randomUser99999","timestamp":"2024-06-26 11:32:04"}
{"level":"info","message":"API Success: getUser","method":"GET","path":"getUser","status":200,"timestamp":"2024-06-26 11:32:04"}
{"level":"info","message":"User retrieved: randomUser99999","timestamp":"2024-06-26 11:32:04"}
{"level":"info","message":"API Success: getUser","method":"GET","path":"getUser","status":200,"timestamp":"2024-06-26 11:32:04"}
{"level":"error","message":"undefined_path error: Unauthorized access","path":"undefined_path","stack":"No additional details provided.","status":403,"timestamp":"2024-06-26 11:37:30"}
{"level":"info","message":"API Success: loginUser","method":"POST","path":"loginUser","status":200,"timestamp":"2024-06-26 11:37:48"}
{"level":"info","message":"User masteradmin Successful login","timestamp":"2024-06-26 11:37:48"}
{"level":"info","message":"User retrieved: masteradmin","timestamp":"2024-06-26 11:37:50"}
{"level":"info","message":"API Success: getUser","method":"GET","path":"getUser","status":200,"timestamp":"2024-06-26 11:37:50"}
{"level":"info","message":"User retrieved: masteradmin","timestamp":"2024-06-26 11:37:52"}
{"level":"info","message":"API Success: getUser","method":"GET","path":"getUser","status":200,"timestamp":"2024-06-26 11:37:52"}
{"level":"error","message":"undefined_path error: Unauthorized access","path":"undefined_path","stack":"No additional details provided.","status":403,"timestamp":"2024-06-26 11:38:04"}
{"level":"info","message":"API Success: loginUser","method":"POST","path":"loginUser","status":200,"timestamp":"2024-06-26 11:38:19"}
{"level":"info","message":"User masteradmin Successful login","timestamp":"2024-06-26 11:38:19"}
{"level":"info","message":"User retrieved: masteradmin","timestamp":"2024-06-26 11:38:20"}
{"level":"info","message":"API Success: getUser","method":"GET","path":"getUser","status":200,"timestamp":"2024-06-26 11:38:20"}
{"level":"info","message":"User retrieved: masteradmin","timestamp":"2024-06-26 11:38:20"}
{"level":"info","message":"API Success: getUser","method":"GET","path":"getUser","status":200,"timestamp":"2024-06-26 11:38:20"}
{"level":"error","message":"createUser error: Registration failed due to a conflict with existing data. Please review your information.","method":"POST","path":"createUser","stack":"No additional details provided.","status":409,"timestamp":"2024-06-26 11:38:54"}
{"level":"info","message":"API Success: createUser","method":"POST","path":"createUser","status":200,"timestamp":"2024-06-26 11:39:15"}
{"level":"info","message":"User retrieved: masteradmin","timestamp":"2024-06-26 11:39:38"}
{"level":"info","message":"API Success: getUser","method":"GET","path":"getUser","status":200,"timestamp":"2024-06-26 11:39:38"}
{"level":"info","message":"User retrieved: masteradmin","timestamp":"2024-06-26 11:39:40"}
{"level":"info","message":"API Success: getUser","method":"GET","path":"getUser","status":200,"timestamp":"2024-06-26 11:39:40"}
{"level":"warn","message":"Login attempt for not verified account: randomUser000000 from IP: ::ffff:127.0.0.1","timestamp":"2024-06-26 11:41:31"}
{"level":"error","message":"loginUser error: Account not verified. Please check your email for activation link.","method":"POST","path":"loginUser","stack":"Login attempt for not verified account: randomUser000000 from IP: ::ffff:127.0.0.1","status":403,"timestamp":"2024-06-26 11:41:31"}
{"level":"info","message":"API Success: loginUser","method":"POST","path":"loginUser","status":200,"timestamp":"2024-06-26 11:42:27"}
{"level":"info","message":"User randomUser000000 Successful login","timestamp":"2024-06-26 11:42:27"}
{"level":"info","message":"User retrieved: randomUser000000","timestamp":"2024-06-26 11:42:30"}
{"level":"info","message":"API Success: getUser","method":"GET","path":"getUser","status":200,"timestamp":"2024-06-26 11:42:30"}
{"level":"info","message":"User retrieved: randomUser000000","timestamp":"2024-06-26 11:42:33"}
{"level":"info","message":"API Success: getUser","method":"GET","path":"getUser","status":200,"timestamp":"2024-06-26 11:42:33"}
{"level":"error","message":"createUser error: notificationService.createNotification is not a function","method":"POST","path":"createUser","stack":"Contact support.","status":500,"timestamp":"2024-06-26 11:50:41"}
{"level":"error","message":"createUser error: notificationService.createNotification is not a function","method":"POST","path":"createUser","stack":"Contact support.","status":500,"timestamp":"2024-06-26 11:51:54"}
{"level":"info","message":"API Success: createUser","method":"POST","path":"createUser","status":200,"timestamp":"2024-06-26 11:54:49"}
{"level":"info","message":"API Success: loginUser","method":"POST","path":"loginUser","status":200,"timestamp":"2024-06-26 11:55:34"}
{"level":"info","message":"User randomUser000000 Successful login","timestamp":"2024-06-26 11:55:34"}
{"level":"info","message":"User retrieved: randomUser000000","timestamp":"2024-06-26 11:55:39"}
{"level":"info","message":"API Success: getUser","method":"GET","path":"getUser","status":200,"timestamp":"2024-06-26 11:55:39"}
{"level":"info","message":"User retrieved: randomUser000000","timestamp":"2024-06-26 11:55:39"}
{"level":"info","message":"API Success: getUser","method":"GET","path":"getUser","status":200,"timestamp":"2024-06-26 11:55:39"}
{"level":"info","message":"API Success: loginUser","method":"POST","path":"loginUser","status":200,"timestamp":"2024-06-26 11:56:18"}
{"level":"info","message":"User randomUser000000 Successful login","timestamp":"2024-06-26 11:56:18"}
{"level":"info","message":"User retrieved: randomUser000000","timestamp":"2024-06-26 11:56:20"}
{"level":"info","message":"API Success: getUser","method":"GET","path":"getUser","status":200,"timestamp":"2024-06-26 11:56:20"}
{"level":"info","message":"User retrieved: randomUser000000","timestamp":"2024-06-26 11:56:20"}
{"level":"info","message":"API Success: getUser","method":"GET","path":"getUser","status":200,"timestamp":"2024-06-26 11:56:20"}
{"level":"info","message":"API Success: loginUser","method":"POST","path":"loginUser","status":200,"timestamp":"2024-06-26 11:57:15"}
{"level":"info","message":"User masteradmin Successful login","timestamp":"2024-06-26 11:57:15"}
{"level":"info","message":"User retrieved: masteradmin","timestamp":"2024-06-26 11:57:17"}
{"level":"info","message":"API Success: getUser","method":"GET","path":"getUser","status":200,"timestamp":"2024-06-26 11:57:17"}
{"level":"info","message":"User retrieved: masteradmin","timestamp":"2024-06-26 11:57:17"}
{"level":"info","message":"API Success: getUser","method":"GET","path":"getUser","status":200,"timestamp":"2024-06-26 11:57:17"}
{"level":"info","message":"API Success: loginUser","method":"POST","path":"loginUser","status":200,"timestamp":"2024-06-26 11:58:34"}
{"level":"info","message":"User randomUser000000 Successful login","timestamp":"2024-06-26 11:58:34"}
{"level":"info","message":"User retrieved: randomUser000000","timestamp":"2024-06-26 11:58:35"}
{"level":"info","message":"API Success: getUser","method":"GET","path":"getUser","status":200,"timestamp":"2024-06-26 11:58:35"}
{"level":"info","message":"User retrieved: randomUser000000","timestamp":"2024-06-26 11:58:35"}
{"level":"info","message":"API Success: getUser","method":"GET","path":"getUser","status":200,"timestamp":"2024-06-26 11:58:35"}
{"level":"info","message":"API Success: loginUser","method":"POST","path":"loginUser","status":200,"timestamp":"2024-06-26 11:58:47"}
{"level":"info","message":"User masteradmin Successful login","timestamp":"2024-06-26 11:58:47"}
{"level":"info","message":"User retrieved: masteradmin","timestamp":"2024-06-26 11:58:47"}
{"level":"info","message":"API Success: getUser","method":"GET","path":"getUser","status":200,"timestamp":"2024-06-26 11:58:47"}
{"level":"info","message":"User retrieved: masteradmin","timestamp":"2024-06-26 11:58:47"}
{"level":"info","message":"API Success: getUser","method":"GET","path":"getUser","status":200,"timestamp":"2024-06-26 11:58:47"}
{"level":"info","message":"API Success: loginUser","method":"POST","path":"loginUser","status":200,"timestamp":"2024-06-26 11:58:54"}
{"level":"info","message":"User randomUser000000 Successful login","timestamp":"2024-06-26 11:58:54"}
{"level":"info","message":"User retrieved: randomUser000000","timestamp":"2024-06-26 11:58:54"}
{"level":"info","message":"API Success: getUser","method":"GET","path":"getUser","status":200,"timestamp":"2024-06-26 11:58:54"}
{"level":"info","message":"User retrieved: randomUser000000","timestamp":"2024-06-26 11:58:54"}
{"level":"info","message":"API Success: getUser","method":"GET","path":"getUser","status":200,"timestamp":"2024-06-26 11:58:54"}
{"level":"info","message":"User retrieved: randomUser000000","timestamp":"2024-06-26 12:07:58"}
{"level":"info","message":"API Success: getUser","method":"GET","path":"getUser","status":200,"timestamp":"2024-06-26 12:07:58"}
{"level":"info","message":"User retrieved: randomUser000000","timestamp":"2024-06-26 12:07:59"}
{"level":"info","message":"API Success: getUser","method":"GET","path":"getUser","status":200,"timestamp":"2024-06-26 12:07:59"}
{"level":"info","message":"API Success: loginUser","method":"POST","path":"loginUser","status":200,"timestamp":"2024-06-26 12:08:25"}
{"level":"info","message":"User randomUser000000 Successful login","timestamp":"2024-06-26 12:08:25"}
{"level":"info","message":"User retrieved: randomUser000000","timestamp":"2024-06-26 12:08:26"}
{"level":"info","message":"API Success: getUser","method":"GET","path":"getUser","status":200,"timestamp":"2024-06-26 12:08:26"}
{"level":"info","message":"User retrieved: randomUser000000","timestamp":"2024-06-26 12:08:26"}
{"level":"info","message":"API Success: getUser","method":"GET","path":"getUser","status":200,"timestamp":"2024-06-26 12:08:26"}
{"level":"info","message":"User retrieved: randomUser000000","timestamp":"2024-06-26 12:11:47"}
{"level":"info","message":"API Success: getUser","method":"GET","path":"getUser","status":200,"timestamp":"2024-06-26 12:11:47"}
{"level":"info","message":"User retrieved: randomUser000000","timestamp":"2024-06-26 12:11:47"}
{"level":"info","message":"API Success: getUser","method":"GET","path":"getUser","status":200,"timestamp":"2024-06-26 12:11:47"}
{"level":"info","message":"API Success: createUser","method":"POST","path":"createUser","status":200,"timestamp":"2024-06-26 12:14:44"}
{"level":"info","message":"API Success: loginUser","method":"POST","path":"loginUser","status":200,"timestamp":"2024-06-26 12:15:48"}
{"level":"info","message":"User randomUser Successful login","timestamp":"2024-06-26 12:15:48"}
{"level":"info","message":"User retrieved: randomUser","timestamp":"2024-06-26 12:15:50"}
{"level":"info","message":"API Success: getUser","method":"GET","path":"getUser","status":200,"timestamp":"2024-06-26 12:15:50"}
{"level":"info","message":"User retrieved: randomUser","timestamp":"2024-06-26 12:15:50"}
{"level":"info","message":"API Success: getUser","method":"GET","path":"getUser","status":200,"timestamp":"2024-06-26 12:15:50"}
{"level":"warn","message":"Login attempt for non-existing user: randomUser from IP: ::ffff:127.0.0.1","timestamp":"2024-06-26 12:20:45"}
{"level":"error","message":"loginUser error: Invalid credentials","method":"POST","path":"loginUser","stack":"Login attempt for non-existing user: randomUser from IP: ::ffff:127.0.0.1","status":401,"timestamp":"2024-06-26 12:20:45"}
{"level":"info","message":"API Success: loginUser","method":"POST","path":"loginUser","status":200,"timestamp":"2024-06-26 12:20:54"}
{"level":"info","message":"User retrieved: masteradmin","timestamp":"2024-06-26 12:20:55"}
{"level":"info","message":"API Success: getUser","method":"GET","path":"getUser","status":200,"timestamp":"2024-06-26 12:20:55"}
{"level":"info","message":"User retrieved: masteradmin","timestamp":"2024-06-26 12:20:55"}
{"level":"info","message":"API Success: getUser","method":"GET","path":"getUser","status":200,"timestamp":"2024-06-26 12:20:55"}
{"level":"info","message":"API Success: createUser","method":"POST","path":"createUser","status":200,"timestamp":"2024-06-26 12:21:24"}
{"level":"info","message":"API Success: loginUser","method":"POST","path":"loginUser","status":200,"timestamp":"2024-06-26 12:21:57"}
{"level":"info","message":"User retrieved: randomUser","timestamp":"2024-06-26 12:21:57"}
{"level":"info","message":"API Success: getUser","method":"GET","path":"getUser","status":200,"timestamp":"2024-06-26 12:21:57"}
{"level":"info","message":"User retrieved: randomUser","timestamp":"2024-06-26 12:21:57"}
{"level":"info","message":"API Success: getUser","method":"GET","path":"getUser","status":200,"timestamp":"2024-06-26 12:21:57"}
{"level":"info","message":"API Success: loginUser","method":"POST","path":"loginUser","status":200,"timestamp":"2024-06-26 12:27:00"}
{"level":"info","message":"User retrieved: randomUser","timestamp":"2024-06-26 12:27:02"}
{"level":"info","message":"API Success: getUser","method":"GET","path":"getUser","status":200,"timestamp":"2024-06-26 12:27:02"}
{"level":"info","message":"User retrieved: randomUser","timestamp":"2024-06-26 12:27:02"}
{"level":"info","message":"API Success: getUser","method":"GET","path":"getUser","status":200,"timestamp":"2024-06-26 12:27:02"}
{"level":"info","message":"User retrieved: randomUser","timestamp":"2024-06-26 12:27:08"}
{"level":"info","message":"API Success: getUser","method":"GET","path":"getUser","status":200,"timestamp":"2024-06-26 12:27:08"}
{"level":"info","message":"User retrieved: randomUser","timestamp":"2024-06-26 12:27:08"}
{"level":"info","message":"API Success: getUser","method":"GET","path":"getUser","status":200,"timestamp":"2024-06-26 12:27:08"}
