{"level":"error","message":"undefined_path error: The token is invalid: jwt expired","path":"undefined_path","stack":"No additional details provided.","status":403,"timestamp":"2024-08-27 16:22:23"}
{"level":"warn","message":"Failed login attempt for user: masteradmin from IP: ::ffff:127.0.0.1","timestamp":"2024-08-27 16:23:03"}
{"level":"error","message":"loginUser error: Invalid credentials","method":"POST","path":"loginUser","stack":"Failed login attempt for user: masteradmin from IP: ::ffff:127.0.0.1","status":401,"timestamp":"2024-08-27 16:23:03"}
{"level":"info","message":"API Success: loginUser","method":"POST","path":"loginUser","status":200,"timestamp":"2024-08-27 16:23:17"}
{"level":"info","message":"User retrieved: masteradmin","timestamp":"2024-08-27 16:23:17"}
{"level":"info","message":"API Success: getUser","method":"GET","path":"getUser","status":200,"timestamp":"2024-08-27 16:23:17"}
{"level":"info","message":"User retrieved: masteradmin","timestamp":"2024-08-27 16:23:18"}
{"level":"info","message":"API Success: getUser","method":"GET","path":"getUser","status":200,"timestamp":"2024-08-27 16:23:18"}
{"level":"info","message":"API Success: notifications","method":"GET","path":"notifications","status":200,"timestamp":"2024-08-27 16:23:18"}
{"level":"warn","message":"Failed login attempt for user: randomUser1 from IP: ::ffff:127.0.0.1","timestamp":"2024-08-27 16:23:38"}
{"level":"error","message":"loginUser error: Invalid credentials","method":"POST","path":"loginUser","stack":"Failed login attempt for user: randomUser1 from IP: ::ffff:127.0.0.1","status":401,"timestamp":"2024-08-27 16:23:38"}
{"level":"warn","message":"Failed login attempt for user: randomUser1 from IP: ::ffff:127.0.0.1","timestamp":"2024-08-27 16:23:41"}
{"level":"error","message":"loginUser error: Invalid credentials","method":"POST","path":"loginUser","stack":"Failed login attempt for user: randomUser1 from IP: ::ffff:127.0.0.1","status":401,"timestamp":"2024-08-27 16:23:41"}
{"level":"info","message":"API Success: forgotPassword","method":"POST","path":"forgotPassword","status":200,"timestamp":"2024-08-27 16:24:21"}
{"level":"info","message":"API Success: verification-code/56810b45e6dbb318d854023d0d6dad3fdf9ec122ecf4ff59a796acc9bf1cbd77","method":"POST","path":"verification-code/56810b45e6dbb318d854023d0d6dad3fdf9ec122ecf4ff59a796acc9bf1cbd77","status":200,"timestamp":"2024-08-27 16:24:59"}
{"level":"info","message":"API Success: resetPassword/3e638e2a8c4216447c21088b4a689e2f04a6878febc68de0c25615337a0971d4","method":"POST","path":"resetPassword/3e638e2a8c4216447c21088b4a689e2f04a6878febc68de0c25615337a0971d4","status":200,"timestamp":"2024-08-27 16:25:16"}
{"level":"error","message":"undefined_path error: Authorization header is missing","path":"undefined_path","stack":"No additional details provided.","status":403,"timestamp":"2024-08-27 16:25:16"}
{"level":"info","message":"API Success: loginUser","method":"POST","path":"loginUser","status":200,"timestamp":"2024-08-27 16:25:22"}
{"level":"error","message":"undefined_path error: Unauthorized access","path":"undefined_path","stack":"No additional details provided.","status":403,"timestamp":"2024-08-27 16:25:22"}
{"level":"info","message":"API Success: loginUser","method":"POST","path":"loginUser","status":200,"timestamp":"2024-08-27 16:51:23"}
{"level":"error","message":"undefined_path error: Unauthorized access","path":"undefined_path","stack":"No additional details provided.","status":403,"timestamp":"2024-08-27 16:51:23"}
{"level":"error","message":"undefined_path error: Unauthorized access","path":"undefined_path","stack":"No additional details provided.","status":403,"timestamp":"2024-08-27 17:03:12"}
{"level":"info","message":"API Success: loginUser","method":"POST","path":"loginUser","status":200,"timestamp":"2024-08-27 17:09:09"}
{"level":"error","message":"undefined_path error: Unauthorized access","path":"undefined_path","stack":"No additional details provided.","status":403,"timestamp":"2024-08-27 17:09:09"}
{"level":"info","message":"API Success: loginUser","method":"POST","path":"loginUser","status":200,"timestamp":"2024-08-27 17:12:36"}
{"level":"info","message":"API Success: loginUser","method":"POST","path":"loginUser","status":200,"timestamp":"2024-08-27 17:13:01"}
{"level":"info","message":"API Success: loginUser","method":"POST","path":"loginUser","status":200,"timestamp":"2024-08-27 17:28:31"}
{"level":"error","message":"undefined_path error: Authorization header is missing","path":"undefined_path","stack":"No additional details provided.","status":403,"timestamp":"2024-08-27 17:28:31"}
{"level":"info","message":"API Success: loginUser","method":"POST","path":"loginUser","status":200,"timestamp":"2024-08-27 17:32:32"}
{"level":"error","message":"undefined_path error: Authorization header is missing","path":"undefined_path","stack":"No additional details provided.","status":403,"timestamp":"2024-08-27 17:32:32"}
{"level":"info","message":"API Success: loginUser","method":"POST","path":"loginUser","status":200,"timestamp":"2024-08-27 17:33:14"}
{"level":"error","message":"undefined_path error: Authorization header is missing","path":"undefined_path","stack":"No additional details provided.","status":403,"timestamp":"2024-08-27 17:33:14"}
{"level":"info","message":"API Success: loginUser","method":"POST","path":"loginUser","status":200,"timestamp":"2024-08-27 17:41:03"}
{"level":"error","message":"undefined_path error: Authorization header is missing","path":"undefined_path","stack":"No additional details provided.","status":403,"timestamp":"2024-08-27 17:41:03"}
{"level":"info","message":"API Success: loginUser","method":"POST","path":"loginUser","status":200,"timestamp":"2024-08-27 17:41:07"}
{"level":"error","message":"undefined_path error: Authorization header is missing","path":"undefined_path","stack":"No additional details provided.","status":403,"timestamp":"2024-08-27 17:41:07"}
{"level":"info","message":"API Success: loginUser","method":"POST","path":"loginUser","status":200,"timestamp":"2024-08-27 17:44:29"}
{"level":"info","message":"User retrieved: randomUser1","timestamp":"2024-08-27 17:44:29"}
{"level":"info","message":"API Success: getUser","method":"GET","path":"getUser","status":200,"timestamp":"2024-08-27 17:44:29"}
{"level":"error","message":"undefined_path error: Unauthorized access","path":"undefined_path","stack":"No additional details provided.","status":403,"timestamp":"2024-08-27 17:44:30"}
{"level":"info","message":"API Success: loginUser","method":"POST","path":"loginUser","status":200,"timestamp":"2024-08-27 17:46:11"}
{"level":"info","message":"User retrieved: masteradmin","timestamp":"2024-08-27 17:46:12"}
{"level":"info","message":"API Success: getUser","method":"GET","path":"getUser","status":200,"timestamp":"2024-08-27 17:46:12"}
{"level":"info","message":"User retrieved: masteradmin","timestamp":"2024-08-27 17:46:13"}
{"level":"info","message":"API Success: getUser","method":"GET","path":"getUser","status":200,"timestamp":"2024-08-27 17:46:13"}
{"level":"info","message":"API Success: notifications","method":"GET","path":"notifications","status":200,"timestamp":"2024-08-27 17:46:13"}
{"level":"info","message":"API Success: notifications","method":"GET","path":"notifications","status":200,"timestamp":"2024-08-27 17:47:17"}
{"level":"info","message":"User retrieved: masteradmin","timestamp":"2024-08-27 17:47:17"}
{"level":"info","message":"API Success: getUser","method":"GET","path":"getUser","status":200,"timestamp":"2024-08-27 17:47:17"}
{"level":"info","message":"API Success: notifications","method":"GET","path":"notifications","status":200,"timestamp":"2024-08-27 18:15:36"}
{"level":"info","message":"User retrieved: masteradmin","timestamp":"2024-08-27 18:15:36"}
{"level":"info","message":"API Success: getUser","method":"GET","path":"getUser","status":200,"timestamp":"2024-08-27 18:15:36"}
{"level":"error","message":"undefined_path error: Authorization header is missing","path":"undefined_path","stack":"No additional details provided.","status":403,"timestamp":"2024-08-27 18:16:16"}
{"level":"info","message":"API Success: loginUser","method":"POST","path":"loginUser","status":200,"timestamp":"2024-08-27 18:16:20"}
{"level":"error","message":"undefined_path error: Authorization header is missing","path":"undefined_path","stack":"No additional details provided.","status":403,"timestamp":"2024-08-27 18:16:21"}
{"level":"info","message":"API Success: loginUser","method":"POST","path":"loginUser","status":200,"timestamp":"2024-08-27 18:33:56"}
{"level":"error","message":"undefined_path error: Authorization header is missing","path":"undefined_path","stack":"No additional details provided.","status":403,"timestamp":"2024-08-27 18:33:56"}
{"level":"info","message":"API Success: loginUser","method":"POST","path":"loginUser","status":200,"timestamp":"2024-08-27 18:37:08"}
{"level":"error","message":"undefined_path error: Authorization header is missing","path":"undefined_path","stack":"No additional details provided.","status":403,"timestamp":"2024-08-27 18:37:08"}
{"level":"info","message":"API Success: loginUser","method":"POST","path":"loginUser","status":200,"timestamp":"2024-08-27 18:37:20"}
{"level":"error","message":"undefined_path error: Authorization header is missing","path":"undefined_path","stack":"No additional details provided.","status":403,"timestamp":"2024-08-27 18:37:20"}
{"level":"info","message":"API Success: loginUser","method":"POST","path":"loginUser","status":200,"timestamp":"2024-08-27 18:37:23"}
{"level":"error","message":"undefined_path error: Authorization header is missing","path":"undefined_path","stack":"No additional details provided.","status":403,"timestamp":"2024-08-27 18:37:23"}
{"level":"info","message":"API Success: loginUser","method":"POST","path":"loginUser","status":200,"timestamp":"2024-08-27 18:44:50"}
{"level":"error","message":"undefined_path error: Authorization header is missing","path":"undefined_path","stack":"No additional details provided.","status":403,"timestamp":"2024-08-27 18:44:50"}
{"level":"info","message":"API Success: loginUser","method":"POST","path":"loginUser","status":200,"timestamp":"2024-08-27 19:01:37"}
{"level":"info","message":"User retrieved: masteradmin","timestamp":"2024-08-27 19:01:37"}
{"level":"info","message":"API Success: getUser","method":"GET","path":"getUser","status":200,"timestamp":"2024-08-27 19:01:37"}
{"level":"info","message":"User retrieved: masteradmin","timestamp":"2024-08-27 19:01:38"}
{"level":"info","message":"API Success: getUser","method":"GET","path":"getUser","status":200,"timestamp":"2024-08-27 19:01:38"}
{"level":"info","message":"API Success: notifications","method":"GET","path":"notifications","status":200,"timestamp":"2024-08-27 19:01:38"}
{"level":"info","message":"API Success: listAllUsers","method":"GET","path":"listAllUsers","status":200,"timestamp":"2024-08-27 19:01:43"}
{"level":"info","message":"User retrieved: randomUser1","timestamp":"2024-08-27 19:01:46"}
{"level":"info","message":"API Success: getUserById/66cb8ca13d3405fe222457e9","method":"GET","path":"getUserById/66cb8ca13d3405fe222457e9","status":200,"timestamp":"2024-08-27 19:01:46"}
{"level":"info","message":"API Success: countries","method":"GET","path":"countries","status":200,"timestamp":"2024-08-27 19:01:46"}
{"level":"info","message":"API Success: states/country/66c9cee7a802fab4c6a2899d","method":"GET","path":"states/country/66c9cee7a802fab4c6a2899d","status":200,"timestamp":"2024-08-27 19:01:47"}
{"level":"info","message":"API Success: updateUser/66cb8ca13d3405fe222457e9","method":"PUT","path":"updateUser/66cb8ca13d3405fe222457e9","status":200,"timestamp":"2024-08-27 19:01:55"}
{"level":"info","message":"API Success: listAllUsers","method":"GET","path":"listAllUsers","status":200,"timestamp":"2024-08-27 19:01:55"}
{"level":"info","message":"API Success: loginUser","method":"POST","path":"loginUser","status":200,"timestamp":"2024-08-27 19:02:03"}
{"level":"info","message":"User retrieved: randomUser1","timestamp":"2024-08-27 19:02:03"}
{"level":"info","message":"API Success: getUser","method":"GET","path":"getUser","status":200,"timestamp":"2024-08-27 19:02:03"}
{"level":"error","message":"undefined_path error: Unauthorized access","path":"undefined_path","stack":"No additional details provided.","status":403,"timestamp":"2024-08-27 19:02:04"}
{"level":"info","message":"API Success: loginUser","method":"POST","path":"loginUser","status":200,"timestamp":"2024-08-27 19:02:30"}
{"level":"info","message":"User retrieved: randomUser1","timestamp":"2024-08-27 19:02:30"}
{"level":"info","message":"API Success: getUser","method":"GET","path":"getUser","status":200,"timestamp":"2024-08-27 19:02:30"}
{"level":"error","message":"undefined_path error: Unauthorized access","path":"undefined_path","stack":"No additional details provided.","status":403,"timestamp":"2024-08-27 19:02:30"}
{"level":"info","message":"API Success: loginUser","method":"POST","path":"loginUser","status":200,"timestamp":"2024-08-27 19:02:54"}
{"level":"info","message":"User retrieved: masteradmin","timestamp":"2024-08-27 19:02:54"}
{"level":"info","message":"API Success: getUser","method":"GET","path":"getUser","status":200,"timestamp":"2024-08-27 19:02:54"}
{"level":"info","message":"User retrieved: masteradmin","timestamp":"2024-08-27 19:02:55"}
{"level":"info","message":"API Success: getUser","method":"GET","path":"getUser","status":200,"timestamp":"2024-08-27 19:02:55"}
{"level":"info","message":"API Success: notifications","method":"GET","path":"notifications","status":200,"timestamp":"2024-08-27 19:02:55"}
{"level":"info","message":"User retrieved: masteradmin","timestamp":"2024-08-27 19:02:59"}
{"level":"info","message":"API Success: getUser","method":"GET","path":"getUser","status":200,"timestamp":"2024-08-27 19:02:59"}
{"level":"info","message":"API Success: states/country/66c9cee7a802fab4c6a2899f","method":"GET","path":"states/country/66c9cee7a802fab4c6a2899f","status":200,"timestamp":"2024-08-27 19:02:59"}
{"level":"info","message":"API Success: listAllUsers","method":"GET","path":"listAllUsers","status":200,"timestamp":"2024-08-27 19:03:05"}
{"level":"info","message":"API Success: listAllUsers","method":"GET","path":"listAllUsers","status":200,"timestamp":"2024-08-27 19:03:59"}
{"level":"info","message":"User retrieved: randomUser1","timestamp":"2024-08-27 19:04:03"}
{"level":"info","message":"API Success: getUserById/66cb8ca13d3405fe222457e9","method":"GET","path":"getUserById/66cb8ca13d3405fe222457e9","status":200,"timestamp":"2024-08-27 19:04:03"}
{"level":"info","message":"API Success: states/country/66c9cee7a802fab4c6a2899d","method":"GET","path":"states/country/66c9cee7a802fab4c6a2899d","status":200,"timestamp":"2024-08-27 19:04:03"}
{"level":"info","message":"API Success: updateUser/66cb8ca13d3405fe222457e9","method":"PUT","path":"updateUser/66cb8ca13d3405fe222457e9","status":200,"timestamp":"2024-08-27 19:04:06"}
{"level":"info","message":"API Success: listAllUsers","method":"GET","path":"listAllUsers","status":200,"timestamp":"2024-08-27 19:04:06"}
{"level":"info","message":"API Success: loginUser","method":"POST","path":"loginUser","status":200,"timestamp":"2024-08-27 19:04:15"}
{"level":"info","message":"User retrieved: randomUser1","timestamp":"2024-08-27 19:04:15"}
{"level":"info","message":"API Success: getUser","method":"GET","path":"getUser","status":200,"timestamp":"2024-08-27 19:04:15"}
{"level":"error","message":"undefined_path error: Unauthorized access","path":"undefined_path","stack":"No additional details provided.","status":403,"timestamp":"2024-08-27 19:04:15"}
{"level":"info","message":"API Success: loginUser","method":"POST","path":"loginUser","status":200,"timestamp":"2024-08-27 19:10:15"}
{"level":"info","message":"User retrieved: masteradmin","timestamp":"2024-08-27 19:10:15"}
{"level":"info","message":"API Success: getUser","method":"GET","path":"getUser","status":200,"timestamp":"2024-08-27 19:10:15"}
{"level":"info","message":"User retrieved: masteradmin","timestamp":"2024-08-27 19:10:15"}
{"level":"info","message":"API Success: getUser","method":"GET","path":"getUser","status":200,"timestamp":"2024-08-27 19:10:15"}
{"level":"info","message":"API Success: notifications","method":"GET","path":"notifications","status":200,"timestamp":"2024-08-27 19:10:15"}
{"level":"info","message":"API Success: notifications","method":"GET","path":"notifications","status":200,"timestamp":"2024-08-27 19:10:17"}
{"level":"info","message":"User retrieved: masteradmin","timestamp":"2024-08-27 19:10:17"}
{"level":"info","message":"API Success: getUser","method":"GET","path":"getUser","status":200,"timestamp":"2024-08-27 19:10:17"}
{"level":"info","message":"API Success: loginUser","method":"POST","path":"loginUser","status":200,"timestamp":"2024-08-27 19:10:44"}
{"level":"info","message":"User retrieved: randomUser1","timestamp":"2024-08-27 19:10:44"}
{"level":"info","message":"API Success: getUser","method":"GET","path":"getUser","status":200,"timestamp":"2024-08-27 19:10:44"}
{"level":"info","message":"User retrieved: randomUser1","timestamp":"2024-08-27 19:10:44"}
{"level":"info","message":"API Success: getUser","method":"GET","path":"getUser","status":200,"timestamp":"2024-08-27 19:10:44"}
{"level":"info","message":"API Success: notifications","method":"GET","path":"notifications","status":200,"timestamp":"2024-08-27 19:10:44"}
{"level":"info","message":"API Success: listAllUsers","method":"GET","path":"listAllUsers","status":200,"timestamp":"2024-08-27 19:10:51"}
{"level":"info","message":"User retrieved: randomUser1","timestamp":"2024-08-27 19:10:54"}
{"level":"info","message":"API Success: getUserById/66cb8ca13d3405fe222457e9","method":"GET","path":"getUserById/66cb8ca13d3405fe222457e9","status":200,"timestamp":"2024-08-27 19:10:54"}
{"level":"error","message":"undefined_path error: Unauthorized access","path":"undefined_path","stack":"No additional details provided.","status":403,"timestamp":"2024-08-27 19:10:54"}
{"level":"info","message":"API Success: countries","method":"GET","path":"countries","status":200,"timestamp":"2024-08-27 19:10:54"}
{"level":"info","message":"API Success: states/country/66c9cee7a802fab4c6a2899d","method":"GET","path":"states/country/66c9cee7a802fab4c6a2899d","status":200,"timestamp":"2024-08-27 19:10:54"}
{"level":"info","message":"User retrieved: randomUser1","timestamp":"2024-08-27 19:11:08"}
{"level":"info","message":"API Success: getUser","method":"GET","path":"getUser","status":200,"timestamp":"2024-08-27 19:11:08"}
{"level":"info","message":"API Success: states/country/66c9cee7a802fab4c6a2899d","method":"GET","path":"states/country/66c9cee7a802fab4c6a2899d","status":200,"timestamp":"2024-08-27 19:11:08"}
{"level":"info","message":"API Success: loginUser","method":"POST","path":"loginUser","status":200,"timestamp":"2024-08-27 19:11:19"}
{"level":"info","message":"User retrieved: masteradmin","timestamp":"2024-08-27 19:11:19"}
{"level":"info","message":"API Success: getUser","method":"GET","path":"getUser","status":200,"timestamp":"2024-08-27 19:11:19"}
{"level":"info","message":"User retrieved: masteradmin","timestamp":"2024-08-27 19:11:19"}
{"level":"info","message":"API Success: getUser","method":"GET","path":"getUser","status":200,"timestamp":"2024-08-27 19:11:19"}
{"level":"info","message":"API Success: notifications","method":"GET","path":"notifications","status":200,"timestamp":"2024-08-27 19:11:19"}
{"level":"info","message":"API Success: listAllUsers","method":"GET","path":"listAllUsers","status":200,"timestamp":"2024-08-27 19:11:22"}
{"level":"info","message":"User retrieved: randomUser1","timestamp":"2024-08-27 19:11:26"}
{"level":"info","message":"API Success: getUserById/66cb8ca13d3405fe222457e9","method":"GET","path":"getUserById/66cb8ca13d3405fe222457e9","status":200,"timestamp":"2024-08-27 19:11:26"}
{"level":"info","message":"API Success: states/country/66c9cee7a802fab4c6a2899d","method":"GET","path":"states/country/66c9cee7a802fab4c6a2899d","status":200,"timestamp":"2024-08-27 19:11:26"}
{"level":"info","message":"API Success: notifications","method":"GET","path":"notifications","status":200,"timestamp":"2024-08-27 19:17:23"}
{"level":"info","message":"User retrieved: masteradmin","timestamp":"2024-08-27 19:17:23"}
{"level":"info","message":"API Success: getUser","method":"GET","path":"getUser","status":200,"timestamp":"2024-08-27 19:17:24"}
{"level":"info","message":"User retrieved: randomUser1","timestamp":"2024-08-27 19:17:24"}
{"level":"info","message":"API Success: getUserById/66cb8ca13d3405fe222457e9","method":"GET","path":"getUserById/66cb8ca13d3405fe222457e9","status":200,"timestamp":"2024-08-27 19:17:24"}
{"level":"info","message":"API Success: countries","method":"GET","path":"countries","status":200,"timestamp":"2024-08-27 19:17:24"}
{"level":"info","message":"API Success: states/country/66c9cee7a802fab4c6a2899d","method":"GET","path":"states/country/66c9cee7a802fab4c6a2899d","status":200,"timestamp":"2024-08-27 19:17:24"}
{"level":"info","message":"API Success: loginUser","method":"POST","path":"loginUser","status":200,"timestamp":"2024-08-27 19:17:47"}
{"level":"info","message":"User retrieved: randomUser1","timestamp":"2024-08-27 19:17:48"}
{"level":"info","message":"API Success: getUser","method":"GET","path":"getUser","status":200,"timestamp":"2024-08-27 19:17:48"}
{"level":"info","message":"User retrieved: randomUser1","timestamp":"2024-08-27 19:17:48"}
{"level":"info","message":"API Success: getUser","method":"GET","path":"getUser","status":200,"timestamp":"2024-08-27 19:17:48"}
{"level":"info","message":"API Success: notifications","method":"GET","path":"notifications","status":200,"timestamp":"2024-08-27 19:17:48"}
{"level":"info","message":"API Success: listAllUsers","method":"GET","path":"listAllUsers","status":200,"timestamp":"2024-08-27 19:17:51"}
{"level":"error","message":"undefined_path error: Unauthorized access","path":"undefined_path","stack":"No additional details provided.","status":403,"timestamp":"2024-08-27 19:18:09"}
{"level":"error","message":"undefined_path error: Unauthorized access","path":"undefined_path","stack":"No additional details provided.","status":403,"timestamp":"2024-08-27 19:18:14"}
{"level":"error","message":"undefined_path error: Unauthorized access","path":"undefined_path","stack":"No additional details provided.","status":403,"timestamp":"2024-08-27 19:18:17"}
{"level":"info","message":"API Success: notifications","method":"GET","path":"notifications","status":200,"timestamp":"2024-08-27 19:18:23"}
{"level":"info","message":"User retrieved: randomUser1","timestamp":"2024-08-27 19:18:23"}
{"level":"info","message":"API Success: getUser","method":"GET","path":"getUser","status":200,"timestamp":"2024-08-27 19:18:23"}
{"level":"info","message":"API Success: notifications","method":"GET","path":"notifications","status":200,"timestamp":"2024-08-27 19:19:58"}
{"level":"info","message":"User retrieved: randomUser1","timestamp":"2024-08-27 19:19:58"}
{"level":"info","message":"API Success: getUser","method":"GET","path":"getUser","status":200,"timestamp":"2024-08-27 19:19:58"}
{"level":"info","message":"API Success: notifications","method":"GET","path":"notifications","status":200,"timestamp":"2024-08-27 19:20:19"}
{"level":"info","message":"User retrieved: randomUser1","timestamp":"2024-08-27 19:20:19"}
{"level":"info","message":"API Success: getUser","method":"GET","path":"getUser","status":200,"timestamp":"2024-08-27 19:20:19"}
{"level":"info","message":"API Success: listAllUsers","method":"GET","path":"listAllUsers","status":200,"timestamp":"2024-08-27 19:20:22"}
{"level":"error","message":"undefined_path error: Unauthorized access","path":"undefined_path","stack":"No additional details provided.","status":403,"timestamp":"2024-08-27 19:20:23"}
{"level":"info","message":"API Success: countries","method":"GET","path":"countries","status":200,"timestamp":"2024-08-27 19:20:23"}
{"level":"info","message":"API Success: listAllUsers","method":"GET","path":"listAllUsers","status":200,"timestamp":"2024-08-27 19:20:25"}
{"level":"error","message":"undefined_path error: Unauthorized access","path":"undefined_path","stack":"No additional details provided.","status":403,"timestamp":"2024-08-27 19:20:36"}
{"level":"info","message":"API Success: listAllUsers","method":"GET","path":"listAllUsers","status":200,"timestamp":"2024-08-27 19:20:43"}
{"level":"error","message":"undefined_path error: Unauthorized access","path":"undefined_path","stack":"No additional details provided.","status":403,"timestamp":"2024-08-27 19:20:44"}
{"level":"info","message":"API Success: listAllUsers","method":"GET","path":"listAllUsers","status":200,"timestamp":"2024-08-27 19:21:06"}
{"level":"info","message":"API Success: loginUser","method":"POST","path":"loginUser","status":200,"timestamp":"2024-08-27 19:30:13"}
{"level":"info","message":"User retrieved: masteradmin","timestamp":"2024-08-27 19:30:14"}
{"level":"info","message":"API Success: getUser","method":"GET","path":"getUser","status":200,"timestamp":"2024-08-27 19:30:14"}
{"level":"info","message":"User retrieved: masteradmin","timestamp":"2024-08-27 19:30:14"}
{"level":"info","message":"API Success: getUser","method":"GET","path":"getUser","status":200,"timestamp":"2024-08-27 19:30:14"}
{"level":"info","message":"API Success: notifications","method":"GET","path":"notifications","status":200,"timestamp":"2024-08-27 19:30:14"}
{"level":"info","message":"API Success: listAllUsers","method":"GET","path":"listAllUsers","status":200,"timestamp":"2024-08-27 19:30:18"}
{"level":"info","message":"User retrieved: randomUser1","timestamp":"2024-08-27 19:30:21"}
{"level":"info","message":"API Success: getUserById/66cb8ca13d3405fe222457e9","method":"GET","path":"getUserById/66cb8ca13d3405fe222457e9","status":200,"timestamp":"2024-08-27 19:30:21"}
{"level":"info","message":"API Success: states/country/66c9cee7a802fab4c6a2899d","method":"GET","path":"states/country/66c9cee7a802fab4c6a2899d","status":200,"timestamp":"2024-08-27 19:30:21"}
{"level":"info","message":"API Success: loginUser","method":"POST","path":"loginUser","status":200,"timestamp":"2024-08-27 19:30:40"}
{"level":"info","message":"User retrieved: randomUser1","timestamp":"2024-08-27 19:30:40"}
{"level":"info","message":"API Success: getUser","method":"GET","path":"getUser","status":200,"timestamp":"2024-08-27 19:30:40"}
{"level":"info","message":"User retrieved: randomUser1","timestamp":"2024-08-27 19:30:40"}
{"level":"info","message":"API Success: getUser","method":"GET","path":"getUser","status":200,"timestamp":"2024-08-27 19:30:40"}
{"level":"info","message":"API Success: notifications","method":"GET","path":"notifications","status":200,"timestamp":"2024-08-27 19:30:40"}
{"level":"info","message":"API Success: listAllUsers","method":"GET","path":"listAllUsers","status":200,"timestamp":"2024-08-27 19:30:44"}
{"level":"info","message":"User retrieved: randomUser1","timestamp":"2024-08-27 19:30:46"}
{"level":"info","message":"API Success: getUser","method":"GET","path":"getUser","status":200,"timestamp":"2024-08-27 19:30:46"}
{"level":"info","message":"API Success: states/country/66c9cee7a802fab4c6a2899d","method":"GET","path":"states/country/66c9cee7a802fab4c6a2899d","status":200,"timestamp":"2024-08-27 19:30:46"}
{"level":"info","message":"API Success: loginUser","method":"POST","path":"loginUser","status":200,"timestamp":"2024-08-27 19:31:02"}
{"level":"info","message":"User retrieved: masteradmin","timestamp":"2024-08-27 19:31:02"}
{"level":"info","message":"API Success: getUser","method":"GET","path":"getUser","status":200,"timestamp":"2024-08-27 19:31:02"}
{"level":"info","message":"User retrieved: masteradmin","timestamp":"2024-08-27 19:31:02"}
{"level":"info","message":"API Success: getUser","method":"GET","path":"getUser","status":200,"timestamp":"2024-08-27 19:31:02"}
{"level":"info","message":"API Success: notifications","method":"GET","path":"notifications","status":200,"timestamp":"2024-08-27 19:31:02"}
{"level":"info","message":"API Success: listAllUsers","method":"GET","path":"listAllUsers","status":200,"timestamp":"2024-08-27 19:31:05"}
{"level":"info","message":"User retrieved: randomUser1","timestamp":"2024-08-27 19:31:08"}
{"level":"info","message":"API Success: getUserById/66cb8ca13d3405fe222457e9","method":"GET","path":"getUserById/66cb8ca13d3405fe222457e9","status":200,"timestamp":"2024-08-27 19:31:08"}
{"level":"info","message":"API Success: states/country/66c9cee7a802fab4c6a2899d","method":"GET","path":"states/country/66c9cee7a802fab4c6a2899d","status":200,"timestamp":"2024-08-27 19:31:08"}
{"level":"info","message":"API Success: updateUser/66cb8ca13d3405fe222457e9","method":"PUT","path":"updateUser/66cb8ca13d3405fe222457e9","status":200,"timestamp":"2024-08-27 19:31:11"}
{"level":"info","message":"API Success: listAllUsers","method":"GET","path":"listAllUsers","status":200,"timestamp":"2024-08-27 19:31:11"}
{"level":"info","message":"API Success: loginUser","method":"POST","path":"loginUser","status":200,"timestamp":"2024-08-27 19:31:23"}
{"level":"info","message":"User retrieved: randomUser1","timestamp":"2024-08-27 19:31:23"}
{"level":"info","message":"API Success: getUser","method":"GET","path":"getUser","status":200,"timestamp":"2024-08-27 19:31:23"}
{"level":"info","message":"User retrieved: randomUser1","timestamp":"2024-08-27 19:31:23"}
{"level":"info","message":"API Success: getUser","method":"GET","path":"getUser","status":200,"timestamp":"2024-08-27 19:31:23"}
{"level":"info","message":"API Success: notifications","method":"GET","path":"notifications","status":200,"timestamp":"2024-08-27 19:31:23"}
{"level":"info","message":"API Success: listAllUsers","method":"GET","path":"listAllUsers","status":200,"timestamp":"2024-08-27 19:31:25"}
{"level":"info","message":"User retrieved: randomUser1","timestamp":"2024-08-27 19:31:34"}
{"level":"info","message":"API Success: getUser","method":"GET","path":"getUser","status":200,"timestamp":"2024-08-27 19:31:34"}
{"level":"info","message":"API Success: states/country/66c9cee7a802fab4c6a2899d","method":"GET","path":"states/country/66c9cee7a802fab4c6a2899d","status":200,"timestamp":"2024-08-27 19:31:34"}
{"level":"info","message":"API Success: loginUser","method":"POST","path":"loginUser","status":200,"timestamp":"2024-08-27 19:46:07"}
{"level":"info","message":"User retrieved: randomUser1","timestamp":"2024-08-27 19:46:07"}
{"level":"info","message":"API Success: getUser","method":"GET","path":"getUser","status":200,"timestamp":"2024-08-27 19:46:08"}
{"level":"info","message":"API Success: notifications","method":"GET","path":"notifications","status":200,"timestamp":"2024-08-27 20:32:44"}
{"level":"info","message":"User retrieved: randomUser1","timestamp":"2024-08-27 20:32:44"}
{"level":"info","message":"API Success: getUser","method":"GET","path":"getUser","status":200,"timestamp":"2024-08-27 20:32:44"}
{"level":"info","message":"API Success: listAllUsers","method":"GET","path":"listAllUsers","status":200,"timestamp":"2024-08-27 20:39:54"}
{"level":"info","message":"User retrieved: randomUser1","timestamp":"2024-08-27 20:42:09"}
{"level":"info","message":"API Success: getUser","method":"GET","path":"getUser","status":200,"timestamp":"2024-08-27 20:42:09"}
{"level":"info","message":"API Success: notifications","method":"GET","path":"notifications","status":200,"timestamp":"2024-08-27 20:42:09"}
{"level":"info","message":"API Success: listAllUsers","method":"GET","path":"listAllUsers","status":200,"timestamp":"2024-08-27 20:42:10"}
{"level":"info","message":"API Success: countries","method":"GET","path":"countries","status":200,"timestamp":"2024-08-27 20:42:19"}
{"level":"error","message":"undefined_path error: Unauthorized access","path":"undefined_path","stack":"No additional details provided.","status":403,"timestamp":"2024-08-27 20:42:19"}
{"level":"info","message":"API Success: states/country/66c9cee7a802fab4c6a2899e","method":"GET","path":"states/country/66c9cee7a802fab4c6a2899e","status":200,"timestamp":"2024-08-27 20:42:24"}
{"level":"info","message":"API Success: listAllUsers","method":"GET","path":"listAllUsers","status":200,"timestamp":"2024-08-27 20:52:41"}
{"level":"error","message":"undefined_path error: Unauthorized access","path":"undefined_path","stack":"No additional details provided.","status":403,"timestamp":"2024-08-27 20:52:48"}
{"level":"error","message":"undefined_path error: Unauthorized access","path":"undefined_path","stack":"No additional details provided.","status":403,"timestamp":"2024-08-27 20:52:58"}
{"level":"info","message":"API Success: listAllUsers","method":"GET","path":"listAllUsers","status":200,"timestamp":"2024-08-27 20:53:09"}
{"level":"error","message":"undefined_path error: Unauthorized access","path":"undefined_path","stack":"No additional details provided.","status":403,"timestamp":"2024-08-27 20:53:11"}
{"level":"info","message":"API Success: loginUser","method":"POST","path":"loginUser","status":200,"timestamp":"2024-08-27 20:53:42"}
{"level":"info","message":"User retrieved: masteradmin","timestamp":"2024-08-27 20:53:42"}
{"level":"info","message":"API Success: getUser","method":"GET","path":"getUser","status":200,"timestamp":"2024-08-27 20:53:42"}
{"level":"info","message":"User retrieved: masteradmin","timestamp":"2024-08-27 20:53:42"}
{"level":"info","message":"API Success: getUser","method":"GET","path":"getUser","status":200,"timestamp":"2024-08-27 20:53:42"}
{"level":"info","message":"API Success: notifications","method":"GET","path":"notifications","status":200,"timestamp":"2024-08-27 20:53:42"}
{"level":"info","message":"API Success: listAllUsers","method":"GET","path":"listAllUsers","status":200,"timestamp":"2024-08-27 20:53:50"}
{"level":"info","message":"User retrieved: randomUser1","timestamp":"2024-08-27 20:53:52"}
{"level":"info","message":"API Success: getUserById/66cb8ca13d3405fe222457e9","method":"GET","path":"getUserById/66cb8ca13d3405fe222457e9","status":200,"timestamp":"2024-08-27 20:53:52"}
{"level":"info","message":"API Success: states/country/66c9cee7a802fab4c6a2899d","method":"GET","path":"states/country/66c9cee7a802fab4c6a2899d","status":200,"timestamp":"2024-08-27 20:53:52"}
{"level":"info","message":"API Success: updateUser/66cb8ca13d3405fe222457e9","method":"PUT","path":"updateUser/66cb8ca13d3405fe222457e9","status":200,"timestamp":"2024-08-27 20:53:57"}
{"level":"info","message":"API Success: listAllUsers","method":"GET","path":"listAllUsers","status":200,"timestamp":"2024-08-27 20:53:57"}
{"level":"info","message":"API Success: loginUser","method":"POST","path":"loginUser","status":200,"timestamp":"2024-08-27 20:54:07"}
{"level":"info","message":"User retrieved: randomUser1","timestamp":"2024-08-27 20:54:07"}
{"level":"info","message":"API Success: getUser","method":"GET","path":"getUser","status":200,"timestamp":"2024-08-27 20:54:07"}
{"level":"info","message":"User retrieved: randomUser1","timestamp":"2024-08-27 20:54:07"}
{"level":"info","message":"API Success: getUser","method":"GET","path":"getUser","status":200,"timestamp":"2024-08-27 20:54:07"}
{"level":"info","message":"API Success: notifications","method":"GET","path":"notifications","status":200,"timestamp":"2024-08-27 20:54:07"}
{"level":"error","message":"undefined_path error: Unauthorized access","path":"undefined_path","stack":"No additional details provided.","status":403,"timestamp":"2024-08-27 20:54:19"}
{"level":"info","message":"API Success: listAllUsers","method":"GET","path":"listAllUsers","status":200,"timestamp":"2024-08-27 20:54:41"}
{"level":"error","message":"undefined_path error: Unauthorized access","path":"undefined_path","stack":"No additional details provided.","status":403,"timestamp":"2024-08-27 20:54:42"}
{"level":"info","message":"API Success: listAllUsers","method":"GET","path":"listAllUsers","status":200,"timestamp":"2024-08-27 20:54:54"}
{"level":"info","message":"User retrieved: randomUser1","timestamp":"2024-08-27 21:17:16"}
{"level":"info","message":"API Success: getUser","method":"GET","path":"getUser","status":200,"timestamp":"2024-08-27 21:17:16"}
{"level":"info","message":"API Success: listAllUsers","method":"GET","path":"listAllUsers","status":200,"timestamp":"2024-08-27 21:17:16"}
{"level":"info","message":"API Success: notifications","method":"GET","path":"notifications","status":200,"timestamp":"2024-08-27 21:17:16"}
{"level":"info","message":"API Success: notifications","method":"GET","path":"notifications","status":200,"timestamp":"2024-08-27 21:20:33"}
{"level":"info","message":"User retrieved: randomUser1","timestamp":"2024-08-27 21:20:34"}
{"level":"info","message":"API Success: getUser","method":"GET","path":"getUser","status":200,"timestamp":"2024-08-27 21:20:34"}
{"level":"info","message":"API Success: listAllUsers","method":"GET","path":"listAllUsers","status":200,"timestamp":"2024-08-27 21:20:34"}
{"level":"info","message":"API Success: notifications","method":"GET","path":"notifications","status":200,"timestamp":"2024-08-27 21:29:35"}
{"level":"info","message":"User retrieved: randomUser1","timestamp":"2024-08-27 21:29:35"}
{"level":"info","message":"API Success: getUser","method":"GET","path":"getUser","status":200,"timestamp":"2024-08-27 21:29:35"}
{"level":"info","message":"API Success: listAllUsers","method":"GET","path":"listAllUsers","status":200,"timestamp":"2024-08-27 21:29:35"}
{"level":"info","message":"API Success: notifications","method":"GET","path":"notifications","status":200,"timestamp":"2024-08-27 21:29:53"}
{"level":"info","message":"User retrieved: randomUser1","timestamp":"2024-08-27 21:29:54"}
{"level":"info","message":"API Success: getUser","method":"GET","path":"getUser","status":200,"timestamp":"2024-08-27 21:29:54"}
{"level":"info","message":"API Success: createCategory","method":"POST","path":"createCategory","status":200,"timestamp":"2024-08-27 21:30:14"}
{"level":"info","message":"API Success: notifications","method":"GET","path":"notifications","status":200,"timestamp":"2024-08-27 21:39:06"}
{"level":"info","message":"API Success: /listAllCategories","method":"GET","path":"/listAllCategories","status":200,"timestamp":"2024-08-27 21:39:06"}
{"level":"info","message":"User retrieved: randomUser1","timestamp":"2024-08-27 21:39:06"}
{"level":"info","message":"API Success: getUser","method":"GET","path":"getUser","status":200,"timestamp":"2024-08-27 21:39:06"}
{"level":"info","message":"API Success: /listAllSubcategories","method":"GET","path":"/listAllSubcategories","status":200,"timestamp":"2024-08-27 21:39:09"}
{"level":"info","message":"API Success: /listAllCategories","method":"GET","path":"/listAllCategories","status":200,"timestamp":"2024-08-27 21:39:14"}
{"level":"info","message":"API Success: /listAllCategories","method":"GET","path":"/listAllCategories","status":200,"timestamp":"2024-08-27 21:39:18"}
{"level":"info","message":"API Success: notifications","method":"GET","path":"notifications","status":200,"timestamp":"2024-08-27 21:40:09"}
{"level":"info","message":"API Success: /listAllCategories","method":"GET","path":"/listAllCategories","status":200,"timestamp":"2024-08-27 21:40:09"}
{"level":"info","message":"User retrieved: randomUser1","timestamp":"2024-08-27 21:40:09"}
{"level":"info","message":"API Success: getUser","method":"GET","path":"getUser","status":200,"timestamp":"2024-08-27 21:40:10"}
{"level":"info","message":"API Success: notifications","method":"GET","path":"notifications","status":200,"timestamp":"2024-08-27 21:40:32"}
{"level":"info","message":"API Success: /listAllCategories","method":"GET","path":"/listAllCategories","status":200,"timestamp":"2024-08-27 21:40:32"}
{"level":"info","message":"User retrieved: randomUser1","timestamp":"2024-08-27 21:40:32"}
{"level":"info","message":"API Success: getUser","method":"GET","path":"getUser","status":200,"timestamp":"2024-08-27 21:40:32"}
{"level":"info","message":"API Success: /listAllCategories","method":"GET","path":"/listAllCategories","status":200,"timestamp":"2024-08-27 21:40:49"}
{"level":"info","message":"API Success: notifications","method":"GET","path":"notifications","status":200,"timestamp":"2024-08-27 21:41:21"}
{"level":"info","message":"API Success: /listAllCategories","method":"GET","path":"/listAllCategories","status":200,"timestamp":"2024-08-27 21:41:21"}
{"level":"info","message":"User retrieved: randomUser1","timestamp":"2024-08-27 21:41:21"}
{"level":"info","message":"API Success: getUser","method":"GET","path":"getUser","status":200,"timestamp":"2024-08-27 21:41:21"}
{"level":"info","message":"User retrieved: randomUser1","timestamp":"2024-08-27 21:41:24"}
{"level":"info","message":"API Success: getUser","method":"GET","path":"getUser","status":200,"timestamp":"2024-08-27 21:41:24"}
{"level":"info","message":"API Success: notifications","method":"GET","path":"notifications","status":200,"timestamp":"2024-08-27 21:41:24"}
{"level":"info","message":"API Success: /listAllCategories","method":"GET","path":"/listAllCategories","status":200,"timestamp":"2024-08-27 21:41:24"}
{"level":"info","message":"API Success: /listAllCategories","method":"GET","path":"/listAllCategories","status":200,"timestamp":"2024-08-27 21:41:28"}
{"level":"info","message":"API Success: /listAllCategories","method":"GET","path":"/listAllCategories","status":200,"timestamp":"2024-08-27 21:41:32"}
{"level":"info","message":"API Success: /listAllCategories","method":"GET","path":"/listAllCategories","status":200,"timestamp":"2024-08-27 21:41:40"}
{"level":"info","message":"API Success: notifications","method":"GET","path":"notifications","status":200,"timestamp":"2024-08-27 21:43:53"}
{"level":"info","message":"API Success: /listAllCategories","method":"GET","path":"/listAllCategories","status":200,"timestamp":"2024-08-27 21:43:54"}
{"level":"info","message":"User retrieved: randomUser1","timestamp":"2024-08-27 21:43:54"}
{"level":"info","message":"API Success: getUser","method":"GET","path":"getUser","status":200,"timestamp":"2024-08-27 21:43:54"}
{"level":"info","message":"API Success: notifications","method":"GET","path":"notifications","status":200,"timestamp":"2024-08-27 21:45:47"}
{"level":"info","message":"API Success: /listAllCategories","method":"GET","path":"/listAllCategories","status":200,"timestamp":"2024-08-27 21:45:48"}
{"level":"info","message":"User retrieved: randomUser1","timestamp":"2024-08-27 21:45:48"}
{"level":"info","message":"API Success: getUser","method":"GET","path":"getUser","status":200,"timestamp":"2024-08-27 21:45:48"}
{"level":"info","message":"API Success: /listAllSubcategories","method":"GET","path":"/listAllSubcategories","status":200,"timestamp":"2024-08-27 21:45:50"}
{"level":"info","message":"API Success: /listAllCategories","method":"GET","path":"/listAllCategories","status":200,"timestamp":"2024-08-27 21:45:53"}
{"level":"info","message":"API Success: /deleteCategory/66ce2946f5008a60d9ad933d","method":"DELETE","path":"/deleteCategory/66ce2946f5008a60d9ad933d","status":200,"timestamp":"2024-08-27 21:45:55"}
{"level":"info","message":"API Success: /listAllCategories","method":"GET","path":"/listAllCategories","status":200,"timestamp":"2024-08-27 21:45:55"}
{"level":"info","message":"API Success: /createCategory","method":"POST","path":"/createCategory","status":200,"timestamp":"2024-08-27 21:46:01"}
{"level":"info","message":"API Success: /listAllCategories","method":"GET","path":"/listAllCategories","status":200,"timestamp":"2024-08-27 21:46:35"}
{"level":"info","message":"API Success: notifications","method":"GET","path":"notifications","status":200,"timestamp":"2024-08-27 21:46:50"}
{"level":"info","message":"API Success: /listAllCategories","method":"GET","path":"/listAllCategories","status":200,"timestamp":"2024-08-27 21:46:50"}
{"level":"info","message":"User retrieved: randomUser1","timestamp":"2024-08-27 21:46:51"}
{"level":"info","message":"API Success: getUser","method":"GET","path":"getUser","status":200,"timestamp":"2024-08-27 21:46:51"}
{"level":"info","message":"API Success: /createCategory","method":"POST","path":"/createCategory","status":200,"timestamp":"2024-08-27 21:46:56"}
{"level":"info","message":"API Success: /listAllCategories","method":"GET","path":"/listAllCategories","status":200,"timestamp":"2024-08-27 21:46:56"}
{"level":"info","message":"API Success: /deleteCategory/66ce2cf9f5008a60d9ad93ce","method":"DELETE","path":"/deleteCategory/66ce2cf9f5008a60d9ad93ce","status":200,"timestamp":"2024-08-27 21:47:00"}
{"level":"info","message":"API Success: /listAllCategories","method":"GET","path":"/listAllCategories","status":200,"timestamp":"2024-08-27 21:47:00"}
{"level":"info","message":"API Success: /listAllSubcategories","method":"GET","path":"/listAllSubcategories","status":200,"timestamp":"2024-08-27 21:47:18"}
{"level":"info","message":"API Success: /listAllCategories","method":"GET","path":"/listAllCategories","status":200,"timestamp":"2024-08-27 21:47:20"}
{"level":"info","message":"API Success: /createSubcategory","method":"POST","path":"/createSubcategory","status":200,"timestamp":"2024-08-27 21:47:25"}
{"level":"info","message":"API Success: /listAllSubcategories","method":"GET","path":"/listAllSubcategories","status":200,"timestamp":"2024-08-27 21:47:25"}
{"level":"info","message":"API Success: /deleteSubcategory/66ce2d4df5008a60d9ad9406","method":"DELETE","path":"/deleteSubcategory/66ce2d4df5008a60d9ad9406","status":200,"timestamp":"2024-08-27 21:47:28"}
{"level":"info","message":"API Success: /listAllSubcategories","method":"GET","path":"/listAllSubcategories","status":200,"timestamp":"2024-08-27 21:47:28"}
{"level":"info","message":"API Success: /listAllCategories","method":"GET","path":"/listAllCategories","status":200,"timestamp":"2024-08-27 21:47:34"}
{"level":"info","message":"API Success: /listAllCategories","method":"GET","path":"/listAllCategories","status":200,"timestamp":"2024-08-27 21:48:49"}
{"level":"info","message":"API Success: /listAllCategories","method":"GET","path":"/listAllCategories","status":200,"timestamp":"2024-08-27 21:48:52"}
{"level":"info","message":"User retrieved: randomUser1","timestamp":"2024-08-27 21:49:23"}
{"level":"info","message":"API Success: getUser","method":"GET","path":"getUser","status":200,"timestamp":"2024-08-27 21:49:23"}
{"level":"info","message":"API Success: notifications","method":"GET","path":"notifications","status":200,"timestamp":"2024-08-27 21:49:23"}
{"level":"info","message":"API Success: /listAllCategories","method":"GET","path":"/listAllCategories","status":200,"timestamp":"2024-08-27 21:49:23"}
{"level":"info","message":"User retrieved: randomUser1","timestamp":"2024-08-27 21:49:52"}
{"level":"info","message":"API Success: getUser","method":"GET","path":"getUser","status":200,"timestamp":"2024-08-27 21:49:52"}
{"level":"info","message":"API Success: notifications","method":"GET","path":"notifications","status":200,"timestamp":"2024-08-27 21:49:52"}
{"level":"info","message":"User retrieved: randomUser1","timestamp":"2024-08-27 21:50:30"}
{"level":"info","message":"API Success: getUser","method":"GET","path":"getUser","status":200,"timestamp":"2024-08-27 21:50:30"}
{"level":"info","message":"API Success: notifications","method":"GET","path":"notifications","status":200,"timestamp":"2024-08-27 21:50:30"}
{"level":"info","message":"API Success: /listAllCategories","method":"GET","path":"/listAllCategories","status":200,"timestamp":"2024-08-27 21:51:28"}
{"level":"info","message":"API Success: notifications","method":"GET","path":"notifications","status":200,"timestamp":"2024-08-27 21:51:56"}
{"level":"info","message":"API Success: /getCategoryById/66ce2d30f5008a60d9ad93e5","method":"GET","path":"/getCategoryById/66ce2d30f5008a60d9ad93e5","status":200,"timestamp":"2024-08-27 21:51:56"}
{"level":"info","message":"User retrieved: randomUser1","timestamp":"2024-08-27 21:51:56"}
{"level":"info","message":"API Success: getUser","method":"GET","path":"getUser","status":200,"timestamp":"2024-08-27 21:51:56"}
{"level":"info","message":"API Success: notifications","method":"GET","path":"notifications","status":200,"timestamp":"2024-08-27 21:52:47"}
{"level":"info","message":"API Success: /getCategoryById/66ce2d30f5008a60d9ad93e5","method":"GET","path":"/getCategoryById/66ce2d30f5008a60d9ad93e5","status":200,"timestamp":"2024-08-27 21:52:47"}
{"level":"info","message":"User retrieved: randomUser1","timestamp":"2024-08-27 21:52:47"}
{"level":"info","message":"API Success: getUser","method":"GET","path":"getUser","status":200,"timestamp":"2024-08-27 21:52:47"}
{"level":"info","message":"API Success: notifications","method":"GET","path":"notifications","status":200,"timestamp":"2024-08-27 21:52:51"}
{"level":"info","message":"API Success: /listAllCategories","method":"GET","path":"/listAllCategories","status":200,"timestamp":"2024-08-27 21:52:52"}
{"level":"info","message":"User retrieved: randomUser1","timestamp":"2024-08-27 21:52:52"}
{"level":"info","message":"API Success: getUser","method":"GET","path":"getUser","status":200,"timestamp":"2024-08-27 21:52:52"}
{"level":"info","message":"API Success: /listAllCategories","method":"GET","path":"/listAllCategories","status":200,"timestamp":"2024-08-27 21:52:55"}
{"level":"info","message":"API Success: notifications","method":"GET","path":"notifications","status":200,"timestamp":"2024-08-27 21:52:59"}
{"level":"info","message":"User retrieved: randomUser1","timestamp":"2024-08-27 21:52:59"}
{"level":"info","message":"API Success: getUser","method":"GET","path":"getUser","status":200,"timestamp":"2024-08-27 21:52:59"}
{"level":"info","message":"API Success: /listAllSubcategories","method":"GET","path":"/listAllSubcategories","status":200,"timestamp":"2024-08-27 21:53:08"}
{"level":"info","message":"API Success: /listAllCategories","method":"GET","path":"/listAllCategories","status":200,"timestamp":"2024-08-27 21:53:08"}
{"level":"info","message":"API Success: /listAllCategories","method":"GET","path":"/listAllCategories","status":200,"timestamp":"2024-08-27 21:53:12"}
{"level":"info","message":"API Success: notifications","method":"GET","path":"notifications","status":200,"timestamp":"2024-08-27 21:54:06"}
{"level":"info","message":"User retrieved: randomUser1","timestamp":"2024-08-27 21:54:06"}
{"level":"info","message":"API Success: getUser","method":"GET","path":"getUser","status":200,"timestamp":"2024-08-27 21:54:06"}
{"level":"info","message":"API Success: /listAllCategories","method":"GET","path":"/listAllCategories","status":200,"timestamp":"2024-08-27 21:54:06"}
{"level":"info","message":"API Success: /listAllCategories","method":"GET","path":"/listAllCategories","status":200,"timestamp":"2024-08-27 21:54:29"}
{"level":"info","message":"API Success: /listAllCategories","method":"GET","path":"/listAllCategories","status":200,"timestamp":"2024-08-27 21:54:39"}
{"level":"info","message":"API Success: /listAllSubcategories","method":"GET","path":"/listAllSubcategories","status":200,"timestamp":"2024-08-27 21:54:40"}
{"level":"info","message":"API Success: /listAllCategories","method":"GET","path":"/listAllCategories","status":200,"timestamp":"2024-08-27 21:54:42"}
{"level":"info","message":"API Success: /createSubcategory","method":"POST","path":"/createSubcategory","status":200,"timestamp":"2024-08-27 21:54:46"}
{"level":"info","message":"API Success: /listAllSubcategories","method":"GET","path":"/listAllSubcategories","status":200,"timestamp":"2024-08-27 21:54:46"}
{"level":"info","message":"API Success: /listAllCategories","method":"GET","path":"/listAllCategories","status":200,"timestamp":"2024-08-27 21:54:47"}
{"level":"error","message":"getSubcategoryById error: mongoose is not defined","stack":"ReferenceError: mongoose is not defined\n    at getSubcategoryById (C:\\Users\\Javier\\Documents\\proyectos\\ecommerce\\back\\controllers\\SubcategoryController.js:68:13)\n    at Layer.handle [as handle_request] (C:\\Users\\Javier\\Documents\\proyectos\\ecommerce\\back\\node_modules\\express\\lib\\router\\layer.js:95:5)\n    at next (C:\\Users\\Javier\\Documents\\proyectos\\ecommerce\\back\\node_modules\\express\\lib\\router\\route.js:149:13)\n    at C:\\Users\\Javier\\Documents\\proyectos\\ecommerce\\back\\middlewares\\rbacMiddleware.js:21:13\n    at process.processTicksAndRejections (node:internal/process/task_queues:95:5)","timestamp":"2024-08-27 21:54:47"}
{"level":"error","message":"/getSubcategoryById/66ce2f06f5008a60d9ad94a6 error: mongoose is not defined","method":"GET","path":"/getSubcategoryById/66ce2f06f5008a60d9ad94a6","stack":"Contact support.","status":500,"timestamp":"2024-08-27 21:54:47"}
{"level":"info","message":"API Success: /listAllCategories","method":"GET","path":"/listAllCategories","status":200,"timestamp":"2024-08-27 21:54:57"}
{"level":"info","message":"User retrieved: randomUser1","timestamp":"2024-08-27 21:55:58"}
{"level":"info","message":"API Success: getUser","method":"GET","path":"getUser","status":200,"timestamp":"2024-08-27 21:55:58"}
{"level":"info","message":"API Success: notifications","method":"GET","path":"notifications","status":200,"timestamp":"2024-08-27 21:55:58"}
{"level":"info","message":"API Success: /listAllCategories","method":"GET","path":"/listAllCategories","status":200,"timestamp":"2024-08-27 21:55:59"}
{"level":"info","message":"API Success: /getCategoryById/66ce2d30f5008a60d9ad93e5","method":"GET","path":"/getCategoryById/66ce2d30f5008a60d9ad93e5","status":200,"timestamp":"2024-08-27 21:56:00"}
{"level":"info","message":"API Success: notifications","method":"GET","path":"notifications","status":200,"timestamp":"2024-08-27 21:56:05"}
{"level":"info","message":"User retrieved: randomUser1","timestamp":"2024-08-27 21:56:05"}
{"level":"info","message":"API Success: getUser","method":"GET","path":"getUser","status":200,"timestamp":"2024-08-27 21:56:05"}
{"level":"info","message":"API Success: /listAllCategories","method":"GET","path":"/listAllCategories","status":200,"timestamp":"2024-08-27 21:56:09"}
{"level":"info","message":"API Success: /getCategoryById/66ce2d30f5008a60d9ad93e5","method":"GET","path":"/getCategoryById/66ce2d30f5008a60d9ad93e5","status":200,"timestamp":"2024-08-27 21:56:12"}
{"level":"info","message":"API Success: notifications","method":"GET","path":"notifications","status":200,"timestamp":"2024-08-27 21:56:40"}
{"level":"info","message":"User retrieved: randomUser1","timestamp":"2024-08-27 21:56:41"}
{"level":"info","message":"API Success: getUser","method":"GET","path":"getUser","status":200,"timestamp":"2024-08-27 21:56:41"}
{"level":"info","message":"API Success: notifications","method":"GET","path":"notifications","status":200,"timestamp":"2024-08-27 21:56:43"}
{"level":"info","message":"User retrieved: randomUser1","timestamp":"2024-08-27 21:56:43"}
{"level":"info","message":"API Success: getUser","method":"GET","path":"getUser","status":200,"timestamp":"2024-08-27 21:56:43"}
{"level":"info","message":"API Success: /listAllCategories","method":"GET","path":"/listAllCategories","status":200,"timestamp":"2024-08-27 21:56:44"}
{"level":"info","message":"API Success: /listAllSubcategories","method":"GET","path":"/listAllSubcategories","status":200,"timestamp":"2024-08-27 21:56:51"}
{"level":"info","message":"API Success: /listAllCategories","method":"GET","path":"/listAllCategories","status":200,"timestamp":"2024-08-27 21:56:52"}
{"level":"info","message":"API Success: /listAllSubcategories","method":"GET","path":"/listAllSubcategories","status":200,"timestamp":"2024-08-27 21:56:56"}
{"level":"info","message":"API Success: /listAllCategories","method":"GET","path":"/listAllCategories","status":200,"timestamp":"2024-08-27 21:57:00"}
{"level":"error","message":"getSubcategoryById error: mongoose is not defined","stack":"ReferenceError: mongoose is not defined\n    at getSubcategoryById (C:\\Users\\Javier\\Documents\\proyectos\\ecommerce\\back\\controllers\\SubcategoryController.js:68:13)\n    at Layer.handle [as handle_request] (C:\\Users\\Javier\\Documents\\proyectos\\ecommerce\\back\\node_modules\\express\\lib\\router\\layer.js:95:5)\n    at next (C:\\Users\\Javier\\Documents\\proyectos\\ecommerce\\back\\node_modules\\express\\lib\\router\\route.js:149:13)\n    at C:\\Users\\Javier\\Documents\\proyectos\\ecommerce\\back\\middlewares\\rbacMiddleware.js:21:13\n    at process.processTicksAndRejections (node:internal/process/task_queues:95:5)","timestamp":"2024-08-27 21:57:00"}
{"level":"error","message":"/getSubcategoryById/66ce2f06f5008a60d9ad94a6 error: mongoose is not defined","method":"GET","path":"/getSubcategoryById/66ce2f06f5008a60d9ad94a6","stack":"Contact support.","status":500,"timestamp":"2024-08-27 21:57:00"}
{"level":"info","message":"API Success: notifications","method":"GET","path":"notifications","status":200,"timestamp":"2024-08-27 21:58:53"}
{"level":"info","message":"API Success: /listAllCategories","method":"GET","path":"/listAllCategories","status":200,"timestamp":"2024-08-27 21:58:53"}
{"level":"info","message":"User retrieved: randomUser1","timestamp":"2024-08-27 21:58:53"}
{"level":"info","message":"API Success: getUser","method":"GET","path":"getUser","status":200,"timestamp":"2024-08-27 21:58:53"}
{"level":"info","message":"API Success: /getSubcategoryById/66ce2f06f5008a60d9ad94a6","method":"GET","path":"/getSubcategoryById/66ce2f06f5008a60d9ad94a6","status":200,"timestamp":"2024-08-27 21:58:53"}
