{"level":"info","message":"API Success: notifications","method":"GET","path":"notifications","status":200,"timestamp":"2024-06-29 10:46:00"}
{"level":"info","message":"API Success: notifications","method":"GET","path":"notifications","status":200,"timestamp":"2024-06-29 10:46:01"}
{"level":"info","message":"User retrieved: masteradmin","timestamp":"2024-06-29 10:46:01"}
{"level":"info","message":"API Success: getUser","method":"GET","path":"getUser","status":200,"timestamp":"2024-06-29 10:46:01"}
{"level":"info","message":"User retrieved: masteradmin","timestamp":"2024-06-29 10:46:01"}
{"level":"info","message":"API Success: getUser","method":"GET","path":"getUser","status":200,"timestamp":"2024-06-29 10:46:01"}
{"level":"info","message":"API Success: notifications","method":"GET","path":"notifications","status":200,"timestamp":"2024-06-29 11:26:02"}
{"level":"info","message":"User retrieved: masteradmin","timestamp":"2024-06-29 11:26:02"}
{"level":"info","message":"API Success: getUser","method":"GET","path":"getUser","status":200,"timestamp":"2024-06-29 11:26:02"}
{"level":"info","message":"API Success: notifications","method":"GET","path":"notifications","status":200,"timestamp":"2024-06-29 11:26:02"}
{"level":"info","message":"User retrieved: masteradmin","timestamp":"2024-06-29 11:26:03"}
{"level":"info","message":"API Success: getUser","method":"GET","path":"getUser","status":200,"timestamp":"2024-06-29 11:26:04"}
{"level":"info","message":"User retrieved: masteradmin","timestamp":"2024-06-29 11:26:27"}
{"level":"info","message":"API Success: getUser","method":"GET","path":"getUser","status":200,"timestamp":"2024-06-29 11:26:27"}
{"level":"info","message":"User retrieved: masteradmin","timestamp":"2024-06-29 11:26:28"}
{"level":"info","message":"API Success: getUser","method":"GET","path":"getUser","status":200,"timestamp":"2024-06-29 11:26:28"}
{"level":"info","message":"API Success: notifications","method":"GET","path":"notifications","status":200,"timestamp":"2024-06-29 11:26:28"}
{"level":"info","message":"API Success: notifications","method":"GET","path":"notifications","status":200,"timestamp":"2024-06-29 11:26:28"}
{"level":"info","message":"API Success: notifications","method":"GET","path":"notifications","status":200,"timestamp":"2024-06-29 11:29:10"}
{"level":"info","message":"User retrieved: masteradmin","timestamp":"2024-06-29 11:29:10"}
{"level":"info","message":"API Success: getUser","method":"GET","path":"getUser","status":200,"timestamp":"2024-06-29 11:29:10"}
{"level":"info","message":"API Success: notifications","method":"GET","path":"notifications","status":200,"timestamp":"2024-06-29 11:29:10"}
{"level":"info","message":"User retrieved: masteradmin","timestamp":"2024-06-29 11:29:11"}
{"level":"info","message":"API Success: getUser","method":"GET","path":"getUser","status":200,"timestamp":"2024-06-29 11:29:11"}
{"level":"info","message":"User retrieved: masteradmin","timestamp":"2024-06-29 11:31:33"}
{"level":"info","message":"API Success: getUser","method":"GET","path":"getUser","status":200,"timestamp":"2024-06-29 11:31:33"}
{"level":"info","message":"API Success: notifications","method":"GET","path":"notifications","status":200,"timestamp":"2024-06-29 11:31:33"}
{"level":"info","message":"API Success: notifications","method":"GET","path":"notifications","status":200,"timestamp":"2024-06-29 11:31:33"}
{"level":"info","message":"User retrieved: masteradmin","timestamp":"2024-06-29 11:31:33"}
{"level":"info","message":"API Success: getUser","method":"GET","path":"getUser","status":200,"timestamp":"2024-06-29 11:31:33"}
{"level":"info","message":"API Success: notifications","method":"GET","path":"notifications","status":200,"timestamp":"2024-06-29 11:33:06"}
{"level":"info","message":"API Success: notifications","method":"GET","path":"notifications","status":200,"timestamp":"2024-06-29 11:33:07"}
{"level":"info","message":"User retrieved: masteradmin","timestamp":"2024-06-29 11:33:07"}
{"level":"info","message":"API Success: getUser","method":"GET","path":"getUser","status":200,"timestamp":"2024-06-29 11:33:08"}
{"level":"info","message":"User retrieved: masteradmin","timestamp":"2024-06-29 11:33:09"}
{"level":"info","message":"API Success: getUser","method":"GET","path":"getUser","status":200,"timestamp":"2024-06-29 11:33:10"}
{"level":"info","message":"API Success: notifications","method":"GET","path":"notifications","status":200,"timestamp":"2024-06-29 11:34:01"}
{"level":"info","message":"User retrieved: masteradmin","timestamp":"2024-06-29 11:34:02"}
{"level":"info","message":"API Success: getUser","method":"GET","path":"getUser","status":200,"timestamp":"2024-06-29 11:34:02"}
{"level":"info","message":"API Success: notifications","method":"GET","path":"notifications","status":200,"timestamp":"2024-06-29 11:34:02"}
{"level":"info","message":"User retrieved: masteradmin","timestamp":"2024-06-29 11:34:03"}
{"level":"info","message":"API Success: getUser","method":"GET","path":"getUser","status":200,"timestamp":"2024-06-29 11:34:03"}
{"level":"info","message":"API Success: notifications","method":"GET","path":"notifications","status":200,"timestamp":"2024-06-29 11:36:58"}
{"level":"info","message":"API Success: notifications","method":"GET","path":"notifications","status":200,"timestamp":"2024-06-29 11:36:58"}
{"level":"info","message":"User retrieved: masteradmin","timestamp":"2024-06-29 11:36:58"}
{"level":"info","message":"API Success: getUser","method":"GET","path":"getUser","status":200,"timestamp":"2024-06-29 11:36:59"}
{"level":"info","message":"User retrieved: masteradmin","timestamp":"2024-06-29 11:37:00"}
{"level":"info","message":"API Success: getUser","method":"GET","path":"getUser","status":200,"timestamp":"2024-06-29 11:37:00"}
{"level":"error","message":"undefined_path error: The token is invalid: jwt expired","path":"undefined_path","stack":"No additional details provided.","status":403,"timestamp":"2024-06-29 11:45:13"}
{"level":"info","message":"API Success: test-notification","method":"POST","path":"test-notification","status":200,"timestamp":"2024-06-29 11:45:26"}
{"level":"info","message":"API Success: notifications","method":"GET","path":"notifications","status":200,"timestamp":"2024-06-29 11:45:35"}
{"level":"info","message":"User retrieved: masteradmin","timestamp":"2024-06-29 11:45:36"}
{"level":"info","message":"API Success: getUser","method":"GET","path":"getUser","status":200,"timestamp":"2024-06-29 11:45:36"}
{"level":"info","message":"API Success: notifications","method":"GET","path":"notifications","status":200,"timestamp":"2024-06-29 11:45:36"}
{"level":"info","message":"User retrieved: masteradmin","timestamp":"2024-06-29 11:45:37"}
{"level":"info","message":"API Success: getUser","method":"GET","path":"getUser","status":200,"timestamp":"2024-06-29 11:45:37"}
{"level":"info","message":"API Success: notifications","method":"GET","path":"notifications","status":200,"timestamp":"2024-06-29 11:52:53"}
{"level":"info","message":"User retrieved: masteradmin","timestamp":"2024-06-29 11:52:54"}
{"level":"info","message":"API Success: getUser","method":"GET","path":"getUser","status":200,"timestamp":"2024-06-29 11:52:54"}
{"level":"info","message":"API Success: notifications","method":"GET","path":"notifications","status":200,"timestamp":"2024-06-29 11:52:54"}
{"level":"info","message":"User retrieved: masteradmin","timestamp":"2024-06-29 11:52:54"}
{"level":"info","message":"API Success: getUser","method":"GET","path":"getUser","status":200,"timestamp":"2024-06-29 11:52:54"}
{"level":"info","message":"API Success: notifications","method":"GET","path":"notifications","status":200,"timestamp":"2024-06-29 11:53:17"}
{"level":"info","message":"API Success: notifications","method":"GET","path":"notifications","status":200,"timestamp":"2024-06-29 11:53:17"}
{"level":"info","message":"User retrieved: masteradmin","timestamp":"2024-06-29 11:53:17"}
{"level":"info","message":"API Success: getUser","method":"GET","path":"getUser","status":200,"timestamp":"2024-06-29 11:53:17"}
{"level":"info","message":"User retrieved: masteradmin","timestamp":"2024-06-29 11:53:18"}
{"level":"info","message":"API Success: getUser","method":"GET","path":"getUser","status":200,"timestamp":"2024-06-29 11:53:18"}
{"level":"info","message":"User retrieved: masteradmin","timestamp":"2024-06-29 11:53:20"}
{"level":"info","message":"API Success: getUser","method":"GET","path":"getUser","status":200,"timestamp":"2024-06-29 11:53:20"}
{"level":"info","message":"API Success: notifications","method":"GET","path":"notifications","status":200,"timestamp":"2024-06-29 11:53:20"}
{"level":"info","message":"API Success: notifications","method":"GET","path":"notifications","status":200,"timestamp":"2024-06-29 11:53:20"}
{"level":"info","message":"User retrieved: masteradmin","timestamp":"2024-06-29 11:53:20"}
{"level":"info","message":"API Success: getUser","method":"GET","path":"getUser","status":200,"timestamp":"2024-06-29 11:53:20"}
{"level":"info","message":"API Success: test-notification","method":"POST","path":"test-notification","status":200,"timestamp":"2024-06-29 11:53:46"}
{"level":"info","message":"User retrieved: masteradmin","timestamp":"2024-06-29 11:53:57"}
{"level":"info","message":"API Success: getUser","method":"GET","path":"getUser","status":200,"timestamp":"2024-06-29 11:53:57"}
{"level":"info","message":"API Success: notifications","method":"GET","path":"notifications","status":200,"timestamp":"2024-06-29 11:53:57"}
{"level":"info","message":"API Success: notifications","method":"GET","path":"notifications","status":200,"timestamp":"2024-06-29 11:53:57"}
{"level":"info","message":"User retrieved: masteradmin","timestamp":"2024-06-29 11:53:57"}
{"level":"info","message":"API Success: getUser","method":"GET","path":"getUser","status":200,"timestamp":"2024-06-29 11:53:57"}
{"level":"info","message":"API Success: notifications","method":"GET","path":"notifications","status":200,"timestamp":"2024-06-29 11:56:10"}
{"level":"info","message":"API Success: notifications","method":"GET","path":"notifications","status":200,"timestamp":"2024-06-29 11:56:10"}
{"level":"info","message":"User retrieved: masteradmin","timestamp":"2024-06-29 11:56:11"}
{"level":"info","message":"API Success: getUser","method":"GET","path":"getUser","status":200,"timestamp":"2024-06-29 11:56:11"}
{"level":"info","message":"User retrieved: masteradmin","timestamp":"2024-06-29 11:56:11"}
{"level":"info","message":"API Success: getUser","method":"GET","path":"getUser","status":200,"timestamp":"2024-06-29 11:56:11"}
{"level":"info","message":"API Success: test-notification","method":"POST","path":"test-notification","status":200,"timestamp":"2024-06-29 11:56:32"}
{"level":"info","message":"API Success: notifications","method":"GET","path":"notifications","status":200,"timestamp":"2024-06-29 11:56:42"}
{"level":"info","message":"User retrieved: masteradmin","timestamp":"2024-06-29 11:56:43"}
{"level":"info","message":"API Success: getUser","method":"GET","path":"getUser","status":200,"timestamp":"2024-06-29 11:56:43"}
{"level":"info","message":"API Success: notifications","method":"GET","path":"notifications","status":200,"timestamp":"2024-06-29 11:56:43"}
{"level":"info","message":"User retrieved: masteradmin","timestamp":"2024-06-29 11:56:44"}
{"level":"info","message":"API Success: getUser","method":"GET","path":"getUser","status":200,"timestamp":"2024-06-29 11:56:44"}
{"level":"info","message":"API Success: test-notification","method":"POST","path":"test-notification","status":200,"timestamp":"2024-06-29 12:13:37"}
{"level":"info","message":"API Success: test-notification","method":"POST","path":"test-notification","status":200,"timestamp":"2024-06-29 12:17:26"}
{"level":"info","message":"API Success: notifications","method":"GET","path":"notifications","status":200,"timestamp":"2024-06-29 12:18:08"}
{"level":"info","message":"API Success: notifications","method":"GET","path":"notifications","status":200,"timestamp":"2024-06-29 12:18:09"}
{"level":"info","message":"User retrieved: masteradmin","timestamp":"2024-06-29 12:18:09"}
{"level":"info","message":"API Success: getUser","method":"GET","path":"getUser","status":200,"timestamp":"2024-06-29 12:18:09"}
{"level":"info","message":"User retrieved: masteradmin","timestamp":"2024-06-29 12:18:09"}
{"level":"info","message":"API Success: getUser","method":"GET","path":"getUser","status":200,"timestamp":"2024-06-29 12:18:09"}
{"level":"info","message":"API Success: loginUser","method":"POST","path":"loginUser","status":200,"timestamp":"2024-06-29 12:20:28"}
{"level":"info","message":"User retrieved: masteradmin","timestamp":"2024-06-29 12:20:28"}
{"level":"info","message":"API Success: getUser","method":"GET","path":"getUser","status":200,"timestamp":"2024-06-29 12:20:28"}
{"level":"info","message":"API Success: notifications","method":"GET","path":"notifications","status":200,"timestamp":"2024-06-29 12:20:28"}
{"level":"info","message":"User retrieved: masteradmin","timestamp":"2024-06-29 12:20:28"}
{"level":"info","message":"API Success: getUser","method":"GET","path":"getUser","status":200,"timestamp":"2024-06-29 12:20:28"}
{"level":"info","message":"API Success: notifications","method":"GET","path":"notifications","status":200,"timestamp":"2024-06-29 12:20:32"}
{"level":"error","message":"undefined_path error: The token is invalid: jwt expired","path":"undefined_path","stack":"No additional details provided.","status":403,"timestamp":"2024-06-29 12:22:51"}
{"level":"info","message":"API Success: test-notification","method":"POST","path":"test-notification","status":200,"timestamp":"2024-06-29 12:23:04"}
{"level":"info","message":"API Success: test-notification","method":"POST","path":"test-notification","status":200,"timestamp":"2024-06-29 12:23:19"}
{"level":"info","message":"API Success: notifications","method":"GET","path":"notifications","status":200,"timestamp":"2024-06-29 12:24:10"}
{"level":"info","message":"User retrieved: masteradmin","timestamp":"2024-06-29 12:24:10"}
{"level":"info","message":"API Success: getUser","method":"GET","path":"getUser","status":200,"timestamp":"2024-06-29 12:24:10"}
{"level":"info","message":"API Success: notifications","method":"GET","path":"notifications","status":200,"timestamp":"2024-06-29 12:24:10"}
{"level":"info","message":"User retrieved: masteradmin","timestamp":"2024-06-29 12:24:10"}
{"level":"info","message":"API Success: getUser","method":"GET","path":"getUser","status":200,"timestamp":"2024-06-29 12:24:10"}
{"level":"info","message":"API Success: notifications","method":"GET","path":"notifications","status":200,"timestamp":"2024-06-29 12:35:18"}
{"level":"info","message":"User retrieved: masteradmin","timestamp":"2024-06-29 12:35:19"}
{"level":"info","message":"API Success: getUser","method":"GET","path":"getUser","status":200,"timestamp":"2024-06-29 12:35:19"}
{"level":"info","message":"API Success: notifications","method":"GET","path":"notifications","status":200,"timestamp":"2024-06-29 12:35:19"}
{"level":"info","message":"User retrieved: masteradmin","timestamp":"2024-06-29 12:35:19"}
{"level":"info","message":"API Success: getUser","method":"GET","path":"getUser","status":200,"timestamp":"2024-06-29 12:35:19"}
{"level":"info","message":"API Success: notifications","method":"GET","path":"notifications","status":200,"timestamp":"2024-06-29 13:43:49"}
{"level":"info","message":"User retrieved: masteradmin","timestamp":"2024-06-29 13:43:49"}
{"level":"info","message":"API Success: getUser","method":"GET","path":"getUser","status":200,"timestamp":"2024-06-29 13:43:49"}
{"level":"info","message":"API Success: notifications","method":"GET","path":"notifications","status":200,"timestamp":"2024-06-29 13:43:49"}
{"level":"info","message":"User retrieved: masteradmin","timestamp":"2024-06-29 13:43:49"}
{"level":"info","message":"API Success: getUser","method":"GET","path":"getUser","status":200,"timestamp":"2024-06-29 13:43:49"}
{"level":"info","message":"API Success: notifications","method":"GET","path":"notifications","status":200,"timestamp":"2024-06-29 13:45:28"}
{"level":"info","message":"User retrieved: masteradmin","timestamp":"2024-06-29 13:45:28"}
{"level":"info","message":"API Success: getUser","method":"GET","path":"getUser","status":200,"timestamp":"2024-06-29 13:45:28"}
{"level":"info","message":"API Success: notifications","method":"GET","path":"notifications","status":200,"timestamp":"2024-06-29 13:45:28"}
{"level":"info","message":"User retrieved: masteradmin","timestamp":"2024-06-29 13:45:29"}
{"level":"info","message":"API Success: getUser","method":"GET","path":"getUser","status":200,"timestamp":"2024-06-29 13:45:29"}
{"level":"info","message":"API Success: notifications","method":"GET","path":"notifications","status":200,"timestamp":"2024-06-29 13:45:37"}
{"level":"info","message":"API Success: notifications","method":"GET","path":"notifications","status":200,"timestamp":"2024-06-29 13:45:38"}
{"level":"info","message":"User retrieved: masteradmin","timestamp":"2024-06-29 13:45:38"}
{"level":"info","message":"API Success: getUser","method":"GET","path":"getUser","status":200,"timestamp":"2024-06-29 13:45:38"}
{"level":"info","message":"User retrieved: masteradmin","timestamp":"2024-06-29 13:45:39"}
{"level":"info","message":"API Success: getUser","method":"GET","path":"getUser","status":200,"timestamp":"2024-06-29 13:45:39"}
{"level":"info","message":"API Success: test-notification","method":"POST","path":"test-notification","status":200,"timestamp":"2024-06-29 13:46:20"}
{"level":"info","message":"API Success: notifications","method":"GET","path":"notifications","status":200,"timestamp":"2024-06-29 13:52:26"}
{"level":"info","message":"API Success: notifications","method":"GET","path":"notifications","status":200,"timestamp":"2024-06-29 13:52:27"}
{"level":"info","message":"User retrieved: masteradmin","timestamp":"2024-06-29 13:52:27"}
{"level":"info","message":"API Success: getUser","method":"GET","path":"getUser","status":200,"timestamp":"2024-06-29 13:52:27"}
{"level":"info","message":"User retrieved: masteradmin","timestamp":"2024-06-29 13:52:28"}
{"level":"info","message":"API Success: getUser","method":"GET","path":"getUser","status":200,"timestamp":"2024-06-29 13:52:28"}
{"level":"info","message":"API Success: notifications","method":"GET","path":"notifications","status":200,"timestamp":"2024-06-29 13:59:36"}
{"level":"info","message":"API Success: notifications","method":"GET","path":"notifications","status":200,"timestamp":"2024-06-29 13:59:36"}
{"level":"info","message":"User retrieved: masteradmin","timestamp":"2024-06-29 13:59:36"}
{"level":"info","message":"API Success: getUser","method":"GET","path":"getUser","status":200,"timestamp":"2024-06-29 13:59:36"}
{"level":"info","message":"User retrieved: masteradmin","timestamp":"2024-06-29 13:59:36"}
{"level":"info","message":"API Success: getUser","method":"GET","path":"getUser","status":200,"timestamp":"2024-06-29 13:59:36"}
{"level":"info","message":"API Success: notifications","method":"GET","path":"notifications","status":200,"timestamp":"2024-06-29 13:59:45"}
{"level":"info","message":"API Success: notifications","method":"GET","path":"notifications","status":200,"timestamp":"2024-06-29 13:59:45"}
{"level":"info","message":"User retrieved: masteradmin","timestamp":"2024-06-29 13:59:45"}
{"level":"info","message":"API Success: getUser","method":"GET","path":"getUser","status":200,"timestamp":"2024-06-29 13:59:45"}
{"level":"info","message":"User retrieved: masteradmin","timestamp":"2024-06-29 13:59:45"}
{"level":"info","message":"API Success: getUser","method":"GET","path":"getUser","status":200,"timestamp":"2024-06-29 13:59:45"}
{"level":"info","message":"API Success: test-notification","method":"POST","path":"test-notification","status":200,"timestamp":"2024-06-29 14:00:08"}
{"level":"info","message":"User retrieved: masteradmin","timestamp":"2024-06-29 14:00:19"}
{"level":"info","message":"API Success: getUser","method":"GET","path":"getUser","status":200,"timestamp":"2024-06-29 14:00:19"}
{"level":"info","message":"API Success: notifications","method":"GET","path":"notifications","status":200,"timestamp":"2024-06-29 14:00:19"}
{"level":"info","message":"API Success: notifications","method":"GET","path":"notifications","status":200,"timestamp":"2024-06-29 14:00:19"}
{"level":"info","message":"User retrieved: masteradmin","timestamp":"2024-06-29 14:00:19"}
{"level":"info","message":"API Success: getUser","method":"GET","path":"getUser","status":200,"timestamp":"2024-06-29 14:00:19"}
{"level":"info","message":"API Success: notifications/667ff74882cc0dbca05fe7e5/view","method":"PATCH","path":"notifications/667ff74882cc0dbca05fe7e5/view","status":200,"timestamp":"2024-06-29 14:00:23"}
{"level":"info","message":"API Success: notifications","method":"GET","path":"notifications","status":200,"timestamp":"2024-06-29 14:00:30"}
{"level":"info","message":"User retrieved: masteradmin","timestamp":"2024-06-29 14:00:31"}
{"level":"info","message":"API Success: getUser","method":"GET","path":"getUser","status":200,"timestamp":"2024-06-29 14:00:31"}
{"level":"info","message":"API Success: notifications","method":"GET","path":"notifications","status":200,"timestamp":"2024-06-29 14:00:31"}
{"level":"info","message":"User retrieved: masteradmin","timestamp":"2024-06-29 14:00:31"}
{"level":"info","message":"API Success: getUser","method":"GET","path":"getUser","status":200,"timestamp":"2024-06-29 14:00:31"}
{"level":"info","message":"API Success: test-notification","method":"POST","path":"test-notification","status":200,"timestamp":"2024-06-29 14:06:04"}
{"level":"info","message":"API Success: notifications","method":"GET","path":"notifications","status":200,"timestamp":"2024-06-29 14:06:07"}
{"level":"info","message":"API Success: notifications","method":"GET","path":"notifications","status":200,"timestamp":"2024-06-29 14:06:07"}
{"level":"info","message":"User retrieved: masteradmin","timestamp":"2024-06-29 14:06:08"}
{"level":"info","message":"API Success: getUser","method":"GET","path":"getUser","status":200,"timestamp":"2024-06-29 14:06:08"}
{"level":"info","message":"User retrieved: masteradmin","timestamp":"2024-06-29 14:06:08"}
{"level":"info","message":"API Success: getUser","method":"GET","path":"getUser","status":200,"timestamp":"2024-06-29 14:06:08"}
{"level":"info","message":"User retrieved: masteradmin","timestamp":"2024-06-29 14:06:14"}
{"level":"info","message":"API Success: getUser","method":"GET","path":"getUser","status":200,"timestamp":"2024-06-29 14:06:14"}
{"level":"info","message":"API Success: notifications","method":"GET","path":"notifications","status":200,"timestamp":"2024-06-29 14:06:14"}
{"level":"info","message":"API Success: notifications","method":"GET","path":"notifications","status":200,"timestamp":"2024-06-29 14:06:14"}
{"level":"info","message":"User retrieved: masteradmin","timestamp":"2024-06-29 14:06:14"}
{"level":"info","message":"API Success: getUser","method":"GET","path":"getUser","status":200,"timestamp":"2024-06-29 14:06:14"}
{"level":"info","message":"API Success: notifications/667ff8ac82cc0dbca05fe7fe/view","method":"PATCH","path":"notifications/667ff8ac82cc0dbca05fe7fe/view","status":200,"timestamp":"2024-06-29 14:06:19"}
{"level":"info","message":"API Success: notifications","method":"GET","path":"notifications","status":200,"timestamp":"2024-06-29 14:06:32"}
{"level":"info","message":"User retrieved: masteradmin","timestamp":"2024-06-29 14:06:32"}
{"level":"info","message":"API Success: getUser","method":"GET","path":"getUser","status":200,"timestamp":"2024-06-29 14:06:32"}
{"level":"info","message":"API Success: notifications","method":"GET","path":"notifications","status":200,"timestamp":"2024-06-29 14:06:32"}
{"level":"info","message":"User retrieved: masteradmin","timestamp":"2024-06-29 14:06:33"}
{"level":"info","message":"API Success: getUser","method":"GET","path":"getUser","status":200,"timestamp":"2024-06-29 14:06:33"}
{"level":"info","message":"API Success: notifications","method":"GET","path":"notifications","status":200,"timestamp":"2024-06-29 14:06:38"}
{"level":"info","message":"User retrieved: masteradmin","timestamp":"2024-06-29 14:06:39"}
{"level":"info","message":"API Success: getUser","method":"GET","path":"getUser","status":200,"timestamp":"2024-06-29 14:06:39"}
{"level":"info","message":"API Success: notifications","method":"GET","path":"notifications","status":200,"timestamp":"2024-06-29 14:06:39"}
{"level":"info","message":"User retrieved: masteradmin","timestamp":"2024-06-29 14:06:39"}
{"level":"info","message":"API Success: getUser","method":"GET","path":"getUser","status":200,"timestamp":"2024-06-29 14:06:39"}
{"level":"info","message":"API Success: notifications","method":"GET","path":"notifications","status":200,"timestamp":"2024-06-29 14:11:24"}
{"level":"info","message":"API Success: notifications","method":"GET","path":"notifications","status":200,"timestamp":"2024-06-29 14:11:24"}
{"level":"info","message":"User retrieved: masteradmin","timestamp":"2024-06-29 14:11:24"}
{"level":"info","message":"API Success: getUser","method":"GET","path":"getUser","status":200,"timestamp":"2024-06-29 14:11:24"}
{"level":"info","message":"User retrieved: masteradmin","timestamp":"2024-06-29 14:11:25"}
{"level":"info","message":"API Success: getUser","method":"GET","path":"getUser","status":200,"timestamp":"2024-06-29 14:11:25"}
{"level":"info","message":"API Success: notifications","method":"GET","path":"notifications","status":200,"timestamp":"2024-06-29 14:14:16"}
{"level":"info","message":"API Success: notifications","method":"GET","path":"notifications","status":200,"timestamp":"2024-06-29 14:14:17"}
{"level":"info","message":"User retrieved: masteradmin","timestamp":"2024-06-29 14:14:17"}
{"level":"info","message":"API Success: getUser","method":"GET","path":"getUser","status":200,"timestamp":"2024-06-29 14:14:17"}
{"level":"info","message":"User retrieved: masteradmin","timestamp":"2024-06-29 14:14:17"}
{"level":"info","message":"API Success: getUser","method":"GET","path":"getUser","status":200,"timestamp":"2024-06-29 14:14:17"}
{"level":"info","message":"API Success: notifications/667ff8ac82cc0dbca05fe7fe","method":"DELETE","path":"notifications/667ff8ac82cc0dbca05fe7fe","status":200,"timestamp":"2024-06-29 14:15:07"}
{"level":"info","message":"API Success: notifications/667ff74882cc0dbca05fe7e5","method":"DELETE","path":"notifications/667ff74882cc0dbca05fe7e5","status":200,"timestamp":"2024-06-29 14:15:13"}
{"level":"info","message":"User retrieved: masteradmin","timestamp":"2024-06-29 14:15:17"}
{"level":"info","message":"API Success: getUser","method":"GET","path":"getUser","status":200,"timestamp":"2024-06-29 14:15:17"}
{"level":"info","message":"API Success: notifications","method":"GET","path":"notifications","status":200,"timestamp":"2024-06-29 14:15:17"}
{"level":"info","message":"User retrieved: masteradmin","timestamp":"2024-06-29 14:15:17"}
{"level":"info","message":"API Success: getUser","method":"GET","path":"getUser","status":200,"timestamp":"2024-06-29 14:15:17"}
{"level":"info","message":"API Success: notifications","method":"GET","path":"notifications","status":200,"timestamp":"2024-06-29 14:15:17"}
{"level":"info","message":"API Success: test-notification","method":"POST","path":"test-notification","status":200,"timestamp":"2024-06-29 14:15:28"}
{"level":"info","message":"API Success: notifications","method":"GET","path":"notifications","status":200,"timestamp":"2024-06-29 14:15:33"}
{"level":"info","message":"User retrieved: masteradmin","timestamp":"2024-06-29 14:15:33"}
{"level":"info","message":"API Success: getUser","method":"GET","path":"getUser","status":200,"timestamp":"2024-06-29 14:15:33"}
{"level":"info","message":"API Success: notifications","method":"GET","path":"notifications","status":200,"timestamp":"2024-06-29 14:15:33"}
{"level":"info","message":"User retrieved: masteradmin","timestamp":"2024-06-29 14:15:33"}
{"level":"info","message":"API Success: getUser","method":"GET","path":"getUser","status":200,"timestamp":"2024-06-29 14:15:33"}
{"level":"info","message":"API Success: test-notification","method":"POST","path":"test-notification","status":200,"timestamp":"2024-06-29 14:15:41"}
{"level":"info","message":"API Success: test-notification","method":"POST","path":"test-notification","status":200,"timestamp":"2024-06-29 14:15:42"}
{"level":"info","message":"API Success: test-notification","method":"POST","path":"test-notification","status":200,"timestamp":"2024-06-29 14:15:43"}
{"level":"info","message":"API Success: test-notification","method":"POST","path":"test-notification","status":200,"timestamp":"2024-06-29 14:15:44"}
{"level":"info","message":"API Success: test-notification","method":"POST","path":"test-notification","status":200,"timestamp":"2024-06-29 14:15:45"}
{"level":"info","message":"API Success: notifications/667ffae082cc0dbca05fe84f/view","method":"PATCH","path":"notifications/667ffae082cc0dbca05fe84f/view","status":200,"timestamp":"2024-06-29 14:15:47"}
{"level":"info","message":"API Success: notifications/667ffaed82cc0dbca05fe85b/view","method":"PATCH","path":"notifications/667ffaed82cc0dbca05fe85b/view","status":200,"timestamp":"2024-06-29 14:15:49"}
{"level":"info","message":"API Success: notifications/667ffaee82cc0dbca05fe85d/view","method":"PATCH","path":"notifications/667ffaee82cc0dbca05fe85d/view","status":200,"timestamp":"2024-06-29 14:15:50"}
{"level":"info","message":"API Success: notifications/667ffaef82cc0dbca05fe85f/view","method":"PATCH","path":"notifications/667ffaef82cc0dbca05fe85f/view","status":200,"timestamp":"2024-06-29 14:15:50"}
{"level":"info","message":"API Success: notifications/667ffaf082cc0dbca05fe861/view","method":"PATCH","path":"notifications/667ffaf082cc0dbca05fe861/view","status":200,"timestamp":"2024-06-29 14:15:51"}
{"level":"info","message":"API Success: notifications/667ffaf182cc0dbca05fe863/view","method":"PATCH","path":"notifications/667ffaf182cc0dbca05fe863/view","status":200,"timestamp":"2024-06-29 14:15:52"}
{"level":"info","message":"User retrieved: masteradmin","timestamp":"2024-06-29 14:16:17"}
{"level":"info","message":"API Success: getUser","method":"GET","path":"getUser","status":200,"timestamp":"2024-06-29 14:16:17"}
{"level":"info","message":"API Success: notifications","method":"GET","path":"notifications","status":200,"timestamp":"2024-06-29 14:16:17"}
{"level":"info","message":"API Success: notifications","method":"GET","path":"notifications","status":200,"timestamp":"2024-06-29 14:16:17"}
{"level":"info","message":"User retrieved: masteradmin","timestamp":"2024-06-29 14:16:17"}
{"level":"info","message":"API Success: getUser","method":"GET","path":"getUser","status":200,"timestamp":"2024-06-29 14:16:17"}
{"level":"info","message":"User retrieved: masteradmin","timestamp":"2024-06-29 14:19:33"}
{"level":"info","message":"API Success: getUser","method":"GET","path":"getUser","status":200,"timestamp":"2024-06-29 14:19:33"}
{"level":"info","message":"API Success: notifications","method":"GET","path":"notifications","status":200,"timestamp":"2024-06-29 14:19:33"}
{"level":"info","message":"API Success: notifications","method":"GET","path":"notifications","status":200,"timestamp":"2024-06-29 14:19:33"}
{"level":"info","message":"User retrieved: masteradmin","timestamp":"2024-06-29 14:19:33"}
{"level":"info","message":"API Success: getUser","method":"GET","path":"getUser","status":200,"timestamp":"2024-06-29 14:19:33"}
{"level":"info","message":"API Success: test-notification","method":"POST","path":"test-notification","status":200,"timestamp":"2024-06-29 14:20:31"}
{"level":"info","message":"API Success: notifications/667ffc0f82cc0dbca05fe88b/view","method":"PATCH","path":"notifications/667ffc0f82cc0dbca05fe88b/view","status":200,"timestamp":"2024-06-29 14:21:07"}
{"level":"info","message":"API Success: notifications/667ffc0f82cc0dbca05fe88b","method":"DELETE","path":"notifications/667ffc0f82cc0dbca05fe88b","status":200,"timestamp":"2024-06-29 14:23:33"}
{"level":"info","message":"API Success: test-notification","method":"POST","path":"test-notification","status":200,"timestamp":"2024-06-29 14:24:37"}
{"level":"info","message":"API Success: notifications","method":"GET","path":"notifications","status":200,"timestamp":"2024-06-29 14:24:40"}
{"level":"info","message":"User retrieved: masteradmin","timestamp":"2024-06-29 14:24:40"}
{"level":"info","message":"API Success: getUser","method":"GET","path":"getUser","status":200,"timestamp":"2024-06-29 14:24:40"}
{"level":"info","message":"API Success: notifications","method":"GET","path":"notifications","status":200,"timestamp":"2024-06-29 14:24:40"}
{"level":"info","message":"User retrieved: masteradmin","timestamp":"2024-06-29 14:24:40"}
{"level":"info","message":"API Success: getUser","method":"GET","path":"getUser","status":200,"timestamp":"2024-06-29 14:24:40"}
{"level":"info","message":"API Success: notifications/667ffd0582cc0dbca05fe893/view","method":"PATCH","path":"notifications/667ffd0582cc0dbca05fe893/view","status":200,"timestamp":"2024-06-29 14:24:43"}
{"level":"info","message":"API Success: notifications/667ffd0582cc0dbca05fe893","method":"DELETE","path":"notifications/667ffd0582cc0dbca05fe893","status":200,"timestamp":"2024-06-29 14:24:45"}
{"details":"No additional details provided.","level":"error","message":"markAsViewed error: Notification not found","method":"PATCH","path":"notifications/667ffd0582cc0dbca05fe893/view","stack":"Error: Notification not found\n    at markAsViewed (C:\\Users\\Javier\\Documents\\proyectos\\ecommerce\\back\\controllers\\notificationController.js:33:19)\n    at process.processTicksAndRejections (node:internal/process/task_queues:95:5)","statusCode":404,"timestamp":"2024-06-29 14:25:04"}
{"level":"error","message":"notifications/667ffd0582cc0dbca05fe893/view error: Notification not found","method":"PATCH","path":"notifications/667ffd0582cc0dbca05fe893/view","stack":"No additional details provided.","status":404,"timestamp":"2024-06-29 14:25:04"}
{"level":"info","message":"API Success: notifications","method":"GET","path":"notifications","status":200,"timestamp":"2024-06-29 14:25:39"}
{"level":"info","message":"API Success: notifications","method":"GET","path":"notifications","status":200,"timestamp":"2024-06-29 14:25:39"}
{"level":"info","message":"User retrieved: masteradmin","timestamp":"2024-06-29 14:25:39"}
{"level":"info","message":"API Success: getUser","method":"GET","path":"getUser","status":200,"timestamp":"2024-06-29 14:25:39"}
{"level":"info","message":"User retrieved: masteradmin","timestamp":"2024-06-29 14:25:40"}
{"level":"info","message":"API Success: getUser","method":"GET","path":"getUser","status":200,"timestamp":"2024-06-29 14:25:40"}
{"level":"info","message":"User retrieved: masteradmin","timestamp":"2024-06-29 14:25:42"}
{"level":"info","message":"API Success: getUser","method":"GET","path":"getUser","status":200,"timestamp":"2024-06-29 14:25:42"}
{"level":"info","message":"API Success: notifications","method":"GET","path":"notifications","status":200,"timestamp":"2024-06-29 14:25:42"}
{"level":"info","message":"User retrieved: masteradmin","timestamp":"2024-06-29 14:25:42"}
{"level":"info","message":"API Success: getUser","method":"GET","path":"getUser","status":200,"timestamp":"2024-06-29 14:25:42"}
{"level":"info","message":"API Success: notifications","method":"GET","path":"notifications","status":200,"timestamp":"2024-06-29 14:25:42"}
{"level":"info","message":"API Success: test-notification","method":"POST","path":"test-notification","status":200,"timestamp":"2024-06-29 14:25:53"}
{"level":"info","message":"API Success: notifications/667ffd5182cc0dbca05fe8ba/view","method":"PATCH","path":"notifications/667ffd5182cc0dbca05fe8ba/view","status":200,"timestamp":"2024-06-29 14:25:58"}
{"level":"info","message":"API Success: test-notification","method":"POST","path":"test-notification","status":200,"timestamp":"2024-06-29 14:26:09"}
{"level":"info","message":"API Success: test-notification","method":"POST","path":"test-notification","status":200,"timestamp":"2024-06-29 14:26:10"}
{"level":"info","message":"API Success: test-notification","method":"POST","path":"test-notification","status":200,"timestamp":"2024-06-29 14:26:10"}
{"level":"info","message":"API Success: test-notification","method":"POST","path":"test-notification","status":200,"timestamp":"2024-06-29 14:26:10"}
{"level":"info","message":"API Success: test-notification","method":"POST","path":"test-notification","status":200,"timestamp":"2024-06-29 14:26:10"}
{"level":"info","message":"API Success: test-notification","method":"POST","path":"test-notification","status":200,"timestamp":"2024-06-29 14:26:11"}
{"level":"info","message":"API Success: test-notification","method":"POST","path":"test-notification","status":200,"timestamp":"2024-06-29 14:26:11"}
{"level":"info","message":"API Success: test-notification","method":"POST","path":"test-notification","status":200,"timestamp":"2024-06-29 14:26:11"}
{"level":"info","message":"API Success: test-notification","method":"POST","path":"test-notification","status":200,"timestamp":"2024-06-29 14:26:11"}
{"level":"info","message":"API Success: test-notification","method":"POST","path":"test-notification","status":200,"timestamp":"2024-06-29 14:26:11"}
{"level":"info","message":"API Success: test-notification","method":"POST","path":"test-notification","status":200,"timestamp":"2024-06-29 14:26:12"}
{"level":"info","message":"API Success: test-notification","method":"POST","path":"test-notification","status":200,"timestamp":"2024-06-29 14:26:12"}
{"level":"info","message":"API Success: test-notification","method":"POST","path":"test-notification","status":200,"timestamp":"2024-06-29 14:26:12"}
{"level":"info","message":"API Success: test-notification","method":"POST","path":"test-notification","status":200,"timestamp":"2024-06-29 14:26:12"}
{"level":"info","message":"API Success: test-notification","method":"POST","path":"test-notification","status":200,"timestamp":"2024-06-29 14:26:14"}
{"level":"info","message":"API Success: test-notification","method":"POST","path":"test-notification","status":200,"timestamp":"2024-06-29 14:26:15"}
{"level":"info","message":"API Success: test-notification","method":"POST","path":"test-notification","status":200,"timestamp":"2024-06-29 14:26:15"}
{"level":"info","message":"API Success: test-notification","method":"POST","path":"test-notification","status":200,"timestamp":"2024-06-29 14:26:15"}
{"level":"info","message":"API Success: test-notification","method":"POST","path":"test-notification","status":200,"timestamp":"2024-06-29 14:26:15"}
{"level":"info","message":"API Success: test-notification","method":"POST","path":"test-notification","status":200,"timestamp":"2024-06-29 14:26:15"}
{"level":"info","message":"API Success: test-notification","method":"POST","path":"test-notification","status":200,"timestamp":"2024-06-29 14:26:16"}
{"level":"info","message":"API Success: test-notification","method":"POST","path":"test-notification","status":200,"timestamp":"2024-06-29 14:26:16"}
{"level":"info","message":"API Success: test-notification","method":"POST","path":"test-notification","status":200,"timestamp":"2024-06-29 14:26:16"}
{"level":"info","message":"API Success: test-notification","method":"POST","path":"test-notification","status":200,"timestamp":"2024-06-29 14:26:16"}
{"level":"info","message":"API Success: test-notification","method":"POST","path":"test-notification","status":200,"timestamp":"2024-06-29 14:26:16"}
{"level":"info","message":"API Success: test-notification","method":"POST","path":"test-notification","status":200,"timestamp":"2024-06-29 14:26:16"}
{"level":"info","message":"API Success: notifications","method":"GET","path":"notifications","status":200,"timestamp":"2024-06-29 14:29:54"}
{"level":"info","message":"User retrieved: masteradmin","timestamp":"2024-06-29 14:29:55"}
{"level":"info","message":"API Success: getUser","method":"GET","path":"getUser","status":200,"timestamp":"2024-06-29 14:29:55"}
{"level":"info","message":"User retrieved: masteradmin","timestamp":"2024-06-29 14:29:55"}
{"level":"info","message":"API Success: getUser","method":"GET","path":"getUser","status":200,"timestamp":"2024-06-29 14:29:55"}
{"level":"info","message":"API Success: notifications","method":"GET","path":"notifications","status":200,"timestamp":"2024-06-29 14:30:00"}
{"level":"info","message":"API Success: notifications","method":"GET","path":"notifications","status":200,"timestamp":"2024-06-29 14:37:52"}
{"level":"info","message":"API Success: notifications","method":"GET","path":"notifications","status":200,"timestamp":"2024-06-29 14:37:52"}
{"level":"info","message":"User retrieved: masteradmin","timestamp":"2024-06-29 14:37:52"}
{"level":"info","message":"API Success: getUser","method":"GET","path":"getUser","status":200,"timestamp":"2024-06-29 14:37:52"}
{"level":"info","message":"User retrieved: masteradmin","timestamp":"2024-06-29 14:37:52"}
{"level":"info","message":"API Success: getUser","method":"GET","path":"getUser","status":200,"timestamp":"2024-06-29 14:37:52"}
{"level":"info","message":"API Success: notifications","method":"GET","path":"notifications","status":200,"timestamp":"2024-06-29 14:44:43"}
{"level":"info","message":"User retrieved: masteradmin","timestamp":"2024-06-29 14:44:43"}
{"level":"info","message":"API Success: getUser","method":"GET","path":"getUser","status":200,"timestamp":"2024-06-29 14:44:43"}
{"level":"info","message":"API Success: notifications","method":"GET","path":"notifications","status":200,"timestamp":"2024-06-29 14:44:44"}
{"level":"info","message":"User retrieved: masteradmin","timestamp":"2024-06-29 14:44:44"}
{"level":"info","message":"API Success: getUser","method":"GET","path":"getUser","status":200,"timestamp":"2024-06-29 14:44:44"}
{"level":"info","message":"API Success: notifications","method":"GET","path":"notifications","status":200,"timestamp":"2024-06-29 14:45:15"}
{"level":"info","message":"User retrieved: masteradmin","timestamp":"2024-06-29 14:45:15"}
{"level":"info","message":"API Success: getUser","method":"GET","path":"getUser","status":200,"timestamp":"2024-06-29 14:45:15"}
{"level":"info","message":"API Success: notifications","method":"GET","path":"notifications","status":200,"timestamp":"2024-06-29 14:45:15"}
{"level":"info","message":"User retrieved: masteradmin","timestamp":"2024-06-29 14:45:16"}
{"level":"info","message":"API Success: getUser","method":"GET","path":"getUser","status":200,"timestamp":"2024-06-29 14:45:16"}
{"level":"info","message":"API Success: notifications","method":"GET","path":"notifications","status":200,"timestamp":"2024-06-29 14:47:20"}
{"level":"info","message":"API Success: notifications","method":"GET","path":"notifications","status":200,"timestamp":"2024-06-29 14:47:20"}
{"level":"info","message":"User retrieved: masteradmin","timestamp":"2024-06-29 14:47:20"}
{"level":"info","message":"API Success: getUser","method":"GET","path":"getUser","status":200,"timestamp":"2024-06-29 14:47:20"}
{"level":"info","message":"User retrieved: masteradmin","timestamp":"2024-06-29 14:47:20"}
{"level":"info","message":"API Success: getUser","method":"GET","path":"getUser","status":200,"timestamp":"2024-06-29 14:47:21"}
{"level":"info","message":"API Success: notifications/667ffd6882cc0dbca05fe8f1/view","method":"PATCH","path":"notifications/667ffd6882cc0dbca05fe8f1/view","status":200,"timestamp":"2024-06-29 14:47:34"}
{"level":"info","message":"API Success: notifications/667ffd6882cc0dbca05fe8f1","method":"DELETE","path":"notifications/667ffd6882cc0dbca05fe8f1","status":200,"timestamp":"2024-06-29 14:47:35"}
{"level":"info","message":"API Success: notifications/667ffd6882cc0dbca05fe8ef","method":"DELETE","path":"notifications/667ffd6882cc0dbca05fe8ef","status":200,"timestamp":"2024-06-29 14:47:36"}
{"level":"info","message":"API Success: notifications/667ffd6882cc0dbca05fe8ed","method":"DELETE","path":"notifications/667ffd6882cc0dbca05fe8ed","status":200,"timestamp":"2024-06-29 14:47:36"}
{"level":"info","message":"API Success: notifications/667ffd6882cc0dbca05fe8eb","method":"DELETE","path":"notifications/667ffd6882cc0dbca05fe8eb","status":200,"timestamp":"2024-06-29 14:47:36"}
{"level":"info","message":"API Success: notifications/667ffd6882cc0dbca05fe8e9","method":"DELETE","path":"notifications/667ffd6882cc0dbca05fe8e9","status":200,"timestamp":"2024-06-29 14:47:36"}
{"level":"info","message":"API Success: notifications/667ffd6882cc0dbca05fe8e7","method":"DELETE","path":"notifications/667ffd6882cc0dbca05fe8e7","status":200,"timestamp":"2024-06-29 14:47:37"}
{"level":"info","message":"API Success: notifications/667ffd6782cc0dbca05fe8e5","method":"DELETE","path":"notifications/667ffd6782cc0dbca05fe8e5","status":200,"timestamp":"2024-06-29 14:47:37"}
{"level":"info","message":"API Success: notifications/667ffd6782cc0dbca05fe8e3","method":"DELETE","path":"notifications/667ffd6782cc0dbca05fe8e3","status":200,"timestamp":"2024-06-29 14:47:37"}
{"level":"info","message":"API Success: notifications/667ffd6782cc0dbca05fe8e1","method":"DELETE","path":"notifications/667ffd6782cc0dbca05fe8e1","status":200,"timestamp":"2024-06-29 14:47:38"}
{"level":"info","message":"API Success: notifications/667ffd6782cc0dbca05fe8df","method":"DELETE","path":"notifications/667ffd6782cc0dbca05fe8df","status":200,"timestamp":"2024-06-29 14:47:38"}
{"level":"info","message":"API Success: notifications/667ffd6782cc0dbca05fe8dd","method":"DELETE","path":"notifications/667ffd6782cc0dbca05fe8dd","status":200,"timestamp":"2024-06-29 14:47:38"}
{"level":"info","message":"API Success: notifications/667ffd6682cc0dbca05fe8db","method":"DELETE","path":"notifications/667ffd6682cc0dbca05fe8db","status":200,"timestamp":"2024-06-29 14:47:38"}
{"level":"info","message":"API Success: notifications/667ffd6482cc0dbca05fe8d9","method":"DELETE","path":"notifications/667ffd6482cc0dbca05fe8d9","status":200,"timestamp":"2024-06-29 14:47:38"}
{"level":"info","message":"API Success: notifications/667ffd6482cc0dbca05fe8d7","method":"DELETE","path":"notifications/667ffd6482cc0dbca05fe8d7","status":200,"timestamp":"2024-06-29 14:47:39"}
{"level":"info","message":"API Success: notifications/667ffd6482cc0dbca05fe8d5","method":"DELETE","path":"notifications/667ffd6482cc0dbca05fe8d5","status":200,"timestamp":"2024-06-29 14:47:39"}
{"level":"info","message":"API Success: notifications/667ffd6482cc0dbca05fe8d3","method":"DELETE","path":"notifications/667ffd6482cc0dbca05fe8d3","status":200,"timestamp":"2024-06-29 14:47:39"}
{"level":"info","message":"API Success: notifications/667ffd6382cc0dbca05fe8d1","method":"DELETE","path":"notifications/667ffd6382cc0dbca05fe8d1","status":200,"timestamp":"2024-06-29 14:47:39"}
{"level":"info","message":"API Success: notifications/667ffd6382cc0dbca05fe8cf","method":"DELETE","path":"notifications/667ffd6382cc0dbca05fe8cf","status":200,"timestamp":"2024-06-29 14:47:39"}
{"level":"info","message":"API Success: notifications/667ffd6382cc0dbca05fe8cd","method":"DELETE","path":"notifications/667ffd6382cc0dbca05fe8cd","status":200,"timestamp":"2024-06-29 14:47:39"}
{"level":"info","message":"API Success: notifications/667ffd6382cc0dbca05fe8cb","method":"DELETE","path":"notifications/667ffd6382cc0dbca05fe8cb","status":200,"timestamp":"2024-06-29 14:47:40"}
{"level":"info","message":"API Success: notifications/667ffd6382cc0dbca05fe8c9","method":"DELETE","path":"notifications/667ffd6382cc0dbca05fe8c9","status":200,"timestamp":"2024-06-29 14:47:40"}
{"level":"info","message":"API Success: notifications/667ffd6282cc0dbca05fe8c7","method":"DELETE","path":"notifications/667ffd6282cc0dbca05fe8c7","status":200,"timestamp":"2024-06-29 14:47:41"}
{"level":"info","message":"API Success: notifications/667ffd6282cc0dbca05fe8c5","method":"DELETE","path":"notifications/667ffd6282cc0dbca05fe8c5","status":200,"timestamp":"2024-06-29 14:47:42"}
{"level":"info","message":"API Success: notifications/667ffd6282cc0dbca05fe8c3","method":"DELETE","path":"notifications/667ffd6282cc0dbca05fe8c3","status":200,"timestamp":"2024-06-29 14:47:43"}
{"level":"info","message":"API Success: notifications/667ffd6282cc0dbca05fe8c1","method":"DELETE","path":"notifications/667ffd6282cc0dbca05fe8c1","status":200,"timestamp":"2024-06-29 14:47:44"}
{"level":"info","message":"API Success: notifications/667ffd6182cc0dbca05fe8bf","method":"DELETE","path":"notifications/667ffd6182cc0dbca05fe8bf","status":200,"timestamp":"2024-06-29 14:47:45"}
{"level":"info","message":"API Success: notifications/667ffd5182cc0dbca05fe8ba","method":"DELETE","path":"notifications/667ffd5182cc0dbca05fe8ba","status":200,"timestamp":"2024-06-29 14:47:46"}
{"level":"info","message":"User retrieved: masteradmin","timestamp":"2024-06-29 14:52:13"}
{"level":"info","message":"API Success: getUser","method":"GET","path":"getUser","status":200,"timestamp":"2024-06-29 14:52:13"}
{"level":"info","message":"API Success: notifications","method":"GET","path":"notifications","status":200,"timestamp":"2024-06-29 14:52:13"}
{"level":"info","message":"User retrieved: masteradmin","timestamp":"2024-06-29 14:52:13"}
{"level":"info","message":"API Success: getUser","method":"GET","path":"getUser","status":200,"timestamp":"2024-06-29 14:52:13"}
{"level":"info","message":"API Success: notifications","method":"GET","path":"notifications","status":200,"timestamp":"2024-06-29 14:52:59"}
{"level":"info","message":"User retrieved: masteradmin","timestamp":"2024-06-29 14:52:59"}
{"level":"info","message":"API Success: getUser","method":"GET","path":"getUser","status":200,"timestamp":"2024-06-29 14:52:59"}
{"level":"info","message":"User retrieved: masteradmin","timestamp":"2024-06-29 14:53:00"}
{"level":"info","message":"API Success: getUser","method":"GET","path":"getUser","status":200,"timestamp":"2024-06-29 14:53:00"}
{"level":"info","message":"API Success: notifications","method":"GET","path":"notifications","status":200,"timestamp":"2024-06-29 14:54:12"}
{"level":"info","message":"User retrieved: masteradmin","timestamp":"2024-06-29 14:54:12"}
{"level":"info","message":"API Success: getUser","method":"GET","path":"getUser","status":200,"timestamp":"2024-06-29 14:54:12"}
{"level":"info","message":"User retrieved: masteradmin","timestamp":"2024-06-29 14:54:12"}
{"level":"info","message":"API Success: getUser","method":"GET","path":"getUser","status":200,"timestamp":"2024-06-29 14:54:12"}
{"level":"info","message":"User retrieved: masteradmin","timestamp":"2024-06-29 14:57:09"}
{"level":"info","message":"API Success: getUser","method":"GET","path":"getUser","status":200,"timestamp":"2024-06-29 14:57:09"}
{"level":"info","message":"API Success: notifications","method":"GET","path":"notifications","status":200,"timestamp":"2024-06-29 14:57:09"}
{"level":"info","message":"User retrieved: masteradmin","timestamp":"2024-06-29 14:57:09"}
{"level":"info","message":"API Success: getUser","method":"GET","path":"getUser","status":200,"timestamp":"2024-06-29 14:57:09"}
{"level":"info","message":"API Success: notifications","method":"GET","path":"notifications","status":200,"timestamp":"2024-06-29 14:59:55"}
{"level":"info","message":"API Success: notifications","method":"GET","path":"notifications","status":200,"timestamp":"2024-06-29 14:59:55"}
{"level":"info","message":"User retrieved: masteradmin","timestamp":"2024-06-29 14:59:55"}
{"level":"info","message":"API Success: getUser","method":"GET","path":"getUser","status":200,"timestamp":"2024-06-29 14:59:55"}
{"level":"info","message":"User retrieved: masteradmin","timestamp":"2024-06-29 14:59:56"}
{"level":"info","message":"API Success: getUser","method":"GET","path":"getUser","status":200,"timestamp":"2024-06-29 14:59:56"}
{"level":"info","message":"API Success: test-notification","method":"POST","path":"test-notification","status":200,"timestamp":"2024-06-29 15:00:12"}
{"level":"info","message":"User retrieved: masteradmin","timestamp":"2024-06-29 15:00:23"}
{"level":"info","message":"API Success: getUser","method":"GET","path":"getUser","status":200,"timestamp":"2024-06-29 15:00:23"}
{"level":"info","message":"API Success: notifications","method":"GET","path":"notifications","status":200,"timestamp":"2024-06-29 15:00:24"}
{"level":"info","message":"API Success: notifications","method":"GET","path":"notifications","status":200,"timestamp":"2024-06-29 15:00:24"}
{"level":"info","message":"User retrieved: masteradmin","timestamp":"2024-06-29 15:00:24"}
{"level":"info","message":"API Success: getUser","method":"GET","path":"getUser","status":200,"timestamp":"2024-06-29 15:00:24"}
{"level":"info","message":"API Success: test-notification","method":"POST","path":"test-notification","status":200,"timestamp":"2024-06-29 15:00:36"}
{"level":"info","message":"API Success: notifications","method":"GET","path":"notifications","status":200,"timestamp":"2024-06-29 15:02:40"}
{"level":"info","message":"User retrieved: masteradmin","timestamp":"2024-06-29 15:02:40"}
{"level":"info","message":"API Success: getUser","method":"GET","path":"getUser","status":200,"timestamp":"2024-06-29 15:02:40"}
{"level":"info","message":"User retrieved: masteradmin","timestamp":"2024-06-29 15:02:40"}
{"level":"info","message":"API Success: getUser","method":"GET","path":"getUser","status":200,"timestamp":"2024-06-29 15:02:40"}
{"level":"info","message":"API Success: notifications","method":"GET","path":"notifications","status":200,"timestamp":"2024-06-29 15:02:43"}
{"level":"info","message":"API Success: test-notification","method":"POST","path":"test-notification","status":200,"timestamp":"2024-06-29 15:02:58"}
{"level":"info","message":"API Success: notifications","method":"GET","path":"notifications","status":200,"timestamp":"2024-06-29 15:03:29"}
{"level":"info","message":"API Success: notifications","method":"GET","path":"notifications","status":200,"timestamp":"2024-06-29 15:03:29"}
{"level":"info","message":"User retrieved: masteradmin","timestamp":"2024-06-29 15:03:30"}
{"level":"info","message":"API Success: getUser","method":"GET","path":"getUser","status":200,"timestamp":"2024-06-29 15:03:30"}
{"level":"info","message":"User retrieved: masteradmin","timestamp":"2024-06-29 15:03:31"}
{"level":"info","message":"API Success: getUser","method":"GET","path":"getUser","status":200,"timestamp":"2024-06-29 15:03:31"}
{"level":"info","message":"User retrieved: masteradmin","timestamp":"2024-06-29 15:03:55"}
{"level":"info","message":"API Success: getUser","method":"GET","path":"getUser","status":200,"timestamp":"2024-06-29 15:03:55"}
{"level":"info","message":"API Success: notifications","method":"GET","path":"notifications","status":200,"timestamp":"2024-06-29 15:03:55"}
{"level":"info","message":"User retrieved: masteradmin","timestamp":"2024-06-29 15:03:55"}
{"level":"info","message":"API Success: getUser","method":"GET","path":"getUser","status":200,"timestamp":"2024-06-29 15:03:55"}
{"level":"info","message":"API Success: notifications","method":"GET","path":"notifications","status":200,"timestamp":"2024-06-29 15:03:55"}
{"level":"info","message":"API Success: notifications/6680060282cc0dbca05fe9bf/view","method":"PATCH","path":"notifications/6680060282cc0dbca05fe9bf/view","status":200,"timestamp":"2024-06-29 15:04:08"}
{"level":"info","message":"API Success: notifications/6680057482cc0dbca05fe9b3/view","method":"PATCH","path":"notifications/6680057482cc0dbca05fe9b3/view","status":200,"timestamp":"2024-06-29 15:04:09"}
{"level":"info","message":"API Success: notifications/6680055c82cc0dbca05fe9a7/view","method":"PATCH","path":"notifications/6680055c82cc0dbca05fe9a7/view","status":200,"timestamp":"2024-06-29 15:04:09"}
{"level":"info","message":"API Success: notifications/6680060282cc0dbca05fe9bf","method":"DELETE","path":"notifications/6680060282cc0dbca05fe9bf","status":200,"timestamp":"2024-06-29 15:04:11"}
{"level":"info","message":"API Success: notifications/6680057482cc0dbca05fe9b3","method":"DELETE","path":"notifications/6680057482cc0dbca05fe9b3","status":200,"timestamp":"2024-06-29 15:04:12"}
{"level":"info","message":"API Success: notifications/6680055c82cc0dbca05fe9a7","method":"DELETE","path":"notifications/6680055c82cc0dbca05fe9a7","status":200,"timestamp":"2024-06-29 15:04:13"}
{"details":"No additional details provided.","level":"error","message":"markAsViewed error: Notification not found","method":"PATCH","path":"notifications/6680060282cc0dbca05fe9bf/view","stack":"Error: Notification not found\n    at markAsViewed (C:\\Users\\Javier\\Documents\\proyectos\\ecommerce\\back\\controllers\\notificationController.js:33:19)\n    at process.processTicksAndRejections (node:internal/process/task_queues:95:5)","statusCode":404,"timestamp":"2024-06-29 15:04:15"}
{"level":"error","message":"notifications/6680060282cc0dbca05fe9bf/view error: Notification not found","method":"PATCH","path":"notifications/6680060282cc0dbca05fe9bf/view","stack":"No additional details provided.","status":404,"timestamp":"2024-06-29 15:04:15"}
{"details":"No additional details provided.","level":"error","message":"markAsViewed error: Notification not found","method":"PATCH","path":"notifications/6680055c82cc0dbca05fe9a7/view","stack":"Error: Notification not found\n    at markAsViewed (C:\\Users\\Javier\\Documents\\proyectos\\ecommerce\\back\\controllers\\notificationController.js:33:19)\n    at process.processTicksAndRejections (node:internal/process/task_queues:95:5)","statusCode":404,"timestamp":"2024-06-29 15:04:16"}
{"level":"error","message":"notifications/6680055c82cc0dbca05fe9a7/view error: Notification not found","method":"PATCH","path":"notifications/6680055c82cc0dbca05fe9a7/view","stack":"No additional details provided.","status":404,"timestamp":"2024-06-29 15:04:16"}
{"details":"No additional details provided.","level":"error","message":"markAsViewed error: Notification not found","method":"PATCH","path":"notifications/6680057482cc0dbca05fe9b3/view","stack":"Error: Notification not found\n    at markAsViewed (C:\\Users\\Javier\\Documents\\proyectos\\ecommerce\\back\\controllers\\notificationController.js:33:19)\n    at process.processTicksAndRejections (node:internal/process/task_queues:95:5)","statusCode":404,"timestamp":"2024-06-29 15:04:17"}
{"level":"error","message":"notifications/6680057482cc0dbca05fe9b3/view error: Notification not found","method":"PATCH","path":"notifications/6680057482cc0dbca05fe9b3/view","stack":"No additional details provided.","status":404,"timestamp":"2024-06-29 15:04:17"}
{"level":"info","message":"API Success: test-notification","method":"POST","path":"test-notification","status":200,"timestamp":"2024-06-29 15:04:26"}
