{"level":"info","message":"API Success: loginUser","method":"POST","path":"loginUser","status":200,"timestamp":"2024-06-23 11:50:47"}
{"level":"info","message":"User randomUser99999 Successful login","timestamp":"2024-06-23 11:50:47"}
{"level":"info","message":"User retrieved: randomUser99999","timestamp":"2024-06-23 11:50:48"}
{"level":"info","message":"API Success: getUser","method":"GET","path":"getUser","status":200,"timestamp":"2024-06-23 11:50:48"}
{"details":"No additional details provided.","level":"error","message":"Error verifying permissions: Unauthorized access","path":"undefined_path","stack":"Error: Unauthorized access\n    at C:\\Users\\Javier\\Documents\\proyectos\\ecommerce\\back\\middlewares\\rbacMiddleware.js:27:19\n    at process.processTicksAndRejections (node:internal/process/task_queues:95:5)","statusCode":403,"timestamp":"2024-06-23 11:50:48"}
{"level":"error","message":"undefined_path error: Unauthorized access","path":"undefined_path","stack":"No additional details provided.","status":403,"timestamp":"2024-06-23 11:50:48"}
{"level":"info","message":"User retrieved: randomUser99999","timestamp":"2024-06-23 11:50:48"}
{"level":"info","message":"API Success: getUser","method":"GET","path":"getUser","status":200,"timestamp":"2024-06-23 11:50:48"}
{"level":"info","message":"User retrieved: randomUser99999","timestamp":"2024-06-23 11:56:07"}
{"level":"info","message":"API Success: getUser","method":"GET","path":"getUser","status":200,"timestamp":"2024-06-23 11:56:07"}
{"level":"info","message":"User retrieved: randomUser99999","timestamp":"2024-06-23 11:56:07"}
{"level":"info","message":"API Success: getUser","method":"GET","path":"getUser","status":200,"timestamp":"2024-06-23 11:56:07"}
{"level":"info","message":"User retrieved: randomUser99999","timestamp":"2024-06-23 11:56:19"}
{"level":"info","message":"API Success: getUser","method":"GET","path":"getUser","status":200,"timestamp":"2024-06-23 11:56:19"}
{"level":"info","message":"User retrieved: randomUser99999","timestamp":"2024-06-23 11:56:19"}
{"level":"info","message":"API Success: getUser","method":"GET","path":"getUser","status":200,"timestamp":"2024-06-23 11:56:19"}
{"level":"info","message":"User retrieved: randomUser99999","timestamp":"2024-06-23 11:58:12"}
{"level":"info","message":"API Success: getUser","method":"GET","path":"getUser","status":200,"timestamp":"2024-06-23 11:58:12"}
{"level":"info","message":"User retrieved: randomUser99999","timestamp":"2024-06-23 11:58:13"}
{"level":"info","message":"API Success: getUser","method":"GET","path":"getUser","status":200,"timestamp":"2024-06-23 11:58:13"}
{"level":"error","message":"Google authentication error: Validation error: \"sender\" must be a string, \"recipients[0]\" must be a string, \"recipients\" does not contain 1 required value(s)","stack":"Error: Validation error: \"sender\" must be a string, \"recipients[0]\" must be a string, \"recipients\" does not contain 1 required value(s)\n    at createSelfAlert (C:\\Users\\Javier\\Documents\\proyectos\\ecommerce\\back\\helpers\\alertHelper.js:24:19)\n    at authenticateWithGoogle (C:\\Users\\Javier\\Documents\\proyectos\\ecommerce\\back\\controllers\\AuthControllers.js:202:19)\n    at process.processTicksAndRejections (node:internal/process/task_queues:95:5)","timestamp":"2024-06-23 11:58:16"}
{"level":"error","message":"auth/google error: Validation error: \"sender\" must be a string, \"recipients[0]\" must be a string, \"recipients\" does not contain 1 required value(s)","method":"POST","path":"auth/google","stack":"Contact support.","status":500,"timestamp":"2024-06-23 11:58:16"}
{"level":"error","message":"Google authentication error: createSelfAlert is not defined","stack":"ReferenceError: createSelfAlert is not defined\n    at authenticateWithGoogle (C:\\Users\\Javier\\Documents\\proyectos\\ecommerce\\back\\controllers\\AuthControllers.js:219:13)\n    at process.processTicksAndRejections (node:internal/process/task_queues:95:5)","timestamp":"2024-06-23 14:33:33"}
{"level":"error","message":"auth/google error: createSelfAlert is not defined","method":"POST","path":"auth/google","stack":"Contact support.","status":500,"timestamp":"2024-06-23 14:33:33"}
{"level":"info","message":"Existing Google user logged in: gennarobarret","timestamp":"2024-06-23 14:34:51"}
{"level":"info","message":"API Success: auth/google","method":"POST","path":"auth/google","status":200,"timestamp":"2024-06-23 14:34:52"}
{"level":"info","message":"User retrieved: gennarobarret","timestamp":"2024-06-23 14:34:52"}
{"level":"info","message":"API Success: getUser","method":"GET","path":"getUser","status":200,"timestamp":"2024-06-23 14:34:52"}
{"level":"info","message":"User retrieved: gennarobarret","timestamp":"2024-06-23 14:34:52"}
{"level":"info","message":"API Success: getUser","method":"GET","path":"getUser","status":200,"timestamp":"2024-06-23 14:34:52"}
{"level":"info","message":"Existing Google user logged in: gennarobarret","timestamp":"2024-06-23 14:35:48"}
{"level":"info","message":"API Success: auth/google","method":"POST","path":"auth/google","status":200,"timestamp":"2024-06-23 14:35:48"}
{"level":"info","message":"User retrieved: gennarobarret","timestamp":"2024-06-23 14:35:48"}
{"level":"info","message":"API Success: getUser","method":"GET","path":"getUser","status":200,"timestamp":"2024-06-23 14:35:48"}
{"level":"info","message":"User retrieved: gennarobarret","timestamp":"2024-06-23 14:35:48"}
{"level":"info","message":"API Success: getUser","method":"GET","path":"getUser","status":200,"timestamp":"2024-06-23 14:35:48"}
{"level":"info","message":"API Success: loginUser","method":"POST","path":"loginUser","status":200,"timestamp":"2024-06-23 14:36:03"}
{"level":"info","message":"User randomUser99999 Successful login","timestamp":"2024-06-23 14:36:03"}
{"level":"info","message":"User retrieved: randomUser99999","timestamp":"2024-06-23 14:36:03"}
{"level":"info","message":"API Success: getUser","method":"GET","path":"getUser","status":200,"timestamp":"2024-06-23 14:36:03"}
{"level":"info","message":"User retrieved: randomUser99999","timestamp":"2024-06-23 14:36:03"}
{"level":"info","message":"API Success: getUser","method":"GET","path":"getUser","status":200,"timestamp":"2024-06-23 14:36:03"}
{"level":"info","message":"API Success: loginUser","method":"POST","path":"loginUser","status":200,"timestamp":"2024-06-23 14:36:44"}
{"level":"info","message":"User masteradmin Successful login","timestamp":"2024-06-23 14:36:44"}
{"level":"info","message":"User retrieved: masteradmin","timestamp":"2024-06-23 14:36:44"}
{"level":"info","message":"API Success: getUser","method":"GET","path":"getUser","status":200,"timestamp":"2024-06-23 14:36:44"}
{"level":"info","message":"User retrieved: masteradmin","timestamp":"2024-06-23 14:36:44"}
{"level":"info","message":"API Success: getUser","method":"GET","path":"getUser","status":200,"timestamp":"2024-06-23 14:36:44"}
{"level":"info","message":"API Success: loginUser","method":"POST","path":"loginUser","status":200,"timestamp":"2024-06-23 14:36:55"}
{"level":"info","message":"User randomUser99999 Successful login","timestamp":"2024-06-23 14:36:55"}
{"level":"info","message":"User retrieved: randomUser99999","timestamp":"2024-06-23 14:36:56"}
{"level":"info","message":"API Success: getUser","method":"GET","path":"getUser","status":200,"timestamp":"2024-06-23 14:36:56"}
{"level":"info","message":"User retrieved: randomUser99999","timestamp":"2024-06-23 14:36:56"}
{"level":"info","message":"API Success: getUser","method":"GET","path":"getUser","status":200,"timestamp":"2024-06-23 14:36:56"}
{"level":"info","message":"API Success: loginUser","method":"POST","path":"loginUser","status":200,"timestamp":"2024-06-23 15:23:30"}
{"level":"info","message":"User masteradmin Successful login","timestamp":"2024-06-23 15:23:30"}
{"level":"info","message":"Existing Google user logged in: gennarobarret","timestamp":"2024-06-23 15:23:41"}
{"level":"info","message":"API Success: auth/google","method":"POST","path":"auth/google","status":200,"timestamp":"2024-06-23 15:23:42"}
{"level":"info","message":"User retrieved: masteradmin","timestamp":"2024-06-23 15:23:42"}
{"level":"info","message":"API Success: getUser","method":"GET","path":"getUser","status":200,"timestamp":"2024-06-23 15:23:42"}
{"level":"info","message":"User retrieved: masteradmin","timestamp":"2024-06-23 15:23:44"}
{"level":"info","message":"API Success: getUser","method":"GET","path":"getUser","status":200,"timestamp":"2024-06-23 15:23:44"}
{"level":"info","message":"User retrieved: gennarobarret","timestamp":"2024-06-23 15:32:04"}
{"level":"info","message":"API Success: getUser","method":"GET","path":"getUser","status":200,"timestamp":"2024-06-23 15:32:04"}
{"level":"info","message":"User retrieved: masteradmin","timestamp":"2024-06-23 15:32:04"}
{"level":"info","message":"API Success: getUser","method":"GET","path":"getUser","status":200,"timestamp":"2024-06-23 15:32:04"}
{"level":"info","message":"User retrieved: masteradmin","timestamp":"2024-06-23 15:32:05"}
{"level":"info","message":"API Success: getUser","method":"GET","path":"getUser","status":200,"timestamp":"2024-06-23 15:32:05"}
{"level":"info","message":"API Success: loginUser","method":"POST","path":"loginUser","status":200,"timestamp":"2024-06-23 15:32:11"}
{"level":"info","message":"User masteradmin Successful login","timestamp":"2024-06-23 15:32:11"}
{"level":"info","message":"User retrieved: masteradmin","timestamp":"2024-06-23 15:32:11"}
{"level":"info","message":"API Success: getUser","method":"GET","path":"getUser","status":200,"timestamp":"2024-06-23 15:32:11"}
{"level":"info","message":"User retrieved: masteradmin","timestamp":"2024-06-23 15:32:12"}
{"level":"info","message":"API Success: getUser","method":"GET","path":"getUser","status":200,"timestamp":"2024-06-23 15:32:12"}
{"level":"info","message":"API Success: loginUser","method":"POST","path":"loginUser","status":200,"timestamp":"2024-06-23 15:33:03"}
{"level":"info","message":"User randomUser99999 Successful login","timestamp":"2024-06-23 15:33:03"}
{"level":"info","message":"User retrieved: randomUser99999","timestamp":"2024-06-23 15:33:04"}
{"level":"info","message":"API Success: getUser","method":"GET","path":"getUser","status":200,"timestamp":"2024-06-23 15:33:04"}
{"level":"info","message":"User retrieved: randomUser99999","timestamp":"2024-06-23 15:33:04"}
{"level":"info","message":"API Success: getUser","method":"GET","path":"getUser","status":200,"timestamp":"2024-06-23 15:33:04"}
{"level":"info","message":"Existing Google user logged in: gennarobarret","timestamp":"2024-06-23 15:33:16"}
{"level":"info","message":"API Success: auth/google","method":"POST","path":"auth/google","status":200,"timestamp":"2024-06-23 15:33:16"}
{"level":"info","message":"User retrieved: gennarobarret","timestamp":"2024-06-23 15:33:16"}
{"level":"info","message":"API Success: getUser","method":"GET","path":"getUser","status":200,"timestamp":"2024-06-23 15:33:16"}
{"level":"info","message":"User retrieved: gennarobarret","timestamp":"2024-06-23 15:33:16"}
{"level":"info","message":"API Success: getUser","method":"GET","path":"getUser","status":200,"timestamp":"2024-06-23 15:33:16"}
{"level":"info","message":"API Success: loginUser","method":"POST","path":"loginUser","status":200,"timestamp":"2024-06-23 15:34:36"}
{"level":"info","message":"User masteradmin Successful login","timestamp":"2024-06-23 15:34:37"}
{"level":"info","message":"API Success: loginUser","method":"POST","path":"loginUser","status":200,"timestamp":"2024-06-23 15:35:34"}
{"level":"info","message":"User masteradmin Successful login","timestamp":"2024-06-23 15:35:34"}
{"level":"info","message":"User retrieved: masteradmin","timestamp":"2024-06-23 15:35:34"}
{"level":"info","message":"API Success: getUser","method":"GET","path":"getUser","status":200,"timestamp":"2024-06-23 15:35:34"}
{"level":"info","message":"User retrieved: masteradmin","timestamp":"2024-06-23 15:35:34"}
{"level":"info","message":"API Success: getUser","method":"GET","path":"getUser","status":200,"timestamp":"2024-06-23 15:35:34"}
{"level":"info","message":"API Success: loginUser","method":"POST","path":"loginUser","status":200,"timestamp":"2024-06-23 15:36:09"}
{"level":"info","message":"User masteradmin Successful login","timestamp":"2024-06-23 15:36:09"}
{"level":"info","message":"User retrieved: masteradmin","timestamp":"2024-06-23 15:36:10"}
{"level":"info","message":"API Success: getUser","method":"GET","path":"getUser","status":200,"timestamp":"2024-06-23 15:36:10"}
{"level":"info","message":"User retrieved: masteradmin","timestamp":"2024-06-23 15:36:10"}
{"level":"info","message":"API Success: getUser","method":"GET","path":"getUser","status":200,"timestamp":"2024-06-23 15:36:10"}
{"level":"info","message":"User retrieved: masteradmin","timestamp":"2024-06-23 15:40:51"}
{"level":"info","message":"API Success: getUser","method":"GET","path":"getUser","status":200,"timestamp":"2024-06-23 15:40:51"}
{"level":"info","message":"User retrieved: masteradmin","timestamp":"2024-06-23 15:40:51"}
{"level":"info","message":"API Success: getUser","method":"GET","path":"getUser","status":200,"timestamp":"2024-06-23 15:40:51"}
{"level":"info","message":"Existing Google user logged in: gennarobarret","timestamp":"2024-06-23 15:43:18"}
{"level":"info","message":"API Success: auth/google","method":"POST","path":"auth/google","status":200,"timestamp":"2024-06-23 15:43:18"}
{"level":"info","message":"User retrieved: gennarobarret","timestamp":"2024-06-23 15:43:21"}
{"level":"info","message":"API Success: getUser","method":"GET","path":"getUser","status":200,"timestamp":"2024-06-23 15:43:21"}
{"level":"info","message":"User retrieved: gennarobarret","timestamp":"2024-06-23 15:43:22"}
{"level":"info","message":"API Success: getUser","method":"GET","path":"getUser","status":200,"timestamp":"2024-06-23 15:43:22"}
{"level":"info","message":"User retrieved: masteradmin","timestamp":"2024-06-23 15:43:35"}
{"level":"info","message":"API Success: getUser","method":"GET","path":"getUser","status":200,"timestamp":"2024-06-23 15:43:36"}
{"level":"info","message":"User retrieved: masteradmin","timestamp":"2024-06-23 15:43:36"}
{"level":"info","message":"API Success: getUser","method":"GET","path":"getUser","status":200,"timestamp":"2024-06-23 15:43:36"}
{"level":"info","message":"API Success: loginUser","method":"POST","path":"loginUser","status":200,"timestamp":"2024-06-23 16:21:35"}
{"level":"info","message":"User masteradmin Successful login","timestamp":"2024-06-23 16:21:35"}
{"level":"info","message":"API Success: loginUser","method":"POST","path":"loginUser","status":200,"timestamp":"2024-06-23 16:25:34"}
{"level":"info","message":"User masteradmin Successful login","timestamp":"2024-06-23 16:25:34"}
{"level":"info","message":"User retrieved: masteradmin","timestamp":"2024-06-23 16:25:34"}
{"level":"info","message":"API Success: getUser","method":"GET","path":"getUser","status":200,"timestamp":"2024-06-23 16:25:34"}
{"level":"info","message":"User retrieved: masteradmin","timestamp":"2024-06-23 16:25:34"}
{"level":"info","message":"API Success: getUser","method":"GET","path":"getUser","status":200,"timestamp":"2024-06-23 16:25:34"}
{"level":"info","message":"User retrieved: masteradmin","timestamp":"2024-06-23 16:29:33"}
{"level":"info","message":"API Success: getUser","method":"GET","path":"getUser","status":200,"timestamp":"2024-06-23 16:29:33"}
{"level":"info","message":"User retrieved: masteradmin","timestamp":"2024-06-23 16:29:33"}
{"level":"info","message":"API Success: getUser","method":"GET","path":"getUser","status":200,"timestamp":"2024-06-23 16:29:33"}
{"level":"info","message":"User retrieved: masteradmin","timestamp":"2024-06-23 16:33:07"}
{"level":"info","message":"API Success: getUser","method":"GET","path":"getUser","status":200,"timestamp":"2024-06-23 16:33:07"}
{"level":"info","message":"User retrieved: masteradmin","timestamp":"2024-06-23 16:33:07"}
{"level":"info","message":"API Success: getUser","method":"GET","path":"getUser","status":200,"timestamp":"2024-06-23 16:33:07"}
{"level":"info","message":"API Success: loginUser","method":"POST","path":"loginUser","status":200,"timestamp":"2024-06-23 16:33:37"}
{"level":"info","message":"User masteradmin Successful login","timestamp":"2024-06-23 16:33:37"}
{"level":"info","message":"User retrieved: masteradmin","timestamp":"2024-06-23 16:33:38"}
{"level":"info","message":"API Success: getUser","method":"GET","path":"getUser","status":200,"timestamp":"2024-06-23 16:33:38"}
{"level":"info","message":"User retrieved: masteradmin","timestamp":"2024-06-23 16:33:38"}
{"level":"info","message":"API Success: getUser","method":"GET","path":"getUser","status":200,"timestamp":"2024-06-23 16:33:38"}
{"level":"info","message":"User retrieved: masteradmin","timestamp":"2024-06-23 16:40:01"}
{"level":"info","message":"API Success: getUser","method":"GET","path":"getUser","status":200,"timestamp":"2024-06-23 16:40:01"}
{"level":"info","message":"User retrieved: masteradmin","timestamp":"2024-06-23 16:40:01"}
{"level":"info","message":"API Success: getUser","method":"GET","path":"getUser","status":200,"timestamp":"2024-06-23 16:40:01"}
{"level":"info","message":"User retrieved: masteradmin","timestamp":"2024-06-23 16:40:38"}
{"level":"info","message":"API Success: getUser","method":"GET","path":"getUser","status":200,"timestamp":"2024-06-23 16:40:38"}
{"level":"info","message":"User retrieved: masteradmin","timestamp":"2024-06-23 16:40:38"}
{"level":"info","message":"API Success: getUser","method":"GET","path":"getUser","status":200,"timestamp":"2024-06-23 16:40:38"}
{"level":"info","message":"User retrieved: masteradmin","timestamp":"2024-06-23 16:41:07"}
{"level":"info","message":"API Success: getUser","method":"GET","path":"getUser","status":200,"timestamp":"2024-06-23 16:41:07"}
{"level":"info","message":"User retrieved: masteradmin","timestamp":"2024-06-23 16:41:07"}
{"level":"info","message":"API Success: getUser","method":"GET","path":"getUser","status":200,"timestamp":"2024-06-23 16:41:07"}
{"level":"info","message":"API Success: loginUser","method":"POST","path":"loginUser","status":200,"timestamp":"2024-06-23 16:41:23"}
{"level":"info","message":"User masteradmin Successful login","timestamp":"2024-06-23 16:41:23"}
{"level":"info","message":"User retrieved: masteradmin","timestamp":"2024-06-23 16:41:23"}
{"level":"info","message":"API Success: getUser","method":"GET","path":"getUser","status":200,"timestamp":"2024-06-23 16:41:23"}
{"level":"info","message":"User retrieved: masteradmin","timestamp":"2024-06-23 16:41:23"}
{"level":"info","message":"API Success: getUser","method":"GET","path":"getUser","status":200,"timestamp":"2024-06-23 16:41:23"}
{"level":"info","message":"API Success: loginUser","method":"POST","path":"loginUser","status":200,"timestamp":"2024-06-23 16:43:36"}
{"level":"info","message":"User masteradmin Successful login","timestamp":"2024-06-23 16:43:36"}
{"level":"info","message":"User retrieved: masteradmin","timestamp":"2024-06-23 16:43:38"}
{"level":"info","message":"API Success: getUser","method":"GET","path":"getUser","status":200,"timestamp":"2024-06-23 16:43:38"}
{"level":"info","message":"User retrieved: masteradmin","timestamp":"2024-06-23 16:43:38"}
{"level":"info","message":"API Success: getUser","method":"GET","path":"getUser","status":200,"timestamp":"2024-06-23 16:43:38"}
{"level":"info","message":"User retrieved: masteradmin","timestamp":"2024-06-23 16:45:56"}
{"level":"info","message":"API Success: getUser","method":"GET","path":"getUser","status":200,"timestamp":"2024-06-23 16:45:56"}
{"level":"info","message":"User retrieved: masteradmin","timestamp":"2024-06-23 16:45:56"}
{"level":"info","message":"API Success: getUser","method":"GET","path":"getUser","status":200,"timestamp":"2024-06-23 16:45:56"}
{"level":"info","message":"API Success: loginUser","method":"POST","path":"loginUser","status":200,"timestamp":"2024-06-23 16:46:13"}
{"level":"info","message":"User masteradmin Successful login","timestamp":"2024-06-23 16:46:13"}
{"level":"info","message":"User retrieved: masteradmin","timestamp":"2024-06-23 16:46:14"}
{"level":"info","message":"API Success: getUser","method":"GET","path":"getUser","status":200,"timestamp":"2024-06-23 16:46:14"}
{"level":"info","message":"User retrieved: masteradmin","timestamp":"2024-06-23 16:46:15"}
{"level":"info","message":"API Success: getUser","method":"GET","path":"getUser","status":200,"timestamp":"2024-06-23 16:46:15"}
{"level":"info","message":"User retrieved: masteradmin","timestamp":"2024-06-23 16:52:38"}
{"level":"info","message":"API Success: getUser","method":"GET","path":"getUser","status":200,"timestamp":"2024-06-23 16:52:38"}
{"level":"info","message":"User retrieved: masteradmin","timestamp":"2024-06-23 16:52:38"}
{"level":"info","message":"API Success: getUser","method":"GET","path":"getUser","status":200,"timestamp":"2024-06-23 16:52:38"}
{"level":"info","message":"User retrieved: masteradmin","timestamp":"2024-06-23 16:54:07"}
{"level":"info","message":"API Success: getUser","method":"GET","path":"getUser","status":200,"timestamp":"2024-06-23 16:54:07"}
{"level":"info","message":"User retrieved: masteradmin","timestamp":"2024-06-23 16:54:08"}
{"level":"info","message":"API Success: getUser","method":"GET","path":"getUser","status":200,"timestamp":"2024-06-23 16:54:08"}
{"level":"info","message":"User retrieved: masteradmin","timestamp":"2024-06-23 16:54:11"}
{"level":"info","message":"API Success: getUser","method":"GET","path":"getUser","status":200,"timestamp":"2024-06-23 16:54:11"}
{"level":"info","message":"User retrieved: masteradmin","timestamp":"2024-06-23 16:54:12"}
{"level":"info","message":"API Success: getUser","method":"GET","path":"getUser","status":200,"timestamp":"2024-06-23 16:54:12"}
{"level":"info","message":"Existing Google user logged in: gennarobarret","timestamp":"2024-06-23 16:54:24"}
{"level":"info","message":"API Success: auth/google","method":"POST","path":"auth/google","status":200,"timestamp":"2024-06-23 16:54:24"}
{"level":"info","message":"User retrieved: gennarobarret","timestamp":"2024-06-23 16:54:25"}
{"level":"info","message":"API Success: getUser","method":"GET","path":"getUser","status":200,"timestamp":"2024-06-23 16:54:25"}
{"level":"info","message":"User retrieved: gennarobarret","timestamp":"2024-06-23 16:54:25"}
{"level":"info","message":"API Success: getUser","method":"GET","path":"getUser","status":200,"timestamp":"2024-06-23 16:54:25"}
{"level":"info","message":"Existing Google user logged in: gennarobarret","timestamp":"2024-06-23 16:54:52"}
{"level":"info","message":"API Success: auth/google","method":"POST","path":"auth/google","status":200,"timestamp":"2024-06-23 16:54:52"}
{"level":"info","message":"User retrieved: gennarobarret","timestamp":"2024-06-23 16:54:53"}
{"level":"info","message":"API Success: getUser","method":"GET","path":"getUser","status":200,"timestamp":"2024-06-23 16:54:53"}
{"level":"info","message":"User retrieved: gennarobarret","timestamp":"2024-06-23 16:54:53"}
{"level":"info","message":"API Success: getUser","method":"GET","path":"getUser","status":200,"timestamp":"2024-06-23 16:54:53"}
{"level":"info","message":"API Success: loginUser","method":"POST","path":"loginUser","status":200,"timestamp":"2024-06-23 16:55:07"}
{"level":"info","message":"User randomUser99999 Successful login","timestamp":"2024-06-23 16:55:07"}
{"level":"info","message":"User retrieved: randomUser99999","timestamp":"2024-06-23 16:55:07"}
{"level":"info","message":"API Success: getUser","method":"GET","path":"getUser","status":200,"timestamp":"2024-06-23 16:55:07"}
{"level":"info","message":"User retrieved: randomUser99999","timestamp":"2024-06-23 16:55:07"}
{"level":"info","message":"API Success: getUser","method":"GET","path":"getUser","status":200,"timestamp":"2024-06-23 16:55:07"}
{"level":"info","message":"API Success: loginUser","method":"POST","path":"loginUser","status":200,"timestamp":"2024-06-23 17:03:48"}
{"level":"info","message":"User randomUser99999 Successful login","timestamp":"2024-06-23 17:03:48"}
{"level":"info","message":"User retrieved: randomUser99999","timestamp":"2024-06-23 17:03:48"}
{"level":"info","message":"API Success: getUser","method":"GET","path":"getUser","status":200,"timestamp":"2024-06-23 17:03:48"}
{"level":"info","message":"User retrieved: randomUser99999","timestamp":"2024-06-23 17:03:48"}
{"level":"info","message":"API Success: getUser","method":"GET","path":"getUser","status":200,"timestamp":"2024-06-23 17:03:48"}
{"level":"info","message":"API Success: loginUser","method":"POST","path":"loginUser","status":200,"timestamp":"2024-06-23 17:23:20"}
{"level":"info","message":"User masteradmin Successful login","timestamp":"2024-06-23 17:23:20"}
{"level":"info","message":"User retrieved: masteradmin","timestamp":"2024-06-23 17:23:21"}
{"level":"info","message":"API Success: getUser","method":"GET","path":"getUser","status":200,"timestamp":"2024-06-23 17:23:21"}
{"level":"info","message":"User retrieved: masteradmin","timestamp":"2024-06-23 17:23:21"}
{"level":"info","message":"API Success: getUser","method":"GET","path":"getUser","status":200,"timestamp":"2024-06-23 17:23:21"}
{"level":"info","message":"Existing Google user logged in: gennarobarret","timestamp":"2024-06-23 17:24:25"}
{"level":"info","message":"API Success: auth/google","method":"POST","path":"auth/google","status":200,"timestamp":"2024-06-23 17:24:25"}
{"level":"info","message":"User retrieved: gennarobarret","timestamp":"2024-06-23 17:24:25"}
{"level":"info","message":"API Success: getUser","method":"GET","path":"getUser","status":200,"timestamp":"2024-06-23 17:24:25"}
{"level":"info","message":"User retrieved: gennarobarret","timestamp":"2024-06-23 17:24:25"}
{"level":"info","message":"API Success: getUser","method":"GET","path":"getUser","status":200,"timestamp":"2024-06-23 17:24:25"}
{"level":"info","message":"API Success: loginUser","method":"POST","path":"loginUser","status":200,"timestamp":"2024-06-23 17:24:43"}
{"level":"info","message":"User randomUser99999 Successful login","timestamp":"2024-06-23 17:24:43"}
{"level":"info","message":"User retrieved: randomUser99999","timestamp":"2024-06-23 17:24:44"}
{"level":"info","message":"API Success: getUser","method":"GET","path":"getUser","status":200,"timestamp":"2024-06-23 17:24:44"}
{"level":"info","message":"User retrieved: randomUser99999","timestamp":"2024-06-23 17:24:44"}
{"level":"info","message":"API Success: getUser","method":"GET","path":"getUser","status":200,"timestamp":"2024-06-23 17:24:44"}
{"level":"info","message":"User retrieved: randomUser99999","timestamp":"2024-06-23 17:24:59"}
{"level":"info","message":"API Success: getUser","method":"GET","path":"getUser","status":200,"timestamp":"2024-06-23 17:24:59"}
{"level":"info","message":"User retrieved: randomUser99999","timestamp":"2024-06-23 17:24:59"}
{"level":"info","message":"API Success: getUser","method":"GET","path":"getUser","status":200,"timestamp":"2024-06-23 17:24:59"}
{"level":"info","message":"Existing Google user logged in: gennarobarret","timestamp":"2024-06-23 17:29:01"}
{"level":"info","message":"API Success: auth/google","method":"POST","path":"auth/google","status":200,"timestamp":"2024-06-23 17:29:01"}
{"level":"info","message":"User retrieved: gennarobarret","timestamp":"2024-06-23 17:29:01"}
{"level":"info","message":"API Success: getUser","method":"GET","path":"getUser","status":200,"timestamp":"2024-06-23 17:29:01"}
{"level":"info","message":"User retrieved: gennarobarret","timestamp":"2024-06-23 17:29:01"}
{"level":"info","message":"API Success: getUser","method":"GET","path":"getUser","status":200,"timestamp":"2024-06-23 17:29:01"}
{"level":"info","message":"Existing Google user logged in: gennarobarret","timestamp":"2024-06-23 17:30:42"}
{"level":"info","message":"API Success: auth/google","method":"POST","path":"auth/google","status":200,"timestamp":"2024-06-23 17:30:42"}
{"level":"info","message":"User retrieved: gennarobarret","timestamp":"2024-06-23 17:30:42"}
{"level":"info","message":"API Success: getUser","method":"GET","path":"getUser","status":200,"timestamp":"2024-06-23 17:30:42"}
{"level":"info","message":"User retrieved: gennarobarret","timestamp":"2024-06-23 17:30:42"}
{"level":"info","message":"API Success: getUser","method":"GET","path":"getUser","status":200,"timestamp":"2024-06-23 17:30:42"}
{"level":"info","message":"Existing Google user logged in: gennarobarret","timestamp":"2024-06-23 17:37:10"}
{"level":"info","message":"API Success: auth/google","method":"POST","path":"auth/google","status":200,"timestamp":"2024-06-23 17:37:10"}
{"level":"info","message":"User retrieved: gennarobarret","timestamp":"2024-06-23 17:37:11"}
{"level":"info","message":"API Success: getUser","method":"GET","path":"getUser","status":200,"timestamp":"2024-06-23 17:37:11"}
{"level":"info","message":"User retrieved: gennarobarret","timestamp":"2024-06-23 17:37:12"}
{"level":"info","message":"API Success: getUser","method":"GET","path":"getUser","status":200,"timestamp":"2024-06-23 17:37:12"}
{"level":"info","message":"Existing Google user logged in: gennarobarret","timestamp":"2024-06-23 17:42:30"}
{"level":"info","message":"API Success: auth/google","method":"POST","path":"auth/google","status":200,"timestamp":"2024-06-23 17:42:30"}
{"level":"info","message":"User retrieved: gennarobarret","timestamp":"2024-06-23 17:42:31"}
{"level":"info","message":"API Success: getUser","method":"GET","path":"getUser","status":200,"timestamp":"2024-06-23 17:42:31"}
{"level":"info","message":"User retrieved: gennarobarret","timestamp":"2024-06-23 17:42:33"}
{"level":"info","message":"API Success: getUser","method":"GET","path":"getUser","status":200,"timestamp":"2024-06-23 17:42:33"}
{"level":"info","message":"Existing Google user logged in: gennarobarret","timestamp":"2024-06-23 17:43:36"}
{"level":"info","message":"API Success: auth/google","method":"POST","path":"auth/google","status":200,"timestamp":"2024-06-23 17:43:36"}
{"level":"info","message":"User retrieved: gennarobarret","timestamp":"2024-06-23 17:43:38"}
{"level":"info","message":"API Success: getUser","method":"GET","path":"getUser","status":200,"timestamp":"2024-06-23 17:43:38"}
{"level":"info","message":"User retrieved: gennarobarret","timestamp":"2024-06-23 17:43:38"}
{"level":"info","message":"API Success: getUser","method":"GET","path":"getUser","status":200,"timestamp":"2024-06-23 17:43:38"}
{"level":"info","message":"Existing Google user logged in: gennarobarret","timestamp":"2024-06-23 17:46:16"}
{"level":"info","message":"API Success: auth/google","method":"POST","path":"auth/google","status":200,"timestamp":"2024-06-23 17:46:16"}
{"level":"info","message":"User retrieved: gennarobarret","timestamp":"2024-06-23 17:46:17"}
{"level":"info","message":"API Success: getUser","method":"GET","path":"getUser","status":200,"timestamp":"2024-06-23 17:46:17"}
{"level":"info","message":"User retrieved: gennarobarret","timestamp":"2024-06-23 17:46:17"}
{"level":"info","message":"API Success: getUser","method":"GET","path":"getUser","status":200,"timestamp":"2024-06-23 17:46:17"}
{"level":"info","message":"Existing Google user logged in: gennarobarret","timestamp":"2024-06-23 17:52:28"}
{"level":"info","message":"API Success: auth/google","method":"POST","path":"auth/google","status":200,"timestamp":"2024-06-23 17:52:28"}
{"level":"info","message":"User retrieved: gennarobarret","timestamp":"2024-06-23 17:52:28"}
{"level":"info","message":"API Success: getUser","method":"GET","path":"getUser","status":200,"timestamp":"2024-06-23 17:52:28"}
{"level":"info","message":"User retrieved: gennarobarret","timestamp":"2024-06-23 17:52:28"}
{"level":"info","message":"API Success: getUser","method":"GET","path":"getUser","status":200,"timestamp":"2024-06-23 17:52:28"}
{"level":"info","message":"Existing Google user logged in: gennarobarret","timestamp":"2024-06-23 17:53:15"}
{"level":"info","message":"API Success: auth/google","method":"POST","path":"auth/google","status":200,"timestamp":"2024-06-23 17:53:15"}
{"level":"info","message":"User retrieved: gennarobarret","timestamp":"2024-06-23 17:53:16"}
{"level":"info","message":"API Success: getUser","method":"GET","path":"getUser","status":200,"timestamp":"2024-06-23 17:53:16"}
{"level":"info","message":"User retrieved: gennarobarret","timestamp":"2024-06-23 17:53:16"}
{"level":"info","message":"API Success: getUser","method":"GET","path":"getUser","status":200,"timestamp":"2024-06-23 17:53:16"}
{"level":"info","message":"Existing Google user logged in: gennarobarret","timestamp":"2024-06-23 17:57:51"}
{"level":"info","message":"API Success: auth/google","method":"POST","path":"auth/google","status":200,"timestamp":"2024-06-23 17:57:51"}
{"level":"info","message":"User retrieved: gennarobarret","timestamp":"2024-06-23 17:57:51"}
{"level":"info","message":"API Success: getUser","method":"GET","path":"getUser","status":200,"timestamp":"2024-06-23 17:57:51"}
{"level":"info","message":"User retrieved: gennarobarret","timestamp":"2024-06-23 17:57:51"}
{"level":"info","message":"API Success: getUser","method":"GET","path":"getUser","status":200,"timestamp":"2024-06-23 17:57:51"}
{"level":"info","message":"Existing Google user logged in: gennarobarret","timestamp":"2024-06-23 18:05:34"}
{"level":"info","message":"API Success: auth/google","method":"POST","path":"auth/google","status":200,"timestamp":"2024-06-23 18:05:34"}
{"level":"info","message":"User retrieved: gennarobarret","timestamp":"2024-06-23 18:05:34"}
{"level":"info","message":"API Success: getUser","method":"GET","path":"getUser","status":200,"timestamp":"2024-06-23 18:05:34"}
{"level":"info","message":"User retrieved: gennarobarret","timestamp":"2024-06-23 18:05:34"}
{"level":"info","message":"API Success: getUser","method":"GET","path":"getUser","status":200,"timestamp":"2024-06-23 18:05:34"}
{"level":"info","message":"API Success: loginUser","method":"POST","path":"loginUser","status":200,"timestamp":"2024-06-23 18:05:39"}
{"level":"info","message":"User randomUser99999 Successful login","timestamp":"2024-06-23 18:05:39"}
{"level":"info","message":"User retrieved: randomUser99999","timestamp":"2024-06-23 18:05:39"}
{"level":"info","message":"API Success: getUser","method":"GET","path":"getUser","status":200,"timestamp":"2024-06-23 18:05:39"}
{"level":"info","message":"User retrieved: randomUser99999","timestamp":"2024-06-23 18:05:39"}
{"level":"info","message":"API Success: getUser","method":"GET","path":"getUser","status":200,"timestamp":"2024-06-23 18:05:39"}
{"level":"info","message":"User retrieved: gennarobarret","timestamp":"2024-06-23 18:07:16"}
{"level":"info","message":"API Success: getUser","method":"GET","path":"getUser","status":200,"timestamp":"2024-06-23 18:07:16"}
{"level":"info","message":"User retrieved: gennarobarret","timestamp":"2024-06-23 18:07:17"}
{"level":"info","message":"API Success: getUser","method":"GET","path":"getUser","status":200,"timestamp":"2024-06-23 18:07:17"}
{"level":"info","message":"User retrieved: randomUser99999","timestamp":"2024-06-23 18:07:25"}
{"level":"info","message":"API Success: getUser","method":"GET","path":"getUser","status":200,"timestamp":"2024-06-23 18:07:25"}
{"level":"info","message":"User retrieved: randomUser99999","timestamp":"2024-06-23 18:07:25"}
{"level":"info","message":"API Success: getUser","method":"GET","path":"getUser","status":200,"timestamp":"2024-06-23 18:07:25"}
{"level":"info","message":"User retrieved: gennarobarret","timestamp":"2024-06-23 18:07:43"}
{"level":"info","message":"API Success: getUser","method":"GET","path":"getUser","status":200,"timestamp":"2024-06-23 18:07:43"}
{"level":"info","message":"User retrieved: gennarobarret","timestamp":"2024-06-23 18:07:43"}
{"level":"info","message":"API Success: getUser","method":"GET","path":"getUser","status":200,"timestamp":"2024-06-23 18:07:43"}
{"level":"info","message":"User retrieved: randomUser99999","timestamp":"2024-06-23 18:07:50"}
{"level":"info","message":"API Success: getUser","method":"GET","path":"getUser","status":200,"timestamp":"2024-06-23 18:07:50"}
{"level":"info","message":"User retrieved: randomUser99999","timestamp":"2024-06-23 18:07:50"}
{"level":"info","message":"API Success: getUser","method":"GET","path":"getUser","status":200,"timestamp":"2024-06-23 18:07:50"}
{"level":"info","message":"User retrieved: gennarobarret","timestamp":"2024-06-23 18:08:06"}
{"level":"info","message":"API Success: getUser","method":"GET","path":"getUser","status":200,"timestamp":"2024-06-23 18:08:06"}
{"level":"info","message":"User retrieved: gennarobarret","timestamp":"2024-06-23 18:08:07"}
{"level":"info","message":"API Success: getUser","method":"GET","path":"getUser","status":200,"timestamp":"2024-06-23 18:08:07"}
{"level":"info","message":"User retrieved: gennarobarret","timestamp":"2024-06-23 18:08:21"}
{"level":"info","message":"API Success: getUser","method":"GET","path":"getUser","status":200,"timestamp":"2024-06-23 18:08:21"}
{"level":"info","message":"User retrieved: gennarobarret","timestamp":"2024-06-23 18:08:23"}
{"level":"info","message":"API Success: getUser","method":"GET","path":"getUser","status":200,"timestamp":"2024-06-23 18:08:23"}
{"level":"info","message":"User retrieved: randomUser99999","timestamp":"2024-06-23 18:08:46"}
{"level":"info","message":"API Success: getUser","method":"GET","path":"getUser","status":200,"timestamp":"2024-06-23 18:08:46"}
{"level":"info","message":"User retrieved: randomUser99999","timestamp":"2024-06-23 18:08:47"}
{"level":"info","message":"API Success: getUser","method":"GET","path":"getUser","status":200,"timestamp":"2024-06-23 18:08:47"}
{"level":"info","message":"User retrieved: randomUser99999","timestamp":"2024-06-23 18:08:52"}
{"level":"info","message":"API Success: getUser","method":"GET","path":"getUser","status":200,"timestamp":"2024-06-23 18:08:52"}
{"level":"info","message":"User retrieved: randomUser99999","timestamp":"2024-06-23 18:08:52"}
{"level":"info","message":"API Success: getUser","method":"GET","path":"getUser","status":200,"timestamp":"2024-06-23 18:08:52"}
{"level":"info","message":"User retrieved: gennarobarret","timestamp":"2024-06-23 18:08:55"}
{"level":"info","message":"API Success: getUser","method":"GET","path":"getUser","status":200,"timestamp":"2024-06-23 18:08:56"}
{"level":"info","message":"User retrieved: gennarobarret","timestamp":"2024-06-23 18:08:56"}
{"level":"info","message":"API Success: getUser","method":"GET","path":"getUser","status":200,"timestamp":"2024-06-23 18:08:56"}
{"level":"info","message":"User retrieved: gennarobarret","timestamp":"2024-06-23 18:09:02"}
{"level":"info","message":"API Success: getUser","method":"GET","path":"getUser","status":200,"timestamp":"2024-06-23 18:09:03"}
{"level":"info","message":"User retrieved: randomUser99999","timestamp":"2024-06-23 18:09:03"}
{"level":"info","message":"API Success: getUser","method":"GET","path":"getUser","status":200,"timestamp":"2024-06-23 18:09:03"}
{"level":"info","message":"User retrieved: gennarobarret","timestamp":"2024-06-23 18:09:03"}
{"level":"info","message":"API Success: getUser","method":"GET","path":"getUser","status":200,"timestamp":"2024-06-23 18:09:03"}
{"level":"info","message":"User retrieved: randomUser99999","timestamp":"2024-06-23 18:09:03"}
{"level":"info","message":"API Success: getUser","method":"GET","path":"getUser","status":200,"timestamp":"2024-06-23 18:09:03"}
{"level":"info","message":"User retrieved: randomUser99999","timestamp":"2024-06-23 18:17:52"}
{"level":"info","message":"API Success: getUser","method":"GET","path":"getUser","status":200,"timestamp":"2024-06-23 18:17:52"}
{"level":"info","message":"User retrieved: randomUser99999","timestamp":"2024-06-23 18:17:52"}
{"level":"info","message":"API Success: getUser","method":"GET","path":"getUser","status":200,"timestamp":"2024-06-23 18:17:52"}
{"level":"info","message":"User retrieved: randomUser99999","timestamp":"2024-06-23 18:18:24"}
{"level":"info","message":"API Success: getUser","method":"GET","path":"getUser","status":200,"timestamp":"2024-06-23 18:18:24"}
{"level":"info","message":"User retrieved: gennarobarret","timestamp":"2024-06-23 18:18:31"}
{"level":"info","message":"API Success: getUser","method":"GET","path":"getUser","status":200,"timestamp":"2024-06-23 18:18:31"}
{"level":"info","message":"User retrieved: randomUser99999","timestamp":"2024-06-23 18:18:33"}
{"level":"info","message":"API Success: getUser","method":"GET","path":"getUser","status":200,"timestamp":"2024-06-23 18:18:34"}
{"level":"info","message":"User retrieved: gennarobarret","timestamp":"2024-06-23 18:18:35"}
{"level":"info","message":"API Success: getUser","method":"GET","path":"getUser","status":200,"timestamp":"2024-06-23 18:18:35"}
{"level":"info","message":"User retrieved: randomUser99999","timestamp":"2024-06-23 18:18:38"}
{"level":"info","message":"API Success: getUser","method":"GET","path":"getUser","status":200,"timestamp":"2024-06-23 18:18:38"}
{"level":"info","message":"User retrieved: gennarobarret","timestamp":"2024-06-23 18:19:05"}
{"level":"info","message":"API Success: getUser","method":"GET","path":"getUser","status":200,"timestamp":"2024-06-23 18:19:05"}
{"level":"info","message":"User retrieved: gennarobarret","timestamp":"2024-06-23 18:19:07"}
{"level":"info","message":"API Success: getUser","method":"GET","path":"getUser","status":200,"timestamp":"2024-06-23 18:19:07"}
{"level":"info","message":"User retrieved: gennarobarret","timestamp":"2024-06-23 18:22:23"}
{"level":"info","message":"API Success: getUser","method":"GET","path":"getUser","status":200,"timestamp":"2024-06-23 18:22:23"}
{"level":"info","message":"User retrieved: gennarobarret","timestamp":"2024-06-23 18:22:25"}
{"level":"info","message":"API Success: getUser","method":"GET","path":"getUser","status":200,"timestamp":"2024-06-23 18:22:25"}
{"level":"info","message":"User retrieved: randomUser99999","timestamp":"2024-06-23 18:22:39"}
{"level":"info","message":"API Success: getUser","method":"GET","path":"getUser","status":200,"timestamp":"2024-06-23 18:22:39"}
{"level":"info","message":"User retrieved: randomUser99999","timestamp":"2024-06-23 18:22:39"}
{"level":"info","message":"API Success: getUser","method":"GET","path":"getUser","status":200,"timestamp":"2024-06-23 18:22:39"}
{"level":"info","message":"User retrieved: gennarobarret","timestamp":"2024-06-23 18:29:05"}
{"level":"info","message":"API Success: getUser","method":"GET","path":"getUser","status":200,"timestamp":"2024-06-23 18:29:05"}
{"level":"info","message":"User retrieved: gennarobarret","timestamp":"2024-06-23 18:29:06"}
{"level":"info","message":"API Success: getUser","method":"GET","path":"getUser","status":200,"timestamp":"2024-06-23 18:29:06"}
{"level":"info","message":"User retrieved: randomUser99999","timestamp":"2024-06-23 18:29:11"}
{"level":"info","message":"API Success: getUser","method":"GET","path":"getUser","status":200,"timestamp":"2024-06-23 18:29:11"}
{"level":"info","message":"User retrieved: randomUser99999","timestamp":"2024-06-23 18:29:12"}
{"level":"info","message":"API Success: getUser","method":"GET","path":"getUser","status":200,"timestamp":"2024-06-23 18:29:12"}
{"level":"info","message":"User retrieved: gennarobarret","timestamp":"2024-06-23 18:29:24"}
{"level":"info","message":"API Success: getUser","method":"GET","path":"getUser","status":200,"timestamp":"2024-06-23 18:29:24"}
{"level":"info","message":"User retrieved: gennarobarret","timestamp":"2024-06-23 18:29:24"}
{"level":"info","message":"API Success: getUser","method":"GET","path":"getUser","status":200,"timestamp":"2024-06-23 18:29:25"}
{"level":"info","message":"User retrieved: randomUser99999","timestamp":"2024-06-23 18:29:29"}
{"level":"info","message":"API Success: getUser","method":"GET","path":"getUser","status":200,"timestamp":"2024-06-23 18:29:29"}
{"level":"info","message":"User retrieved: randomUser99999","timestamp":"2024-06-23 18:29:30"}
{"level":"info","message":"API Success: getUser","method":"GET","path":"getUser","status":200,"timestamp":"2024-06-23 18:29:30"}
{"level":"info","message":"User retrieved: randomUser99999","timestamp":"2024-06-23 18:29:34"}
{"level":"info","message":"API Success: getUser","method":"GET","path":"getUser","status":200,"timestamp":"2024-06-23 18:29:34"}
{"level":"info","message":"User retrieved: randomUser99999","timestamp":"2024-06-23 18:29:34"}
{"level":"info","message":"API Success: getUser","method":"GET","path":"getUser","status":200,"timestamp":"2024-06-23 18:29:34"}
{"level":"info","message":"User retrieved: gennarobarret","timestamp":"2024-06-23 18:32:19"}
{"level":"info","message":"API Success: getUser","method":"GET","path":"getUser","status":200,"timestamp":"2024-06-23 18:32:19"}
{"level":"info","message":"User retrieved: gennarobarret","timestamp":"2024-06-23 18:32:21"}
{"level":"info","message":"API Success: getUser","method":"GET","path":"getUser","status":200,"timestamp":"2024-06-23 18:32:21"}
{"level":"info","message":"User retrieved: randomUser99999","timestamp":"2024-06-23 18:32:31"}
{"level":"info","message":"API Success: getUser","method":"GET","path":"getUser","status":200,"timestamp":"2024-06-23 18:32:32"}
{"level":"info","message":"User retrieved: randomUser99999","timestamp":"2024-06-23 18:32:34"}
{"level":"info","message":"API Success: getUser","method":"GET","path":"getUser","status":200,"timestamp":"2024-06-23 18:32:34"}
{"level":"info","message":"User retrieved: gennarobarret","timestamp":"2024-06-23 18:33:00"}
{"level":"info","message":"API Success: getUser","method":"GET","path":"getUser","status":200,"timestamp":"2024-06-23 18:33:00"}
{"level":"info","message":"User retrieved: randomUser99999","timestamp":"2024-06-23 18:33:01"}
{"level":"info","message":"API Success: getUser","method":"GET","path":"getUser","status":200,"timestamp":"2024-06-23 18:33:01"}
{"level":"info","message":"User retrieved: gennarobarret","timestamp":"2024-06-23 18:33:01"}
{"level":"info","message":"API Success: getUser","method":"GET","path":"getUser","status":200,"timestamp":"2024-06-23 18:33:01"}
{"level":"info","message":"User retrieved: randomUser99999","timestamp":"2024-06-23 18:33:01"}
{"level":"info","message":"API Success: getUser","method":"GET","path":"getUser","status":200,"timestamp":"2024-06-23 18:33:01"}
{"level":"info","message":"User retrieved: randomUser99999","timestamp":"2024-06-23 18:33:13"}
{"level":"info","message":"API Success: getUser","method":"GET","path":"getUser","status":200,"timestamp":"2024-06-23 18:33:13"}
{"level":"info","message":"User retrieved: randomUser99999","timestamp":"2024-06-23 18:33:14"}
{"level":"info","message":"API Success: getUser","method":"GET","path":"getUser","status":200,"timestamp":"2024-06-23 18:33:14"}
{"level":"info","message":"User retrieved: gennarobarret","timestamp":"2024-06-23 18:33:16"}
{"level":"info","message":"API Success: getUser","method":"GET","path":"getUser","status":200,"timestamp":"2024-06-23 18:33:16"}
{"level":"info","message":"User retrieved: gennarobarret","timestamp":"2024-06-23 18:33:17"}
{"level":"info","message":"API Success: getUser","method":"GET","path":"getUser","status":200,"timestamp":"2024-06-23 18:33:17"}
{"level":"info","message":"User retrieved: gennarobarret","timestamp":"2024-06-23 18:34:09"}
{"level":"info","message":"API Success: getUser","method":"GET","path":"getUser","status":200,"timestamp":"2024-06-23 18:34:09"}
{"level":"info","message":"User retrieved: gennarobarret","timestamp":"2024-06-23 18:34:10"}
{"level":"info","message":"API Success: getUser","method":"GET","path":"getUser","status":200,"timestamp":"2024-06-23 18:34:10"}
{"level":"info","message":"User retrieved: gennarobarret","timestamp":"2024-06-23 18:34:22"}
{"level":"info","message":"API Success: getUser","method":"GET","path":"getUser","status":200,"timestamp":"2024-06-23 18:34:23"}
{"level":"info","message":"User retrieved: gennarobarret","timestamp":"2024-06-23 18:34:23"}
{"level":"info","message":"API Success: getUser","method":"GET","path":"getUser","status":200,"timestamp":"2024-06-23 18:34:24"}
{"level":"info","message":"User retrieved: randomUser99999","timestamp":"2024-06-23 18:34:30"}
{"level":"info","message":"API Success: getUser","method":"GET","path":"getUser","status":200,"timestamp":"2024-06-23 18:34:30"}
{"level":"info","message":"User retrieved: randomUser99999","timestamp":"2024-06-23 18:34:31"}
{"level":"info","message":"API Success: getUser","method":"GET","path":"getUser","status":200,"timestamp":"2024-06-23 18:34:31"}
{"level":"info","message":"User retrieved: randomUser99999","timestamp":"2024-06-23 18:35:57"}
{"level":"info","message":"API Success: getUser","method":"GET","path":"getUser","status":200,"timestamp":"2024-06-23 18:35:57"}
{"level":"info","message":"User retrieved: randomUser99999","timestamp":"2024-06-23 18:35:57"}
{"level":"info","message":"API Success: getUser","method":"GET","path":"getUser","status":200,"timestamp":"2024-06-23 18:35:57"}
{"level":"info","message":"User retrieved: gennarobarret","timestamp":"2024-06-23 18:39:41"}
{"level":"info","message":"API Success: getUser","method":"GET","path":"getUser","status":200,"timestamp":"2024-06-23 18:39:41"}
{"level":"info","message":"User retrieved: gennarobarret","timestamp":"2024-06-23 18:39:42"}
{"level":"info","message":"API Success: getUser","method":"GET","path":"getUser","status":200,"timestamp":"2024-06-23 18:39:42"}
{"level":"info","message":"User retrieved: gennarobarret","timestamp":"2024-06-23 18:39:50"}
{"level":"info","message":"API Success: getUser","method":"GET","path":"getUser","status":200,"timestamp":"2024-06-23 18:39:50"}
{"level":"info","message":"User retrieved: gennarobarret","timestamp":"2024-06-23 18:39:50"}
{"level":"info","message":"API Success: getUser","method":"GET","path":"getUser","status":200,"timestamp":"2024-06-23 18:39:50"}
{"level":"info","message":"User retrieved: randomUser99999","timestamp":"2024-06-23 18:40:11"}
{"level":"info","message":"API Success: getUser","method":"GET","path":"getUser","status":200,"timestamp":"2024-06-23 18:40:11"}
{"level":"info","message":"User retrieved: randomUser99999","timestamp":"2024-06-23 18:40:11"}
{"level":"info","message":"API Success: getUser","method":"GET","path":"getUser","status":200,"timestamp":"2024-06-23 18:40:11"}
{"level":"info","message":"User retrieved: randomUser99999","timestamp":"2024-06-23 18:40:17"}
{"level":"info","message":"API Success: getUser","method":"GET","path":"getUser","status":200,"timestamp":"2024-06-23 18:40:17"}
{"level":"info","message":"User retrieved: randomUser99999","timestamp":"2024-06-23 18:40:18"}
{"level":"info","message":"API Success: getUser","method":"GET","path":"getUser","status":200,"timestamp":"2024-06-23 18:40:18"}
{"level":"info","message":"User retrieved: randomUser99999","timestamp":"2024-06-23 18:40:27"}
{"level":"info","message":"API Success: getUser","method":"GET","path":"getUser","status":200,"timestamp":"2024-06-23 18:40:27"}
{"level":"info","message":"User retrieved: randomUser99999","timestamp":"2024-06-23 18:40:28"}
{"level":"info","message":"API Success: getUser","method":"GET","path":"getUser","status":200,"timestamp":"2024-06-23 18:40:28"}
{"level":"info","message":"User retrieved: gennarobarret","timestamp":"2024-06-23 18:41:06"}
{"level":"info","message":"API Success: getUser","method":"GET","path":"getUser","status":200,"timestamp":"2024-06-23 18:41:06"}
{"level":"info","message":"User retrieved: gennarobarret","timestamp":"2024-06-23 18:41:07"}
{"level":"info","message":"API Success: getUser","method":"GET","path":"getUser","status":200,"timestamp":"2024-06-23 18:41:07"}
{"level":"info","message":"User retrieved: randomUser99999","timestamp":"2024-06-23 18:41:14"}
{"level":"info","message":"API Success: getUser","method":"GET","path":"getUser","status":200,"timestamp":"2024-06-23 18:41:14"}
{"level":"info","message":"User retrieved: randomUser99999","timestamp":"2024-06-23 18:41:14"}
{"level":"info","message":"API Success: getUser","method":"GET","path":"getUser","status":200,"timestamp":"2024-06-23 18:41:14"}
{"level":"info","message":"User retrieved: randomUser99999","timestamp":"2024-06-23 18:41:45"}
{"level":"info","message":"API Success: getUser","method":"GET","path":"getUser","status":200,"timestamp":"2024-06-23 18:41:45"}
{"level":"info","message":"User retrieved: randomUser99999","timestamp":"2024-06-23 18:41:46"}
{"level":"info","message":"API Success: getUser","method":"GET","path":"getUser","status":200,"timestamp":"2024-06-23 18:41:46"}
{"level":"info","message":"User retrieved: randomUser99999","timestamp":"2024-06-23 19:32:43"}
{"level":"info","message":"API Success: getUser","method":"GET","path":"getUser","status":200,"timestamp":"2024-06-23 19:32:43"}
{"level":"info","message":"User retrieved: randomUser99999","timestamp":"2024-06-23 19:32:44"}
{"level":"info","message":"API Success: getUser","method":"GET","path":"getUser","status":200,"timestamp":"2024-06-23 19:32:44"}
{"level":"info","message":"User retrieved: gennarobarret","timestamp":"2024-06-23 19:32:46"}
{"level":"info","message":"API Success: getUser","method":"GET","path":"getUser","status":200,"timestamp":"2024-06-23 19:32:46"}
{"level":"info","message":"User retrieved: gennarobarret","timestamp":"2024-06-23 19:32:46"}
{"level":"info","message":"API Success: getUser","method":"GET","path":"getUser","status":200,"timestamp":"2024-06-23 19:32:46"}
