{"level":"error","message":"undefined_path error: The token is invalid: jwt expired","path":"undefined_path","stack":"No additional details provided.","status":403,"timestamp":"2024-08-27 16:22:23"}
{"level":"warn","message":"Failed login attempt for user: masteradmin from IP: ::ffff:127.0.0.1","timestamp":"2024-08-27 16:23:03"}
{"level":"error","message":"loginUser error: Invalid credentials","method":"POST","path":"loginUser","stack":"Failed login attempt for user: masteradmin from IP: ::ffff:127.0.0.1","status":401,"timestamp":"2024-08-27 16:23:03"}
{"level":"warn","message":"Failed login attempt for user: randomUser1 from IP: ::ffff:127.0.0.1","timestamp":"2024-08-27 16:23:38"}
{"level":"error","message":"loginUser error: Invalid credentials","method":"POST","path":"loginUser","stack":"Failed login attempt for user: randomUser1 from IP: ::ffff:127.0.0.1","status":401,"timestamp":"2024-08-27 16:23:38"}
{"level":"warn","message":"Failed login attempt for user: randomUser1 from IP: ::ffff:127.0.0.1","timestamp":"2024-08-27 16:23:41"}
{"level":"error","message":"loginUser error: Invalid credentials","method":"POST","path":"loginUser","stack":"Failed login attempt for user: randomUser1 from IP: ::ffff:127.0.0.1","status":401,"timestamp":"2024-08-27 16:23:41"}
{"level":"error","message":"undefined_path error: Authorization header is missing","path":"undefined_path","stack":"No additional details provided.","status":403,"timestamp":"2024-08-27 16:25:16"}
{"level":"error","message":"undefined_path error: Unauthorized access","path":"undefined_path","stack":"No additional details provided.","status":403,"timestamp":"2024-08-27 16:25:22"}
{"level":"error","message":"undefined_path error: Unauthorized access","path":"undefined_path","stack":"No additional details provided.","status":403,"timestamp":"2024-08-27 16:51:23"}
{"level":"error","message":"undefined_path error: Unauthorized access","path":"undefined_path","stack":"No additional details provided.","status":403,"timestamp":"2024-08-27 17:03:12"}
{"level":"error","message":"undefined_path error: Unauthorized access","path":"undefined_path","stack":"No additional details provided.","status":403,"timestamp":"2024-08-27 17:09:09"}
{"level":"error","message":"undefined_path error: Authorization header is missing","path":"undefined_path","stack":"No additional details provided.","status":403,"timestamp":"2024-08-27 17:28:31"}
{"level":"error","message":"undefined_path error: Authorization header is missing","path":"undefined_path","stack":"No additional details provided.","status":403,"timestamp":"2024-08-27 17:32:32"}
{"level":"error","message":"undefined_path error: Authorization header is missing","path":"undefined_path","stack":"No additional details provided.","status":403,"timestamp":"2024-08-27 17:33:14"}
{"level":"error","message":"undefined_path error: Authorization header is missing","path":"undefined_path","stack":"No additional details provided.","status":403,"timestamp":"2024-08-27 17:41:03"}
{"level":"error","message":"undefined_path error: Authorization header is missing","path":"undefined_path","stack":"No additional details provided.","status":403,"timestamp":"2024-08-27 17:41:07"}
{"level":"error","message":"undefined_path error: Unauthorized access","path":"undefined_path","stack":"No additional details provided.","status":403,"timestamp":"2024-08-27 17:44:30"}
{"level":"error","message":"undefined_path error: Authorization header is missing","path":"undefined_path","stack":"No additional details provided.","status":403,"timestamp":"2024-08-27 18:16:16"}
{"level":"error","message":"undefined_path error: Authorization header is missing","path":"undefined_path","stack":"No additional details provided.","status":403,"timestamp":"2024-08-27 18:16:21"}
{"level":"error","message":"undefined_path error: Authorization header is missing","path":"undefined_path","stack":"No additional details provided.","status":403,"timestamp":"2024-08-27 18:33:56"}
{"level":"error","message":"undefined_path error: Authorization header is missing","path":"undefined_path","stack":"No additional details provided.","status":403,"timestamp":"2024-08-27 18:37:08"}
{"level":"error","message":"undefined_path error: Authorization header is missing","path":"undefined_path","stack":"No additional details provided.","status":403,"timestamp":"2024-08-27 18:37:20"}
{"level":"error","message":"undefined_path error: Authorization header is missing","path":"undefined_path","stack":"No additional details provided.","status":403,"timestamp":"2024-08-27 18:37:23"}
{"level":"error","message":"undefined_path error: Authorization header is missing","path":"undefined_path","stack":"No additional details provided.","status":403,"timestamp":"2024-08-27 18:44:50"}
{"level":"error","message":"undefined_path error: Unauthorized access","path":"undefined_path","stack":"No additional details provided.","status":403,"timestamp":"2024-08-27 19:02:04"}
{"level":"error","message":"undefined_path error: Unauthorized access","path":"undefined_path","stack":"No additional details provided.","status":403,"timestamp":"2024-08-27 19:02:30"}
{"level":"error","message":"undefined_path error: Unauthorized access","path":"undefined_path","stack":"No additional details provided.","status":403,"timestamp":"2024-08-27 19:04:15"}
{"level":"error","message":"undefined_path error: Unauthorized access","path":"undefined_path","stack":"No additional details provided.","status":403,"timestamp":"2024-08-27 19:10:54"}
{"level":"error","message":"undefined_path error: Unauthorized access","path":"undefined_path","stack":"No additional details provided.","status":403,"timestamp":"2024-08-27 19:18:09"}
{"level":"error","message":"undefined_path error: Unauthorized access","path":"undefined_path","stack":"No additional details provided.","status":403,"timestamp":"2024-08-27 19:18:14"}
{"level":"error","message":"undefined_path error: Unauthorized access","path":"undefined_path","stack":"No additional details provided.","status":403,"timestamp":"2024-08-27 19:18:17"}
{"level":"error","message":"undefined_path error: Unauthorized access","path":"undefined_path","stack":"No additional details provided.","status":403,"timestamp":"2024-08-27 19:20:23"}
{"level":"error","message":"undefined_path error: Unauthorized access","path":"undefined_path","stack":"No additional details provided.","status":403,"timestamp":"2024-08-27 19:20:36"}
{"level":"error","message":"undefined_path error: Unauthorized access","path":"undefined_path","stack":"No additional details provided.","status":403,"timestamp":"2024-08-27 19:20:44"}
{"level":"error","message":"undefined_path error: Unauthorized access","path":"undefined_path","stack":"No additional details provided.","status":403,"timestamp":"2024-08-27 20:42:19"}
{"level":"error","message":"undefined_path error: Unauthorized access","path":"undefined_path","stack":"No additional details provided.","status":403,"timestamp":"2024-08-27 20:52:48"}
{"level":"error","message":"undefined_path error: Unauthorized access","path":"undefined_path","stack":"No additional details provided.","status":403,"timestamp":"2024-08-27 20:52:58"}
{"level":"error","message":"undefined_path error: Unauthorized access","path":"undefined_path","stack":"No additional details provided.","status":403,"timestamp":"2024-08-27 20:53:11"}
{"level":"error","message":"undefined_path error: Unauthorized access","path":"undefined_path","stack":"No additional details provided.","status":403,"timestamp":"2024-08-27 20:54:19"}
{"level":"error","message":"undefined_path error: Unauthorized access","path":"undefined_path","stack":"No additional details provided.","status":403,"timestamp":"2024-08-27 20:54:42"}
{"level":"error","message":"getSubcategoryById error: mongoose is not defined","stack":"ReferenceError: mongoose is not defined\n    at getSubcategoryById (C:\\Users\\Javier\\Documents\\proyectos\\ecommerce\\back\\controllers\\SubcategoryController.js:68:13)\n    at Layer.handle [as handle_request] (C:\\Users\\Javier\\Documents\\proyectos\\ecommerce\\back\\node_modules\\express\\lib\\router\\layer.js:95:5)\n    at next (C:\\Users\\Javier\\Documents\\proyectos\\ecommerce\\back\\node_modules\\express\\lib\\router\\route.js:149:13)\n    at C:\\Users\\Javier\\Documents\\proyectos\\ecommerce\\back\\middlewares\\rbacMiddleware.js:21:13\n    at process.processTicksAndRejections (node:internal/process/task_queues:95:5)","timestamp":"2024-08-27 21:54:47"}
{"level":"error","message":"/getSubcategoryById/66ce2f06f5008a60d9ad94a6 error: mongoose is not defined","method":"GET","path":"/getSubcategoryById/66ce2f06f5008a60d9ad94a6","stack":"Contact support.","status":500,"timestamp":"2024-08-27 21:54:47"}
{"level":"error","message":"getSubcategoryById error: mongoose is not defined","stack":"ReferenceError: mongoose is not defined\n    at getSubcategoryById (C:\\Users\\Javier\\Documents\\proyectos\\ecommerce\\back\\controllers\\SubcategoryController.js:68:13)\n    at Layer.handle [as handle_request] (C:\\Users\\Javier\\Documents\\proyectos\\ecommerce\\back\\node_modules\\express\\lib\\router\\layer.js:95:5)\n    at next (C:\\Users\\Javier\\Documents\\proyectos\\ecommerce\\back\\node_modules\\express\\lib\\router\\route.js:149:13)\n    at C:\\Users\\Javier\\Documents\\proyectos\\ecommerce\\back\\middlewares\\rbacMiddleware.js:21:13\n    at process.processTicksAndRejections (node:internal/process/task_queues:95:5)","timestamp":"2024-08-27 21:57:00"}
{"level":"error","message":"/getSubcategoryById/66ce2f06f5008a60d9ad94a6 error: mongoose is not defined","method":"GET","path":"/getSubcategoryById/66ce2f06f5008a60d9ad94a6","stack":"Contact support.","status":500,"timestamp":"2024-08-27 21:57:00"}
